Log file open, 03/15/15 20:38:00
LogInit: Version: 4.6.1-2386410+++depot+UE4-Releases+4.6
LogInit: API Version: 2369412
LogInit: Compiled (64-bit): Dec 11 2014 21:33:04
LogInit: Compiled with Visual C++: 18.00.21005.01
LogInit: Build Configuration: Development
LogInit: Branch Name: ++depot+UE4-Releases+4.6
LogInit: Command line: 
LogInit: Base directory: C:/Users/Dillon/Documents/GitHub/EmptySkies-Builds/0.3.3/WindowsNoEditor/EmptySkies/Binaries/Win64/
LogInit: Rocket: 1
[2015.03.16-01.38.00:929][  0]LogTaskGraph: Started task graph with 3 named threads and 6 total threads.
[2015.03.16-01.38.00:973][  0]LogOnline:Display: STEAM: Loading Steam SDK 1.30
[2015.03.16-01.38.01:044][  0]LogOnline:Warning: STEAM: Steamworks: SteamUtils() failed!
[2015.03.16-01.38.01:044][  0]LogOnline:Warning: STEAM: Steamworks: SteamUser() failed!
[2015.03.16-01.38.01:044][  0]LogOnline:Warning: STEAM: Steamworks: SteamFriends() failed!
[2015.03.16-01.38.01:044][  0]LogOnline:Warning: STEAM: Steamworks: SteamRemoteStorage() failed!
[2015.03.16-01.38.01:044][  0]LogOnline:Warning: STEAM: Steamworks: SteamUserStats() failed!
[2015.03.16-01.38.01:045][  0]LogOnline:Warning: STEAM: Steamworks: SteamMatchmakingServers() failed!
[2015.03.16-01.38.01:045][  0]LogOnline:Warning: STEAM: Steamworks: SteamApps() failed!
[2015.03.16-01.38.01:045][  0]LogOnline:Warning: STEAM: Steamworks: SteamNetworking() failed!
[2015.03.16-01.38.01:045][  0]LogOnline:Warning: STEAM: Steamworks: SteamMatchmaking() failed!
[2015.03.16-01.38.01:045][  0]LogOnline:Display: STEAM: OnlineSubsystemSteam::Shutdown()
[2015.03.16-01.38.01:054][  0]LogOnline:Warning: STEAM: Steam API failed to initialize!
[2015.03.16-01.38.01:054][  0]LogOnline:Display: STEAM: OnlineSubsystemSteam::Shutdown()
[2015.03.16-01.38.01:054][  0]LogOnline:Warning: Unable to create OnlineSubsystem module Steam
[2015.03.16-01.38.01:054][  0]LogOnline:Warning: Unable to load default OnlineSubsystem module Steam, using NULL interface
[2015.03.16-01.38.01:054][  0]LogModuleManager:Warning: ModuleManager: Module 'OnlineSubsystemNull' not found - its StaticallyLinkedModuleInitializers function is null.
[2015.03.16-01.38.01:055][  0]LogInit: Presizing for 0 objects not considered by GC, pre-allocating 0 bytes.
[2015.03.16-01.38.01:061][  0]LogInit: Object subsystem initialized
[2015.03.16-01.38.01:063][  0]LogConsoleResponse:Warning: Skipping Unknown console variable: 'UIScaleRule = ShortestSide'
[2015.03.16-01.38.01:063][  0]LogConsoleResponse:Warning:   Found in ini file '../../../EmptySkies/Saved/Config/WindowsNoEditor/Engine.ini', in section '[/Script/Engine.RendererSettings]'
[2015.03.16-01.38.01:063][  0]LogConsoleResponse:Warning: Skipping Unknown console variable: 'UIScaleCurve = (EditorCurveData=(Keys=),ExternalCurve=None)'
[2015.03.16-01.38.01:063][  0]LogConsoleResponse:Warning:   Found in ini file '../../../EmptySkies/Saved/Config/WindowsNoEditor/Engine.ini', in section '[/Script/Engine.RendererSettings]'
[2015.03.16-01.38.01:065][  0]LogConsoleManager:Warning: Console variable 'r.MSAA.CompositingSampleCount' wasn't set (Priority ProjectSetting < Scalability)
[2015.03.16-01.38.01:065][  0]LogInit: Selected Device Profile: [WindowsNoEditor]
[2015.03.16-01.38.01:065][  0]LogInit: Applying CVar settings loaded from the selected device profile: [WindowsNoEditor]
[2015.03.16-01.38.01:071][  0]LogInit: Computer: DILLONLAPTOP
[2015.03.16-01.38.01:071][  0]LogInit: User: Dillon
[2015.03.16-01.38.01:071][  0]LogInit: CPU Page size=4096, Cores=4
[2015.03.16-01.38.01:071][  0]LogInit: High frequency timer resolution =2.338341 MHz
[2015.03.16-01.38.01:071][  0]LogMemory: Memory total: Physical=7.9GB (8GB approx) Virtual=131072.0GB
[2015.03.16-01.38.01:072][  0]LogMemory: Platform Memory Stats for WindowsNoEditor
[2015.03.16-01.38.01:072][  0]LogMemory: Process Physical Memory: 28.75 MB used, 28.75 MB peak
[2015.03.16-01.38.01:072][  0]LogMemory: Process Virtual Memory: 19.26 MB used, 19.27 MB peak
[2015.03.16-01.38.01:072][  0]LogMemory: Physical Memory: 3912.25 MB used, 8080.29 MB total
[2015.03.16-01.38.01:072][  0]LogMemory: Virtual Memory: 190.46 MB used, 134217728.00 MB total
[2015.03.16-01.38.01:104][  0]LogD3D11RHI: Found D3D11 adapter 0: NVIDIA GeForce GTX 770M (Feature Level 11_0)
[2015.03.16-01.38.01:104][  0]LogD3D11RHI: Adapter has 2993MB of dedicated video memory, 0MB of dedicated system memory, and 4040MB of shared system memory, 1 output[s]
[2015.03.16-01.38.01:121][  0]LogD3D11RHI: Found D3D11 adapter 1: NVIDIA GeForce GTX 770M (Feature Level 11_0)
[2015.03.16-01.38.01:121][  0]LogD3D11RHI: Adapter has 2993MB of dedicated video memory, 0MB of dedicated system memory, and 4040MB of shared system memory, 0 output[s]
[2015.03.16-01.38.01:122][  0]LogD3D11RHI: Found D3D11 adapter 2: Microsoft Basic Render Driver (Feature Level 11_0)
[2015.03.16-01.38.01:122][  0]LogD3D11RHI: Adapter has 2993MB of dedicated video memory, 0MB of dedicated system memory, and 4040MB of shared system memory, 0 output[s]
[2015.03.16-01.38.01:122][  0]LogD3D11RHI: Chosen D3D11 Adapter Id = 0
[2015.03.16-01.38.01:130][  0]LogRHI: Texture pool is 1361 MB (70% of 1945 MB)
[2015.03.16-01.38.01:144][  0]LogD3D11RHI: Async texture creation enabled
[2015.03.16-01.38.01:718][  0]LogTextLocalizationManager: The requested culture ('en_US') has no localization data; parent culture's ('en') localization data will be used.
[2015.03.16-01.38.01:745][  0]LogContentStreaming: Texture pool size is 1000.000000MB
[2015.03.16-01.38.02:136][  0]LogCollisionProfile:Warning: Profile (UI) - Custom Channel Name = 'Weapon' hasn't been found
[2015.03.16-01.38.02:397][  0]LogInit: WinSock: version 1.1 (2.2), MaxSocks=32767, MaxUdp=65467
[2015.03.16-01.38.02:643][  0]LogWindowsMoviePlayer: Unable to load movie: ../../../EmptySkies/Content/Movies/Default_Startup.mp4
[2015.03.16-01.38.02:685][  0]LogObj: 20279 objects as part of root set at end of initial load.
[2015.03.16-01.38.02:685][  0]LogUObjectAllocator: 4194488 out of 0 bytes used by permanent object pool.
[2015.03.16-01.38.02:697][  0]LogEngine: Initializing Engine...
[2015.03.16-01.38.04:738][  0]LogHMD:Warning: No Oculus HMD detected! Is Oculus Run-Time installed and service is running?
[2015.03.16-01.38.04:754][  0]LogHMD: Oculus shutdown.
[2015.03.16-01.38.05:186][  0]LogInit: XAudio2 using 'Speakers (Bluetooth Audio Device)' : 2 channels at 48 kHz using 16 bits per sample (channel mask 0x3)
[2015.03.16-01.38.05:199][  0]LogInit: FAudioDevice initialized.
[2015.03.16-01.38.05:199][  0]LogInit: Texture streaming: Enabled
[2015.03.16-01.38.05:225][  0]LogConsoleManager:Warning: Console variable 'r.VSync' wasn't set (Priority Code < GameSetting)
[2015.03.16-01.38.05:286][  0]LogNet: Browse: /Game/Levels/EmptySkies_MainMenu?Name=Player
[2015.03.16-01.38.05:291][  0]LogLoad: LoadMap: /Game/Levels/EmptySkies_MainMenu?Name=Player
[2015.03.16-01.38.05:380][  0]LogMemory: Platform Memory Stats for WindowsNoEditor
[2015.03.16-01.38.05:380][  0]LogMemory: Process Physical Memory: 97.93 MB used, 104.15 MB peak
[2015.03.16-01.38.05:380][  0]LogMemory: Process Virtual Memory: 75.66 MB used, 83.85 MB peak
[2015.03.16-01.38.05:380][  0]LogMemory: Physical Memory: 3992.72 MB used, 8080.29 MB total
[2015.03.16-01.38.05:380][  0]LogMemory: Virtual Memory: 385.85 MB used, 134217728.00 MB total
[2015.03.16-01.38.05:380][  0]LogMemory: 
[2015.03.16-01.38.05:380][  0]LogMemory: Allocator Stats for binned:
[2015.03.16-01.38.05:380][  0]LogMemory: Current Memory 33.58 MB used, plus 3.16 MB waste
[2015.03.16-01.38.05:380][  0]LogMemory: Peak Memory 44.09 MB used, plus 2.70 MB waste
[2015.03.16-01.38.05:380][  0]LogMemory: Current OS Memory 36.75 MB, peak 46.79 MB
[2015.03.16-01.38.05:380][  0]LogMemory: Current Waste 0.52 MB, peak 0.93 MB
[2015.03.16-01.38.05:380][  0]LogMemory: Current Used 33.58 MB, peak 44.09 MB
[2015.03.16-01.38.05:380][  0]LogMemory: Current Slack 2.65 MB
[2015.03.16-01.38.05:380][  0]LogMemory: Allocs       107600 Current /  1984840 Total
[2015.03.16-01.38.05:380][  0]LogMemory: 
[2015.03.16-01.38.05:380][  0]LogMemory: Block Size Num Pools Max Pools Cur Allocs Total Allocs Min Req Max Req Mem Used Mem Slack Mem Waste Efficiency
[2015.03.16-01.38.05:380][  0]LogMemory: ---------- --------- --------- ---------- ------------ ------- ------- -------- --------- --------- ----------
[2015.03.16-01.38.05:380][  0]LogMemory:          8         0         0          0            0       8       0       0K        0K        0K    100.00%
[2015.03.16-01.38.05:380][  0]LogMemory:         16         5         5      18432       105767      16      16     288K       32K        0K    100.00%
[2015.03.16-01.38.05:380][  0]LogMemory:         32        12        12      21915        82649      32      32     684K       84K        0K    100.00%
[2015.03.16-01.38.05:380][  0]LogMemory:         48         7         7       9183        51669      48      48     430K       18K        0K    100.00%
[2015.03.16-01.38.05:380][  0]LogMemory:         64        13        13      12658        53233      64      64     791K       41K        0K    100.00%
[2015.03.16-01.38.05:380][  0]LogMemory:         80         4         4       3154        37346      80      80     246K       10K        0K    100.00%
[2015.03.16-01.38.05:380][  0]LogMemory:         96         5         5       2984        42891      96      96     279K       41K        0K    100.00%
[2015.03.16-01.38.05:380][  0]LogMemory:        112         3         3       1181        26086     112     112     129K       63K        0K    100.00%
[2015.03.16-01.38.05:380][  0]LogMemory:        128        30        30      15100        63959     128     128    1887K       33K        0K    100.00%
[2015.03.16-01.38.05:380][  0]LogMemory:        160         8        11       2667       158272     144     160     416K       96K       17K     96.68%
[2015.03.16-01.38.05:380][  0]LogMemory:        192        14        14       4475       274233     176     192     839K       57K       31K     96.54%
[2015.03.16-01.38.05:380][  0]LogMemory:        224         4         4        876       250527     208     224     191K       65K        7K     97.27%
[2015.03.16-01.38.05:380][  0]LogMemory:        256        17        28       4308       182072     240     256    1077K       11K       30K     97.24%
[2015.03.16-01.38.05:380][  0]LogMemory:        288         6         6       1263       188745     272     288     355K       29K        8K     97.92%
[2015.03.16-01.38.05:380][  0]LogMemory:        320         5         5        814       234780     304     320     254K       65K        7K     97.81%
[2015.03.16-01.38.05:380][  0]LogMemory:        384        11        11       1864       179400     336     384     699K        3K       68K     90.34%
[2015.03.16-01.38.05:380][  0]LogMemory:        448        12        12       1740        10697     400     448     761K        6K       58K     92.45%
[2015.03.16-01.38.05:380][  0]LogMemory:        512        10        10       1226         7505     464     512     613K       27K       34K     94.69%
[2015.03.16-01.38.05:380][  0]LogMemory:        576         3         3        279         1769     528     576     156K       35K        9K     95.31%
[2015.03.16-01.38.05:380][  0]LogMemory:        640         7         8        490          985     592     640     306K      141K        7K     98.44%
[2015.03.16-01.38.05:380][  0]LogMemory:        704        10        13        732         1756     656     704     503K      137K       12K     98.13%
[2015.03.16-01.38.05:380][  0]LogMemory:        768         6         6        327         3881     720     768     245K      138K        6K     98.44%
[2015.03.16-01.38.05:380][  0]LogMemory:        896         3         3        184          637     784     896     161K       31K        9K     95.31%
[2015.03.16-01.38.05:380][  0]LogMemory:       1024         2         3        103          454     912    1024     103K       25K        2K     98.44%
[2015.03.16-01.38.05:380][  0]LogMemory:       1168         2         2         95          407    1040    1168     108K       20K        6K     95.31%
[2015.03.16-01.38.05:380][  0]LogMemory:       1360         6         6        232         4398    1184    1360     308K       75K       18K     95.31%
[2015.03.16-01.38.05:380][  0]LogMemory:       1632         7         7        242          622    1376    1632     385K       62K       25K     94.42%
[2015.03.16-01.38.05:380][  0]LogMemory:       2048         8         9        147          835    1648    2048     294K      218K       29K     94.34%
[2015.03.16-01.38.05:380][  0]LogMemory:       2336         4         4        101         4344    2064    2336     230K       26K       25K     90.23%
[2015.03.16-01.38.05:380][  0]LogMemory:       2720         5         5         91          505    2352    2720     241K       78K       11K     96.56%
[2015.03.16-01.38.05:380][  0]LogMemory:       3264        10        10        142         3727    2736    3264     452K      186K       24K     96.25%
[2015.03.16-01.38.05:380][  0]LogMemory:       4096        11        12        136          616    3280    4096     544K      160K       42K     94.03%
[2015.03.16-01.38.05:380][  0]LogMemory:       4672         7         8         65         2505    4112    4672     296K      152K        7K     98.44%
[2015.03.16-01.38.05:380][  0]LogMemory:       5456         9        13         91          367    4688    5456     484K       92K       42K     92.71%
[2015.03.16-01.38.05:380][  0]LogMemory:       6544        12        14        101          329    5472    6544     645K      122K       58K     92.45%
[2015.03.16-01.38.05:380][  0]LogMemory:       8192         6         7         42         2394    6560    8192     336K       48K       51K     86.72%
[2015.03.16-01.38.05:380][  0]LogMemory:       9360         5         5         30         1637    8208    9360     274K       46K        2K     99.38%
[2015.03.16-01.38.05:380][  0]LogMemory:      10912         4         4         20          152    9408   10880     213K       43K       22K     91.41%
[2015.03.16-01.38.05:380][  0]LogMemory:      13104         3         4         14         1606   10976   13056     179K       13K        1K     99.48%
[2015.03.16-01.38.05:380][  0]LogMemory:      16384         5         7         19          109   13120   16384     304K       16K       22K     93.13%
[2015.03.16-01.38.05:380][  0]LogMemory:      21840        10        11         28           96   16400   21680     597K       43K      105K     83.59%
[2015.03.16-01.38.05:380][  0]LogMemory:      32768         4         6          7           65   21904   32640     224K       32K       47K     81.64%
[2015.03.16-01.38.05:380][  0]LogMemory: 
[2015.03.16-01.38.05:380][  0]LogMemory: 20160K allocated in pools (with 2620K slack and 842K waste). Efficiency 95.82%
[2015.03.16-01.38.05:380][  0]LogMemory: Allocations 107559 Current / 1984028 Total (in 315 pools)
[2015.03.16-01.38.05:380][  0]LogMemory: 
[2015.03.16-01.38.07:837][  0]LogWorld: Game class is 'NoplayerGameMode_C'
[2015.03.16-01.38.07:952][  0]LogAIModule: Creating AISystem for world EmptySkies_MainMenu
[2015.03.16-01.38.08:179][  0]LogWorld: Bringing World /Game/Levels/EmptySkies_MainMenu.EmptySkies_MainMenu up for play (max tick rate 0) at 2015.03.15-20.38.08
[2015.03.16-01.38.08:217][  0]LogWorld: Bringing up level for play took: 0.265891
[2015.03.16-01.38.08:342][  0]LogInit:Display: Game Engine Initialized.
[2015.03.16-01.38.08:577][  0]LogLoad: Full Startup: 9.83 seconds (BP compile: 0.00 seconds)
[2015.03.16-01.38.08:717][  1]LogRenderer:Warning: Reallocating scene render targets to support 1600x904.
[2015.03.16-01.39.37:713][834]LogScript:Warning: FindSessions - Invalid or uninitialized OnlineSubsystem
[2015.03.16-01.39.37:713][834]LogScript:Warning: FindSessions - Cannot map local player to unique net ID
[2015.03.16-01.39.37:718][834]LogBlueprintUserMessages: Error occured in 'Find Sessions' 
[2015.03.16-01.39.42:182][169]LogEngine: All Windows Closed
[2015.03.16-01.39.42:193][169]LogWindows: FPlatformMisc::RequestExit(0)
[2015.03.16-01.39.42:581][170]LogExit: Preparing to exit.
[2015.03.16-01.39.42:694][170]LogExit: Game engine shut down
[2015.03.16-01.39.42:694][170]LogParticles: Destroying 0 GPU particle simulations for FXSystem 0x000000A11E146400
[2015.03.16-01.39.42:728][170]LogExit: Object subsystem successfully closed.
[2015.03.16-01.39.42:728][170]LogOnline:Display: Unloading online subsystem: Steam
[2015.03.16-01.39.43:000][170]LogModuleManager: Shutting down and abandoning module AutomationWorker (50)
[2015.03.16-01.39.43:000][170]LogModuleManager: Shutting down and abandoning module CharacterAI (49)
[2015.03.16-01.39.43:000][170]LogModuleManager: Shutting down and abandoning module AIModule (48)
[2015.03.16-01.39.43:000][170]LogModuleManager: Shutting down and abandoning module GameLiveStreaming (47)
[2015.03.16-01.39.43:000][170]LogModuleManager: Shutting down and abandoning module StreamingPauseRendering (46)
[2015.03.16-01.39.43:000][170]LogModuleManager: Shutting down and abandoning module HTTP (45)
[2015.03.16-01.39.43:000][170]LogModuleManager: Shutting down and abandoning module AnalyticsET (44)
[2015.03.16-01.39.43:000][170]LogModuleManager: Shutting down and abandoning module Analytics (43)
[2015.03.16-01.39.43:000][170]LogModuleManager: Shutting down and abandoning module ProfilerService (42)
[2015.03.16-01.39.43:006][170]LogModuleManager: Shutting down and abandoning module TaskGraph (41)
[2015.03.16-01.39.43:007][170]LogModuleManager: Shutting down and abandoning module SlateRemote (40)
[2015.03.16-01.39.43:007][170]LogModuleManager: Shutting down and abandoning module CustomMeshComponent (39)
[2015.03.16-01.39.43:007][170]LogModuleManager: Shutting down and abandoning module CableComponent (38)
[2015.03.16-01.39.43:013][170]LogModuleManager: Shutting down and abandoning module EmptySkies (37)
[2015.03.16-01.39.43:013][170]LogModuleManager: Shutting down and abandoning module VictoryBPLibrary (36)
[2015.03.16-01.39.43:013][170]LogModuleManager: Shutting down and abandoning module ScriptPlugin (35)
[2015.03.16-01.39.43:017][170]LogModuleManager: Shutting down and abandoning module UdpMessaging (34)
[2015.03.16-01.39.43:017][170]LogModuleManager: Shutting down and abandoning module Paper2D (33)
[2015.03.16-01.39.43:017][170]LogModuleManager: Shutting down and abandoning module WindowsMoviePlayer (32)
[2015.03.16-01.39.43:018][170]LogModuleManager: Shutting down and abandoning module Media (31)
[2015.03.16-01.39.43:018][170]LogModuleManager: Shutting down and abandoning module WmfMedia (30)
[2015.03.16-01.39.43:018][170]LogModuleManager: Shutting down and abandoning module UMG (29)
[2015.03.16-01.39.43:018][170]LogModuleManager: Shutting down and abandoning module Slate (28)
[2015.03.16-01.39.43:018][170]LogModuleManager: Shutting down and abandoning module SessionServices (27)
[2015.03.16-01.39.43:018][170]LogModuleManager: Shutting down and abandoning module Messaging (26)
[2015.03.16-01.39.43:018][170]LogModuleManager: Shutting down and abandoning module HeadMountedDisplay (25)
[2015.03.16-01.39.43:018][170]LogModuleManager: Shutting down and abandoning module XAudio2 (24)
[2015.03.16-01.39.43:018][170]LogModuleManager: Shutting down and abandoning module Networking (22)
[2015.03.16-01.39.43:018][170]LogModuleManager: Shutting down and abandoning module Core (21)
[2015.03.16-01.39.43:018][170]LogModuleManager: Shutting down and abandoning module InputCore (20)
[2015.03.16-01.39.43:018][170]LogModuleManager: Shutting down and abandoning module ImageWrapper (19)
[2015.03.16-01.39.43:018][170]LogModuleManager: Shutting down and abandoning module OculusRift (14)
[2015.03.16-01.39.43:018][170]LogModuleManager: Shutting down and abandoning module ExampleDeviceProfileSelector (13)
[2015.03.16-01.39.43:018][170]LogModuleManager: Shutting down and abandoning module ShaderCore (12)
[2015.03.16-01.39.43:018][170]LogModuleManager: Shutting down and abandoning module Landscape (11)
[2015.03.16-01.39.43:018][170]LogModuleManager: Shutting down and abandoning module SlateRHIRenderer (10)
[2015.03.16-01.39.43:018][170]LogModuleManager: Shutting down and abandoning module OpenGLDrv (9)
[2015.03.16-01.39.43:018][170]LogModuleManager: Shutting down and abandoning module D3D11RHI (8)
[2015.03.16-01.39.43:018][170]LogModuleManager: Shutting down and abandoning module Renderer (7)
[2015.03.16-01.39.43:018][170]LogModuleManager: Shutting down and abandoning module Engine (6)
[2015.03.16-01.39.43:018][170]LogModuleManager: Shutting down and abandoning module CoreUObject (5)
[2015.03.16-01.39.43:018][170]LogModuleManager: Shutting down and abandoning module NetworkFile (4)
[2015.03.16-01.39.43:018][170]LogModuleManager: Shutting down and abandoning module StreamingFile (3)
[2015.03.16-01.39.43:018][170]LogModuleManager: Shutting down and abandoning module SandboxFile (2)
[2015.03.16-01.39.43:018][170]LogModuleManager: Shutting down and abandoning module PakFile (1)
[2015.03.16-01.39.43:019][170]LogExit: Exiting.
[2015.03.16-01.39.43:020][170]Log file closed, 03/15/15 20:39:43
