Log file open, 03/11/15 09:52:16
LogInit: Version: 4.6.1-2386410+++depot+UE4-Releases+4.6
LogInit: API Version: 2369412
LogInit: Compiled (64-bit): Dec 11 2014 21:33:04
LogInit: Compiled with Visual C++: 18.00.21005.01
LogInit: Build Configuration: Development
LogInit: Branch Name: ++depot+UE4-Releases+4.6
LogInit: Command line: 
LogInit: Base directory: C:/Users/Dillon/Documents/GitHub/EmptySkies-Builds/0.3.3/WindowsNoEditor/EmptySkies/Binaries/Win64/
LogInit: Rocket: 1
[2015.03.11-14.52.16:945][  0]LogTaskGraph: Started task graph with 3 named threads and 6 total threads.
[2015.03.11-14.52.17:016][  0]LogOnline:Display: STEAM: Loading Steam SDK 1.30
[2015.03.11-14.52.19:121][  0]LogInit: WinSock: version 1.1 (2.2), MaxSocks=32767, MaxUdp=65467
[2015.03.11-14.52.19:410][  0]LogInit: Presizing for 0 objects not considered by GC, pre-allocating 0 bytes.
[2015.03.11-14.52.19:439][  0]LogInit: Object subsystem initialized
[2015.03.11-14.52.19:549][  0]LogConsoleResponse:Warning: Skipping Unknown console variable: 'UIScaleRule = ShortestSide'
[2015.03.11-14.52.19:549][  0]LogConsoleResponse:Warning:   Found in ini file '../../../EmptySkies/Saved/Config/WindowsNoEditor/Engine.ini', in section '[/Script/Engine.RendererSettings]'
[2015.03.11-14.52.19:549][  0]LogConsoleResponse:Warning: Skipping Unknown console variable: 'UIScaleCurve = (EditorCurveData=(Keys=),ExternalCurve=None)'
[2015.03.11-14.52.19:549][  0]LogConsoleResponse:Warning:   Found in ini file '../../../EmptySkies/Saved/Config/WindowsNoEditor/Engine.ini', in section '[/Script/Engine.RendererSettings]'
[2015.03.11-14.52.19:588][  0]LogConsoleManager:Warning: Console variable 'r.MSAA.CompositingSampleCount' wasn't set (Priority ProjectSetting < Scalability)
[2015.03.11-14.52.19:588][  0]LogInit: Selected Device Profile: [WindowsNoEditor]
[2015.03.11-14.52.19:588][  0]LogInit: Applying CVar settings loaded from the selected device profile: [WindowsNoEditor]
[2015.03.11-14.52.19:638][  0]LogInit: Computer: DILLONLAPTOP
[2015.03.11-14.52.19:638][  0]LogInit: User: Dillon
[2015.03.11-14.52.19:638][  0]LogInit: CPU Page size=4096, Cores=4
[2015.03.11-14.52.19:638][  0]LogInit: High frequency timer resolution =2.338344 MHz
[2015.03.11-14.52.19:638][  0]LogMemory: Memory total: Physical=7.9GB (8GB approx) Virtual=131072.0GB
[2015.03.11-14.52.19:638][  0]LogMemory: Platform Memory Stats for WindowsNoEditor
[2015.03.11-14.52.19:638][  0]LogMemory: Process Physical Memory: 62.44 MB used, 66.95 MB peak
[2015.03.11-14.52.19:638][  0]LogMemory: Process Virtual Memory: 34.36 MB used, 40.83 MB peak
[2015.03.11-14.52.19:638][  0]LogMemory: Physical Memory: 4182.52 MB used, 8080.29 MB total
[2015.03.11-14.52.19:638][  0]LogMemory: Virtual Memory: 283.86 MB used, 134217728.00 MB total
[2015.03.11-14.52.19:944][  0]LogD3D11RHI: Found D3D11 adapter 0: NVIDIA GeForce GTX 770M (Feature Level 11_0)
[2015.03.11-14.52.19:944][  0]LogD3D11RHI: Adapter has 2993MB of dedicated video memory, 0MB of dedicated system memory, and 4040MB of shared system memory, 1 output[s]
[2015.03.11-14.52.19:959][  0]LogD3D11RHI: Found D3D11 adapter 1: NVIDIA GeForce GTX 770M (Feature Level 11_0)
[2015.03.11-14.52.19:959][  0]LogD3D11RHI: Adapter has 2993MB of dedicated video memory, 0MB of dedicated system memory, and 4040MB of shared system memory, 0 output[s]
[2015.03.11-14.52.19:986][  0]LogD3D11RHI: Found D3D11 adapter 2: Microsoft Basic Render Driver (Feature Level 11_0)
[2015.03.11-14.52.19:986][  0]LogD3D11RHI: Adapter has 2993MB of dedicated video memory, 0MB of dedicated system memory, and 4040MB of shared system memory, 0 output[s]
[2015.03.11-14.52.19:986][  0]LogD3D11RHI: Chosen D3D11 Adapter Id = 0
[2015.03.11-14.52.19:996][  0]LogRHI: Texture pool is 1361 MB (70% of 1945 MB)
[2015.03.11-14.52.20:010][  0]LogD3D11RHI: Async texture creation enabled
[2015.03.11-14.52.20:291][  0]LogTextLocalizationManager: The requested culture ('en_US') has no localization data; parent culture's ('en') localization data will be used.
[2015.03.11-14.52.20:317][  0]LogContentStreaming: Texture pool size is 1000.000000MB
[2015.03.11-14.52.20:968][  0]LogCollisionProfile:Warning: Profile (UI) - Custom Channel Name = 'Weapon' hasn't been found
[2015.03.11-14.52.22:585][  0]LogWindowsMoviePlayer: Unable to load movie: ../../../EmptySkies/Content/Movies/Default_Startup.mp4
[2015.03.11-14.52.22:657][  0]LogObj: 20279 objects as part of root set at end of initial load.
[2015.03.11-14.52.22:657][  0]LogUObjectAllocator: 4194488 out of 0 bytes used by permanent object pool.
[2015.03.11-14.52.22:738][  0]LogEngine: Initializing Engine...
[2015.03.11-14.52.24:795][  0]LogHMD:Warning: No Oculus HMD detected! Is Oculus Run-Time installed and service is running?
[2015.03.11-14.52.24:806][  0]LogHMD: Oculus shutdown.
[2015.03.11-14.52.24:931][  0]LogInit: XAudio2 using 'Speakers (Realtek High Definition Audio)' : 2 channels at 48 kHz using 16 bits per sample (channel mask 0x3)
[2015.03.11-14.52.24:952][  0]LogInit: FAudioDevice initialized.
[2015.03.11-14.52.24:952][  0]LogInit: Texture streaming: Enabled
[2015.03.11-14.52.24:975][  0]LogConsoleManager:Warning: Console variable 'r.VSync' wasn't set (Priority Code < GameSetting)
[2015.03.11-14.52.24:976][  0]LogNet: Browse: /Game/Levels/EmptySkies_MainMenu?Name=Player
[2015.03.11-14.52.24:977][  0]LogLoad: LoadMap: /Game/Levels/EmptySkies_MainMenu?Name=Player
[2015.03.11-14.52.25:047][  0]LogMemory: Platform Memory Stats for WindowsNoEditor
[2015.03.11-14.52.25:047][  0]LogMemory: Process Physical Memory: 133.42 MB used, 139.74 MB peak
[2015.03.11-14.52.25:047][  0]LogMemory: Process Virtual Memory: 90.99 MB used, 99.10 MB peak
[2015.03.11-14.52.25:047][  0]LogMemory: Physical Memory: 4306.64 MB used, 8080.29 MB total
[2015.03.11-14.52.25:047][  0]LogMemory: Virtual Memory: 478.07 MB used, 134217728.00 MB total
[2015.03.11-14.52.25:047][  0]LogMemory: 
[2015.03.11-14.52.25:047][  0]LogMemory: Allocator Stats for binned:
[2015.03.11-14.52.25:047][  0]LogMemory: Current Memory 33.77 MB used, plus 3.10 MB waste
[2015.03.11-14.52.25:047][  0]LogMemory: Peak Memory 44.22 MB used, plus 2.64 MB waste
[2015.03.11-14.52.25:047][  0]LogMemory: Current OS Memory 36.87 MB, peak 46.86 MB
[2015.03.11-14.52.25:047][  0]LogMemory: Current Waste 0.52 MB, peak 0.93 MB
[2015.03.11-14.52.25:047][  0]LogMemory: Current Used 33.77 MB, peak 44.22 MB
[2015.03.11-14.52.25:047][  0]LogMemory: Current Slack 2.59 MB
[2015.03.11-14.52.25:047][  0]LogMemory: Allocs       107725 Current /  1958439 Total
[2015.03.11-14.52.25:047][  0]LogMemory: 
[2015.03.11-14.52.25:047][  0]LogMemory: Block Size Num Pools Max Pools Cur Allocs Total Allocs Min Req Max Req Mem Used Mem Slack Mem Waste Efficiency
[2015.03.11-14.52.25:047][  0]LogMemory: ---------- --------- --------- ---------- ------------ ------- ------- -------- --------- --------- ----------
[2015.03.11-14.52.25:047][  0]LogMemory:          8         0         0          0            0       8       0       0K        0K        0K    100.00%
[2015.03.11-14.52.25:047][  0]LogMemory:         16         5         5      18434        98151      16      16     288K       32K        0K    100.00%
[2015.03.11-14.52.25:047][  0]LogMemory:         32        12        12      21947        82613      32      32     685K       83K        0K    100.00%
[2015.03.11-14.52.25:047][  0]LogMemory:         48         7         7       9187        46837      48      48     430K       18K        0K    100.00%
[2015.03.11-14.52.25:047][  0]LogMemory:         64        13        13      12661        52818      64      64     791K       41K        0K    100.00%
[2015.03.11-14.52.25:047][  0]LogMemory:         80         4         4       3155        37055      80      80     246K       10K        0K    100.00%
[2015.03.11-14.52.25:047][  0]LogMemory:         96         5         5       2987        38634      96      96     280K       40K        0K    100.00%
[2015.03.11-14.52.25:047][  0]LogMemory:        112         3         3       1180        25725     112     112     129K       63K        0K    100.00%
[2015.03.11-14.52.25:047][  0]LogMemory:        128        30        30      15102        63453     128     128    1887K       33K        0K    100.00%
[2015.03.11-14.52.25:047][  0]LogMemory:        160         8        11       2667       157983     144     160     416K       96K       17K     96.68%
[2015.03.11-14.52.25:047][  0]LogMemory:        192        14        14       4477       271943     176     192     839K       57K       30K     96.65%
[2015.03.11-14.52.25:047][  0]LogMemory:        224         4         4        878       250366     208     224     192K       64K        7K     97.27%
[2015.03.11-14.52.25:047][  0]LogMemory:        256        18        28       4342       181855     240     256    1085K       67K       30K     97.40%
[2015.03.11-14.52.25:047][  0]LogMemory:        288         6         6       1263       186525     272     288     355K       29K        8K     97.92%
[2015.03.11-14.52.25:047][  0]LogMemory:        320         5         5        816       234461     304     320     255K       64K        7K     97.81%
[2015.03.11-14.52.25:047][  0]LogMemory:        384        11        11       1867       178947     336     384     700K        2K       68K     90.34%
[2015.03.11-14.52.25:047][  0]LogMemory:        448        12        12       1740         9463     400     448     761K        6K       57K     92.58%
[2015.03.11-14.52.25:047][  0]LogMemory:        512        10        10       1226         7226     464     512     613K       27K       35K     94.53%
[2015.03.11-14.52.25:047][  0]LogMemory:        576         3         3        280         1594     528     576     157K       34K        9K     95.31%
[2015.03.11-14.52.25:047][  0]LogMemory:        640         7         8        490          964     592     640     306K      141K        7K     98.44%
[2015.03.11-14.52.25:047][  0]LogMemory:        704        10        13        732         1627     656     704     503K      137K       13K     97.97%
[2015.03.11-14.52.25:047][  0]LogMemory:        768         6         6        328         3880     720     768     246K      137K        6K     98.44%
[2015.03.11-14.52.25:047][  0]LogMemory:        896         3         3        184          606     784     896     161K       31K        9K     95.31%
[2015.03.11-14.52.25:047][  0]LogMemory:       1024         2         3        104          448     912    1024     104K       24K        2K     98.44%
[2015.03.11-14.52.25:047][  0]LogMemory:       1168         2         2         95          400    1040    1168     108K       20K        6K     95.31%
[2015.03.11-14.52.25:047][  0]LogMemory:       1360         6         6        232         4358    1184    1360     308K       75K       18K     95.31%
[2015.03.11-14.52.25:047][  0]LogMemory:       1632         7         7        242          596    1376    1632     385K       62K       25K     94.42%
[2015.03.11-14.52.25:047][  0]LogMemory:       2048         8         9        147          788    1648    2048     294K      218K       30K     94.14%
[2015.03.11-14.52.25:047][  0]LogMemory:       2336         4         4        101         4338    2064    2336     230K       26K       25K     90.23%
[2015.03.11-14.52.25:047][  0]LogMemory:       2720         5         5         90          492    2352    2720     239K       80K       11K     96.56%
[2015.03.11-14.52.25:047][  0]LogMemory:       3264        10        10        142         3706    2736    3264     452K      186K       23K     96.41%
[2015.03.11-14.52.25:047][  0]LogMemory:       4096        11        12        136          611    3280    4096     544K      160K       42K     94.03%
[2015.03.11-14.52.25:047][  0]LogMemory:       4672         7         8         66         2496    4112    4672     301K      147K        7K     98.44%
[2015.03.11-14.52.25:047][  0]LogMemory:       5456         9        13         91          358    4688    5456     484K       92K       41K     92.88%
[2015.03.11-14.52.25:047][  0]LogMemory:       6544        12        14        101          326    5472    6544     645K      122K       59K     92.32%
[2015.03.11-14.52.25:047][  0]LogMemory:       8192         6         7         44         2393    6560    8192     352K       32K       54K     85.94%
[2015.03.11-14.52.25:047][  0]LogMemory:       9360         5         5         30         1633    8208    9360     274K       46K        2K     99.38%
[2015.03.11-14.52.25:047][  0]LogMemory:      10912         4         4         20          130    9408   10880     213K       43K       21K     91.80%
[2015.03.11-14.52.25:047][  0]LogMemory:      13104         3         3         13         1598   10976   13056     166K       26K        0K    100.00%
[2015.03.11-14.52.25:047][  0]LogMemory:      16384         5         8         20          100   13120   16384     320K        0K       21K     93.44%
[2015.03.11-14.52.25:047][  0]LogMemory:      21840        10        11         28           87   16400   21680     597K       43K      108K     83.13%
[2015.03.11-14.52.25:047][  0]LogMemory:      32768         4         7          8           64   21904   32640     256K        0K       55K     78.52%
[2015.03.11-14.52.25:047][  0]LogMemory: 
[2015.03.11-14.52.25:047][  0]LogMemory: 20224K allocated in pools (with 2614K slack and 853K waste). Efficiency 95.78%
[2015.03.11-14.52.25:047][  0]LogMemory: Allocations 107654 Current / 1957649 Total (in 316 pools)
[2015.03.11-14.52.25:047][  0]LogMemory: 
[2015.03.11-14.52.25:316][  0]LogWorld: Game class is 'NoplayerGameMode_C'
[2015.03.11-14.52.25:332][  0]LogAIModule: Creating AISystem for world EmptySkies_MainMenu
[2015.03.11-14.52.25:503][  0]LogWorld: Bringing World /Game/Levels/EmptySkies_MainMenu.EmptySkies_MainMenu up for play (max tick rate 0) at 2015.03.11-09.52.25
[2015.03.11-14.52.25:517][  0]LogWorld: Bringing up level for play took: 0.185190
[2015.03.11-14.52.25:713][  0]LogInit:Display: Game Engine Initialized.
[2015.03.11-14.52.25:914][  0]LogLoad: Full Startup: 12.18 seconds (BP compile: 0.00 seconds)
[2015.03.11-14.52.26:029][  1]LogRenderer:Warning: Reallocating scene render targets to support 1600x904.
[2015.03.11-14.52.48:787][711]LogBlueprintUserMessages: Session Created Successfully
[2015.03.11-14.52.48:803][711]LogPackageName: SearchForPackageOnDisk took   0.009s to resolve EmptySkies_Lobby.umap
[2015.03.11-14.52.48:812][711]LogPackageName: SearchForPackageOnDisk took   0.009s to resolve EmptySkies_Lobby.umap
[2015.03.11-14.52.48:812][711]LogNet: Browse: /Game/Levels/EmptySkies_Lobby?listen
[2015.03.11-14.52.48:812][711]LogLoad: LoadMap: /Game/Levels/EmptySkies_Lobby?listen
[2015.03.11-14.52.48:817][711]LogParticles: Destroying 0 GPU particle simulations for FXSystem 0x000000E15A526400
[2015.03.11-14.52.48:832][711]LogMemory: Platform Memory Stats for WindowsNoEditor
[2015.03.11-14.52.48:832][711]LogMemory: Process Physical Memory: 187.14 MB used, 207.98 MB peak
[2015.03.11-14.52.48:832][711]LogMemory: Process Virtual Memory: 130.75 MB used, 154.70 MB peak
[2015.03.11-14.52.48:832][711]LogMemory: Physical Memory: 4344.39 MB used, 8080.29 MB total
[2015.03.11-14.52.48:832][711]LogMemory: Virtual Memory: 516.85 MB used, 134217728.00 MB total
[2015.03.11-14.52.48:832][711]LogMemory: 
[2015.03.11-14.52.48:833][711]LogMemory: Allocator Stats for binned:
[2015.03.11-14.52.48:833][711]LogMemory: Current Memory 49.85 MB used, plus 17592186044416.00 MB waste
[2015.03.11-14.52.48:833][711]LogMemory: Peak Memory 75.59 MB used, plus 2.50 MB waste
[2015.03.11-14.52.48:833][711]LogMemory: Current OS Memory 47.22 MB, peak 78.09 MB
[2015.03.11-14.52.48:833][711]LogMemory: Current Waste 0.81 MB, peak 0.98 MB
[2015.03.11-14.52.48:833][711]LogMemory: Current Used 49.85 MB, peak 75.59 MB
[2015.03.11-14.52.48:833][711]LogMemory: Current Slack 17592186044416.00 MB
[2015.03.11-14.52.48:833][711]LogMemory: Allocs       111050 Current /  3408736 Total
[2015.03.11-14.52.48:833][711]LogMemory: 
[2015.03.11-14.52.48:833][711]LogMemory: Block Size Num Pools Max Pools Cur Allocs Total Allocs Min Req Max Req Mem Used Mem Slack Mem Waste Efficiency
[2015.03.11-14.52.48:833][711]LogMemory: ---------- --------- --------- ---------- ------------ ------- ------- -------- --------- --------- ----------
[2015.03.11-14.52.48:833][711]LogMemory:          8         0         0          0            0       8       0       0K        0K        0K    100.00%
[2015.03.11-14.52.48:833][711]LogMemory:         16         6         6      18746       385594      16      16     292K       92K        0K    100.00%
[2015.03.11-14.52.48:833][711]LogMemory:         32        13        13      22257       280642      32      32     695K      137K        0K    100.00%
[2015.03.11-14.52.48:833][711]LogMemory:         48         8         8       9650       173700      48      48     452K       60K        0K    100.00%
[2015.03.11-14.52.48:833][711]LogMemory:         64        14        14      12863       230435      64      64     803K       93K        0K    100.00%
[2015.03.11-14.52.48:833][711]LogMemory:         80         5         5       3281       101146      80      80     256K       64K        0K    100.00%
[2015.03.11-14.52.48:833][711]LogMemory:         96         5         5       3042        92621      96      96     285K       35K        0K    100.00%
[2015.03.11-14.52.48:833][711]LogMemory:        112         3         3       1325       172106     112     112     144K       48K        0K    100.00%
[2015.03.11-14.52.48:833][711]LogMemory:        128        31        31      15174        75077     128     128    1896K       88K        0K    100.00%
[2015.03.11-14.52.48:833][711]LogMemory:        160        10        11       2802       180845     144     160     437K      203K       18K     97.19%
[2015.03.11-14.52.48:833][711]LogMemory:        192        15        15       4573       296245     176     192     857K      103K       33K     96.56%
[2015.03.11-14.52.48:833][711]LogMemory:        224         4         4        887       262079     208     224     194K       62K        7K     97.27%
[2015.03.11-14.52.48:833][711]LogMemory:        256        19        28       4457       185705     240     256    1114K      102K       31K     97.45%
[2015.03.11-14.52.48:833][711]LogMemory:        288         7         7       1271       279694     272     288     357K       90K        6K     98.66%
[2015.03.11-14.52.48:833][711]LogMemory:        320         5         5        819       243274     304     320     255K       64K        7K     97.81%
[2015.03.11-14.52.48:833][711]LogMemory:        384        13        13       1915       204202     336     384     718K      111K       69K     91.71%
[2015.03.11-14.52.48:833][711]LogMemory:        448        13        13       1742        25564     400     448     762K       69K       23K     97.24%
[2015.03.11-14.52.48:833][711]LogMemory:        512        11        11       1237        11530     464     512     618K       86K       26K     96.31%
[2015.03.11-14.52.48:833][711]LogMemory:        576         4         4        286         5867     528     576     160K       95K        9K     96.48%
[2015.03.11-14.52.48:833][711]LogMemory:        640         7         8        496         1733     592     640     310K      137K        8K     98.21%
[2015.03.11-14.52.48:833][711]LogMemory:        704        11        14        731         3202     656     704     502K      202K       14K     98.01%
[2015.03.11-14.52.48:833][711]LogMemory:        768         7         7        352         9056     720     768     264K      183K        9K     97.99%
[2015.03.11-14.52.48:833][711]LogMemory:        896         5         5        201        20092     784     896     175K      145K       16K     95.00%
[2015.03.11-14.52.48:833][711]LogMemory:       1024         3         3        103        20539     912    1024     103K       89K        0K    100.00%
[2015.03.11-14.52.48:833][711]LogMemory:       1168         3         3         97         2303    1040    1168     110K       82K        9K     95.31%
[2015.03.11-14.52.48:833][711]LogMemory:       1360         7         9        240        33268    1184    1360     318K      129K       36K     91.96%
[2015.03.11-14.52.48:833][711]LogMemory:       1632         8         8        243          733    1376    1632     387K      123K       25K     95.12%
[2015.03.11-14.52.48:833][711]LogMemory:       2048         8         9        158         5480    1648    2048     316K      196K       39K     92.38%
[2015.03.11-14.52.48:833][711]LogMemory:       2336         5         5        105         4432    2064    2336     239K       81K       25K     92.19%
[2015.03.11-14.52.48:833][711]LogMemory:       2720         6         6        106         7334    2352    2720     281K      102K       18K     95.31%
[2015.03.11-14.52.48:833][711]LogMemory:       3264        10        11        165        21099    2736    3264     525K      113K       56K     91.25%
[2015.03.11-14.52.48:833][711]LogMemory:       4096        11        12        145          857    3280    4096     580K      124K       47K     93.32%
[2015.03.11-14.52.48:833][711]LogMemory:       4672         7         8         72         2587    4112    4672     328K      120K        9K     97.99%
[2015.03.11-14.52.48:833][711]LogMemory:       5456        10        13        108        14397    4688    5456     575K       65K       38K     94.06%
[2015.03.11-14.52.48:833][711]LogMemory:       6544        13        14        115         3816    5472    6544     734K       97K       87K     89.54%
[2015.03.11-14.52.48:833][711]LogMemory:       8192         7         9         45         4203    6560    8192     360K       88K       56K     87.50%
[2015.03.11-14.52.48:833][711]LogMemory:       9360         5         5         28         3352    8208    9360     255K       65K       10K     96.88%
[2015.03.11-14.52.48:833][711]LogMemory:      10912         4         6         21        17284    9408   10880     223K       33K       24K     90.63%
[2015.03.11-14.52.48:833][711]LogMemory:      13104         4         4         14         1607   10976   13056     179K       77K        1K     99.61%
[2015.03.11-14.52.48:833][711]LogMemory:      16384         5        11         20         1857   13120   16384     320K        0K       45K     85.94%
[2015.03.11-14.52.48:833][711]LogMemory:      21840        12        13         33         1818   16400   21680     703K       65K       62K     91.93%
[2015.03.11-14.52.48:833][711]LogMemory:      32768         7        12         10          102   21904   32640     320K      128K       77K     82.81%
[2015.03.11-14.52.48:833][711]LogMemory: 
[2015.03.11-14.52.48:833][711]LogMemory: 22464K allocated in pools (with 4046K slack and 940K waste). Efficiency 95.82%
[2015.03.11-14.52.48:833][711]LogMemory: Allocations 109936 Current / 3387478 Total (in 351 pools)
[2015.03.11-14.52.48:833][711]LogMemory: 
[2015.03.11-14.52.48:837][711]LogWorld: Game class is 'NoplayerGameMode_C'
[2015.03.11-14.52.48:837][711]LogNet:Display: SteamNetDriver_0 bound to port 7777
[2015.03.11-14.52.48:837][711]LogNet: GameNetDriver SteamNetDriver_0 IpNetDriver listening on port 7777
[2015.03.11-14.52.48:839][711]LogAIModule: Creating AISystem for world EmptySkies_Lobby
[2015.03.11-14.52.48:839][711]LogWorld: Bringing World /Game/Levels/EmptySkies_Lobby.EmptySkies_Lobby up for play (max tick rate 0) at 2015.03.11-09.52.48
[2015.03.11-14.52.48:840][711]LogWorld: Bringing up level for play took: 0.000266
[2015.03.11-14.52.48:840][711]LogGameMode: Warning - PATHS NOT DEFINED or NO PLAYERSTART with positive rating
[2015.03.11-14.52.54:447][314]LogEngine: All Windows Closed
[2015.03.11-14.52.54:447][314]LogWindows: FPlatformMisc::RequestExit(0)
[2015.03.11-14.52.54:521][315]LogNet: World NetDriver shutdown SteamNetDriver_0 [GameNetDriver]
[2015.03.11-14.52.54:521][315]LogNet: DestroyNamedNetDriver SteamNetDriver_0 [GameNetDriver]
[2015.03.11-14.52.54:521][315]LogExit: GameNetDriver SteamNetDriver_0 shut down
[2015.03.11-14.52.54:855][315]LogExit: Preparing to exit.
[2015.03.11-14.52.55:123][315]LogExit: Game engine shut down
[2015.03.11-14.52.55:133][315]LogParticles: Destroying 0 GPU particle simulations for FXSystem 0x000000E15418C620
[2015.03.11-14.52.55:133][315]LogExit: Object subsystem successfully closed.
[2015.03.11-14.52.55:133][315]LogOnline:Display: STEAM: OnlineSubsystemSteam::Shutdown()
[2015.03.11-14.52.55:331][315]LogOnline:Display: Unloading online subsystem: Steam
[2015.03.11-14.52.55:331][315]LogOnline:Display: STEAM: OnlineSubsystemSteam::Shutdown()
[2015.03.11-14.52.55:335][315]LogModuleManager: Shutting down and abandoning module AutomationWorker (49)
[2015.03.11-14.52.55:335][315]LogModuleManager: Shutting down and abandoning module CharacterAI (48)
[2015.03.11-14.52.55:335][315]LogModuleManager: Shutting down and abandoning module AIModule (47)
[2015.03.11-14.52.55:335][315]LogModuleManager: Shutting down and abandoning module GameLiveStreaming (46)
[2015.03.11-14.52.55:335][315]LogModuleManager: Shutting down and abandoning module StreamingPauseRendering (45)
[2015.03.11-14.52.55:335][315]LogModuleManager: Shutting down and abandoning module HTTP (44)
[2015.03.11-14.52.55:354][315]LogModuleManager: Shutting down and abandoning module AnalyticsET (43)
[2015.03.11-14.52.55:354][315]LogModuleManager: Shutting down and abandoning module Analytics (42)
[2015.03.11-14.52.55:354][315]LogModuleManager: Shutting down and abandoning module ProfilerService (41)
[2015.03.11-14.52.55:448][315]LogModuleManager: Shutting down and abandoning module TaskGraph (40)
[2015.03.11-14.52.55:472][315]LogModuleManager: Shutting down and abandoning module SlateRemote (39)
[2015.03.11-14.52.55:472][315]LogModuleManager: Shutting down and abandoning module CustomMeshComponent (38)
[2015.03.11-14.52.55:472][315]LogModuleManager: Shutting down and abandoning module CableComponent (37)
[2015.03.11-14.52.55:472][315]LogModuleManager: Shutting down and abandoning module EmptySkies (36)
[2015.03.11-14.52.55:472][315]LogModuleManager: Shutting down and abandoning module VictoryBPLibrary (35)
[2015.03.11-14.52.55:472][315]LogModuleManager: Shutting down and abandoning module ScriptPlugin (34)
[2015.03.11-14.52.55:481][315]LogModuleManager: Shutting down and abandoning module UdpMessaging (33)
[2015.03.11-14.52.55:481][315]LogModuleManager: Shutting down and abandoning module Paper2D (32)
[2015.03.11-14.52.55:481][315]LogModuleManager: Shutting down and abandoning module WindowsMoviePlayer (31)
[2015.03.11-14.52.55:481][315]LogModuleManager: Shutting down and abandoning module Media (30)
[2015.03.11-14.52.55:481][315]LogModuleManager: Shutting down and abandoning module WmfMedia (29)
[2015.03.11-14.52.55:481][315]LogModuleManager: Shutting down and abandoning module UMG (28)
[2015.03.11-14.52.55:481][315]LogModuleManager: Shutting down and abandoning module Slate (27)
[2015.03.11-14.52.55:481][315]LogModuleManager: Shutting down and abandoning module SessionServices (26)
[2015.03.11-14.52.55:481][315]LogModuleManager: Shutting down and abandoning module Messaging (25)
[2015.03.11-14.52.55:481][315]LogModuleManager: Shutting down and abandoning module HeadMountedDisplay (24)
[2015.03.11-14.52.55:481][315]LogModuleManager: Shutting down and abandoning module XAudio2 (23)
[2015.03.11-14.52.55:481][315]LogModuleManager: Shutting down and abandoning module Networking (22)
[2015.03.11-14.52.55:481][315]LogModuleManager: Shutting down and abandoning module Core (21)
[2015.03.11-14.52.55:481][315]LogModuleManager: Shutting down and abandoning module InputCore (20)
[2015.03.11-14.52.55:481][315]LogModuleManager: Shutting down and abandoning module ImageWrapper (19)
[2015.03.11-14.52.55:481][315]LogModuleManager: Shutting down and abandoning module OculusRift (14)
[2015.03.11-14.52.55:481][315]LogModuleManager: Shutting down and abandoning module ExampleDeviceProfileSelector (13)
[2015.03.11-14.52.55:481][315]LogModuleManager: Shutting down and abandoning module ShaderCore (12)
[2015.03.11-14.52.55:481][315]LogModuleManager: Shutting down and abandoning module Landscape (11)
[2015.03.11-14.52.55:481][315]LogModuleManager: Shutting down and abandoning module SlateRHIRenderer (10)
[2015.03.11-14.52.55:482][315]LogModuleManager: Shutting down and abandoning module OpenGLDrv (9)
[2015.03.11-14.52.55:482][315]LogModuleManager: Shutting down and abandoning module D3D11RHI (8)
[2015.03.11-14.52.55:482][315]LogModuleManager: Shutting down and abandoning module Renderer (7)
[2015.03.11-14.52.55:482][315]LogModuleManager: Shutting down and abandoning module Engine (6)
[2015.03.11-14.52.55:482][315]LogModuleManager: Shutting down and abandoning module CoreUObject (5)
[2015.03.11-14.52.55:482][315]LogModuleManager: Shutting down and abandoning module NetworkFile (4)
[2015.03.11-14.52.55:482][315]LogModuleManager: Shutting down and abandoning module StreamingFile (3)
[2015.03.11-14.52.55:482][315]LogModuleManager: Shutting down and abandoning module SandboxFile (2)
[2015.03.11-14.52.55:482][315]LogModuleManager: Shutting down and abandoning module PakFile (1)
[2015.03.11-14.52.55:482][315]LogExit: Exiting.
[2015.03.11-14.52.55:483][315]Log file closed, 03/11/15 09:52:55
