Log file open, 03/10/15 15:11:49
LogInit: Version: 4.6.1-2386410+++depot+UE4-Releases+4.6
LogInit: API Version: 2369412
LogInit: Compiled (64-bit): Dec 11 2014 21:33:04
LogInit: Compiled with Visual C++: 18.00.21005.01
LogInit: Build Configuration: Development
LogInit: Branch Name: ++depot+UE4-Releases+4.6
LogInit: Command line: 
LogInit: Base directory: C:/Users/Dillon/Documents/GitHub/EmptySkies-Builds/0.3.2/WindowsNoEditor/EmptySkies/Binaries/Win64/
LogInit: Rocket: 1
[2015.03.10-20.11.49:540][  0]LogTaskGraph: Started task graph with 3 named threads and 6 total threads.
[2015.03.10-20.11.49:584][  0]LogOnline:Display: STEAM: Loading Steam SDK 1.30
[2015.03.10-20.11.53:695][  0]LogInit: WinSock: version 1.1 (2.2), MaxSocks=32767, MaxUdp=65467
[2015.03.10-20.11.53:756][  0]LogInit: Presizing for 0 objects not considered by GC, pre-allocating 0 bytes.
[2015.03.10-20.11.53:761][  0]LogInit: Object subsystem initialized
[2015.03.10-20.11.53:763][  0]LogConsoleResponse:Warning: Skipping Unknown console variable: 'UIScaleRule = ShortestSide'
[2015.03.10-20.11.53:763][  0]LogConsoleResponse:Warning:   Found in ini file '../../../EmptySkies/Saved/Config/WindowsNoEditor/Engine.ini', in section '[/Script/Engine.RendererSettings]'
[2015.03.10-20.11.53:763][  0]LogConsoleResponse:Warning: Skipping Unknown console variable: 'UIScaleCurve = (EditorCurveData=(Keys=),ExternalCurve=None)'
[2015.03.10-20.11.53:763][  0]LogConsoleResponse:Warning:   Found in ini file '../../../EmptySkies/Saved/Config/WindowsNoEditor/Engine.ini', in section '[/Script/Engine.RendererSettings]'
[2015.03.10-20.11.53:764][  0]LogConsoleManager:Warning: Console variable 'r.MSAA.CompositingSampleCount' wasn't set (Priority ProjectSetting < Scalability)
[2015.03.10-20.11.53:765][  0]LogInit: Selected Device Profile: [WindowsNoEditor]
[2015.03.10-20.11.53:765][  0]LogInit: Applying CVar settings loaded from the selected device profile: [WindowsNoEditor]
[2015.03.10-20.11.53:770][  0]LogInit: Computer: DILLONLAPTOP
[2015.03.10-20.11.53:770][  0]LogInit: User: Dillon
[2015.03.10-20.11.53:770][  0]LogInit: CPU Page size=4096, Cores=4
[2015.03.10-20.11.53:770][  0]LogInit: High frequency timer resolution =2.338344 MHz
[2015.03.10-20.11.53:770][  0]LogMemory: Memory total: Physical=7.9GB (8GB approx) Virtual=131072.0GB
[2015.03.10-20.11.53:770][  0]LogMemory: Platform Memory Stats for WindowsNoEditor
[2015.03.10-20.11.53:770][  0]LogMemory: Process Physical Memory: 63.13 MB used, 67.41 MB peak
[2015.03.10-20.11.53:770][  0]LogMemory: Process Virtual Memory: 34.80 MB used, 41.03 MB peak
[2015.03.10-20.11.53:770][  0]LogMemory: Physical Memory: 2923.11 MB used, 8080.29 MB total
[2015.03.10-20.11.53:770][  0]LogMemory: Virtual Memory: 284.15 MB used, 134217728.00 MB total
[2015.03.10-20.11.54:904][  0]LogD3D11RHI: Found D3D11 adapter 0: NVIDIA GeForce GTX 770M (Feature Level 11_0)
[2015.03.10-20.11.54:904][  0]LogD3D11RHI: Adapter has 2993MB of dedicated video memory, 0MB of dedicated system memory, and 4040MB of shared system memory, 1 output[s]
[2015.03.10-20.11.54:920][  0]LogD3D11RHI: Found D3D11 adapter 1: NVIDIA GeForce GTX 770M (Feature Level 11_0)
[2015.03.10-20.11.54:920][  0]LogD3D11RHI: Adapter has 2993MB of dedicated video memory, 0MB of dedicated system memory, and 4040MB of shared system memory, 0 output[s]
[2015.03.10-20.11.54:922][  0]LogD3D11RHI: Found D3D11 adapter 2: Microsoft Basic Render Driver (Feature Level 11_0)
[2015.03.10-20.11.54:922][  0]LogD3D11RHI: Adapter has 2993MB of dedicated video memory, 0MB of dedicated system memory, and 4040MB of shared system memory, 0 output[s]
[2015.03.10-20.11.54:922][  0]LogD3D11RHI: Chosen D3D11 Adapter Id = 0
[2015.03.10-20.11.54:929][  0]LogRHI: Texture pool is 1361 MB (70% of 1945 MB)
[2015.03.10-20.11.54:942][  0]LogD3D11RHI: Async texture creation enabled
[2015.03.10-20.11.55:125][  0]LogTextLocalizationManager: The requested culture ('en_US') has no localization data; parent culture's ('en') localization data will be used.
[2015.03.10-20.11.55:148][  0]LogContentStreaming: Texture pool size is 1000.000000MB
[2015.03.10-20.11.55:502][  0]LogCollisionProfile:Warning: Profile (UI) - Custom Channel Name = 'Weapon' hasn't been found
[2015.03.10-20.11.56:355][  0]LogWindowsMoviePlayer: Unable to load movie: ../../../EmptySkies/Content/Movies/Default_Startup.mp4
[2015.03.10-20.11.56:391][  0]LogObj: 20277 objects as part of root set at end of initial load.
[2015.03.10-20.11.56:391][  0]LogUObjectAllocator: 4194440 out of 0 bytes used by permanent object pool.
[2015.03.10-20.11.56:403][  0]LogEngine: Initializing Engine...
[2015.03.10-20.11.58:405][  0]LogHMD:Warning: No Oculus HMD detected! Is Oculus Run-Time installed and service is running?
[2015.03.10-20.11.58:416][  0]LogHMD: Oculus shutdown.
[2015.03.10-20.11.58:590][  0]LogInit: XAudio2 using 'Speakers (Bluetooth Audio Device)' : 2 channels at 48 kHz using 16 bits per sample (channel mask 0x3)
[2015.03.10-20.11.58:596][  0]LogInit: FAudioDevice initialized.
[2015.03.10-20.11.58:596][  0]LogInit: Texture streaming: Enabled
[2015.03.10-20.11.58:601][  0]LogConsoleManager:Warning: Console variable 'r.VSync' wasn't set (Priority Code < GameSetting)
[2015.03.10-20.11.58:601][  0]LogNet: Browse: /Game/Levels/EmptySkies_MainMenu?Name=Player
[2015.03.10-20.11.58:602][  0]LogLoad: LoadMap: /Game/Levels/EmptySkies_MainMenu?Name=Player
[2015.03.10-20.11.58:608][  0]LogMemory: Platform Memory Stats for WindowsNoEditor
[2015.03.10-20.11.58:608][  0]LogMemory: Process Physical Memory: 133.89 MB used, 140.26 MB peak
[2015.03.10-20.11.58:608][  0]LogMemory: Process Virtual Memory: 91.18 MB used, 99.28 MB peak
[2015.03.10-20.11.58:608][  0]LogMemory: Physical Memory: 3002.92 MB used, 8080.29 MB total
[2015.03.10-20.11.58:608][  0]LogMemory: Virtual Memory: 478.61 MB used, 134217728.00 MB total
[2015.03.10-20.11.58:608][  0]LogMemory: 
[2015.03.10-20.11.58:608][  0]LogMemory: Allocator Stats for binned:
[2015.03.10-20.11.58:608][  0]LogMemory: Current Memory 33.81 MB used, plus 3.08 MB waste
[2015.03.10-20.11.58:608][  0]LogMemory: Peak Memory 44.21 MB used, plus 2.65 MB waste
[2015.03.10-20.11.58:608][  0]LogMemory: Current OS Memory 36.89 MB, peak 46.86 MB
[2015.03.10-20.11.58:608][  0]LogMemory: Current Waste 0.53 MB, peak 0.93 MB
[2015.03.10-20.11.58:608][  0]LogMemory: Current Used 33.81 MB, peak 44.21 MB
[2015.03.10-20.11.58:608][  0]LogMemory: Current Slack 2.55 MB
[2015.03.10-20.11.58:608][  0]LogMemory: Allocs       107696 Current /  1980406 Total
[2015.03.10-20.11.58:608][  0]LogMemory: 
[2015.03.10-20.11.58:608][  0]LogMemory: Block Size Num Pools Max Pools Cur Allocs Total Allocs Min Req Max Req Mem Used Mem Slack Mem Waste Efficiency
[2015.03.10-20.11.58:608][  0]LogMemory: ---------- --------- --------- ---------- ------------ ------- ------- -------- --------- --------- ----------
[2015.03.10-20.11.58:608][  0]LogMemory:          8         0         0          0            0       8       0       0K        0K        0K    100.00%
[2015.03.10-20.11.58:608][  0]LogMemory:         16         5         5      18435       103220      16      16     288K       32K        0K    100.00%
[2015.03.10-20.11.58:608][  0]LogMemory:         32        12        12      21941        82646      32      32     685K       83K        0K    100.00%
[2015.03.10-20.11.58:608][  0]LogMemory:         48         7         7       9183        51587      48      48     430K       18K        0K    100.00%
[2015.03.10-20.11.58:608][  0]LogMemory:         64        13        13      12660        53150      64      64     791K       41K        0K    100.00%
[2015.03.10-20.11.58:608][  0]LogMemory:         80         4         4       3155        37336      80      80     246K       10K        0K    100.00%
[2015.03.10-20.11.58:608][  0]LogMemory:         96         5         5       2983        42417      96      96     279K       41K        0K    100.00%
[2015.03.10-20.11.58:608][  0]LogMemory:        112         3         3       1182        26048     112     112     129K       63K        0K    100.00%
[2015.03.10-20.11.58:608][  0]LogMemory:        128        30        30      15101        63941     128     128    1887K       33K        0K    100.00%
[2015.03.10-20.11.58:608][  0]LogMemory:        160         8        11       2668       158260     144     160     416K       96K       17K     96.68%
[2015.03.10-20.11.58:608][  0]LogMemory:        192        14        14       4477       274221     176     192     839K       57K       31K     96.54%
[2015.03.10-20.11.58:608][  0]LogMemory:        224         4         4        878       250553     208     224     192K       64K        7K     97.27%
[2015.03.10-20.11.58:608][  0]LogMemory:        256        18        28       4320       182089     240     256    1080K       72K       30K     97.40%
[2015.03.10-20.11.58:608][  0]LogMemory:        288         6         6       1263       188458     272     288     355K       29K        8K     97.92%
[2015.03.10-20.11.58:608][  0]LogMemory:        320         5         5        815       234756     304     320     254K       65K        7K     97.81%
[2015.03.10-20.11.58:608][  0]LogMemory:        384        11        11       1867       179171     336     384     700K        2K       68K     90.34%
[2015.03.10-20.11.58:608][  0]LogMemory:        448        12        12       1739        10383     400     448     760K        7K       59K     92.32%
[2015.03.10-20.11.58:608][  0]LogMemory:        512        10        10       1226         7483     464     512     613K       27K       35K     94.53%
[2015.03.10-20.11.58:608][  0]LogMemory:        576         3         3        280         1654     528     576     157K       34K        8K     95.83%
[2015.03.10-20.11.58:608][  0]LogMemory:        640         7         8        490          985     592     640     306K      141K        7K     98.44%
[2015.03.10-20.11.58:608][  0]LogMemory:        704        10        13        732         1756     656     704     503K      137K       12K     98.13%
[2015.03.10-20.11.58:608][  0]LogMemory:        768         6         6        328         3882     720     768     246K      137K        6K     98.44%
[2015.03.10-20.11.58:608][  0]LogMemory:        896         3         3        184          615     784     896     161K       31K        9K     95.31%
[2015.03.10-20.11.58:608][  0]LogMemory:       1024         2         3        104          455     912    1024     104K       24K        2K     98.44%
[2015.03.10-20.11.58:608][  0]LogMemory:       1168         2         2         95          407    1040    1168     108K       20K        6K     95.31%
[2015.03.10-20.11.58:608][  0]LogMemory:       1360         6         6        232         4376    1184    1360     308K       75K       18K     95.31%
[2015.03.10-20.11.58:608][  0]LogMemory:       1632         7         7        242          622    1376    1632     385K       62K       25K     94.42%
[2015.03.10-20.11.58:608][  0]LogMemory:       2048         8         9        147          719    1648    2048     294K      218K       31K     93.95%
[2015.03.10-20.11.58:608][  0]LogMemory:       2336         4         4        101         4343    2064    2336     230K       26K       25K     90.23%
[2015.03.10-20.11.58:608][  0]LogMemory:       2720         5         5         90          504    2352    2720     239K       80K       11K     96.56%
[2015.03.10-20.11.58:608][  0]LogMemory:       3264        10        10        142         3705    2736    3264     452K      186K       23K     96.41%
[2015.03.10-20.11.58:608][  0]LogMemory:       4096        11        12        136          615    3280    4096     544K      160K       42K     94.03%
[2015.03.10-20.11.58:608][  0]LogMemory:       4672         7         8         66         2506    4112    4672     301K      147K        7K     98.44%
[2015.03.10-20.11.58:608][  0]LogMemory:       5456         9        13         91          367    4688    5456     484K       92K       42K     92.71%
[2015.03.10-20.11.58:608][  0]LogMemory:       6544        12        14        101          329    5472    6544     645K      122K       58K     92.45%
[2015.03.10-20.11.58:608][  0]LogMemory:       8192         6         7         44         2395    6560    8192     352K       32K       54K     85.94%
[2015.03.10-20.11.58:608][  0]LogMemory:       9360         5         5         30         1636    8208    9360     274K       46K        2K     99.38%
[2015.03.10-20.11.58:608][  0]LogMemory:      10912         4         4         20          130    9408   10880     213K       43K       21K     91.80%
[2015.03.10-20.11.58:608][  0]LogMemory:      13104         3         4         14         1604   10976   13056     179K       13K        1K     99.48%
[2015.03.10-20.11.58:608][  0]LogMemory:      16384         5         7         19          109   13120   16384     304K       16K       22K     93.13%
[2015.03.10-20.11.58:608][  0]LogMemory:      21840        10        11         28           96   16400   21712     597K       43K      105K     83.59%
[2015.03.10-20.11.58:608][  0]LogMemory:      32768         4         7          8           66   21904   32640     256K        0K       54K     78.91%
[2015.03.10-20.11.58:608][  0]LogMemory: 
[2015.03.10-20.11.58:608][  0]LogMemory: 20224K allocated in pools (with 2625K slack and 853K waste). Efficiency 95.78%
[2015.03.10-20.11.58:608][  0]LogMemory: Allocations 107618 Current / 1979596 Total (in 316 pools)
[2015.03.10-20.11.58:608][  0]LogMemory: 
[2015.03.10-20.11.58:740][  0]LogWorld: Game class is 'NoplayerGameMode_C'
[2015.03.10-20.11.58:799][  0]LogAIModule: Creating AISystem for world EmptySkies_MainMenu
[2015.03.10-20.11.58:976][  0]LogWorld: Bringing World /Game/Levels/EmptySkies_MainMenu.EmptySkies_MainMenu up for play (max tick rate 0) at 2015.03.10-15.11.58
[2015.03.10-20.11.58:976][  0]LogWorld: Bringing up level for play took: 0.177504
[2015.03.10-20.11.59:012][  0]LogInit:Display: Game Engine Initialized.
[2015.03.10-20.11.59:214][  0]LogLoad: Full Startup: 11.79 seconds (BP compile: 0.00 seconds)
[2015.03.10-20.11.59:298][  1]LogRenderer:Warning: Reallocating scene render targets to support 1600x904.
[2015.03.10-20.12.53:200][ 97]LogBlueprintUserMessages: Session Created Successfully
[2015.03.10-20.12.53:256][ 97]LogPackageName: SearchForPackageOnDisk took   0.009s to resolve EmptySkies_Lobby.umap
[2015.03.10-20.12.53:266][ 97]LogPackageName: SearchForPackageOnDisk took   0.009s to resolve EmptySkies_Lobby.umap
[2015.03.10-20.12.53:266][ 97]LogNet: Browse: /Game/Levels/EmptySkies_Lobby?listen
[2015.03.10-20.12.53:266][ 97]LogLoad: LoadMap: /Game/Levels/EmptySkies_Lobby?listen
[2015.03.10-20.12.53:271][ 97]LogParticles: Destroying 0 GPU particle simulations for FXSystem 0x00000002CDC66360
[2015.03.10-20.12.53:307][ 97]LogMemory: Platform Memory Stats for WindowsNoEditor
[2015.03.10-20.12.53:307][ 97]LogMemory: Process Physical Memory: 185.35 MB used, 205.46 MB peak
[2015.03.10-20.12.53:307][ 97]LogMemory: Process Virtual Memory: 129.54 MB used, 152.95 MB peak
[2015.03.10-20.12.53:307][ 97]LogMemory: Physical Memory: 3457.14 MB used, 8080.29 MB total
[2015.03.10-20.12.53:307][ 97]LogMemory: Virtual Memory: 532.83 MB used, 134217728.00 MB total
[2015.03.10-20.12.53:307][ 97]LogMemory: 
[2015.03.10-20.12.53:307][ 97]LogMemory: Allocator Stats for binned:
[2015.03.10-20.12.53:307][ 97]LogMemory: Current Memory 71.78 MB used, plus 17592186044416.00 MB waste
[2015.03.10-20.12.53:307][ 97]LogMemory: Peak Memory 94.03 MB used, plus 17592186044416.00 MB waste
[2015.03.10-20.12.53:307][ 97]LogMemory: Current OS Memory 44.64 MB, peak 76.13 MB
[2015.03.10-20.12.53:307][ 97]LogMemory: Current Waste 0.80 MB, peak 0.96 MB
[2015.03.10-20.12.53:307][ 97]LogMemory: Current Used 71.78 MB, peak 94.03 MB
[2015.03.10-20.12.53:307][ 97]LogMemory: Current Slack 17592186044416.00 MB
[2015.03.10-20.12.53:307][ 97]LogMemory: Allocs       112746 Current /  5112189 Total
[2015.03.10-20.12.53:307][ 97]LogMemory: 
[2015.03.10-20.12.53:307][ 97]LogMemory: Block Size Num Pools Max Pools Cur Allocs Total Allocs Min Req Max Req Mem Used Mem Slack Mem Waste Efficiency
[2015.03.10-20.12.53:307][ 97]LogMemory: ---------- --------- --------- ---------- ------------ ------- ------- -------- --------- --------- ----------
[2015.03.10-20.12.53:308][ 97]LogMemory:          8         0         0          0            0       8       0       0K        0K        0K    100.00%
[2015.03.10-20.12.53:308][ 97]LogMemory:         16         6         6      18745       762646      16      16     292K       92K        0K    100.00%
[2015.03.10-20.12.53:308][ 97]LogMemory:         32        13        13      22259       521310      32      32     695K      137K        0K    100.00%
[2015.03.10-20.12.53:308][ 97]LogMemory:         48         8         8       9647       335617      48      48     452K       60K        0K    100.00%
[2015.03.10-20.12.53:308][ 97]LogMemory:         64        14        14      12862       418354      64      64     803K       93K        0K    100.00%
[2015.03.10-20.12.53:308][ 97]LogMemory:         80         5         5       3281       173463      80      80     256K       64K        0K    100.00%
[2015.03.10-20.12.53:308][ 97]LogMemory:         96         5         5       3039       153595      96      96     284K       36K        0K    100.00%
[2015.03.10-20.12.53:308][ 97]LogMemory:        112         3         3       1327       368277     112     112     145K       47K        0K    100.00%
[2015.03.10-20.12.53:308][ 97]LogMemory:        128        31        31      15173        82987     128     128    1896K       88K        0K    100.00%
[2015.03.10-20.12.53:308][ 97]LogMemory:        160        10        11       2802       199902     144     160     437K      203K       19K     97.03%
[2015.03.10-20.12.53:308][ 97]LogMemory:        192        15        15       4574       319202     176     192     857K      103K       34K     96.46%
[2015.03.10-20.12.53:308][ 97]LogMemory:        224         4         4        887       268107     208     224     194K       62K        7K     97.27%
[2015.03.10-20.12.53:308][ 97]LogMemory:        256        19        28       4457       187732     240     256    1114K      102K       31K     97.45%
[2015.03.10-20.12.53:308][ 97]LogMemory:        288         7         7       1271       348209     272     288     357K       90K        5K     98.88%
[2015.03.10-20.12.53:308][ 97]LogMemory:        320         5         5        819       253121     304     320     255K       64K        7K     97.81%
[2015.03.10-20.12.53:308][ 97]LogMemory:        384        12        13       1916       211710     336     384     718K       47K       67K     91.28%
[2015.03.10-20.12.53:308][ 97]LogMemory:        448        13        13       1741        47850     400     448     761K       70K       14K     98.32%
[2015.03.10-20.12.53:308][ 97]LogMemory:        512        11        11       1237        17110     464     512     618K       86K       20K     97.16%
[2015.03.10-20.12.53:308][ 97]LogMemory:        576         4         4        286        11226     528     576     160K       95K        9K     96.48%
[2015.03.10-20.12.53:308][ 97]LogMemory:        640         7         8        498         2477     592     640     311K      136K        9K     97.99%
[2015.03.10-20.12.53:308][ 97]LogMemory:        704        11        14        730         4727     656     704     501K      203K       15K     97.87%
[2015.03.10-20.12.53:308][ 97]LogMemory:        768         7         7        351        17025     720     768     263K      184K       10K     97.77%
[2015.03.10-20.12.53:308][ 97]LogMemory:        896         5         5        199        44815     784     896     174K      146K       16K     95.00%
[2015.03.10-20.12.53:308][ 97]LogMemory:       1024         3         3        104        47553     912    1024     104K       88K        0K    100.00%
[2015.03.10-20.12.53:308][ 97]LogMemory:       1168         3         3         97         4700    1040    1168     110K       82K       10K     94.79%
[2015.03.10-20.12.53:308][ 97]LogMemory:       1360         7         8        240        72852    1184    1360     318K      129K       37K     91.74%
[2015.03.10-20.12.53:308][ 97]LogMemory:       1632         8         8        243          768    1376    1632     387K      123K       25K     95.12%
[2015.03.10-20.12.53:308][ 97]LogMemory:       2048         8         9        158        10824    1648    2048     316K      196K       42K     91.80%
[2015.03.10-20.12.53:308][ 97]LogMemory:       2336         5         5        105         4448    2064    2336     239K       81K       25K     92.19%
[2015.03.10-20.12.53:308][ 97]LogMemory:       2720         6         6        106        16855    2352    2720     281K      102K       19K     95.05%
[2015.03.10-20.12.53:308][ 97]LogMemory:       3264        10        11        165        44920    2736    3264     525K      113K       60K     90.63%
[2015.03.10-20.12.53:308][ 97]LogMemory:       4096        11        12        145          869    3280    4096     580K      124K       47K     93.32%
[2015.03.10-20.12.53:308][ 97]LogMemory:       4672         7         8         72         2597    4112    4672     328K      120K        9K     97.99%
[2015.03.10-20.12.53:308][ 97]LogMemory:       5456        10        13        108        33540    4688    5456     575K       65K       38K     94.06%
[2015.03.10-20.12.53:308][ 97]LogMemory:       6544        13        14        115         8581    5472    6544     734K       97K       88K     89.42%
[2015.03.10-20.12.53:308][ 97]LogMemory:       8192         7         9         45         6601    6560    8192     360K       88K       56K     87.50%
[2015.03.10-20.12.53:308][ 97]LogMemory:       9360         5         5         28         5741    8208    9360     255K       65K       13K     95.94%
[2015.03.10-20.12.53:308][ 97]LogMemory:      10912         4         6         21        41136    9408   10880     223K       33K       24K     90.63%
[2015.03.10-20.12.53:308][ 97]LogMemory:      13104         4         4         15         1613   10976   13056     191K       65K        1K     99.61%
[2015.03.10-20.12.53:308][ 97]LogMemory:      16384         5        11         19         4252   13120   16384     304K       16K       43K     86.56%
[2015.03.10-20.12.53:308][ 97]LogMemory:      21840        12        13         33         4213   16400   21712     703K       65K       60K     92.19%
[2015.03.10-20.12.53:308][ 97]LogMemory:      32768         6        12         10          104   21904   32640     320K       64K       76K     80.21%
[2015.03.10-20.12.53:308][ 97]LogMemory: 
[2015.03.10-20.12.53:308][ 97]LogMemory: 22336K allocated in pools (with 3924K slack and 936K waste). Efficiency 95.81%
[2015.03.10-20.12.53:308][ 97]LogMemory: Allocations 109931 Current / 5061630 Total (in 349 pools)
[2015.03.10-20.12.53:308][ 97]LogMemory: 
[2015.03.10-20.12.53:310][ 97]LogWorld: Game class is 'NoplayerGameMode_C'
[2015.03.10-20.12.53:312][ 97]LogNet:Display: SteamNetDriver_0 bound to port 7777
[2015.03.10-20.12.53:312][ 97]LogNet: GameNetDriver SteamNetDriver_0 IpNetDriver listening on port 7777
[2015.03.10-20.12.53:314][ 97]LogAIModule: Creating AISystem for world EmptySkies_Lobby
[2015.03.10-20.12.53:314][ 97]LogWorld: Bringing World /Game/Levels/EmptySkies_Lobby.EmptySkies_Lobby up for play (max tick rate 0) at 2015.03.10-15.12.53
[2015.03.10-20.12.53:314][ 97]LogWorld: Bringing up level for play took: 0.000254
[2015.03.10-20.12.53:314][ 97]LogGameMode: Warning - PATHS NOT DEFINED or NO PLAYERSTART with positive rating
[2015.03.10-20.13.41:916][755]LogEngine: All Windows Closed
[2015.03.10-20.13.41:916][755]LogWindows: FPlatformMisc::RequestExit(0)
[2015.03.10-20.13.41:963][756]LogNet: World NetDriver shutdown SteamNetDriver_0 [GameNetDriver]
[2015.03.10-20.13.41:963][756]LogNet: DestroyNamedNetDriver SteamNetDriver_0 [GameNetDriver]
[2015.03.10-20.13.41:963][756]LogExit: GameNetDriver SteamNetDriver_0 shut down
[2015.03.10-20.13.42:402][756]LogExit: Preparing to exit.
[2015.03.10-20.13.42:443][756]LogExit: Game engine shut down
[2015.03.10-20.13.42:448][756]LogParticles: Destroying 0 GPU particle simulations for FXSystem 0x00000002C8813840
[2015.03.10-20.13.42:448][756]LogExit: Object subsystem successfully closed.
[2015.03.10-20.13.42:449][756]LogOnline:Display: STEAM: OnlineSubsystemSteam::Shutdown()
[2015.03.10-20.13.42:587][756]LogOnline:Display: Unloading online subsystem: Steam
[2015.03.10-20.13.42:587][756]LogOnline:Display: STEAM: OnlineSubsystemSteam::Shutdown()
[2015.03.10-20.13.42:591][756]LogModuleManager: Shutting down and abandoning module AutomationWorker (49)
[2015.03.10-20.13.42:591][756]LogModuleManager: Shutting down and abandoning module CharacterAI (48)
[2015.03.10-20.13.42:591][756]LogModuleManager: Shutting down and abandoning module AIModule (47)
[2015.03.10-20.13.42:591][756]LogModuleManager: Shutting down and abandoning module GameLiveStreaming (46)
[2015.03.10-20.13.42:591][756]LogModuleManager: Shutting down and abandoning module StreamingPauseRendering (45)
[2015.03.10-20.13.42:591][756]LogModuleManager: Shutting down and abandoning module HTTP (44)
[2015.03.10-20.13.42:591][756]LogModuleManager: Shutting down and abandoning module AnalyticsET (43)
[2015.03.10-20.13.42:591][756]LogModuleManager: Shutting down and abandoning module Analytics (42)
[2015.03.10-20.13.42:591][756]LogModuleManager: Shutting down and abandoning module ProfilerService (41)
[2015.03.10-20.13.42:719][756]LogModuleManager: Shutting down and abandoning module TaskGraph (40)
[2015.03.10-20.13.42:719][756]LogModuleManager: Shutting down and abandoning module SlateRemote (39)
[2015.03.10-20.13.42:719][756]LogModuleManager: Shutting down and abandoning module CustomMeshComponent (38)
[2015.03.10-20.13.42:719][756]LogModuleManager: Shutting down and abandoning module CableComponent (37)
[2015.03.10-20.13.42:719][756]LogModuleManager: Shutting down and abandoning module EmptySkies (36)
[2015.03.10-20.13.42:719][756]LogModuleManager: Shutting down and abandoning module VictoryBPLibrary (35)
[2015.03.10-20.13.42:719][756]LogModuleManager: Shutting down and abandoning module ScriptPlugin (34)
[2015.03.10-20.13.42:719][756]LogModuleManager: Shutting down and abandoning module UdpMessaging (33)
[2015.03.10-20.13.42:719][756]LogModuleManager: Shutting down and abandoning module Paper2D (32)
[2015.03.10-20.13.42:719][756]LogModuleManager: Shutting down and abandoning module WindowsMoviePlayer (31)
[2015.03.10-20.13.42:719][756]LogModuleManager: Shutting down and abandoning module Media (30)
[2015.03.10-20.13.42:719][756]LogModuleManager: Shutting down and abandoning module WmfMedia (29)
[2015.03.10-20.13.42:720][756]LogModuleManager: Shutting down and abandoning module UMG (28)
[2015.03.10-20.13.42:720][756]LogModuleManager: Shutting down and abandoning module Slate (27)
[2015.03.10-20.13.42:720][756]LogModuleManager: Shutting down and abandoning module SessionServices (26)
[2015.03.10-20.13.42:720][756]LogModuleManager: Shutting down and abandoning module Messaging (25)
[2015.03.10-20.13.42:720][756]LogModuleManager: Shutting down and abandoning module HeadMountedDisplay (24)
[2015.03.10-20.13.42:720][756]LogModuleManager: Shutting down and abandoning module XAudio2 (23)
[2015.03.10-20.13.42:720][756]LogModuleManager: Shutting down and abandoning module Networking (22)
[2015.03.10-20.13.42:720][756]LogModuleManager: Shutting down and abandoning module Core (21)
[2015.03.10-20.13.42:720][756]LogModuleManager: Shutting down and abandoning module InputCore (20)
[2015.03.10-20.13.42:720][756]LogModuleManager: Shutting down and abandoning module ImageWrapper (19)
[2015.03.10-20.13.42:720][756]LogModuleManager: Shutting down and abandoning module OculusRift (14)
[2015.03.10-20.13.42:720][756]LogModuleManager: Shutting down and abandoning module ExampleDeviceProfileSelector (13)
[2015.03.10-20.13.42:720][756]LogModuleManager: Shutting down and abandoning module ShaderCore (12)
[2015.03.10-20.13.42:720][756]LogModuleManager: Shutting down and abandoning module Landscape (11)
[2015.03.10-20.13.42:720][756]LogModuleManager: Shutting down and abandoning module SlateRHIRenderer (10)
[2015.03.10-20.13.42:720][756]LogModuleManager: Shutting down and abandoning module OpenGLDrv (9)
[2015.03.10-20.13.42:720][756]LogModuleManager: Shutting down and abandoning module D3D11RHI (8)
[2015.03.10-20.13.42:720][756]LogModuleManager: Shutting down and abandoning module Renderer (7)
[2015.03.10-20.13.42:720][756]LogModuleManager: Shutting down and abandoning module Engine (6)
[2015.03.10-20.13.42:720][756]LogModuleManager: Shutting down and abandoning module CoreUObject (5)
[2015.03.10-20.13.42:720][756]LogModuleManager: Shutting down and abandoning module NetworkFile (4)
[2015.03.10-20.13.42:720][756]LogModuleManager: Shutting down and abandoning module StreamingFile (3)
[2015.03.10-20.13.42:720][756]LogModuleManager: Shutting down and abandoning module SandboxFile (2)
[2015.03.10-20.13.42:720][756]LogModuleManager: Shutting down and abandoning module PakFile (1)
[2015.03.10-20.13.42:721][756]LogExit: Exiting.
[2015.03.10-20.13.42:721][756]Log file closed, 03/10/15 15:13:42
