Log file open, 02/05/15 09:31:54
LogInit:Display: Running engine for game: EmptySkies
LogInit: Version: 4.6.1-2386410+++depot+UE4-Releases+4.6
LogInit: API Version: 2369412
LogInit: Compiled (64-bit): Dec 11 2014 21:33:04
LogInit: Compiled with Visual C++: 18.00.21005.01
LogInit: Build Configuration: Development
LogInit: Branch Name: ++depot+UE4-Releases+4.6
LogInit: Command line:  
LogInit: Base directory: C:/Users/Dillon/Documents/GitHub/EmptySkies-Builds/0.2/WindowsNoEditor/Engine/Binaries/Win64/
LogInit: Rocket: 1
[2015.02.05-15.31.54:488][  0]LogTaskGraph: Started task graph with 3 named threads and 6 total threads.
[2015.02.05-15.31.54:532][  0]LogOnline:Warning: No default platform service specified for OnlineSubsystem
[2015.02.05-15.31.54:532][  0]LogInit: Presizing for 0 objects not considered by GC, pre-allocating 0 bytes.
[2015.02.05-15.31.54:540][  0]LogInit: Object subsystem initialized
[2015.02.05-15.31.54:542][  0]LogConsoleResponse:Warning: Skipping Unknown console variable: 'UIScaleRule = ShortestSide'
[2015.02.05-15.31.54:542][  0]LogConsoleResponse:Warning:   Found in ini file '../../../EmptySkies/Saved/Config/WindowsNoEditor/Engine.ini', in section '[/Script/Engine.RendererSettings]'
[2015.02.05-15.31.54:542][  0]LogConsoleResponse:Warning: Skipping Unknown console variable: 'UIScaleCurve = (EditorCurveData=(Keys=),ExternalCurve=None)'
[2015.02.05-15.31.54:542][  0]LogConsoleResponse:Warning:   Found in ini file '../../../EmptySkies/Saved/Config/WindowsNoEditor/Engine.ini', in section '[/Script/Engine.RendererSettings]'
[2015.02.05-15.31.54:543][  0]LogConsoleManager:Warning: Console variable 'r.MSAA.CompositingSampleCount' wasn't set (Priority ProjectSetting < Scalability)
[2015.02.05-15.31.54:544][  0]LogInit: Selected Device Profile: [WindowsNoEditor]
[2015.02.05-15.31.54:544][  0]LogInit: Applying CVar settings loaded from the selected device profile: [WindowsNoEditor]
[2015.02.05-15.31.54:562][  0]LogInit: Computer: DILLONLAPTOP
[2015.02.05-15.31.54:562][  0]LogInit: User: Dillon
[2015.02.05-15.31.54:562][  0]LogInit: CPU Page size=4096, Cores=4
[2015.02.05-15.31.54:562][  0]LogInit: High frequency timer resolution =2.338344 MHz
[2015.02.05-15.31.54:562][  0]LogMemory: Memory total: Physical=7.9GB (8GB approx) Virtual=131072.0GB
[2015.02.05-15.31.54:562][  0]LogMemory: Platform Memory Stats for WindowsNoEditor
[2015.02.05-15.31.54:562][  0]LogMemory: Process Physical Memory: 28.16 MB used, 28.16 MB peak
[2015.02.05-15.31.54:562][  0]LogMemory: Process Virtual Memory: 18.86 MB used, 18.86 MB peak
[2015.02.05-15.31.54:562][  0]LogMemory: Physical Memory: 4033.29 MB used, 8080.29 MB total
[2015.02.05-15.31.54:562][  0]LogMemory: Virtual Memory: 190.42 MB used, 134217728.00 MB total
[2015.02.05-15.31.55:156][  0]LogD3D11RHI: Found D3D11 adapter 0: NVIDIA GeForce GTX 770M (Feature Level 11_0)
[2015.02.05-15.31.55:156][  0]LogD3D11RHI: Adapter has 2993MB of dedicated video memory, 0MB of dedicated system memory, and 4040MB of shared system memory, 1 output[s]
[2015.02.05-15.31.55:170][  0]LogD3D11RHI: Found D3D11 adapter 1: NVIDIA GeForce GTX 770M (Feature Level 11_0)
[2015.02.05-15.31.55:170][  0]LogD3D11RHI: Adapter has 2993MB of dedicated video memory, 0MB of dedicated system memory, and 4040MB of shared system memory, 0 output[s]
[2015.02.05-15.31.55:171][  0]LogD3D11RHI: Found D3D11 adapter 2: Microsoft Basic Render Driver (Feature Level 11_0)
[2015.02.05-15.31.55:171][  0]LogD3D11RHI: Adapter has 2993MB of dedicated video memory, 0MB of dedicated system memory, and 4040MB of shared system memory, 0 output[s]
[2015.02.05-15.31.55:171][  0]LogD3D11RHI: Chosen D3D11 Adapter Id = 0
[2015.02.05-15.31.55:186][  0]LogRHI: Texture pool is 1361 MB (70% of 1945 MB)
[2015.02.05-15.31.55:199][  0]LogD3D11RHI: Async texture creation enabled
[2015.02.05-15.31.55:294][  0]LogTextLocalizationManager: The requested culture ('en_US') has no localization data; parent culture's ('en') localization data will be used.
[2015.02.05-15.31.55:317][  0]LogContentStreaming: Texture pool size is 1000.000000MB
[2015.02.05-15.31.55:655][  0]LogCollisionProfile:Warning: Profile (UI) - Custom Channel Name = 'Weapon' hasn't been found
[2015.02.05-15.31.55:757][  0]LogInit: WinSock: version 1.1 (2.2), MaxSocks=32767, MaxUdp=65467
[2015.02.05-15.31.56:040][  0]LogWindowsMoviePlayer: Unable to load movie: ../../../EmptySkies/Content/Movies/Default_Startup.mp4
[2015.02.05-15.31.56:076][  0]LogObj: 19716 objects as part of root set at end of initial load.
[2015.02.05-15.31.56:076][  0]LogUObjectAllocator: 4110344 out of 0 bytes used by permanent object pool.
[2015.02.05-15.31.56:087][  0]LogEngine: Initializing Engine...
[2015.02.05-15.31.58:090][  0]LogHMD:Warning: No Oculus HMD detected! Is Oculus Run-Time installed and service is running?
[2015.02.05-15.31.58:101][  0]LogHMD: Oculus shutdown.
[2015.02.05-15.31.58:178][  0]LogInit: XAudio2 using 'Headphones (R+ Stereo)' : 2 channels at 44.1 kHz using 16 bits per sample (channel mask 0x3)
[2015.02.05-15.31.58:191][  0]LogInit: FAudioDevice initialized.
[2015.02.05-15.31.58:191][  0]LogInit: Texture streaming: Enabled
[2015.02.05-15.31.58:196][  0]LogConsoleManager:Warning: Console variable 'r.VSync' wasn't set (Priority Code < GameSetting)
[2015.02.05-15.31.58:197][  0]LogNet: Browse: /Game/Levels/EmptySkies_MainMenu?Name=Player
[2015.02.05-15.31.58:206][  0]LogLoad: LoadMap: /Game/Levels/EmptySkies_MainMenu?Name=Player
[2015.02.05-15.31.58:213][  0]LogMemory: Platform Memory Stats for WindowsNoEditor
[2015.02.05-15.31.58:213][  0]LogMemory: Process Physical Memory: 97.63 MB used, 103.84 MB peak
[2015.02.05-15.31.58:213][  0]LogMemory: Process Virtual Memory: 75.03 MB used, 82.89 MB peak
[2015.02.05-15.31.58:213][  0]LogMemory: Physical Memory: 4097.49 MB used, 8080.29 MB total
[2015.02.05-15.31.58:213][  0]LogMemory: Virtual Memory: 385.61 MB used, 134217728.00 MB total
[2015.02.05-15.31.58:213][  0]LogMemory: 
[2015.02.05-15.31.58:214][  0]LogMemory: Allocator Stats for binned:
[2015.02.05-15.31.58:214][  0]LogMemory: Current Memory 33.51 MB used, plus 3.12 MB waste
[2015.02.05-15.31.58:214][  0]LogMemory: Peak Memory 43.97 MB used, plus 2.69 MB waste
[2015.02.05-15.31.58:214][  0]LogMemory: Current OS Memory 36.63 MB, peak 46.66 MB
[2015.02.05-15.31.58:214][  0]LogMemory: Current Waste 0.53 MB, peak 0.94 MB
[2015.02.05-15.31.58:214][  0]LogMemory: Current Used 33.51 MB, peak 43.97 MB
[2015.02.05-15.31.58:214][  0]LogMemory: Current Slack 2.59 MB
[2015.02.05-15.31.58:214][  0]LogMemory: Allocs       106838 Current /  1953950 Total
[2015.02.05-15.31.58:214][  0]LogMemory: 
[2015.02.05-15.31.58:214][  0]LogMemory: Block Size Num Pools Max Pools Cur Allocs Total Allocs Min Req Max Req Mem Used Mem Slack Mem Waste Efficiency
[2015.02.05-15.31.58:214][  0]LogMemory: ---------- --------- --------- ---------- ------------ ------- ------- -------- --------- --------- ----------
[2015.02.05-15.31.58:214][  0]LogMemory:          8         0         0          0            0       8       0       0K        0K        0K    100.00%
[2015.02.05-15.31.58:214][  0]LogMemory:         16         5         5      18424        96765      16      16     287K       33K        0K    100.00%
[2015.02.05-15.31.58:214][  0]LogMemory:         32        12        12      21910        81783      32      32     684K       84K        0K    100.00%
[2015.02.05-15.31.58:214][  0]LogMemory:         48         7         7       9183        46686      48      48     430K       18K        0K    100.00%
[2015.02.05-15.31.58:214][  0]LogMemory:         64        13        13      12502        52434      64      64     781K       51K        0K    100.00%
[2015.02.05-15.31.58:214][  0]LogMemory:         80         4         4       3151        36939      80      80     246K       10K        0K    100.00%
[2015.02.05-15.31.58:214][  0]LogMemory:         96         5         5       2988        38428      96      96     280K       40K        0K    100.00%
[2015.02.05-15.31.58:214][  0]LogMemory:        112         3         3       1175        25659     112     112     128K       64K        0K    100.00%
[2015.02.05-15.31.58:214][  0]LogMemory:        128        29        29      14676        62981     128     128    1834K       22K        0K    100.00%
[2015.02.05-15.31.58:214][  0]LogMemory:        160         8        11       2656       157947     144     160     415K       97K       17K     96.68%
[2015.02.05-15.31.58:214][  0]LogMemory:        192        13        13       4346       273457     176     192     814K       18K       29K     96.51%
[2015.02.05-15.31.58:214][  0]LogMemory:        224         4         4        874       248640     208     224     191K       65K        7K     97.27%
[2015.02.05-15.31.58:214][  0]LogMemory:        256        18        28       4324       181737     240     256    1081K       71K       30K     97.40%
[2015.02.05-15.31.58:214][  0]LogMemory:        288         6         6       1259       186356     272     288     354K       30K        8K     97.92%
[2015.02.05-15.31.58:214][  0]LogMemory:        320         4         5        814       234438     304     320     254K        1K        7K     97.27%
[2015.02.05-15.31.58:214][  0]LogMemory:        384        11        11       1834       178899     336     384     687K       15K       67K     90.48%
[2015.02.05-15.31.58:214][  0]LogMemory:        448        12        12       1738         9628     400     448     760K        7K       56K     92.71%
[2015.02.05-15.31.58:214][  0]LogMemory:        512        10        10       1224         7073     464     512     612K       28K       35K     94.53%
[2015.02.05-15.31.58:214][  0]LogMemory:        576         3         3        277         1440     528     576     155K       36K        9K     95.31%
[2015.02.05-15.31.58:214][  0]LogMemory:        640         7         8        490          950     592     640     306K      141K        7K     98.44%
[2015.02.05-15.31.58:214][  0]LogMemory:        704        10        13        730         1623     656     704     501K      139K       13K     97.97%
[2015.02.05-15.31.58:214][  0]LogMemory:        768         6         6        327         3876     720     768     245K      138K        6K     98.44%
[2015.02.05-15.31.58:214][  0]LogMemory:        896         3         3        185          583     784     896     161K       31K        8K     95.83%
[2015.02.05-15.31.58:214][  0]LogMemory:       1024         2         3        102          445     912    1024     102K       26K        2K     98.44%
[2015.02.05-15.31.58:214][  0]LogMemory:       1168         2         2         96          401    1040    1168     109K       19K        6K     95.31%
[2015.02.05-15.31.58:214][  0]LogMemory:       1360         6         6        230         4342    1184    1360     305K       78K       17K     95.57%
[2015.02.05-15.31.58:214][  0]LogMemory:       1632         7         7        242          598    1376    1632     385K       62K       25K     94.42%
[2015.02.05-15.31.58:214][  0]LogMemory:       2048         8         8        144          771    1648    2048     288K      224K       30K     94.14%
[2015.02.05-15.31.58:214][  0]LogMemory:       2336         4         4         98         4328    2064    2336     223K       33K       24K     90.63%
[2015.02.05-15.31.58:214][  0]LogMemory:       2720         5         5         91          491    2352    2720     241K       78K       11K     96.56%
[2015.02.05-15.31.58:214][  0]LogMemory:       3264        10        10        143         3700    2736    3264     455K      183K       23K     96.41%
[2015.02.05-15.31.58:214][  0]LogMemory:       4096        11        12        136          611    3280    4096     544K      160K       42K     94.03%
[2015.02.05-15.31.58:214][  0]LogMemory:       4672         7         8         65         2494    4112    4672     296K      152K        7K     98.44%
[2015.02.05-15.31.58:214][  0]LogMemory:       5456         9        13         91          369    4688    5456     484K       92K       42K     92.71%
[2015.02.05-15.31.58:214][  0]LogMemory:       6544        12        14        101          315    5472    6544     645K      122K       57K     92.58%
[2015.02.05-15.31.58:214][  0]LogMemory:       8192         6         7         42         2391    6560    8192     336K       48K       51K     86.72%
[2015.02.05-15.31.58:214][  0]LogMemory:       9360         5         5         30         1630    8208    9360     274K       46K        2K     99.38%
[2015.02.05-15.31.58:214][  0]LogMemory:      10912         4         4         20          125    9376   10896     213K       43K       21K     91.80%
[2015.02.05-15.31.58:214][  0]LogMemory:      13104         3         3         13         1598   10976   13056     166K       26K        0K    100.00%
[2015.02.05-15.31.58:214][  0]LogMemory:      16384         5         8         20          101   13120   16384     320K        0K       22K     93.13%
[2015.02.05-15.31.58:214][  0]LogMemory:      21840        10        11         28           87   16400   21600     597K       43K      108K     83.13%
[2015.02.05-15.31.58:214][  0]LogMemory:      32768         4         6          7           63   21904   32640     224K       32K       48K     81.25%
[2015.02.05-15.31.58:214][  0]LogMemory: 
[2015.02.05-15.31.58:214][  0]LogMemory: 20032K allocated in pools (with 2606K slack and 837K waste). Efficiency 95.82%
[2015.02.05-15.31.58:214][  0]LogMemory: Allocations 106787 Current / 1953183 Total (in 313 pools)
[2015.02.05-15.31.58:214][  0]LogMemory: 
[2015.02.05-15.31.58:280][  0]LogWorld: Game class is 'NoplayerGameMode_C'
[2015.02.05-15.31.58:283][  0]LogAIModule: Creating AISystem for world EmptySkies_MainMenu
[2015.02.05-15.31.58:286][  0]LogWorld: Bringing World /Game/Levels/EmptySkies_MainMenu.EmptySkies_MainMenu up for play (max tick rate 0) at 2015.02.05-09.31.58
[2015.02.05-15.31.58:286][  0]LogWorld: Bringing up level for play took: 0.003125
[2015.02.05-15.31.58:289][  0]LogInit:Display: Game Engine Initialized.
[2015.02.05-15.31.58:490][  0]LogLoad: Full Startup: 5.99 seconds (BP compile: 0.00 seconds)
[2015.02.05-15.31.58:567][  2]LogRenderer:Warning: Reallocating scene render targets to support 1600x904.
[2015.02.05-15.32.01:706][203]LogPackageName: SearchForPackageOnDisk took   0.013s to resolve EmptySkies_Level1.umap
[2015.02.05-15.32.01:718][203]LogPackageName: SearchForPackageOnDisk took   0.012s to resolve EmptySkies_Level1.umap
[2015.02.05-15.32.01:718][203]LogNet: Browse: /Game/Levels/EmptySkies_Level1?listen
[2015.02.05-15.32.01:718][203]LogLoad: LoadMap: /Game/Levels/EmptySkies_Level1?listen
[2015.02.05-15.32.01:724][203]LogParticles: Destroying 0 GPU particle simulations for FXSystem 0x00000072F516F140
[2015.02.05-15.32.01:730][203]LogMemory: Platform Memory Stats for WindowsNoEditor
[2015.02.05-15.32.01:730][203]LogMemory: Process Physical Memory: 134.64 MB used, 161.31 MB peak
[2015.02.05-15.32.01:730][203]LogMemory: Process Virtual Memory: 103.09 MB used, 133.52 MB peak
[2015.02.05-15.32.01:730][203]LogMemory: Physical Memory: 4142.05 MB used, 8080.29 MB total
[2015.02.05-15.32.01:730][203]LogMemory: Virtual Memory: 424.23 MB used, 134217728.00 MB total
[2015.02.05-15.32.01:730][203]LogMemory: 
[2015.02.05-15.32.01:730][203]LogMemory: Allocator Stats for binned:
[2015.02.05-15.32.01:730][203]LogMemory: Current Memory 41.36 MB used, plus 4.06 MB waste
[2015.02.05-15.32.01:730][203]LogMemory: Peak Memory 69.35 MB used, plus 2.46 MB waste
[2015.02.05-15.32.01:730][203]LogMemory: Current OS Memory 45.43 MB, peak 71.82 MB
[2015.02.05-15.32.01:730][203]LogMemory: Current Waste 0.78 MB, peak 0.94 MB
[2015.02.05-15.32.01:730][203]LogMemory: Current Used 41.37 MB, peak 69.35 MB
[2015.02.05-15.32.01:730][203]LogMemory: Current Slack 3.29 MB
[2015.02.05-15.32.01:730][203]LogMemory: Allocs       108884 Current /  2229148 Total
[2015.02.05-15.32.01:730][203]LogMemory: 
[2015.02.05-15.32.01:730][203]LogMemory: Block Size Num Pools Max Pools Cur Allocs Total Allocs Min Req Max Req Mem Used Mem Slack Mem Waste Efficiency
[2015.02.05-15.32.01:730][203]LogMemory: ---------- --------- --------- ---------- ------------ ------- ------- -------- --------- --------- ----------
[2015.02.05-15.32.01:730][203]LogMemory:          8         0         0          0            0       8       0       0K        0K        0K    100.00%
[2015.02.05-15.32.01:730][203]LogMemory:         16         5         5      18688       141344      16      16     292K       28K        0K    100.00%
[2015.02.05-15.32.01:730][203]LogMemory:         32        12        12      22109       121147      32      32     690K       78K        0K    100.00%
[2015.02.05-15.32.01:730][203]LogMemory:         48         8         8       9576        71505      48      48     448K       64K        0K    100.00%
[2015.02.05-15.32.01:730][203]LogMemory:         64        14        14      12694        83743      64      64     793K      103K        0K    100.00%
[2015.02.05-15.32.01:730][203]LogMemory:         80         5         5       3251        54229      80      80     253K       67K        0K    100.00%
[2015.02.05-15.32.01:730][203]LogMemory:         96         5         5       3038        53859      96      96     284K       36K        0K    100.00%
[2015.02.05-15.32.01:730][203]LogMemory:        112         3         3       1317        47348     112     112     144K       48K        0K    100.00%
[2015.02.05-15.32.01:730][203]LogMemory:        128        30        30      14732        69678     128     128    1841K       79K        0K    100.00%
[2015.02.05-15.32.01:730][203]LogMemory:        160        10        11       2742       169764     144     160     428K      212K       18K     97.19%
[2015.02.05-15.32.01:730][203]LogMemory:        192        15        15       4438       281136     176     192     832K      128K       30K     96.88%
[2015.02.05-15.32.01:730][203]LogMemory:        224         4         4        881       256041     208     224     192K       64K        7K     97.27%
[2015.02.05-15.32.01:730][203]LogMemory:        256        19        28       4467       184664     240     256    1116K      100K       31K     97.45%
[2015.02.05-15.32.01:730][203]LogMemory:        288         7         7       1265       198421     272     288     355K       92K        8K     98.21%
[2015.02.05-15.32.01:730][203]LogMemory:        320         5         5        817       236993     304     320     255K       64K        7K     97.81%
[2015.02.05-15.32.01:730][203]LogMemory:        384        12        12       1882       183004     336     384     705K       60K       69K     91.02%
[2015.02.05-15.32.01:730][203]LogMemory:        448        13        13       1740        12069     400     448     761K       70K       47K     94.35%
[2015.02.05-15.32.01:730][203]LogMemory:        512        11        11       1235         7967     464     512     617K       87K       33K     95.31%
[2015.02.05-15.32.01:730][203]LogMemory:        576         4         4        283         2027     528     576     159K       96K        8K     96.88%
[2015.02.05-15.32.01:730][203]LogMemory:        640         7         8        496         1311     592     640     310K      137K        8K     98.21%
[2015.02.05-15.32.01:730][203]LogMemory:        704        10        13        729         1930     656     704     501K      139K       14K     97.81%
[2015.02.05-15.32.01:730][203]LogMemory:        768         6         6        349         4490     720     768     261K      122K        7K     98.18%
[2015.02.05-15.32.01:730][203]LogMemory:        896         4         5        199         2742     784     896     174K       82K       14K     94.53%
[2015.02.05-15.32.01:730][203]LogMemory:       1024         3         3        100         2801     912    1024     100K       92K        0K    100.00%
[2015.02.05-15.32.01:730][203]LogMemory:       1168         3         3         99          676    1040    1168     112K       80K        7K     96.35%
[2015.02.05-15.32.01:730][203]LogMemory:       1360         7         8        237         8102    1184    1360     314K      133K       27K     93.97%
[2015.02.05-15.32.01:730][203]LogMemory:       1632         8         8        244          714    1376    1632     388K      122K       25K     95.12%
[2015.02.05-15.32.01:731][203]LogMemory:       2048         8         8        154         1477    1648    2048     308K      204K       35K     93.16%
[2015.02.05-15.32.01:731][203]LogMemory:       2336         5         5        103         4407    2064    2336     234K       86K       25K     92.19%
[2015.02.05-15.32.01:731][203]LogMemory:       2720         6         6        105         1272    2352    2720     278K      105K       18K     95.31%
[2015.02.05-15.32.01:731][203]LogMemory:       3264        10        11        158         5881    2736    3264     503K      135K       38K     94.06%
[2015.02.05-15.32.01:731][203]LogMemory:       4096        11        12        141          686    3280    4096     564K      140K       44K     93.75%
[2015.02.05-15.32.01:731][203]LogMemory:       4672         7         8         66         2520    4112    4672     301K      147K        7K     98.44%
[2015.02.05-15.32.01:731][203]LogMemory:       5456        10        13         94         2359    4688    5456     500K      140K       33K     94.84%
[2015.02.05-15.32.01:731][203]LogMemory:       6544        12        14        103          630    5472    6544     658K      109K       67K     91.28%
[2015.02.05-15.32.01:731][203]LogMemory:       8192         7         9         42         2670    6560    8192     336K      112K       51K     88.62%
[2015.02.05-15.32.01:731][203]LogMemory:       9360         5         5         27         1841    8208    9360     246K       74K        4K     98.75%
[2015.02.05-15.32.01:731][203]LogMemory:      10912         4         6         21         2177    9376   10896     223K       33K       24K     90.63%
[2015.02.05-15.32.01:731][203]LogMemory:      13104         4         4         14         1607   10976   13056     179K       77K        1K     99.61%
[2015.02.05-15.32.01:731][203]LogMemory:      16384         5        11         19          345   13120   16384     304K       16K       34K     89.38%
[2015.02.05-15.32.01:731][203]LogMemory:      21840        12        13         33          319   16400   21600     703K       65K       81K     89.45%
[2015.02.05-15.32.01:731][203]LogMemory:      32768         5        11          9           92   21904   32640     288K       32K       67K     79.06%
[2015.02.05-15.32.01:731][203]LogMemory: 
[2015.02.05-15.32.01:731][203]LogMemory: 21824K allocated in pools (with 3858K slack and 889K waste). Efficiency 95.93%
[2015.02.05-15.32.01:731][203]LogMemory: Allocations 108698 Current / 2225989 Total (in 341 pools)
[2015.02.05-15.32.01:731][203]LogMemory: 
[2015.02.05-15.32.01:854][203]LogMaterial: Can't compile M_smoke_subUV with cooked content, will use default material instead
[2015.02.05-15.32.01:854][203]LogMaterial:Warning: Failed to compile Material /Game/Particles/Materials/M_smoke_subUV.M_smoke_subUV for platform PCD3D_SM5, Default Material will be used in game.
[2015.02.05-15.32.01:855][203]LogMaterial: Can't compile M_explosion_subUV with cooked content, will use default material instead
[2015.02.05-15.32.01:855][203]LogMaterial:Warning: Failed to compile Material /Game/Particles/Materials/M_explosion_subUV.M_explosion_subUV for platform PCD3D_SM5, Default Material will be used in game.
[2015.02.05-15.32.01:855][203]LogMaterial: Can't compile M_Burst with cooked content, will use default material instead
[2015.02.05-15.32.01:855][203]LogMaterial:Warning: Failed to compile Material /Game/Particles/Materials/M_Burst.M_Burst for platform PCD3D_SM5, Default Material will be used in game.
[2015.02.05-15.32.01:893][203]LogWorld: Game class is 'MultiplayerDogFight_C'
[2015.02.05-15.32.01:894][203]LogInit: WinSock: Socket queue 131072 / 131072
[2015.02.05-15.32.01:944][203]LogInit: WinSock: I am DillonLaptop (172.18.54.76:0)
[2015.02.05-15.32.01:944][203]LogNet: GameNetDriver IpNetDriver_0 IpNetDriver listening on port 7777
[2015.02.05-15.32.01:946][203]LogAIModule: Creating AISystem for world EmptySkies_Level1
[2015.02.05-15.32.01:982][203]LogWorld: Bringing World /Game/Levels/EmptySkies_Level1.EmptySkies_Level1 up for play (max tick rate 0) at 2015.02.05-09.32.01
[2015.02.05-15.32.01:982][203]LogWorld: Bringing up level for play took: 0.035697
[2015.02.05-15.32.01:983][203]LogBlueprintUserMessages: Server Setup Complete
[2015.02.05-15.33.07:324][855]LogEngine: All Windows Closed
[2015.02.05-15.33.07:324][855]LogWindows: FPlatformMisc::RequestExit(0)
[2015.02.05-15.33.07:355][856]LogNet: World NetDriver shutdown IpNetDriver_0 [GameNetDriver]
[2015.02.05-15.33.07:355][856]LogNet: DestroyNamedNetDriver IpNetDriver_0 [GameNetDriver]
[2015.02.05-15.33.07:355][856]LogExit: GameNetDriver IpNetDriver_0 shut down
[2015.02.05-15.33.07:646][856]LogExit: Preparing to exit.
[2015.02.05-15.33.07:744][856]LogExit: Game engine shut down
[2015.02.05-15.33.07:745][856]LogParticles: Destroying 0 GPU particle simulations for FXSystem 0x00000072F6AE0D20
[2015.02.05-15.33.07:749][856]LogExit: Object subsystem successfully closed.
[2015.02.05-15.33.07:759][856]LogModuleManager: Shutting down and abandoning module AutomationWorker (47)
[2015.02.05-15.33.07:759][856]LogModuleManager: Shutting down and abandoning module CharacterAI (46)
[2015.02.05-15.33.07:759][856]LogModuleManager: Shutting down and abandoning module AIModule (45)
[2015.02.05-15.33.07:759][856]LogModuleManager: Shutting down and abandoning module GameLiveStreaming (44)
[2015.02.05-15.33.07:759][856]LogModuleManager: Shutting down and abandoning module StreamingPauseRendering (43)
[2015.02.05-15.33.07:759][856]LogModuleManager: Shutting down and abandoning module HTTP (42)
[2015.02.05-15.33.07:759][856]LogModuleManager: Shutting down and abandoning module AnalyticsET (41)
[2015.02.05-15.33.07:759][856]LogModuleManager: Shutting down and abandoning module Analytics (40)
[2015.02.05-15.33.07:759][856]LogModuleManager: Shutting down and abandoning module ProfilerService (39)
[2015.02.05-15.33.07:877][856]LogModuleManager: Shutting down and abandoning module TaskGraph (38)
[2015.02.05-15.33.07:877][856]LogModuleManager: Shutting down and abandoning module SlateRemote (37)
[2015.02.05-15.33.07:877][856]LogModuleManager: Shutting down and abandoning module CustomMeshComponent (36)
[2015.02.05-15.33.07:877][856]LogModuleManager: Shutting down and abandoning module CableComponent (35)
[2015.02.05-15.33.07:877][856]LogModuleManager: Shutting down and abandoning module ScriptPlugin (34)
[2015.02.05-15.33.07:877][856]LogModuleManager: Shutting down and abandoning module UdpMessaging (33)
[2015.02.05-15.33.07:877][856]LogModuleManager: Shutting down and abandoning module Paper2D (32)
[2015.02.05-15.33.07:877][856]LogModuleManager: Shutting down and abandoning module UE4Game (31)
[2015.02.05-15.33.07:877][856]LogModuleManager: Shutting down and abandoning module WindowsMoviePlayer (30)
[2015.02.05-15.33.07:878][856]LogModuleManager: Shutting down and abandoning module Media (29)
[2015.02.05-15.33.07:878][856]LogModuleManager: Shutting down and abandoning module WmfMedia (28)
[2015.02.05-15.33.07:878][856]LogModuleManager: Shutting down and abandoning module UMG (27)
[2015.02.05-15.33.07:878][856]LogModuleManager: Shutting down and abandoning module Slate (26)
[2015.02.05-15.33.07:878][856]LogModuleManager: Shutting down and abandoning module SessionServices (25)
[2015.02.05-15.33.07:878][856]LogModuleManager: Shutting down and abandoning module Messaging (24)
[2015.02.05-15.33.07:878][856]LogModuleManager: Shutting down and abandoning module HeadMountedDisplay (23)
[2015.02.05-15.33.07:878][856]LogModuleManager: Shutting down and abandoning module XAudio2 (22)
[2015.02.05-15.33.07:878][856]LogModuleManager: Shutting down and abandoning module Networking (20)
[2015.02.05-15.33.07:878][856]LogModuleManager: Shutting down and abandoning module Core (19)
[2015.02.05-15.33.07:878][856]LogModuleManager: Shutting down and abandoning module InputCore (18)
[2015.02.05-15.33.07:878][856]LogModuleManager: Shutting down and abandoning module ImageWrapper (17)
[2015.02.05-15.33.07:878][856]LogModuleManager: Shutting down and abandoning module OculusRift (14)
[2015.02.05-15.33.07:879][856]LogModuleManager: Shutting down and abandoning module ExampleDeviceProfileSelector (13)
[2015.02.05-15.33.07:879][856]LogModuleManager: Shutting down and abandoning module ShaderCore (12)
[2015.02.05-15.33.07:879][856]LogModuleManager: Shutting down and abandoning module Landscape (11)
[2015.02.05-15.33.07:879][856]LogModuleManager: Shutting down and abandoning module SlateRHIRenderer (10)
[2015.02.05-15.33.07:879][856]LogModuleManager: Shutting down and abandoning module OpenGLDrv (9)
[2015.02.05-15.33.07:879][856]LogModuleManager: Shutting down and abandoning module D3D11RHI (8)
[2015.02.05-15.33.07:879][856]LogModuleManager: Shutting down and abandoning module Renderer (7)
[2015.02.05-15.33.07:879][856]LogModuleManager: Shutting down and abandoning module Engine (6)
[2015.02.05-15.33.07:879][856]LogModuleManager: Shutting down and abandoning module CoreUObject (5)
[2015.02.05-15.33.07:879][856]LogModuleManager: Shutting down and abandoning module NetworkFile (4)
[2015.02.05-15.33.07:879][856]LogModuleManager: Shutting down and abandoning module StreamingFile (3)
[2015.02.05-15.33.07:879][856]LogModuleManager: Shutting down and abandoning module SandboxFile (2)
[2015.02.05-15.33.07:879][856]LogModuleManager: Shutting down and abandoning module PakFile (1)
[2015.02.05-15.33.07:880][856]LogExit: Exiting.
[2015.02.05-15.33.07:881][856]Log file closed, 02/05/15 09:33:07
