Log file open, 02/25/15 09:20:20
LogInit: Version: 4.6.1-2386410+++depot+UE4-Releases+4.6
LogInit: API Version: 2369412
LogInit: Compiled (64-bit): Dec 11 2014 21:33:04
LogInit: Compiled with Visual C++: 18.00.21005.01
LogInit: Build Configuration: Development
LogInit: Branch Name: ++depot+UE4-Releases+4.6
LogInit: Command line: 
LogInit: Base directory: C:/Users/Dillon/Documents/GitHub/EmptySkies-Builds/0.3/WindowsNoEditor/EmptySkies/Binaries/Win64/
LogInit: Rocket: 1
[2015.02.25-15.20.20:467][  0]LogTaskGraph: Started task graph with 3 named threads and 6 total threads.
[2015.02.25-15.20.20:512][  0]LogOnline:Warning: No default platform service specified for OnlineSubsystem
[2015.02.25-15.20.20:512][  0]LogInit: Presizing for 0 objects not considered by GC, pre-allocating 0 bytes.
[2015.02.25-15.20.20:517][  0]LogInit: Object subsystem initialized
[2015.02.25-15.20.20:519][  0]LogConsoleResponse:Warning: Skipping Unknown console variable: 'UIScaleRule = ShortestSide'
[2015.02.25-15.20.20:519][  0]LogConsoleResponse:Warning:   Found in ini file '../../../EmptySkies/Saved/Config/WindowsNoEditor/Engine.ini', in section '[/Script/Engine.RendererSettings]'
[2015.02.25-15.20.20:519][  0]LogConsoleResponse:Warning: Skipping Unknown console variable: 'UIScaleCurve = (EditorCurveData=(Keys=),ExternalCurve=None)'
[2015.02.25-15.20.20:519][  0]LogConsoleResponse:Warning:   Found in ini file '../../../EmptySkies/Saved/Config/WindowsNoEditor/Engine.ini', in section '[/Script/Engine.RendererSettings]'
[2015.02.25-15.20.20:520][  0]LogConsoleManager:Warning: Console variable 'r.MSAA.CompositingSampleCount' wasn't set (Priority ProjectSetting < Scalability)
[2015.02.25-15.20.20:521][  0]LogInit: Selected Device Profile: [WindowsNoEditor]
[2015.02.25-15.20.20:521][  0]LogInit: Applying CVar settings loaded from the selected device profile: [WindowsNoEditor]
[2015.02.25-15.20.20:526][  0]LogInit: Computer: DILLONLAPTOP
[2015.02.25-15.20.20:526][  0]LogInit: User: Dillon
[2015.02.25-15.20.20:526][  0]LogInit: CPU Page size=4096, Cores=4
[2015.02.25-15.20.20:526][  0]LogInit: High frequency timer resolution =2.338344 MHz
[2015.02.25-15.20.20:526][  0]LogMemory: Memory total: Physical=7.9GB (8GB approx) Virtual=131072.0GB
[2015.02.25-15.20.20:527][  0]LogMemory: Platform Memory Stats for WindowsNoEditor
[2015.02.25-15.20.20:527][  0]LogMemory: Process Physical Memory: 28.37 MB used, 28.37 MB peak
[2015.02.25-15.20.20:527][  0]LogMemory: Process Virtual Memory: 19.26 MB used, 19.26 MB peak
[2015.02.25-15.20.20:527][  0]LogMemory: Physical Memory: 3487.03 MB used, 8080.29 MB total
[2015.02.25-15.20.20:527][  0]LogMemory: Virtual Memory: 189.88 MB used, 134217728.00 MB total
[2015.02.25-15.20.20:551][  0]LogD3D11RHI: Found D3D11 adapter 0: NVIDIA GeForce GTX 770M (Feature Level 11_0)
[2015.02.25-15.20.20:551][  0]LogD3D11RHI: Adapter has 2993MB of dedicated video memory, 0MB of dedicated system memory, and 4040MB of shared system memory, 1 output[s]
[2015.02.25-15.20.20:567][  0]LogD3D11RHI: Found D3D11 adapter 1: NVIDIA GeForce GTX 770M (Feature Level 11_0)
[2015.02.25-15.20.20:567][  0]LogD3D11RHI: Adapter has 2993MB of dedicated video memory, 0MB of dedicated system memory, and 4040MB of shared system memory, 0 output[s]
[2015.02.25-15.20.20:568][  0]LogD3D11RHI: Found D3D11 adapter 2: Microsoft Basic Render Driver (Feature Level 11_0)
[2015.02.25-15.20.20:568][  0]LogD3D11RHI: Adapter has 2993MB of dedicated video memory, 0MB of dedicated system memory, and 4040MB of shared system memory, 0 output[s]
[2015.02.25-15.20.20:568][  0]LogD3D11RHI: Chosen D3D11 Adapter Id = 0
[2015.02.25-15.20.20:572][  0]LogRHI: Texture pool is 1361 MB (70% of 1945 MB)
[2015.02.25-15.20.20:585][  0]LogD3D11RHI: Async texture creation enabled
[2015.02.25-15.20.20:626][  0]LogTextLocalizationManager: The requested culture ('en_US') has no localization data; parent culture's ('en') localization data will be used.
[2015.02.25-15.20.20:649][  0]LogContentStreaming: Texture pool size is 1000.000000MB
[2015.02.25-15.20.20:993][  0]LogCollisionProfile:Warning: Profile (UI) - Custom Channel Name = 'Weapon' hasn't been found
[2015.02.25-15.20.21:092][  0]LogInit: WinSock: version 1.1 (2.2), MaxSocks=32767, MaxUdp=65467
[2015.02.25-15.20.21:226][  0]LogWindowsMoviePlayer: Unable to load movie: ../../../EmptySkies/Content/Movies/Default_Startup.mp4
[2015.02.25-15.20.21:263][  0]LogObj: 20271 objects as part of root set at end of initial load.
[2015.02.25-15.20.21:263][  0]LogUObjectAllocator: 3979768 out of 0 bytes used by permanent object pool.
[2015.02.25-15.20.21:274][  0]LogEngine: Initializing Engine...
[2015.02.25-15.20.23:276][  0]LogHMD:Warning: No Oculus HMD detected! Is Oculus Run-Time installed and service is running?
[2015.02.25-15.20.23:287][  0]LogHMD: Oculus shutdown.
[2015.02.25-15.20.23:311][  0]LogInit: No audio devices found!
[2015.02.25-15.20.23:311][  0]LogInit: Texture streaming: Enabled
[2015.02.25-15.20.23:344][  0]LogConsoleManager:Warning: Console variable 'r.VSync' wasn't set (Priority Code < GameSetting)
[2015.02.25-15.20.23:344][  0]LogNet: Browse: /Game/Levels/EmptySkies_MainMenu?Name=Player
[2015.02.25-15.20.23:344][  0]LogLoad: LoadMap: /Game/Levels/EmptySkies_MainMenu?Name=Player
[2015.02.25-15.20.23:350][  0]LogMemory: Platform Memory Stats for WindowsNoEditor
[2015.02.25-15.20.23:350][  0]LogMemory: Process Physical Memory: 96.10 MB used, 103.29 MB peak
[2015.02.25-15.20.23:350][  0]LogMemory: Process Virtual Memory: 74.30 MB used, 83.19 MB peak
[2015.02.25-15.20.23:350][  0]LogMemory: Physical Memory: 3569.79 MB used, 8080.29 MB total
[2015.02.25-15.20.23:350][  0]LogMemory: Virtual Memory: 369.97 MB used, 134217728.00 MB total
[2015.02.25-15.20.23:350][  0]LogMemory: 
[2015.02.25-15.20.23:351][  0]LogMemory: Allocator Stats for binned:
[2015.02.25-15.20.23:351][  0]LogMemory: Current Memory 33.47 MB used, plus 3.01 MB waste
[2015.02.25-15.20.23:351][  0]LogMemory: Peak Memory 43.88 MB used, plus 2.70 MB waste
[2015.02.25-15.20.23:351][  0]LogMemory: Current OS Memory 36.48 MB, peak 46.58 MB
[2015.02.25-15.20.23:351][  0]LogMemory: Current Waste 0.51 MB, peak 0.92 MB
[2015.02.25-15.20.23:351][  0]LogMemory: Current Used 33.47 MB, peak 43.88 MB
[2015.02.25-15.20.23:351][  0]LogMemory: Current Slack 2.49 MB
[2015.02.25-15.20.23:351][  0]LogMemory: Allocs       107514 Current /  1980297 Total
[2015.02.25-15.20.23:351][  0]LogMemory: 
[2015.02.25-15.20.23:351][  0]LogMemory: Block Size Num Pools Max Pools Cur Allocs Total Allocs Min Req Max Req Mem Used Mem Slack Mem Waste Efficiency
[2015.02.25-15.20.23:351][  0]LogMemory: ---------- --------- --------- ---------- ------------ ------- ------- -------- --------- --------- ----------
[2015.02.25-15.20.23:351][  0]LogMemory:          8         0         0          0            0       8       0       0K        0K        0K    100.00%
[2015.02.25-15.20.23:351][  0]LogMemory:         16         5         5      18426       103307      16      16     287K       33K        0K    100.00%
[2015.02.25-15.20.23:351][  0]LogMemory:         32        12        12      21906        82683      32      32     684K       84K        0K    100.00%
[2015.02.25-15.20.23:351][  0]LogMemory:         48         7         7       9182        51513      48      48     430K       18K        0K    100.00%
[2015.02.25-15.20.23:351][  0]LogMemory:         64        13        13      12638        52988      64      64     789K       43K        0K    100.00%
[2015.02.25-15.20.23:351][  0]LogMemory:         80         4         4       3152        37189      80      80     246K       10K        0K    100.00%
[2015.02.25-15.20.23:351][  0]LogMemory:         96         5         5       2988        42559      96      96     280K       40K        0K    100.00%
[2015.02.25-15.20.23:351][  0]LogMemory:        112         3         3       1178        25921     112     112     128K       64K        0K    100.00%
[2015.02.25-15.20.23:351][  0]LogMemory:        128        30        30      15098        63801     128     128    1887K       33K        0K    100.00%
[2015.02.25-15.20.23:351][  0]LogMemory:        160         8        11       2667       158266     144     160     416K       96K       17K     96.68%
[2015.02.25-15.20.23:351][  0]LogMemory:        192        14        14       4479       274239     176     192     839K       57K       31K     96.54%
[2015.02.25-15.20.23:351][  0]LogMemory:        224         4         4        875       250521     208     224     191K       65K        7K     97.27%
[2015.02.25-15.20.23:351][  0]LogMemory:        256        17        28       4277       182034     240     256    1069K       19K       30K     97.24%
[2015.02.25-15.20.23:351][  0]LogMemory:        288         6         6       1261       188388     272     288     354K       30K        8K     97.92%
[2015.02.25-15.20.23:351][  0]LogMemory:        320         4         5        813       234772     304     320     254K        1K        7K     97.27%
[2015.02.25-15.20.23:351][  0]LogMemory:        384        11        11       1861       179259     336     384     697K        5K       68K     90.34%
[2015.02.25-15.20.23:351][  0]LogMemory:        448        12        12       1735        10602     400     448     759K        8K       58K     92.45%
[2015.02.25-15.20.23:351][  0]LogMemory:        512        10        10       1224         7555     464     512     612K       28K       34K     94.69%
[2015.02.25-15.20.23:351][  0]LogMemory:        576         3         3        279         1629     528     576     156K       35K        8K     95.83%
[2015.02.25-15.20.23:351][  0]LogMemory:        640         7         8        489          977     592     640     305K      142K        7K     98.44%
[2015.02.25-15.20.23:351][  0]LogMemory:        704        10        13        730         1756     656     704     501K      139K       12K     98.13%
[2015.02.25-15.20.23:351][  0]LogMemory:        768         6         6        328         3882     720     768     246K      137K        6K     98.44%
[2015.02.25-15.20.23:351][  0]LogMemory:        896         3         3        183          599     784     896     160K       32K        8K     95.83%
[2015.02.25-15.20.23:351][  0]LogMemory:       1024         2         3        103          455     912    1024     103K       25K        2K     98.44%
[2015.02.25-15.20.23:351][  0]LogMemory:       1168         2         2         95          406    1040    1168     108K       20K        6K     95.31%
[2015.02.25-15.20.23:351][  0]LogMemory:       1360         6         6        231         4375    1184    1360     306K       77K       18K     95.31%
[2015.02.25-15.20.23:351][  0]LogMemory:       1632         7         7        242          628    1376    1632     385K       62K       26K     94.20%
[2015.02.25-15.20.23:351][  0]LogMemory:       2048         8         9        147          787    1648    2048     294K      218K       30K     94.14%
[2015.02.25-15.20.23:351][  0]LogMemory:       2336         4         4        101         4343    2064    2336     230K       26K       25K     90.23%
[2015.02.25-15.20.23:351][  0]LogMemory:       2720         5         5         91          503    2352    2720     241K       78K       11K     96.56%
[2015.02.25-15.20.23:351][  0]LogMemory:       3264        10        10        142         3704    2736    3264     452K      186K       23K     96.41%
[2015.02.25-15.20.23:351][  0]LogMemory:       4096        11        12        136          615    3280    4096     544K      160K       42K     94.03%
[2015.02.25-15.20.23:351][  0]LogMemory:       4672         7         8         65         2514    4112    4672     296K      152K        7K     98.44%
[2015.02.25-15.20.23:351][  0]LogMemory:       5456         9        13         91          360    4688    5456     484K       92K       41K     92.88%
[2015.02.25-15.20.23:351][  0]LogMemory:       6544        12        14        101          331    5472    6544     645K      122K       58K     92.45%
[2015.02.25-15.20.23:351][  0]LogMemory:       8192         6         7         42         2395    6560    8192     336K       48K       51K     86.72%
[2015.02.25-15.20.23:351][  0]LogMemory:       9360         5         5         30         1636    8208    9360     274K       46K        2K     99.38%
[2015.02.25-15.20.23:351][  0]LogMemory:      10912         4         4         20          130    9408   10880     213K       43K       21K     91.80%
[2015.02.25-15.20.23:351][  0]LogMemory:      13104         3         4         14         1608   10976   13056     179K       13K        1K     99.48%
[2015.02.25-15.20.23:351][  0]LogMemory:      16384         5         7         19          109   13120   16384     304K       16K       22K     93.13%
[2015.02.25-15.20.23:351][  0]LogMemory:      21840        10        11         28           95   16400   21616     597K       43K      106K     83.44%
[2015.02.25-15.20.23:351][  0]LogMemory:      32768         4         6          7           66   21904   32640     224K       32K       47K     81.64%
[2015.02.25-15.20.23:351][  0]LogMemory: 
[2015.02.25-15.20.23:351][  0]LogMemory: 20096K allocated in pools (with 2578K slack and 840K waste). Efficiency 95.82%
[2015.02.25-15.20.23:351][  0]LogMemory: Allocations 107475 Current / 1979501 Total (in 314 pools)
[2015.02.25-15.20.23:351][  0]LogMemory: 
[2015.02.25-15.20.23:484][  0]LogWorld: Game class is 'NoplayerGameMode_C'
[2015.02.25-15.20.23:487][  0]LogAIModule: Creating AISystem for world EmptySkies_MainMenu
[2015.02.25-15.20.23:494][  0]LogWorld: Bringing World /Game/Levels/EmptySkies_MainMenu.EmptySkies_MainMenu up for play (max tick rate 0) at 2015.02.25-09.20.23
[2015.02.25-15.20.23:496][  0]LogWorld: Bringing up level for play took: 0.007911
[2015.02.25-15.20.23:510][  0]LogInit:Display: Game Engine Initialized.
[2015.02.25-15.20.23:711][  0]LogLoad: Full Startup: 5.25 seconds (BP compile: 0.00 seconds)
[2015.02.25-15.20.23:787][  2]LogRenderer:Warning: Reallocating scene render targets to support 1600x904.
[2015.02.25-15.20.25:457][ 99]LogPackageName: SearchForPackageOnDisk took   0.013s to resolve EmptySkies_Level1.umap
[2015.02.25-15.20.25:469][ 99]LogPackageName: SearchForPackageOnDisk took   0.011s to resolve EmptySkies_Level1.umap
[2015.02.25-15.20.25:469][ 99]LogNet: Browse: /Game/Levels/EmptySkies_Level1?listen
[2015.02.25-15.20.25:469][ 99]LogLoad: LoadMap: /Game/Levels/EmptySkies_Level1?listen
[2015.02.25-15.20.25:475][ 99]LogParticles: Destroying 0 GPU particle simulations for FXSystem 0x0000001775008AC0
[2015.02.25-15.20.25:481][ 99]LogMemory: Platform Memory Stats for WindowsNoEditor
[2015.02.25-15.20.25:481][ 99]LogMemory: Process Physical Memory: 132.78 MB used, 168.62 MB peak
[2015.02.25-15.20.25:481][ 99]LogMemory: Process Virtual Memory: 101.61 MB used, 141.76 MB peak
[2015.02.25-15.20.25:481][ 99]LogMemory: Physical Memory: 3613.78 MB used, 8080.29 MB total
[2015.02.25-15.20.25:481][ 99]LogMemory: Virtual Memory: 393.72 MB used, 134217728.00 MB total
[2015.02.25-15.20.25:481][ 99]LogMemory: 
[2015.02.25-15.20.25:482][ 99]LogMemory: Allocator Stats for binned:
[2015.02.25-15.20.25:482][ 99]LogMemory: Current Memory 53.73 MB used, plus 17592186044416.00 MB waste
[2015.02.25-15.20.25:482][ 99]LogMemory: Peak Memory 74.89 MB used, plus 2.55 MB waste
[2015.02.25-15.20.25:482][ 99]LogMemory: Current OS Memory 46.64 MB, peak 77.44 MB
[2015.02.25-15.20.25:482][ 99]LogMemory: Current Waste 0.87 MB, peak 1.03 MB
[2015.02.25-15.20.25:482][ 99]LogMemory: Current Used 53.73 MB, peak 74.89 MB
[2015.02.25-15.20.25:482][ 99]LogMemory: Current Slack 17592186044416.00 MB
[2015.02.25-15.20.25:482][ 99]LogMemory: Allocs       109746 Current /  2187158 Total
[2015.02.25-15.20.25:482][ 99]LogMemory: 
[2015.02.25-15.20.25:482][ 99]LogMemory: Block Size Num Pools Max Pools Cur Allocs Total Allocs Min Req Max Req Mem Used Mem Slack Mem Waste Efficiency
[2015.02.25-15.20.25:482][ 99]LogMemory: ---------- --------- --------- ---------- ------------ ------- ------- -------- --------- --------- ----------
[2015.02.25-15.20.25:482][ 99]LogMemory:          8         0         0          0            0       8       0       0K        0K        0K    100.00%
[2015.02.25-15.20.25:482][ 99]LogMemory:         16         5         5      18702       133470      16      16     292K       28K        0K    100.00%
[2015.02.25-15.20.25:482][ 99]LogMemory:         32        12        12      22115       114139      32      32     691K       77K        0K    100.00%
[2015.02.25-15.20.25:482][ 99]LogMemory:         48         8         8       9572        70746      48      48     448K       64K        0K    100.00%
[2015.02.25-15.20.25:482][ 99]LogMemory:         64        14        14      12828        75001      64      64     801K       95K        0K    100.00%
[2015.02.25-15.20.25:482][ 99]LogMemory:         80         5         5       3273        52044      80      80     255K       65K        0K    100.00%
[2015.02.25-15.20.25:482][ 99]LogMemory:         96         5         5       3039        56459      96      96     284K       36K        0K    100.00%
[2015.02.25-15.20.25:482][ 99]LogMemory:        112         3         3       1322        39849     112     112     144K       48K        0K    100.00%
[2015.02.25-15.20.25:482][ 99]LogMemory:        128        31        31      15155        70624     128     128    1894K       90K        0K    100.00%
[2015.02.25-15.20.25:482][ 99]LogMemory:        160        10        11       2767       169613     144     160     432K      208K       18K     97.19%
[2015.02.25-15.20.25:482][ 99]LogMemory:        192        15        15       4576       280715     176     192     858K      102K       31K     96.77%
[2015.02.25-15.20.25:482][ 99]LogMemory:        224         4         4        884       258379     208     224     193K       63K        7K     97.27%
[2015.02.25-15.20.25:482][ 99]LogMemory:        256        19        28       4437       185038     240     256    1109K      107K       31K     97.45%
[2015.02.25-15.20.25:482][ 99]LogMemory:        288         7         7       1268       194331     272     288     356K       91K        9K     97.99%
[2015.02.25-15.20.25:482][ 99]LogMemory:        320         5         5        817       236997     304     320     255K       64K        7K     97.81%
[2015.02.25-15.20.25:482][ 99]LogMemory:        384        12        13       1913       181761     336     384     717K       48K       70K     90.89%
[2015.02.25-15.20.25:482][ 99]LogMemory:        448        13        13       1737        12111     400     448     759K       72K       53K     93.63%
[2015.02.25-15.20.25:482][ 99]LogMemory:        512        11        11       1235         8236     464     512     617K       87K       33K     95.31%
[2015.02.25-15.20.25:482][ 99]LogMemory:        576         4         4        284         2047     528     576     159K       96K        9K     96.48%
[2015.02.25-15.20.25:482][ 99]LogMemory:        640         7         8        495         1206     592     640     309K      138K        7K     98.44%
[2015.02.25-15.20.25:482][ 99]LogMemory:        704        10        13        729         2086     656     704     501K      139K       14K     97.81%
[2015.02.25-15.20.25:482][ 99]LogMemory:        768         6         6        353         4308     720     768     264K      119K        7K     98.18%
[2015.02.25-15.20.25:482][ 99]LogMemory:        896         5         5        200         1976     784     896     175K      145K       13K     95.94%
[2015.02.25-15.20.25:482][ 99]LogMemory:       1024         3         3        101         1724     912    1024     101K       91K        1K     99.48%
[2015.02.25-15.20.25:482][ 99]LogMemory:       1168         3         3         99          608    1040    1168     112K       80K        7K     96.35%
[2015.02.25-15.20.25:482][ 99]LogMemory:       1360         7         8        240         6422    1184    1360     318K      129K       25K     94.42%
[2015.02.25-15.20.25:482][ 99]LogMemory:       1632         8         8        243          768    1376    1632     387K      123K       25K     95.12%
[2015.02.25-15.20.25:482][ 99]LogMemory:       2048         8         9        158         1362    1648    2048     316K      196K       34K     93.36%
[2015.02.25-15.20.25:482][ 99]LogMemory:       2336         5         5        106         4423    2064    2336     241K       79K       26K     91.88%
[2015.02.25-15.20.25:482][ 99]LogMemory:       2720         6         6        111          882    2352    2720     294K       89K       18K     95.31%
[2015.02.25-15.20.25:482][ 99]LogMemory:       3264        10        11        157         4832    2736    3264     500K      138K       33K     94.84%
[2015.02.25-15.20.25:482][ 99]LogMemory:       4096        11        12        146          707    3280    4096     584K      120K       45K     93.61%
[2015.02.25-15.20.25:482][ 99]LogMemory:       4672         7         8         69         2553    4112    4672     314K      134K        8K     98.21%
[2015.02.25-15.20.25:482][ 99]LogMemory:       5456        10        13         96         1422    4688    5456     511K      129K       35K     94.53%
[2015.02.25-15.20.25:482][ 99]LogMemory:       6544        12        14        106          529    5472    6544     677K       90K       66K     91.41%
[2015.02.25-15.20.25:482][ 99]LogMemory:       8192         7         9         45         2588    6560    8192     360K       88K       54K     87.95%
[2015.02.25-15.20.25:482][ 99]LogMemory:       9360         5         6         27         1743    8208    9360     246K       74K        3K     99.06%
[2015.02.25-15.20.25:482][ 99]LogMemory:      10912         4         6         21         1144    9408   10880     223K       33K       23K     91.02%
[2015.02.25-15.20.25:482][ 99]LogMemory:      13104         4         4         15         1617   10976   13056     191K       65K        1K     99.61%
[2015.02.25-15.20.25:482][ 99]LogMemory:      16384         6        11         20          255   13120   16384     320K       64K       31K     91.93%
[2015.02.25-15.20.25:482][ 99]LogMemory:      21840        12        14         33          215   16400   21616     703K       65K       92K     88.02%
[2015.02.25-15.20.25:482][ 99]LogMemory:      32768         6        12         11          107   21904   32640     352K       32K       80K     79.17%
[2015.02.25-15.20.25:482][ 99]LogMemory: 
[2015.02.25-15.20.25:482][ 99]LogMemory: 22080K allocated in pools (with 3801K slack and 916K waste). Efficiency 95.85%
[2015.02.25-15.20.25:482][ 99]LogMemory: Allocations 109506 Current / 2185038 Total (in 345 pools)
[2015.02.25-15.20.25:482][ 99]LogMemory: 
[2015.02.25-15.20.25:603][ 99]LogMaterial: Can't compile M_smoke_subUV with cooked content, will use default material instead
[2015.02.25-15.20.25:603][ 99]LogMaterial:Warning: Failed to compile Material /Game/Particles/Materials/M_smoke_subUV.M_smoke_subUV for platform PCD3D_SM5, Default Material will be used in game.
[2015.02.25-15.20.25:604][ 99]LogMaterial: Can't compile M_explosion_subUV with cooked content, will use default material instead
[2015.02.25-15.20.25:604][ 99]LogMaterial:Warning: Failed to compile Material /Game/Particles/Materials/M_explosion_subUV.M_explosion_subUV for platform PCD3D_SM5, Default Material will be used in game.
[2015.02.25-15.20.25:605][ 99]LogMaterial: Can't compile M_Burst with cooked content, will use default material instead
[2015.02.25-15.20.25:605][ 99]LogMaterial:Warning: Failed to compile Material /Game/Particles/Materials/M_Burst.M_Burst for platform PCD3D_SM5, Default Material will be used in game.
[2015.02.25-15.20.25:660][ 99]LogWorld: Game class is 'MultiplayerDogFight_C'
[2015.02.25-15.20.25:662][ 99]LogInit: WinSock: Socket queue 131072 / 131072
[2015.02.25-15.20.25:678][ 99]LogInit: WinSock: I am DillonLaptop (172.18.54.86:0)
[2015.02.25-15.20.25:678][ 99]LogNet: GameNetDriver IpNetDriver_0 IpNetDriver listening on port 7777
[2015.02.25-15.20.25:681][ 99]LogAIModule: Creating AISystem for world EmptySkies_Level1
[2015.02.25-15.20.25:721][ 99]LogWorld: Bringing World /Game/Levels/EmptySkies_Level1.EmptySkies_Level1 up for play (max tick rate 0) at 2015.02.25-09.20.25
[2015.02.25-15.20.25:722][ 99]LogWorld: Bringing up level for play took: 0.040323
[2015.02.25-15.20.25:723][ 99]LogBlueprintUserMessages: Server Setup Complete
[2015.02.25-15.20.37:245][ 65]LogPackageName: SearchForPackageOnDisk took   0.012s to resolve EmptySkies_MainMenu.umap
[2015.02.25-15.20.37:256][ 65]LogPackageName: SearchForPackageOnDisk took   0.011s to resolve EmptySkies_MainMenu.umap
[2015.02.25-15.20.37:256][ 65]LogNet: Browse: /Game/Levels/EmptySkies_MainMenu
[2015.02.25-15.20.37:256][ 65]LogLoad: LoadMap: /Game/Levels/EmptySkies_MainMenu
[2015.02.25-15.20.37:257][ 65]LogNet: World NetDriver shutdown IpNetDriver_0 [GameNetDriver]
[2015.02.25-15.20.37:257][ 65]LogNet: DestroyNamedNetDriver IpNetDriver_0 [GameNetDriver]
[2015.02.25-15.20.37:257][ 65]LogExit: GameNetDriver IpNetDriver_0 shut down
[2015.02.25-15.20.37:264][ 65]LogParticles: Destroying 0 GPU particle simulations for FXSystem 0x000000177BF07580
[2015.02.25-15.20.37:269][ 65]LogMemory: Platform Memory Stats for WindowsNoEditor
[2015.02.25-15.20.37:269][ 65]LogMemory: Process Physical Memory: 144.46 MB used, 196.18 MB peak
[2015.02.25-15.20.37:269][ 65]LogMemory: Process Virtual Memory: 109.41 MB used, 165.84 MB peak
[2015.02.25-15.20.37:269][ 65]LogMemory: Physical Memory: 3625.43 MB used, 8080.29 MB total
[2015.02.25-15.20.37:269][ 65]LogMemory: Virtual Memory: 422.76 MB used, 134217728.00 MB total
[2015.02.25-15.20.37:269][ 65]LogMemory: 
[2015.02.25-15.20.37:270][ 65]LogMemory: Allocator Stats for binned:
[2015.02.25-15.20.37:270][ 65]LogMemory: Current Memory 52.81 MB used, plus 17592186044416.00 MB waste
[2015.02.25-15.20.37:270][ 65]LogMemory: Peak Memory 105.46 MB used, plus 17592186044416.00 MB waste
[2015.02.25-15.20.37:270][ 65]LogMemory: Current OS Memory 47.38 MB, peak 97.00 MB
[2015.02.25-15.20.37:270][ 65]LogMemory: Current Waste 1.07 MB, peak 1.84 MB
[2015.02.25-15.20.37:270][ 65]LogMemory: Current Used 52.81 MB, peak 105.46 MB
[2015.02.25-15.20.37:270][ 65]LogMemory: Current Slack 17592186044416.00 MB
[2015.02.25-15.20.37:270][ 65]LogMemory: Allocs       111913 Current /  3132020 Total
[2015.02.25-15.20.37:270][ 65]LogMemory: 
[2015.02.25-15.20.37:270][ 65]LogMemory: Block Size Num Pools Max Pools Cur Allocs Total Allocs Min Req Max Req Mem Used Mem Slack Mem Waste Efficiency
[2015.02.25-15.20.37:270][ 65]LogMemory: ---------- --------- --------- ---------- ------------ ------- ------- -------- --------- --------- ----------
[2015.02.25-15.20.37:270][ 65]LogMemory:          8         0         0          0            0       8       0       0K        0K        0K    100.00%
[2015.02.25-15.20.37:270][ 65]LogMemory:         16         6         6      18727       302482      16      16     292K       92K        0K    100.00%
[2015.02.25-15.20.37:270][ 65]LogMemory:         32        13        13      22242       230927      32      32     695K      137K        0K    100.00%
[2015.02.25-15.20.37:270][ 65]LogMemory:         48         8         9       9788       144255      48      48     458K       54K        0K    100.00%
[2015.02.25-15.20.37:270][ 65]LogMemory:         64        15        15      13027       228884      64      64     814K      146K        0K    100.00%
[2015.02.25-15.20.37:270][ 65]LogMemory:         80         5         5       3482        91863      80      80     272K       48K        0K    100.00%
[2015.02.25-15.20.37:270][ 65]LogMemory:         96         6         6       3082        92536      96      96     288K       96K        0K    100.00%
[2015.02.25-15.20.37:270][ 65]LogMemory:        112         3         3       1337       124422     112     112     146K       46K        0K    100.00%
[2015.02.25-15.20.37:270][ 65]LogMemory:        128        31        31      15164        82415     128     128    1895K       89K        0K    100.00%
[2015.02.25-15.20.37:270][ 65]LogMemory:        160        11        11       2863       188730     144     160     447K      256K       21K     97.02%
[2015.02.25-15.20.37:270][ 65]LogMemory:        192        16        16       4570       295219     176     192     856K      167K       33K     96.78%
[2015.02.25-15.20.37:270][ 65]LogMemory:        224         4         4        888       267249     208     224     194K       62K        7K     97.27%
[2015.02.25-15.20.37:270][ 65]LogMemory:        256        20        28       4440       189123     240     256    1110K      170K       31K     97.58%
[2015.02.25-15.20.37:270][ 65]LogMemory:        288         7         7       1268       273466     272     288     356K       91K        6K     98.66%
[2015.02.25-15.20.37:270][ 65]LogMemory:        320         5         6        818       244378     304     320     255K       64K        7K     97.81%
[2015.02.25-15.20.37:270][ 65]LogMemory:        384        13        13       1917       211003     336     384     718K      111K       69K     91.71%
[2015.02.25-15.20.37:270][ 65]LogMemory:        448        13        13       1737        16852     400     448     759K       72K       43K     94.83%
[2015.02.25-15.20.37:270][ 65]LogMemory:        512        12        12       1239        11594     464     512     619K      149K       28K     96.35%
[2015.02.25-15.20.37:270][ 65]LogMemory:        576         4         5        286         3881     528     576     160K       95K       10K     96.09%
[2015.02.25-15.20.37:270][ 65]LogMemory:        640         8         8        494         3131     592     640     308K      202K        9K     98.24%
[2015.02.25-15.20.37:270][ 65]LogMemory:        704        11        14        730         4179     656     704     501K      203K       11K     98.44%
[2015.02.25-15.20.37:270][ 65]LogMemory:        768         6         6        349         6226     720     768     261K      122K        7K     98.18%
[2015.02.25-15.20.37:270][ 65]LogMemory:        896         5         6        210         7063     784     896     183K      137K       16K     95.00%
[2015.02.25-15.20.37:270][ 65]LogMemory:       1024         3         4        113        14842     912    1024     113K       79K        1K     99.48%
[2015.02.25-15.20.37:270][ 65]LogMemory:       1168         3         3        110         1401    1040    1168     125K       67K        8K     95.83%
[2015.02.25-15.20.37:270][ 65]LogMemory:       1360         9        10        250        24809    1184    1360     332K      242K       34K     94.10%
[2015.02.25-15.20.37:270][ 65]LogMemory:       1632         9        10        248         2552    1376    1632     395K      179K       40K     93.06%
[2015.02.25-15.20.37:270][ 65]LogMemory:       2048         9        13        161         4862    1648    2048     322K      254K       41K     92.88%
[2015.02.25-15.20.37:270][ 65]LogMemory:       2336         5         6        108         4943    2064    2336     246K       74K       25K     92.19%
[2015.02.25-15.20.37:270][ 65]LogMemory:       2720         7         7        112         2919    2352    2720     297K      150K       19K     95.76%
[2015.02.25-15.20.37:270][ 65]LogMemory:       3264        11        12        155        14507    2736    3264     494K      208K       46K     93.47%
[2015.02.25-15.20.37:270][ 65]LogMemory:       4096        11        12        147         1268    3280    4096     588K      116K       46K     93.47%
[2015.02.25-15.20.37:270][ 65]LogMemory:       4672         8         8         77         2931    4112    4672     351K      160K       13K     97.46%
[2015.02.25-15.20.37:270][ 65]LogMemory:       5456        12        16        115         8314    4688    5456     612K      156K       37K     95.18%
[2015.02.25-15.20.37:270][ 65]LogMemory:       6544        15        16        120         1962    5472    6544     766K      193K       84K     91.25%
[2015.02.25-15.20.37:270][ 65]LogMemory:       8192         6         9         43         3489    6560    8192     344K       40K       49K     87.24%
[2015.02.25-15.20.37:270][ 65]LogMemory:       9360         5         6         30         1754    8208    9360     274K       46K        3K     99.06%
[2015.02.25-15.20.37:270][ 65]LogMemory:      10912         4         6         19         5379    9408   10880     202K       54K       19K     92.58%
[2015.02.25-15.20.37:270][ 65]LogMemory:      13104         4         7         15         1865   10976   13056     191K       65K        4K     98.44%
[2015.02.25-15.20.37:270][ 65]LogMemory:      16384         5        14         18          390   13120   16384     288K       32K       23K     92.81%
[2015.02.25-15.20.37:270][ 65]LogMemory:      21840        15        27         40          520   16400   21616     853K      107K      137K     85.73%
[2015.02.25-15.20.37:270][ 65]LogMemory:      32768         5        23         10          177   21904   32640     320K        0K       82K     74.38%
[2015.02.25-15.20.37:270][ 65]LogMemory: 
[2015.02.25-15.20.37:270][ 65]LogMemory: 23552K allocated in pools (with 4831K slack and 1009K waste). Efficiency 95.72%
[2015.02.25-15.20.37:270][ 65]LogMemory: Allocations 110550 Current / 3118763 Total (in 368 pools)
[2015.02.25-15.20.37:270][ 65]LogMemory: 
[2015.02.25-15.20.37:446][ 65]LogWorld: Game class is 'NoplayerGameMode_C'
[2015.02.25-15.20.37:450][ 65]LogAIModule: Creating AISystem for world EmptySkies_MainMenu
[2015.02.25-15.20.37:455][ 65]LogWorld: Bringing World /Game/Levels/EmptySkies_MainMenu.EmptySkies_MainMenu up for play (max tick rate 0) at 2015.02.25-09.20.37
[2015.02.25-15.20.37:455][ 65]LogWorld: Bringing up level for play took: 0.004709
[2015.02.25-15.21.16:867][998]LogEngine: All Windows Closed
[2015.02.25-15.21.16:867][998]LogWindows: FPlatformMisc::RequestExit(0)
[2015.02.25-15.21.17:183][999]LogExit: Preparing to exit.
[2015.02.25-15.21.17:290][999]LogExit: Game engine shut down
[2015.02.25-15.21.17:295][999]LogParticles: Destroying 0 GPU particle simulations for FXSystem 0x0000001775B84060
[2015.02.25-15.21.17:295][999]LogExit: Object subsystem successfully closed.
[2015.02.25-15.21.17:303][999]LogModuleManager: Shutting down and abandoning module AutomationWorker (48)
[2015.02.25-15.21.17:303][999]LogModuleManager: Shutting down and abandoning module CharacterAI (47)
[2015.02.25-15.21.17:303][999]LogModuleManager: Shutting down and abandoning module AIModule (46)
[2015.02.25-15.21.17:303][999]LogModuleManager: Shutting down and abandoning module GameLiveStreaming (45)
[2015.02.25-15.21.17:303][999]LogModuleManager: Shutting down and abandoning module StreamingPauseRendering (44)
[2015.02.25-15.21.17:303][999]LogModuleManager: Shutting down and abandoning module HTTP (43)
[2015.02.25-15.21.17:303][999]LogModuleManager: Shutting down and abandoning module AnalyticsET (42)
[2015.02.25-15.21.17:303][999]LogModuleManager: Shutting down and abandoning module Analytics (41)
[2015.02.25-15.21.17:303][999]LogModuleManager: Shutting down and abandoning module ProfilerService (40)
[2015.02.25-15.21.17:553][999]LogModuleManager: Shutting down and abandoning module TaskGraph (39)
[2015.02.25-15.21.17:553][999]LogModuleManager: Shutting down and abandoning module SlateRemote (38)
[2015.02.25-15.21.17:553][999]LogModuleManager: Shutting down and abandoning module CustomMeshComponent (37)
[2015.02.25-15.21.17:553][999]LogModuleManager: Shutting down and abandoning module CableComponent (36)
[2015.02.25-15.21.17:553][999]LogModuleManager: Shutting down and abandoning module EmptySkies (35)
[2015.02.25-15.21.17:553][999]LogModuleManager: Shutting down and abandoning module ScriptPlugin (34)
[2015.02.25-15.21.17:553][999]LogModuleManager: Shutting down and abandoning module UdpMessaging (33)
[2015.02.25-15.21.17:553][999]LogModuleManager: Shutting down and abandoning module VictoryBPLibrary (32)
[2015.02.25-15.21.17:553][999]LogModuleManager: Shutting down and abandoning module Paper2D (31)
[2015.02.25-15.21.17:553][999]LogModuleManager: Shutting down and abandoning module WindowsMoviePlayer (30)
[2015.02.25-15.21.17:554][999]LogModuleManager: Shutting down and abandoning module Media (29)
[2015.02.25-15.21.17:554][999]LogModuleManager: Shutting down and abandoning module WmfMedia (28)
[2015.02.25-15.21.17:554][999]LogModuleManager: Shutting down and abandoning module UMG (27)
[2015.02.25-15.21.17:554][999]LogModuleManager: Shutting down and abandoning module Slate (26)
[2015.02.25-15.21.17:554][999]LogModuleManager: Shutting down and abandoning module SessionServices (25)
[2015.02.25-15.21.17:554][999]LogModuleManager: Shutting down and abandoning module Messaging (24)
[2015.02.25-15.21.17:554][999]LogModuleManager: Shutting down and abandoning module HeadMountedDisplay (23)
[2015.02.25-15.21.17:554][999]LogModuleManager: Shutting down and abandoning module XAudio2 (22)
[2015.02.25-15.21.17:554][999]LogModuleManager: Shutting down and abandoning module Networking (20)
[2015.02.25-15.21.17:554][999]LogModuleManager: Shutting down and abandoning module Core (19)
[2015.02.25-15.21.17:554][999]LogModuleManager: Shutting down and abandoning module InputCore (18)
[2015.02.25-15.21.17:554][999]LogModuleManager: Shutting down and abandoning module ImageWrapper (17)
[2015.02.25-15.21.17:554][999]LogModuleManager: Shutting down and abandoning module OculusRift (14)
[2015.02.25-15.21.17:554][999]LogModuleManager: Shutting down and abandoning module ExampleDeviceProfileSelector (13)
[2015.02.25-15.21.17:554][999]LogModuleManager: Shutting down and abandoning module ShaderCore (12)
[2015.02.25-15.21.17:554][999]LogModuleManager: Shutting down and abandoning module Landscape (11)
[2015.02.25-15.21.17:554][999]LogModuleManager: Shutting down and abandoning module SlateRHIRenderer (10)
[2015.02.25-15.21.17:555][999]LogModuleManager: Shutting down and abandoning module OpenGLDrv (9)
[2015.02.25-15.21.17:555][999]LogModuleManager: Shutting down and abandoning module D3D11RHI (8)
[2015.02.25-15.21.17:555][999]LogModuleManager: Shutting down and abandoning module Renderer (7)
[2015.02.25-15.21.17:555][999]LogModuleManager: Shutting down and abandoning module Engine (6)
[2015.02.25-15.21.17:555][999]LogModuleManager: Shutting down and abandoning module CoreUObject (5)
[2015.02.25-15.21.17:555][999]LogModuleManager: Shutting down and abandoning module NetworkFile (4)
[2015.02.25-15.21.17:555][999]LogModuleManager: Shutting down and abandoning module StreamingFile (3)
[2015.02.25-15.21.17:555][999]LogModuleManager: Shutting down and abandoning module SandboxFile (2)
[2015.02.25-15.21.17:555][999]LogModuleManager: Shutting down and abandoning module PakFile (1)
[2015.02.25-15.21.17:556][999]LogExit: Exiting.
[2015.02.25-15.21.17:557][999]Log file closed, 02/25/15 09:21:17
