Log file open, 02/25/15 07:31:56
LogInit: Version: 4.6.1-2386410+++depot+UE4-Releases+4.6
LogInit: API Version: 2369412
LogInit: Compiled (64-bit): Dec 11 2014 21:33:04
LogInit: Compiled with Visual C++: 18.00.21005.01
LogInit: Build Configuration: Development
LogInit: Branch Name: ++depot+UE4-Releases+4.6
LogInit: Command line: 
LogInit: Base directory: C:/Users/Dillon/Documents/GitHub/EmptySkies-Builds/0.3/WindowsNoEditor/EmptySkies/Binaries/Win64/
LogInit: Rocket: 1
[2015.02.25-13.31.56:610][  0]LogTaskGraph: Started task graph with 3 named threads and 6 total threads.
[2015.02.25-13.31.56:654][  0]LogOnline:Warning: No default platform service specified for OnlineSubsystem
[2015.02.25-13.31.56:669][  0]LogInit: Presizing for 0 objects not considered by GC, pre-allocating 0 bytes.
[2015.02.25-13.31.56:674][  0]LogInit: Object subsystem initialized
[2015.02.25-13.31.56:689][  0]LogConsoleResponse:Warning: Skipping Unknown console variable: 'UIScaleRule = ShortestSide'
[2015.02.25-13.31.56:689][  0]LogConsoleResponse:Warning:   Found in ini file '../../../EmptySkies/Saved/Config/WindowsNoEditor/Engine.ini', in section '[/Script/Engine.RendererSettings]'
[2015.02.25-13.31.56:689][  0]LogConsoleResponse:Warning: Skipping Unknown console variable: 'UIScaleCurve = (EditorCurveData=(Keys=),ExternalCurve=None)'
[2015.02.25-13.31.56:689][  0]LogConsoleResponse:Warning:   Found in ini file '../../../EmptySkies/Saved/Config/WindowsNoEditor/Engine.ini', in section '[/Script/Engine.RendererSettings]'
[2015.02.25-13.31.56:691][  0]LogConsoleManager:Warning: Console variable 'r.MSAA.CompositingSampleCount' wasn't set (Priority ProjectSetting < Scalability)
[2015.02.25-13.31.56:691][  0]LogInit: Selected Device Profile: [WindowsNoEditor]
[2015.02.25-13.31.56:691][  0]LogInit: Applying CVar settings loaded from the selected device profile: [WindowsNoEditor]
[2015.02.25-13.31.56:778][  0]LogInit: Computer: DILLONLAPTOP
[2015.02.25-13.31.56:778][  0]LogInit: User: Dillon
[2015.02.25-13.31.56:778][  0]LogInit: CPU Page size=4096, Cores=4
[2015.02.25-13.31.56:778][  0]LogInit: High frequency timer resolution =2.338344 MHz
[2015.02.25-13.31.56:778][  0]LogMemory: Memory total: Physical=7.9GB (8GB approx) Virtual=131072.0GB
[2015.02.25-13.31.56:778][  0]LogMemory: Platform Memory Stats for WindowsNoEditor
[2015.02.25-13.31.56:778][  0]LogMemory: Process Physical Memory: 28.33 MB used, 28.33 MB peak
[2015.02.25-13.31.56:778][  0]LogMemory: Process Virtual Memory: 19.27 MB used, 19.27 MB peak
[2015.02.25-13.31.56:778][  0]LogMemory: Physical Memory: 2598.68 MB used, 8080.29 MB total
[2015.02.25-13.31.56:778][  0]LogMemory: Virtual Memory: 189.88 MB used, 134217728.00 MB total
[2015.02.25-13.31.56:881][  0]LogD3D11RHI: Found D3D11 adapter 0: NVIDIA GeForce GTX 770M (Feature Level 11_0)
[2015.02.25-13.31.56:881][  0]LogD3D11RHI: Adapter has 2993MB of dedicated video memory, 0MB of dedicated system memory, and 4040MB of shared system memory, 1 output[s]
[2015.02.25-13.31.56:895][  0]LogD3D11RHI: Found D3D11 adapter 1: NVIDIA GeForce GTX 770M (Feature Level 11_0)
[2015.02.25-13.31.56:895][  0]LogD3D11RHI: Adapter has 2993MB of dedicated video memory, 0MB of dedicated system memory, and 4040MB of shared system memory, 0 output[s]
[2015.02.25-13.31.56:896][  0]LogD3D11RHI: Found D3D11 adapter 2: Microsoft Basic Render Driver (Feature Level 11_0)
[2015.02.25-13.31.56:896][  0]LogD3D11RHI: Adapter has 2993MB of dedicated video memory, 0MB of dedicated system memory, and 4040MB of shared system memory, 0 output[s]
[2015.02.25-13.31.56:896][  0]LogD3D11RHI: Chosen D3D11 Adapter Id = 0
[2015.02.25-13.31.56:918][  0]LogRHI: Texture pool is 1361 MB (70% of 1945 MB)
[2015.02.25-13.31.56:931][  0]LogD3D11RHI: Async texture creation enabled
[2015.02.25-13.31.57:930][  0]LogTextLocalizationManager: The requested culture ('en_US') has no localization data; parent culture's ('en') localization data will be used.
[2015.02.25-13.31.57:995][  0]LogContentStreaming: Texture pool size is 1000.000000MB
[2015.02.25-13.31.58:286][  0]LogCollisionProfile:Warning: Profile (UI) - Custom Channel Name = 'Weapon' hasn't been found
[2015.02.25-13.31.58:763][  0]LogInit: WinSock: version 1.1 (2.2), MaxSocks=32767, MaxUdp=65467
[2015.02.25-13.32.00:245][  0]LogWindowsMoviePlayer: Unable to load movie: ../../../EmptySkies/Content/Movies/Default_Startup.mp4
[2015.02.25-13.32.00:303][  0]LogObj: 20271 objects as part of root set at end of initial load.
[2015.02.25-13.32.00:303][  0]LogUObjectAllocator: 3979768 out of 0 bytes used by permanent object pool.
[2015.02.25-13.32.00:387][  0]LogEngine: Initializing Engine...
[2015.02.25-13.32.02:396][  0]LogHMD:Warning: No Oculus HMD detected! Is Oculus Run-Time installed and service is running?
[2015.02.25-13.32.02:407][  0]LogHMD: Oculus shutdown.
[2015.02.25-13.32.02:601][  0]LogInit: XAudio2 using 'Headphones (R+ Stereo)' : 2 channels at 44.1 kHz using 16 bits per sample (channel mask 0x3)
[2015.02.25-13.32.02:623][  0]LogInit: FAudioDevice initialized.
[2015.02.25-13.32.02:624][  0]LogInit: Texture streaming: Enabled
[2015.02.25-13.32.02:636][  0]LogConsoleManager:Warning: Console variable 'r.VSync' wasn't set (Priority Code < GameSetting)
[2015.02.25-13.32.02:640][  0]LogNet: Browse: /Game/Levels/EmptySkies_MainMenu?Name=Player
[2015.02.25-13.32.02:640][  0]LogLoad: LoadMap: /Game/Levels/EmptySkies_MainMenu?Name=Player
[2015.02.25-13.32.02:685][  0]LogMemory: Platform Memory Stats for WindowsNoEditor
[2015.02.25-13.32.02:685][  0]LogMemory: Process Physical Memory: 99.54 MB used, 103.57 MB peak
[2015.02.25-13.32.02:685][  0]LogMemory: Process Virtual Memory: 75.69 MB used, 83.50 MB peak
[2015.02.25-13.32.02:685][  0]LogMemory: Physical Memory: 2683.84 MB used, 8080.29 MB total
[2015.02.25-13.32.02:685][  0]LogMemory: Virtual Memory: 384.75 MB used, 134217728.00 MB total
[2015.02.25-13.32.02:685][  0]LogMemory: 
[2015.02.25-13.32.02:685][  0]LogMemory: Allocator Stats for binned:
[2015.02.25-13.32.02:685][  0]LogMemory: Current Memory 33.49 MB used, plus 3.07 MB waste
[2015.02.25-13.32.02:685][  0]LogMemory: Peak Memory 43.89 MB used, plus 2.71 MB waste
[2015.02.25-13.32.02:685][  0]LogMemory: Current OS Memory 36.55 MB, peak 46.59 MB
[2015.02.25-13.32.02:685][  0]LogMemory: Current Waste 0.53 MB, peak 0.93 MB
[2015.02.25-13.32.02:685][  0]LogMemory: Current Used 33.49 MB, peak 43.89 MB
[2015.02.25-13.32.02:685][  0]LogMemory: Current Slack 2.54 MB
[2015.02.25-13.32.02:685][  0]LogMemory: Allocs       107649 Current /  1244265 Total
[2015.02.25-13.32.02:685][  0]LogMemory: 
[2015.02.25-13.32.02:685][  0]LogMemory: Block Size Num Pools Max Pools Cur Allocs Total Allocs Min Req Max Req Mem Used Mem Slack Mem Waste Efficiency
[2015.02.25-13.32.02:685][  0]LogMemory: ---------- --------- --------- ---------- ------------ ------- ------- -------- --------- --------- ----------
[2015.02.25-13.32.02:685][  0]LogMemory:          8         0         0          0            0       8       0       0K        0K        0K    100.00%
[2015.02.25-13.32.02:686][  0]LogMemory:         16         5         5      18428       102409      16      16     287K       33K        0K    100.00%
[2015.02.25-13.32.02:686][  0]LogMemory:         32        12        12      21909        82243      32      32     684K       84K        0K    100.00%
[2015.02.25-13.32.02:686][  0]LogMemory:         48         7         7       9182        50504      48      48     430K       18K        0K    100.00%
[2015.02.25-13.32.02:686][  0]LogMemory:         64        13        13      12639        47970      64      64     789K       43K        0K    100.00%
[2015.02.25-13.32.02:686][  0]LogMemory:         80         4         4       3152        33299      80      80     246K       10K        0K    100.00%
[2015.02.25-13.32.02:686][  0]LogMemory:         96         5         5       2988        38715      96      96     280K       40K        0K    100.00%
[2015.02.25-13.32.02:686][  0]LogMemory:        112         3         3       1178        19282     112     112     128K       64K        0K    100.00%
[2015.02.25-13.32.02:686][  0]LogMemory:        128        30        30      15099        45202     128     128    1887K       33K        0K    100.00%
[2015.02.25-13.32.02:686][  0]LogMemory:        160         8        11       2667        88348     144     160     416K       96K       16K     96.88%
[2015.02.25-13.32.02:686][  0]LogMemory:        192        14        14       4480       148521     176     192     840K       56K       32K     96.43%
[2015.02.25-13.32.02:686][  0]LogMemory:        224         4         4        875       131663     208     224     191K       65K        7K     97.27%
[2015.02.25-13.32.02:686][  0]LogMemory:        256        18        28       4368       101262     240     256    1092K       60K       29K     97.48%
[2015.02.25-13.32.02:686][  0]LogMemory:        288         6         6       1261       100353     272     288     354K       30K        8K     97.92%
[2015.02.25-13.32.02:686][  0]LogMemory:        320         4         5        813       120851     304     320     254K        1K        7K     97.27%
[2015.02.25-13.32.02:686][  0]LogMemory:        384        11        11       1863        93101     336     384     698K        4K       67K     90.48%
[2015.02.25-13.32.02:686][  0]LogMemory:        448        12        12       1736         9293     400     448     759K        8K       59K     92.32%
[2015.02.25-13.32.02:686][  0]LogMemory:        512        10        10       1224         5652     464     512     612K       28K       31K     95.16%
[2015.02.25-13.32.02:686][  0]LogMemory:        576         3         3        279         1622     528     576     156K       35K        8K     95.83%
[2015.02.25-13.32.02:686][  0]LogMemory:        640         7         8        490          955     592     640     306K      141K        7K     98.44%
[2015.02.25-13.32.02:686][  0]LogMemory:        704        10        13        730         1738     656     704     501K      139K       12K     98.13%
[2015.02.25-13.32.02:686][  0]LogMemory:        768         6         6        328         2325     720     768     246K      137K        6K     98.44%
[2015.02.25-13.32.02:686][  0]LogMemory:        896         3         3        183          597     784     896     160K       32K        8K     95.83%
[2015.02.25-13.32.02:686][  0]LogMemory:       1024         2         3        103          455     912    1024     103K       25K        2K     98.44%
[2015.02.25-13.32.02:686][  0]LogMemory:       1168         2         2         95          375    1040    1168     108K       20K        5K     96.09%
[2015.02.25-13.32.02:686][  0]LogMemory:       1360         6         6        232         2854    1184    1360     308K       75K       21K     94.53%
[2015.02.25-13.32.02:686][  0]LogMemory:       1632         7         7        242          628    1376    1632     385K       62K       26K     94.20%
[2015.02.25-13.32.02:686][  0]LogMemory:       2048         8         9        147          780    1648    2048     294K      218K       30K     94.14%
[2015.02.25-13.32.02:686][  0]LogMemory:       2336         4         4        101         2954    2064    2336     230K       26K       24K     90.63%
[2015.02.25-13.32.02:686][  0]LogMemory:       2720         5         5         91          503    2352    2720     241K       78K       11K     96.56%
[2015.02.25-13.32.02:686][  0]LogMemory:       3264        10        10        142         2500    2736    3264     452K      186K       25K     96.09%
[2015.02.25-13.32.02:686][  0]LogMemory:       4096        11        12        136          616    3280    4096     544K      160K       42K     94.03%
[2015.02.25-13.32.02:686][  0]LogMemory:       4672         7         8         65         1461    4112    4672     296K      152K        9K     97.99%
[2015.02.25-13.32.02:686][  0]LogMemory:       5456         9        13         91          360    4688    5456     484K       92K       41K     92.88%
[2015.02.25-13.32.02:686][  0]LogMemory:       6544        12        14        101          331    5472    6544     645K      122K       58K     92.45%
[2015.02.25-13.32.02:686][  0]LogMemory:       8192         6         7         42         1627    6560    8192     336K       48K       44K     88.54%
[2015.02.25-13.32.02:686][  0]LogMemory:       9360         5         5         30          868    8208    9360     274K       46K        3K     99.06%
[2015.02.25-13.32.02:686][  0]LogMemory:      10912         4         4         20          127    9408   10880     213K       43K       21K     91.80%
[2015.02.25-13.32.02:686][  0]LogMemory:      13104         3         4         14          840   10976   13056     179K       13K        1K     99.48%
[2015.02.25-13.32.02:686][  0]LogMemory:      16384         5         7         19          109   13120   16384     304K       16K       22K     93.13%
[2015.02.25-13.32.02:686][  0]LogMemory:      21840        10        11         28           95   16400   21616     597K       43K      106K     83.44%
[2015.02.25-13.32.02:686][  0]LogMemory:      32768         4         6          7           65   21904   32640     224K       32K       47K     81.64%
[2015.02.25-13.32.02:686][  0]LogMemory: 
[2015.02.25-13.32.02:686][  0]LogMemory: 20160K allocated in pools (with 2614K slack and 835K waste). Efficiency 95.86%
[2015.02.25-13.32.02:686][  0]LogMemory: Allocations 107579 Current / 1243454 Total (in 315 pools)
[2015.02.25-13.32.02:686][  0]LogMemory: 
[2015.02.25-13.32.03:219][  0]LogWorld: Game class is 'NoplayerGameMode_C'
[2015.02.25-13.32.03:279][  0]LogAIModule: Creating AISystem for world EmptySkies_MainMenu
[2015.02.25-13.32.03:338][  0]LogWorld: Bringing World /Game/Levels/EmptySkies_MainMenu.EmptySkies_MainMenu up for play (max tick rate 0) at 2015.02.25-07.32.03
[2015.02.25-13.32.03:357][  0]LogWorld: Bringing up level for play took: 0.077238
[2015.02.25-13.32.03:620][  0]LogInit:Display: Game Engine Initialized.
[2015.02.25-13.32.03:821][  0]LogLoad: Full Startup: 10.67 seconds (BP compile: 0.00 seconds)
[2015.02.25-13.32.04:183][  1]LogRenderer:Warning: Reallocating scene render targets to support 1600x904.
[2015.02.25-13.32.09:226][190]LogPackageName: SearchForPackageOnDisk took   0.030s to resolve EmptySkies_Level1.umap
[2015.02.25-13.32.09:238][190]LogPackageName: SearchForPackageOnDisk took   0.011s to resolve EmptySkies_Level1.umap
[2015.02.25-13.32.09:238][190]LogNet: Browse: /Game/Levels/EmptySkies_Level1?listen
[2015.02.25-13.32.09:238][190]LogLoad: LoadMap: /Game/Levels/EmptySkies_Level1?listen
[2015.02.25-13.32.09:265][190]LogParticles: Destroying 0 GPU particle simulations for FXSystem 0x000000F23EC2B0E0
[2015.02.25-13.32.09:322][190]LogMemory: Platform Memory Stats for WindowsNoEditor
[2015.02.25-13.32.09:322][190]LogMemory: Process Physical Memory: 137.52 MB used, 162.28 MB peak
[2015.02.25-13.32.09:322][190]LogMemory: Process Virtual Memory: 104.15 MB used, 132.80 MB peak
[2015.02.25-13.32.09:322][190]LogMemory: Physical Memory: 2732.94 MB used, 8080.29 MB total
[2015.02.25-13.32.09:322][190]LogMemory: Virtual Memory: 425.65 MB used, 134217728.00 MB total
[2015.02.25-13.32.09:322][190]LogMemory: 
[2015.02.25-13.32.09:323][190]LogMemory: Allocator Stats for binned:
[2015.02.25-13.32.09:323][190]LogMemory: Current Memory 41.36 MB used, plus 5.40 MB waste
[2015.02.25-13.32.09:323][190]LogMemory: Peak Memory 74.80 MB used, plus 2.55 MB waste
[2015.02.25-13.32.09:323][190]LogMemory: Current OS Memory 46.76 MB, peak 77.35 MB
[2015.02.25-13.32.09:323][190]LogMemory: Current Waste 0.86 MB, peak 1.01 MB
[2015.02.25-13.32.09:323][190]LogMemory: Current Used 41.36 MB, peak 74.80 MB
[2015.02.25-13.32.09:323][190]LogMemory: Current Slack 4.53 MB
[2015.02.25-13.32.09:323][190]LogMemory: Allocs       109655 Current /  1527520 Total
[2015.02.25-13.32.09:323][190]LogMemory: 
[2015.02.25-13.32.09:323][190]LogMemory: Block Size Num Pools Max Pools Cur Allocs Total Allocs Min Req Max Req Mem Used Mem Slack Mem Waste Efficiency
[2015.02.25-13.32.09:323][190]LogMemory: ---------- --------- --------- ---------- ------------ ------- ------- -------- --------- --------- ----------
[2015.02.25-13.32.09:323][190]LogMemory:          8         0         0          0            0       8       0       0K        0K        0K    100.00%
[2015.02.25-13.32.09:323][190]LogMemory:         16         5         5      18710       149838      16      16     292K       28K        0K    100.00%
[2015.02.25-13.32.09:323][190]LogMemory:         32        12        12      22125       122459      32      32     691K       77K        0K    100.00%
[2015.02.25-13.32.09:323][190]LogMemory:         48         8         8       9578        75226      48      48     448K       64K        0K    100.00%
[2015.02.25-13.32.09:323][190]LogMemory:         64        14        14      12833        79992      64      64     802K       94K        0K    100.00%
[2015.02.25-13.32.09:323][190]LogMemory:         80         5         5       3273        51076      80      80     255K       65K        0K    100.00%
[2015.02.25-13.32.09:323][190]LogMemory:         96         5         5       3039        55126      96      96     284K       36K        0K    100.00%
[2015.02.25-13.32.09:323][190]LogMemory:        112         3         3       1322        40234     112     112     144K       48K        0K    100.00%
[2015.02.25-13.32.09:323][190]LogMemory:        128        31        31      15155        52311     128     128    1894K       90K        0K    100.00%
[2015.02.25-13.32.09:323][190]LogMemory:        160        10        11       2765       100336     144     160     432K      208K       18K     97.19%
[2015.02.25-13.32.09:323][190]LogMemory:        192        15        15       4578       156100     176     192     858K      102K       33K     96.56%
[2015.02.25-13.32.09:323][190]LogMemory:        224         4         4        883       139841     208     224     193K       63K        7K     97.27%
[2015.02.25-13.32.09:323][190]LogMemory:        256        19        28       4421       104207     240     256    1105K      111K       29K     97.62%
[2015.02.25-13.32.09:323][190]LogMemory:        288         7         7       1268       113645     272     288     356K       91K        8K     98.21%
[2015.02.25-13.32.09:323][190]LogMemory:        320         5         5        817       123481     304     320     255K       64K        7K     97.81%
[2015.02.25-13.32.09:323][190]LogMemory:        384        13        13       1915        97916     336     384     718K      111K       69K     91.71%
[2015.02.25-13.32.09:323][190]LogMemory:        448        13        13       1738        11779     400     448     760K       71K       49K     94.11%
[2015.02.25-13.32.09:323][190]LogMemory:        512        11        11       1235         6544     464     512     617K       87K       29K     95.88%
[2015.02.25-13.32.09:323][190]LogMemory:        576         4         4        284         2198     528     576     159K       96K        9K     96.48%
[2015.02.25-13.32.09:323][190]LogMemory:        640         7         8        497         1227     592     640     310K      137K        7K     98.44%
[2015.02.25-13.32.09:323][190]LogMemory:        704        10        13        729         2111     656     704     501K      139K       14K     97.81%
[2015.02.25-13.32.09:323][190]LogMemory:        768         6         6        352         2979     720     768     264K      119K        8K     97.92%
[2015.02.25-13.32.09:323][190]LogMemory:        896         5         5        199         3105     784     896     174K      146K       15K     95.31%
[2015.02.25-13.32.09:323][190]LogMemory:       1024         3         3        103         2788     912    1024     103K       89K        0K    100.00%
[2015.02.25-13.32.09:323][190]LogMemory:       1168         3         3         99          648    1040    1168     112K       80K        7K     96.35%
[2015.02.25-13.32.09:323][190]LogMemory:       1360         7         9        241         6392    1184    1360     320K      127K       31K     93.08%
[2015.02.25-13.32.09:323][190]LogMemory:       1632         8         8        243          767    1376    1632     387K      123K       25K     95.12%
[2015.02.25-13.32.09:323][190]LogMemory:       2048         8         9        158         1652    1648    2048     316K      196K       34K     93.36%
[2015.02.25-13.32.09:323][190]LogMemory:       2336         5         5        105         3032    2064    2336     239K       81K       25K     92.19%
[2015.02.25-13.32.09:323][190]LogMemory:       2720         6         6        111         1277    2352    2720     294K       89K       19K     95.05%
[2015.02.25-13.32.09:323][190]LogMemory:       3264        10        11        157         4581    2736    3264     500K      138K       42K     93.44%
[2015.02.25-13.32.09:323][190]LogMemory:       4096        11        12        146          712    3280    4096     584K      120K       46K     93.47%
[2015.02.25-13.32.09:323][190]LogMemory:       4672         7         8         69         1501    4112    4672     314K      134K        9K     97.99%
[2015.02.25-13.32.09:323][190]LogMemory:       5456         9        13         95         2055    4688    5456     506K       70K       34K     94.10%
[2015.02.25-13.32.09:323][190]LogMemory:       6544        12        14        107          726    5472    6544     683K       84K       76K     90.10%
[2015.02.25-13.32.09:323][190]LogMemory:       8192         7         9         45         1907    6560    8192     360K       88K       48K     89.29%
[2015.02.25-13.32.09:323][190]LogMemory:       9360         5         6         27         1066    8208    9360     246K       74K        5K     98.44%
[2015.02.25-13.32.09:323][190]LogMemory:      10912         4         6         21         2080    9408   10880     223K       33K       24K     90.63%
[2015.02.25-13.32.09:323][190]LogMemory:      13104         4         4         15          849   10976   13056     191K       65K        1K     99.61%
[2015.02.25-13.32.09:323][190]LogMemory:      16384         6        11         20          346   13120   16384     320K       64K       35K     90.89%
[2015.02.25-13.32.09:323][190]LogMemory:      21840        12        13         33          306   16400   21616     703K       65K       82K     89.32%
[2015.02.25-13.32.09:323][190]LogMemory:      32768         7        12         11          105   21904   32640     352K       96K       81K     81.92%
[2015.02.25-13.32.09:323][190]LogMemory: 
[2015.02.25-13.32.09:323][190]LogMemory: 22144K allocated in pools (with 3863K slack and 926K waste). Efficiency 95.82%
[2015.02.25-13.32.09:323][190]LogMemory: Allocations 109523 Current / 1524522 Total (in 346 pools)
[2015.02.25-13.32.09:323][190]LogMemory: 
[2015.02.25-13.32.09:752][190]LogMaterial: Can't compile M_smoke_subUV with cooked content, will use default material instead
[2015.02.25-13.32.09:752][190]LogMaterial:Warning: Failed to compile Material /Game/Particles/Materials/M_smoke_subUV.M_smoke_subUV for platform PCD3D_SM5, Default Material will be used in game.
[2015.02.25-13.32.09:753][190]LogMaterial: Can't compile M_explosion_subUV with cooked content, will use default material instead
[2015.02.25-13.32.09:753][190]LogMaterial:Warning: Failed to compile Material /Game/Particles/Materials/M_explosion_subUV.M_explosion_subUV for platform PCD3D_SM5, Default Material will be used in game.
[2015.02.25-13.32.09:753][190]LogMaterial: Can't compile M_Burst with cooked content, will use default material instead
[2015.02.25-13.32.09:754][190]LogMaterial:Warning: Failed to compile Material /Game/Particles/Materials/M_Burst.M_Burst for platform PCD3D_SM5, Default Material will be used in game.
[2015.02.25-13.32.09:796][190]LogWorld: Game class is 'MultiplayerDogFight_C'
[2015.02.25-13.32.09:815][190]LogInit: WinSock: Socket queue 131072 / 131072
[2015.02.25-13.32.09:919][190]LogInit: WinSock: I am DillonLaptop (127.0.0.1:0)
[2015.02.25-13.32.09:919][190]LogNet: GameNetDriver IpNetDriver_0 IpNetDriver listening on port 7777
[2015.02.25-13.32.09:934][190]LogAIModule: Creating AISystem for world EmptySkies_Level1
[2015.02.25-13.32.10:040][190]LogWorld: Bringing World /Game/Levels/EmptySkies_Level1.EmptySkies_Level1 up for play (max tick rate 0) at 2015.02.25-07.32.10
[2015.02.25-13.32.10:041][190]LogWorld: Bringing up level for play took: 0.106193
[2015.02.25-13.32.10:080][190]LogBlueprintUserMessages: Server Setup Complete
[2015.02.25-13.32.23:302][820]Closing by request
[2015.02.25-13.32.23:302][820]LogWindows: FPlatformMisc::RequestExit(0)
[2015.02.25-13.32.23:369][821]LogNet: World NetDriver shutdown IpNetDriver_0 [GameNetDriver]
[2015.02.25-13.32.23:369][821]LogNet: DestroyNamedNetDriver IpNetDriver_0 [GameNetDriver]
[2015.02.25-13.32.23:369][821]LogExit: GameNetDriver IpNetDriver_0 shut down
[2015.02.25-13.32.23:715][821]LogExit: Preparing to exit.
[2015.02.25-13.32.23:781][821]LogExit: Game engine shut down
[2015.02.25-13.32.23:782][821]LogParticles: Destroying 0 GPU particle simulations for FXSystem 0x000000F2418176C0
[2015.02.25-13.32.23:787][821]LogExit: Object subsystem successfully closed.
[2015.02.25-13.32.23:833][821]LogModuleManager: Shutting down and abandoning module AutomationWorker (48)
[2015.02.25-13.32.23:833][821]LogModuleManager: Shutting down and abandoning module CharacterAI (47)
[2015.02.25-13.32.23:833][821]LogModuleManager: Shutting down and abandoning module AIModule (46)
[2015.02.25-13.32.23:833][821]LogModuleManager: Shutting down and abandoning module GameLiveStreaming (45)
[2015.02.25-13.32.23:833][821]LogModuleManager: Shutting down and abandoning module StreamingPauseRendering (44)
[2015.02.25-13.32.23:833][821]LogModuleManager: Shutting down and abandoning module HTTP (43)
[2015.02.25-13.32.23:833][821]LogModuleManager: Shutting down and abandoning module AnalyticsET (42)
[2015.02.25-13.32.23:833][821]LogModuleManager: Shutting down and abandoning module Analytics (41)
[2015.02.25-13.32.23:833][821]LogModuleManager: Shutting down and abandoning module ProfilerService (40)
[2015.02.25-13.32.23:851][821]LogModuleManager: Shutting down and abandoning module TaskGraph (39)
[2015.02.25-13.32.23:856][821]LogModuleManager: Shutting down and abandoning module SlateRemote (38)
[2015.02.25-13.32.23:856][821]LogModuleManager: Shutting down and abandoning module CustomMeshComponent (37)
[2015.02.25-13.32.23:856][821]LogModuleManager: Shutting down and abandoning module CableComponent (36)
[2015.02.25-13.32.23:856][821]LogModuleManager: Shutting down and abandoning module EmptySkies (35)
[2015.02.25-13.32.23:856][821]LogModuleManager: Shutting down and abandoning module ScriptPlugin (34)
[2015.02.25-13.32.23:860][821]LogModuleManager: Shutting down and abandoning module UdpMessaging (33)
[2015.02.25-13.32.23:860][821]LogModuleManager: Shutting down and abandoning module VictoryBPLibrary (32)
[2015.02.25-13.32.23:860][821]LogModuleManager: Shutting down and abandoning module Paper2D (31)
[2015.02.25-13.32.23:860][821]LogModuleManager: Shutting down and abandoning module WindowsMoviePlayer (30)
[2015.02.25-13.32.23:861][821]LogModuleManager: Shutting down and abandoning module Media (29)
[2015.02.25-13.32.23:861][821]LogModuleManager: Shutting down and abandoning module WmfMedia (28)
[2015.02.25-13.32.23:861][821]LogModuleManager: Shutting down and abandoning module UMG (27)
[2015.02.25-13.32.23:861][821]LogModuleManager: Shutting down and abandoning module Slate (26)
[2015.02.25-13.32.23:861][821]LogModuleManager: Shutting down and abandoning module SessionServices (25)
[2015.02.25-13.32.23:861][821]LogModuleManager: Shutting down and abandoning module Messaging (24)
[2015.02.25-13.32.23:861][821]LogModuleManager: Shutting down and abandoning module HeadMountedDisplay (23)
[2015.02.25-13.32.23:861][821]LogModuleManager: Shutting down and abandoning module XAudio2 (22)
[2015.02.25-13.32.23:861][821]LogModuleManager: Shutting down and abandoning module Networking (20)
[2015.02.25-13.32.23:861][821]LogModuleManager: Shutting down and abandoning module Core (19)
[2015.02.25-13.32.23:861][821]LogModuleManager: Shutting down and abandoning module InputCore (18)
[2015.02.25-13.32.23:861][821]LogModuleManager: Shutting down and abandoning module ImageWrapper (17)
[2015.02.25-13.32.23:861][821]LogModuleManager: Shutting down and abandoning module OculusRift (14)
[2015.02.25-13.32.23:861][821]LogModuleManager: Shutting down and abandoning module ExampleDeviceProfileSelector (13)
[2015.02.25-13.32.23:861][821]LogModuleManager: Shutting down and abandoning module ShaderCore (12)
[2015.02.25-13.32.23:861][821]LogModuleManager: Shutting down and abandoning module Landscape (11)
[2015.02.25-13.32.23:861][821]LogModuleManager: Shutting down and abandoning module SlateRHIRenderer (10)
[2015.02.25-13.32.23:861][821]LogModuleManager: Shutting down and abandoning module OpenGLDrv (9)
[2015.02.25-13.32.23:861][821]LogModuleManager: Shutting down and abandoning module D3D11RHI (8)
[2015.02.25-13.32.23:861][821]LogModuleManager: Shutting down and abandoning module Renderer (7)
[2015.02.25-13.32.23:861][821]LogModuleManager: Shutting down and abandoning module Engine (6)
[2015.02.25-13.32.23:861][821]LogModuleManager: Shutting down and abandoning module CoreUObject (5)
[2015.02.25-13.32.23:861][821]LogModuleManager: Shutting down and abandoning module NetworkFile (4)
[2015.02.25-13.32.23:861][821]LogModuleManager: Shutting down and abandoning module StreamingFile (3)
[2015.02.25-13.32.23:861][821]LogModuleManager: Shutting down and abandoning module SandboxFile (2)
[2015.02.25-13.32.23:861][821]LogModuleManager: Shutting down and abandoning module PakFile (1)
[2015.02.25-13.32.23:862][821]LogExit: Exiting.
[2015.02.25-13.32.23:863][821]Log file closed, 02/25/15 07:32:23
