Log file open, 04/22/15 10:17:58
LogInit: Version: 4.7.5-2503383+++depot+UE4-Releases+4.7
LogInit: API Version: 2455222
LogInit: Compiled (64-bit): Apr  6 2015 23:23:39
LogInit: Compiled with Visual C++: 18.00.21005.01
LogInit: Build Configuration: DebugGame
LogInit: Branch Name: ++depot+UE4-Releases+4.7
LogInit: Command line: 
LogInit: Base directory: C:/Users/Dillon/Documents/GitHub/EmptySkies-Builds/0.4.1/WindowsNoEditor/Empty_Skies/Binaries/Win64/
LogInit: Rocket: 1
[2015.04.22-15.17.58:850][  0]LogTaskGraph: Started task graph with 3 named threads and 6 total threads.
[2015.04.22-15.17.58:894][  0]LogOnline:Display: STEAM: Loading Steam SDK 1.30
[2015.04.22-15.17.59:116][  0]LogInit: WinSock: version 1.1 (2.2), MaxSocks=32767, MaxUdp=65467
[2015.04.22-15.17.59:129][  0]LogInit: Presizing for 0 objects not considered by GC, pre-allocating 0 bytes.
[2015.04.22-15.17.59:137][  0]LogInit: Object subsystem initialized
[2015.04.22-15.17.59:139][  0]LogConsoleResponse:Warning: Skipping Unknown console variable: 'TranslucentSortAxis = (X=0.000000,Y=-1.000000,Z=0.000000)'
[2015.04.22-15.17.59:139][  0]LogConsoleResponse:Warning:   Found in ini file '../../../Empty_Skies/Saved/Config/WindowsNoEditor/Engine.ini', in section '[/Script/Engine.RendererSettings]'
[2015.04.22-15.17.59:139][  0]LogConsoleResponse:Warning: Skipping Unknown console variable: 'UIScaleRule = ShortestSide'
[2015.04.22-15.17.59:140][  0]LogConsoleResponse:Warning:   Found in ini file '../../../Empty_Skies/Saved/Config/WindowsNoEditor/Engine.ini', in section '[/Script/Engine.RendererSettings]'
[2015.04.22-15.17.59:140][  0]LogConsoleResponse:Warning: Skipping Unknown console variable: 'UIScaleCurve = (EditorCurveData=(Keys=),ExternalCurve=None)'
[2015.04.22-15.17.59:140][  0]LogConsoleResponse:Warning:   Found in ini file '../../../Empty_Skies/Saved/Config/WindowsNoEditor/Engine.ini', in section '[/Script/Engine.RendererSettings]'
[2015.04.22-15.17.59:142][  0]LogInit: Selected Device Profile: [WindowsNoEditor]
[2015.04.22-15.17.59:142][  0]LogInit: Applying CVar settings loaded from the selected device profile: [WindowsNoEditor]
[2015.04.22-15.17.59:148][  0]LogInit: Computer: DILLONLAPTOP
[2015.04.22-15.17.59:148][  0]LogInit: User: Dillon
[2015.04.22-15.17.59:148][  0]LogInit: CPU Page size=4096, Cores=4
[2015.04.22-15.17.59:148][  0]LogInit: High frequency timer resolution =2.338345 MHz
[2015.04.22-15.17.59:148][  0]LogMemory: Memory total: Physical=7.9GB (8GB approx) Virtual=131072.0GB
[2015.04.22-15.17.59:149][  0]LogMemory: Platform Memory Stats for WindowsNoEditor
[2015.04.22-15.17.59:149][  0]LogMemory: Process Physical Memory: 62.57 MB used, 67.34 MB peak
[2015.04.22-15.17.59:149][  0]LogMemory: Process Virtual Memory: 34.37 MB used, 41.45 MB peak
[2015.04.22-15.17.59:149][  0]LogMemory: Physical Memory: 4953.54 MB used, 8080.29 MB total
[2015.04.22-15.17.59:149][  0]LogMemory: Virtual Memory: 285.93 MB used, 134217728.00 MB total
[2015.04.22-15.17.59:182][  0]LogD3D11RHI: Found D3D11 adapter 0: NVIDIA GeForce GTX 770M (Feature Level 11_0)
[2015.04.22-15.17.59:182][  0]LogD3D11RHI: Adapter has 2995MB of dedicated video memory, 0MB of dedicated system memory, and 4040MB of shared system memory, 1 output[s]
[2015.04.22-15.17.59:203][  0]LogD3D11RHI: Found D3D11 adapter 1: NVIDIA GeForce GTX 770M (Feature Level 11_0)
[2015.04.22-15.17.59:203][  0]LogD3D11RHI: Adapter has 2995MB of dedicated video memory, 0MB of dedicated system memory, and 4040MB of shared system memory, 0 output[s]
[2015.04.22-15.17.59:205][  0]LogD3D11RHI: Found D3D11 adapter 2: Microsoft Basic Render Driver (Feature Level 11_0)
[2015.04.22-15.17.59:205][  0]LogD3D11RHI: Adapter has 2995MB of dedicated video memory, 0MB of dedicated system memory, and 4040MB of shared system memory, 0 output[s]
[2015.04.22-15.17.59:205][  0]LogD3D11RHI: Chosen D3D11 Adapter Id = 0
[2015.04.22-15.17.59:234][  0]LogRHI: Texture pool is 1361 MB (70% of 1945 MB)
[2015.04.22-15.17.59:250][  0]LogD3D11RHI: Async texture creation enabled
[2015.04.22-15.17.59:296][  0]LogTextLocalizationManager: The requested culture ('en_US') has no localization data; parent culture's ('en') localization data will be used.
[2015.04.22-15.17.59:324][  0]LogContentStreaming: Texture pool size is 1000.000000MB
[2015.04.22-15.17.59:715][  0]LogWindowsMoviePlayer: Unable to load movie: ../../../Empty_Skies/Content/Movies/Default_Startup.mp4
[2015.04.22-15.17.59:752][  0]LogObj: 20190 objects as part of root set at end of initial load.
[2015.04.22-15.17.59:752][  0]LogUObjectAllocator: 4160648 out of 0 bytes used by permanent object pool.
[2015.04.22-15.17.59:763][  0]LogEngine: Initializing Engine...
[2015.04.22-15.18.01:808][  0]LogInit: XAudio2 using 'Speakers (Bluetooth Audio Device)' : 2 channels at 48 kHz using 16 bits per sample (channel mask 0x3)
[2015.04.22-15.18.01:812][  0]LogInit: FAudioDevice initialized.
[2015.04.22-15.18.01:812][  0]LogInit: Texture streaming: Enabled
[2015.04.22-15.18.02:005][  0]LogMaterial: Can't compile M_explosion_subUV with cooked content, will use default material instead
[2015.04.22-15.18.02:005][  0]LogMaterial:Warning: Failed to compile Material /Game/Particles/Materials/M_explosion_subUV.M_explosion_subUV for platform PCD3D_SM5, Default Material will be used in game.
[2015.04.22-15.18.02:005][  0]LogMaterial: Can't compile M_Burst with cooked content, will use default material instead
[2015.04.22-15.18.02:005][  0]LogMaterial:Warning: Failed to compile Material /Game/Particles/Materials/M_Burst.M_Burst for platform PCD3D_SM5, Default Material will be used in game.
[2015.04.22-15.18.02:005][  0]LogMaterial: Can't compile M_smoke_subUV with cooked content, will use default material instead
[2015.04.22-15.18.02:005][  0]LogMaterial:Warning: Failed to compile Material /Game/Particles/Materials/M_smoke_subUV.M_smoke_subUV for platform PCD3D_SM5, Default Material will be used in game.
[2015.04.22-15.18.02:013][  0]LogNet: Browse: /Game/Levels/EmptySkies_MainMenu?Name=Player
[2015.04.22-15.18.02:022][  0]LogLoad: LoadMap: /Game/Levels/EmptySkies_MainMenu?Name=Player
[2015.04.22-15.18.02:037][  0]LogMemory: Platform Memory Stats for WindowsNoEditor
[2015.04.22-15.18.02:037][  0]LogMemory: Process Physical Memory: 150.24 MB used, 152.03 MB peak
[2015.04.22-15.18.02:037][  0]LogMemory: Process Virtual Memory: 106.69 MB used, 111.55 MB peak
[2015.04.22-15.18.02:037][  0]LogMemory: Physical Memory: 5070.58 MB used, 8080.29 MB total
[2015.04.22-15.18.02:037][  0]LogMemory: Virtual Memory: 491.42 MB used, 134217728.00 MB total
[2015.04.22-15.18.02:037][  0]LogMemory: 
[2015.04.22-15.18.02:038][  0]LogMemory: Allocator Stats for binned:
[2015.04.22-15.18.02:038][  0]LogMemory: Current Memory 43.91 MB used, plus 4.21 MB waste
[2015.04.22-15.18.02:038][  0]LogMemory: Peak Memory 52.62 MB used, plus 2.12 MB waste
[2015.04.22-15.18.02:038][  0]LogMemory: Current OS Memory 48.12 MB, peak 54.74 MB
[2015.04.22-15.18.02:038][  0]LogMemory: Current Waste 0.73 MB, peak 0.93 MB
[2015.04.22-15.18.02:038][  0]LogMemory: Current Used 43.91 MB, peak 52.62 MB
[2015.04.22-15.18.02:038][  0]LogMemory: Current Slack 3.48 MB
[2015.04.22-15.18.02:038][  0]LogMemory: Allocs       112862 Current /  1078833 Total
[2015.04.22-15.18.02:038][  0]LogMemory: 
[2015.04.22-15.18.02:038][  0]LogMemory: Block Size Num Pools Max Pools Cur Allocs Total Allocs Min Req Max Req Mem Used Mem Slack Mem Waste Efficiency
[2015.04.22-15.18.02:038][  0]LogMemory: ---------- --------- --------- ---------- ------------ ------- ------- -------- --------- --------- ----------
[2015.04.22-15.18.02:038][  0]LogMemory:          8         0         0          0            0       8       0       0K        0K        0K    100.00%
[2015.04.22-15.18.02:038][  0]LogMemory:         16         6         6      20471       110202      16      16     319K       65K        0K    100.00%
[2015.04.22-15.18.02:038][  0]LogMemory:         32        13        13      23621       114792      32      32     738K       94K        0K    100.00%
[2015.04.22-15.18.02:038][  0]LogMemory:         48         8         8       9434        50061      48      48     442K       70K        0K    100.00%
[2015.04.22-15.18.02:038][  0]LogMemory:         64        13        13      12904        61950      64      64     806K       26K        0K    100.00%
[2015.04.22-15.18.02:038][  0]LogMemory:         80         4         4       3002        43424      80      80     234K       22K        0K    100.00%
[2015.04.22-15.18.02:038][  0]LogMemory:         96         5         5       2831        53829      96      96     265K       55K        0K    100.00%
[2015.04.22-15.18.02:038][  0]LogMemory:        112         3         3       1160        19399     112     112     126K       66K        0K    100.00%
[2015.04.22-15.18.02:038][  0]LogMemory:        128        31        31      15580        32954     128     128    1947K       37K        0K    100.00%
[2015.04.22-15.18.02:038][  0]LogMemory:        160        10        12       3127        51839     144     160     488K      152K       20K     96.88%
[2015.04.22-15.18.02:038][  0]LogMemory:        192        14        14       4602        97185     176     192     862K       34K       28K     96.88%
[2015.04.22-15.18.02:038][  0]LogMemory:        224         4         4        859       110239     208     224     187K       69K        8K     96.88%
[2015.04.22-15.18.02:038][  0]LogMemory:        256        18        29       4505        87274     240     256    1126K       26K       34K     97.05%
[2015.04.22-15.18.02:038][  0]LogMemory:        288         6         6       1205        85195     272     288     338K       46K        8K     97.92%
[2015.04.22-15.18.02:038][  0]LogMemory:        320         4         4        705        71699     304     320     220K       35K        6K     97.66%
[2015.04.22-15.18.02:038][  0]LogMemory:        384        10        10       1678        45654     336     384     629K        9K       58K     90.94%
[2015.04.22-15.18.02:038][  0]LogMemory:        448        11        11       1534         7531     400     448     671K       32K       41K     94.18%
[2015.04.22-15.18.02:038][  0]LogMemory:        512         9         9       1098         9343     464     512     549K       27K       32K     94.44%
[2015.04.22-15.18.02:038][  0]LogMemory:        576         3         3        287         1792     528     576     161K       30K       10K     94.79%
[2015.04.22-15.18.02:038][  0]LogMemory:        640         2         2        132          388     592     640      82K       46K        4K     96.88%
[2015.04.22-15.18.02:038][  0]LogMemory:        704         9        10        681         1517     656     704     468K      108K       13K     97.74%
[2015.04.22-15.18.02:038][  0]LogMemory:        768        15        15        990         3905     720     768     742K      215K       27K     97.19%
[2015.04.22-15.18.02:038][  0]LogMemory:        896         6         6        366          942     784     896     320K       64K       20K     94.79%
[2015.04.22-15.18.02:038][  0]LogMemory:       1024         3         3        139          543     912    1024     139K       53K        3K     98.44%
[2015.04.22-15.18.02:038][  0]LogMemory:       1168         3         3        132          527    1040    1168     150K       42K        8K     95.83%
[2015.04.22-15.18.02:038][  0]LogMemory:       1360         7         7        247         3126    1184    1360     328K      119K       21K     95.31%
[2015.04.22-15.18.02:038][  0]LogMemory:       1632         8         8        268          693    1376    1632     427K       83K       29K     94.34%
[2015.04.22-15.18.02:038][  0]LogMemory:       2048        10        10        168         1208    1648    2048     336K      304K       26K     95.94%
[2015.04.22-15.18.02:038][  0]LogMemory:       2336         5         5        106         3155    2064    2336     241K       79K       26K     91.88%
[2015.04.22-15.18.02:038][  0]LogMemory:       2720         6         6        117          528    2352    2720     310K       73K       16K     95.83%
[2015.04.22-15.18.02:038][  0]LogMemory:       3264        11        11        161         2309    2736    3264     513K      189K       30K     95.74%
[2015.04.22-15.18.02:038][  0]LogMemory:       4096        14        15        158          779    3280    4096     632K      264K       56K     93.75%
[2015.04.22-15.18.02:038][  0]LogMemory:       4672        10        12         95         1469    4112    4672     433K      206K       16K     97.50%
[2015.04.22-15.18.02:038][  0]LogMemory:       5456        12        16        111          444    4688    5456     591K      177K       50K     93.49%
[2015.04.22-15.18.02:038][  0]LogMemory:       6544        14        15        109          328    5488    6544     696K      199K       59K     93.42%
[2015.04.22-15.18.02:038][  0]LogMemory:       8192         6         7         43          880    6560    8192     344K       40K       24K     93.75%
[2015.04.22-15.18.02:038][  0]LogMemory:       9360         5         5         30           92    8208    9360     274K       46K       15K     95.31%
[2015.04.22-15.18.02:038][  0]LogMemory:      10912         4         4         17          140    9408   10880     181K       75K       18K     92.97%
[2015.04.22-15.18.02:038][  0]LogMemory:      13104         4         4         15           59   10960   13056     191K       65K       13K     94.92%
[2015.04.22-15.18.02:038][  0]LogMemory:      16384         6         9         21          121   13120   16384     336K       48K       23K     94.01%
[2015.04.22-15.18.02:038][  0]LogMemory:      21840        14        15         36          164   16400   21824     767K      129K       96K     89.29%
[2015.04.22-15.18.02:038][  0]LogMemory:      32768         7         7         12          319   21856   32640     384K       64K       82K     81.70%
[2015.04.22-15.18.02:038][  0]LogMemory: 
[2015.04.22-15.18.02:038][  0]LogMemory: 22592K allocated in pools (with 3583K slack and 920K waste). Efficiency 95.93%
[2015.04.22-15.18.02:038][  0]LogMemory: Allocations 112758 Current / 1077999 Total (in 353 pools)
[2015.04.22-15.18.02:038][  0]LogMemory: 
[2015.04.22-15.18.02:231][  0]LogWorld: Game class is 'NoplayerGameMode_C'
[2015.04.22-15.18.02:238][  0]LogModuleManager:Warning: ModuleManager: Module 'GameplayDebugger' not found - its StaticallyLinkedModuleInitializers function is null.
[2015.04.22-15.18.02:238][  0]LogAIModule: Creating AISystem for world EmptySkies_MainMenu
[2015.04.22-15.18.02:254][  0]LogWorld: Bringing World /Game/Levels/EmptySkies_MainMenu.EmptySkies_MainMenu up for play (max tick rate 0) at 2015.04.22-10.18.02
[2015.04.22-15.18.02:255][  0]LogWorld: Bringing up level for play took: 0.016339
[2015.04.22-15.18.02:257][  0]LogInit:Display: Game Engine Initialized.
[2015.04.22-15.18.02:458][  0]LogLoad: Full Startup: 5.05 seconds (BP compile: 0.00 seconds)
[2015.04.22-15.18.02:556][  2]LogRenderer:Warning: Reallocating scene render targets to support 1600x904 (Frame:2).
[2015.04.22-15.18.55:886][297]LogOnline:Warning: Unknown or unsupported data type from Steam key data 0 3
[2015.04.22-15.18.55:886][297]LogOnline:Warning: STEAM: Failed to parse setting from key 0 value 3
[2015.04.22-15.18.55:886][297]LogOnline:Warning: Unknown or unsupported data type from Steam key data 1 0
[2015.04.22-15.18.55:886][297]LogOnline:Warning: STEAM: Failed to parse setting from key 1 value 0
[2015.04.22-15.18.55:886][297]LogOnline:Warning: Unknown or unsupported data type from Steam key data 2 0
[2015.04.22-15.18.55:886][297]LogOnline:Warning: STEAM: Failed to parse setting from key 2 value 0
[2015.04.22-15.18.55:886][297]LogOnline:Warning: Unknown or unsupported data type from Steam key data 3 0
[2015.04.22-15.18.55:886][297]LogOnline:Warning: STEAM: Failed to parse setting from key 3 value 0
[2015.04.22-15.18.55:886][297]LogOnline:Warning: Unknown or unsupported data type from Steam key data 4 0
[2015.04.22-15.18.55:886][297]LogOnline:Warning: STEAM: Failed to parse setting from key 4 value 0
[2015.04.22-15.18.55:886][297]LogOnline:Warning: Unknown or unsupported data type from Steam key data 5 0
[2015.04.22-15.18.55:886][297]LogOnline:Warning: STEAM: Failed to parse setting from key 5 value 0
[2015.04.22-15.18.55:886][297]LogOnline:Warning: Unknown or unsupported data type from Steam key data Date Wed, 22 Apr 2015 14:59:24 GMT
[2015.04.22-15.18.55:886][297]LogOnline:Warning: STEAM: Failed to parse setting from key Date value Wed, 22 Apr 2015 14:59:24 GMT
[2015.04.22-15.18.55:886][297]LogOnline:Warning: Unknown or unsupported data type from Steam key data JoinPolicy 0
[2015.04.22-15.18.55:886][297]LogOnline:Warning: STEAM: Failed to parse setting from key JoinPolicy value 0
[2015.04.22-15.18.55:886][297]LogOnline:Warning: Unknown or unsupported data type from Steam key data name julio2002jerez's Servidor
[2015.04.22-15.18.55:886][297]LogOnline:Warning: STEAM: Failed to parse setting from key name value julio2002jerez's Servidor
[2015.04.22-15.18.55:886][297]LogOnline:Warning: Unknown or unsupported data type from Steam key data Protected False
[2015.04.22-15.18.55:886][297]LogOnline:Warning: STEAM: Failed to parse setting from key Protected value False
[2015.04.22-15.18.55:886][297]LogOnline:Warning: STEAM: Unable to parse search result for lobby 'Lobby [0x1860000412CC4C9]'
[2015.04.22-15.18.55:887][297]LogOnline:Warning: Unknown or unsupported data type from Steam key data 0 3
[2015.04.22-15.18.55:887][297]LogOnline:Warning: STEAM: Failed to parse setting from key 0 value 3
[2015.04.22-15.18.55:887][297]LogOnline:Warning: Unknown or unsupported data type from Steam key data 1 0
[2015.04.22-15.18.55:887][297]LogOnline:Warning: STEAM: Failed to parse setting from key 1 value 0
[2015.04.22-15.18.55:887][297]LogOnline:Warning: Unknown or unsupported data type from Steam key data 2 1
[2015.04.22-15.18.55:887][297]LogOnline:Warning: STEAM: Failed to parse setting from key 2 value 1
[2015.04.22-15.18.55:887][297]LogOnline:Warning: Unknown or unsupported data type from Steam key data 3 2
[2015.04.22-15.18.55:887][297]LogOnline:Warning: STEAM: Failed to parse setting from key 3 value 2
[2015.04.22-15.18.55:887][297]LogOnline:Warning: Unknown or unsupported data type from Steam key data 4 0
[2015.04.22-15.18.55:887][297]LogOnline:Warning: STEAM: Failed to parse setting from key 4 value 0
[2015.04.22-15.18.55:887][297]LogOnline:Warning: Unknown or unsupported data type from Steam key data 5 0
[2015.04.22-15.18.55:887][297]LogOnline:Warning: STEAM: Failed to parse setting from key 5 value 0
[2015.04.22-15.18.55:887][297]LogOnline:Warning: Unknown or unsupported data type from Steam key data Date Wed, 22 Apr 2015 15:03:04 GMT
[2015.04.22-15.18.55:887][297]LogOnline:Warning: STEAM: Failed to parse setting from key Date value Wed, 22 Apr 2015 15:03:04 GMT
[2015.04.22-15.18.55:887][297]LogOnline:Warning: Unknown or unsupported data type from Steam key data JoinPolicy 0
[2015.04.22-15.18.55:887][297]LogOnline:Warning: STEAM: Failed to parse setting from key JoinPolicy value 0
[2015.04.22-15.18.55:887][297]LogOnline:Warning: Unknown or unsupported data type from Steam key data name julio2002jerez's ServidorJh
[2015.04.22-15.18.55:887][297]LogOnline:Warning: STEAM: Failed to parse setting from key name value julio2002jerez's ServidorJh
[2015.04.22-15.18.55:887][297]LogOnline:Warning: Unknown or unsupported data type from Steam key data Protected False
[2015.04.22-15.18.55:887][297]LogOnline:Warning: STEAM: Failed to parse setting from key Protected value False
[2015.04.22-15.18.55:887][297]LogOnline:Warning: STEAM: Unable to parse search result for lobby 'Lobby [0x1860000412CD3FB]'
[2015.04.22-15.18.55:887][297]LogOnline:Warning: STEAM: Unable to parse search result for lobby 'Lobby [0x1860000412CD037]'
[2015.04.22-15.18.55:889][297]LogScript:Warning: Found a session. Ping is -1
[2015.04.22-15.18.59:169][499]LogNet: Browse: steam.76561198068169889//Game/Levels/EmptySkies_MainMenu
[2015.04.22-15.18.59:170][499]LogNet:Display: SteamNetDriver_0 bound to port 7777
[2015.04.22-15.18.59:196][499]LogNet: Game client on port 7777, rate 10000
[2015.04.22-15.18.59:196][499]LogNet: GetLocalNetworkVersion: GEngineNetVersion: 2503383, ProjectName: empty_skies, ProjectVersion: , LocalNetworkVersion: 1978257420
[2015.04.22-15.19.03:116][737]LogNet: Welcomed by server (Level: /Game/Levels/EmptySkies_Lobby, Game: /Game/Blueprints/LevelBlueprints/LobbyGameMode.LobbyGameMode_C)
[2015.04.22-15.19.03:127][737]LogLoad: LoadMap: steam.76561198068169889//Game/Levels/EmptySkies_Lobby?game=/Game/Blueprints/LevelBlueprints/LobbyGameMode.LobbyGameMode_C
[2015.04.22-15.19.03:134][737]LogParticles: Destroying 0 GPU particle simulations for FXSystem 0x000000A7A2F547E0
[2015.04.22-15.19.03:142][737]LogMemory: Platform Memory Stats for WindowsNoEditor
[2015.04.22-15.19.03:142][737]LogMemory: Process Physical Memory: 188.22 MB used, 228.95 MB peak
[2015.04.22-15.19.03:142][737]LogMemory: Process Virtual Memory: 132.18 MB used, 180.27 MB peak
[2015.04.22-15.19.03:142][737]LogMemory: Physical Memory: 5053.46 MB used, 8080.29 MB total
[2015.04.22-15.19.03:142][737]LogMemory: Virtual Memory: 554.38 MB used, 134217728.00 MB total
[2015.04.22-15.19.03:142][737]LogMemory: 
[2015.04.22-15.19.03:143][737]LogMemory: Allocator Stats for binned:
[2015.04.22-15.19.03:143][737]LogMemory: Current Memory 40.50 MB used, plus 16.90 MB waste
[2015.04.22-15.19.03:143][737]LogMemory: Peak Memory 93.58 MB used, plus 3.63 MB waste
[2015.04.22-15.19.03:143][737]LogMemory: Current OS Memory 57.40 MB, peak 97.22 MB
[2015.04.22-15.19.03:143][737]LogMemory: Current Waste 1.03 MB, peak 1.22 MB
[2015.04.22-15.19.03:143][737]LogMemory: Current Used 40.50 MB, peak 93.58 MB
[2015.04.22-15.19.03:143][737]LogMemory: Current Slack 15.87 MB
[2015.04.22-15.19.03:143][737]LogMemory: Allocs       115658 Current /  3824789 Total
[2015.04.22-15.19.03:143][737]LogMemory: 
[2015.04.22-15.19.03:143][737]LogMemory: Block Size Num Pools Max Pools Cur Allocs Total Allocs Min Req Max Req Mem Used Mem Slack Mem Waste Efficiency
[2015.04.22-15.19.03:143][737]LogMemory: ---------- --------- --------- ---------- ------------ ------- ------- -------- --------- --------- ----------
[2015.04.22-15.19.03:143][737]LogMemory:          8         0         0          0            0       8       0       0K        0K        0K    100.00%
[2015.04.22-15.19.03:143][737]LogMemory:         16         7         7      20932       710019      16      16     327K      121K        0K    100.00%
[2015.04.22-15.19.03:143][737]LogMemory:         32        14        14      24773       356143      32      32     774K      122K        0K    100.00%
[2015.04.22-15.19.03:143][737]LogMemory:         48         9         9       9708       431515      48      48     455K      121K        0K    100.00%
[2015.04.22-15.19.03:143][737]LogMemory:         64        15        15      13253       401222      64      64     828K      132K        0K    100.00%
[2015.04.22-15.19.03:143][737]LogMemory:         80         5         5       3139       199145      80      80     245K       75K        0K    100.00%
[2015.04.22-15.19.03:143][737]LogMemory:         96         5         5       2897       153313      96      96     271K       49K        0K    100.00%
[2015.04.22-15.19.03:143][737]LogMemory:        112         3         3       1326       322814     112     112     145K       47K        0K    100.00%
[2015.04.22-15.19.03:143][737]LogMemory:        128        32        32      15789        52048     128     128    1973K       75K        0K    100.00%
[2015.04.22-15.19.03:143][737]LogMemory:        160        12        12       3290        92354     144     160     514K      253K       25K     96.74%
[2015.04.22-15.19.03:143][737]LogMemory:        192        15        15       4729       133768     176     192     886K       74K       36K     96.25%
[2015.04.22-15.19.03:143][737]LogMemory:        224         4         4        876       113201     208     224     191K       65K        8K     96.88%
[2015.04.22-15.19.03:143][737]LogMemory:        256        21        29       4703        94991     240     256    1175K      169K       36K     97.32%
[2015.04.22-15.19.03:143][737]LogMemory:        288         7         7       1214       181212     272     288     341K      106K        5K     98.88%
[2015.04.22-15.19.03:143][737]LogMemory:        320         5         5        718        89304     304     320     224K       95K        5K     98.44%
[2015.04.22-15.19.03:143][737]LogMemory:        384        12        12       1752       118151     336     384     657K      108K       55K     92.84%
[2015.04.22-15.19.03:143][737]LogMemory:        448        12        12       1557        48275     400     448     681K       86K        7K     99.09%
[2015.04.22-15.19.03:143][737]LogMemory:        512        10        10       1130        21421     464     512     565K       75K       24K     96.25%
[2015.04.22-15.19.03:143][737]LogMemory:        576         4         4        328        10873     528     576     184K       71K       11K     95.70%
[2015.04.22-15.19.03:143][737]LogMemory:        640         2         3        143          514     592     640      89K       39K        3K     97.66%
[2015.04.22-15.19.03:143][737]LogMemory:        704        10        11        684         5605     656     704     470K      170K       12K     98.13%
[2015.04.22-15.19.03:143][737]LogMemory:        768        18        23       1018        11489     720     768     763K      385K       32K     97.22%
[2015.04.22-15.19.03:143][737]LogMemory:        896         8         9        382        45721     784     896     334K      177K       32K     93.75%
[2015.04.22-15.19.03:143][737]LogMemory:       1024         3         3        154        42619     912    1024     154K       38K        0K    100.00%
[2015.04.22-15.19.03:143][737]LogMemory:       1168         3         4        136         3825    1040    1168     155K       37K       13K     93.23%
[2015.04.22-15.19.03:143][737]LogMemory:       1360         8         8        264        14720    1184    1360     350K      160K       22K     95.70%
[2015.04.22-15.19.03:143][737]LogMemory:       1632         8         9        268         2693    1376    1632     427K       83K       26K     94.92%
[2015.04.22-15.19.03:143][737]LogMemory:       2048        10        10        180        10189    1648    2048     360K      280K       46K     92.81%
[2015.04.22-15.19.03:143][737]LogMemory:       2336         5         5        109         3631    2064    2336     248K       72K       24K     92.50%
[2015.04.22-15.19.03:143][737]LogMemory:       2720         7         7        131        12216    2352    2720     347K      100K       18K     95.98%
[2015.04.22-15.19.03:143][737]LogMemory:       3264        11        11        167        21970    2736    3264     532K      170K       58K     91.76%
[2015.04.22-15.19.03:143][737]LogMemory:       4096        14        15        168         1542    3280    4096     672K      224K       52K     94.20%
[2015.04.22-15.19.03:143][737]LogMemory:       4672        10        12        111         2358    4112    4672     506K      133K       22K     96.56%
[2015.04.22-15.19.03:143][737]LogMemory:       5456        12        16        120        19195    4688    5456     639K      129K       44K     94.27%
[2015.04.22-15.19.03:143][737]LogMemory:       6544        13        15        115         5031    5472    6544     734K       97K       77K     90.75%
[2015.04.22-15.19.03:143][737]LogMemory:       8192         7        10         46         4895    6560    8192     368K       80K       51K     88.62%
[2015.04.22-15.19.03:143][737]LogMemory:       9360         5         6         29         3228    8208    9360     265K       55K       18K     94.38%
[2015.04.22-15.19.03:143][737]LogMemory:      10912         7        11         36        44710    9408   10880     383K       65K       42K     90.63%
[2015.04.22-15.19.03:143][737]LogMemory:      13104         4         4         16          279   10960   13056     204K       52K       15K     94.14%
[2015.04.22-15.19.03:143][737]LogMemory:      16384         6        12         21         7638   13120   16384     336K       48K       23K     94.01%
[2015.04.22-15.19.03:143][737]LogMemory:      21840        14        16         38         3533   16400   21824     810K       86K       69K     92.30%
[2015.04.22-15.19.03:143][737]LogMemory:      32768        10        16         17          960   21856   32640     544K       96K      107K     83.28%
[2015.04.22-15.19.03:143][737]LogMemory: 
[2015.04.22-15.19.03:143][737]LogMemory: 24768K allocated in pools (with 4620K slack and 1018K waste). Efficiency 95.89%
[2015.04.22-15.19.03:143][737]LogMemory: Allocations 116468 Current / 3798331 Total (in 387 pools)
[2015.04.22-15.19.03:143][737]LogMemory: 
[2015.04.22-15.19.03:167][737]LogWorld: Bringing World /Game/Levels/EmptySkies_Lobby.EmptySkies_Lobby up for play (max tick rate 0) at 2015.04.22-10.19.03
[2015.04.22-15.19.03:167][737]LogWorld: Bringing up level for play took: 0.000298
[2015.04.22-15.19.08:436][ 58]LogWorld: SeamlessTravel to: /Game/Levels/EmptySkies_DeathMatch1
[2015.04.22-15.19.08:475][ 59]LogParticles: Destroying 0 GPU particle simulations for FXSystem 0x000000A79C47C800
[2015.04.22-15.19.08:475][ 59]LogNetPackageMap:Warning: FNetGUIDCache::CleanReferences: ObjectLookup: 24, NetGUIDLookup: 19, Mem: 4 kB
[2015.04.22-15.19.08:475][ 59]LogWorld: Bringing World /Game/Levels/EmptySkies_Testlevel.EmptySkies_Testlevel up for play (max tick rate 0) at 2015.04.22-10.19.08
[2015.04.22-15.19.08:476][ 59]LogWorld: Bringing up level for play took: 0.000454
[2015.04.22-15.19.08:476][ 59]LogWorld: Sending NotifyLoadedWorld for LP: LocalPlayer_0 PC: CustomPlayerController_C_2
[2015.04.22-15.19.08:476][ 59]LogNet:Verbose: NotifyLoadedWorld Begin
[2015.04.22-15.19.08:476][ 59]LogNet:VeryVerbose: GetFunctionCallspace RemoteRole Remote ServerNotifyLoadedWorld
[2015.04.22-15.19.08:476][ 59]LogNetTraffic:       Sent RPC: CustomPlayerController_C_2::ServerNotifyLoadedWorld [44.0 bytes]
[2015.04.22-15.19.08:476][ 59]LogNetTraffic:VeryVerbose: Sending: FOutBunch: Channel[2] ChSequence: 6 NumBits: 352 PacketId: 0 bOpen: 0 bClose: 0 bDormant: 0 bReliable: 1 bPartial: 0//0//0 bHasGUIDs: 0 9.27 RPC: CustomPlayerController_C_2 - ServerNotifyLoadedWorld
[2015.04.22-15.19.08:480][ 59]LogNetTraffic:Verbose: UNetConnection::SendRawBunch. ChIndex: 2. Bits: 352. PacketId: 181
[2015.04.22-15.19.08:480][ 59]LogNet:Verbose: NotifyLoadedWorld End
[2015.04.22-15.19.08:480][ 59]LogWorld: StartLoadingDestination to: /Game/Levels/EmptySkies_DeathMatch1
[2015.04.22-15.19.08:720][ 65]LogParticles: Destroying 0 GPU particle simulations for FXSystem 0x000000A79C479060
[2015.04.22-15.19.08:721][ 65]LogNetPackageMap:Warning: FNetGUIDCache::CleanReferences: ObjectLookup: 24, NetGUIDLookup: 16, Mem: 4 kB
[2015.04.22-15.19.08:771][ 65]LogWorld: Bringing World /Game/Levels/EmptySkies_DeathMatch1.EmptySkies_DeathMatch1 up for play (max tick rate 0) at 2015.04.22-10.19.08
[2015.04.22-15.19.08:772][ 65]LogWorld: Bringing up level for play took: 0.049949
[2015.04.22-15.19.08:772][ 65]LogWorld: Sending NotifyLoadedWorld for LP: LocalPlayer_0 PC: CustomPlayerController_C_3
[2015.04.22-15.19.08:772][ 65]LogNet:Verbose: NotifyLoadedWorld Begin
[2015.04.22-15.19.08:772][ 65]LogNet:VeryVerbose: GetFunctionCallspace RemoteRole Remote ServerNotifyLoadedWorld
[2015.04.22-15.19.08:772][ 65]LogNetTraffic:       Sent RPC: CustomPlayerController_C_3::ServerNotifyLoadedWorld [46.0 bytes]
[2015.04.22-15.19.08:772][ 65]LogNetTraffic:VeryVerbose: Sending: FOutBunch: Channel[2] ChSequence: 7 NumBits: 368 PacketId: 0 bOpen: 0 bClose: 0 bDormant: 0 bReliable: 1 bPartial: 0//0//0 bHasGUIDs: 0 9.51 RPC: CustomPlayerController_C_3 - ServerNotifyLoadedWorld
[2015.04.22-15.19.08:772][ 65]LogNetTraffic:Verbose: UNetConnection::SendRawBunch. ChIndex: 2. Bits: 368. PacketId: 183
[2015.04.22-15.19.08:772][ 65]LogNet:Verbose: NotifyLoadedWorld End
[2015.04.22-15.19.08:772][ 65]LogWorld: ----SeamlessTravel finished------
[2015.04.22-15.19.09:699][121]LogBlueprintUserMessages: 4
[2015.04.22-15.19.10:020][141]LogSpawn:Warning: SpawnActor failed because no class was specified
[2015.04.22-15.19.10:020][141]LogPlayerController:Warning: Failed to spawn spectator with class NULL
[2015.04.22-15.19.10:680][182]LogBlueprintUserMessages: 3
[2015.04.22-15.19.11:689][244]LogBlueprintUserMessages: 2
[2015.04.22-15.19.12:688][306]LogBlueprintUserMessages: 1
[2015.04.22-15.19.13:688][368]LogBlueprintUserMessages: 0
[2015.04.22-15.19.44:917][292]LogEngine: All Windows Closed
[2015.04.22-15.19.44:917][292]LogWindows: FPlatformMisc::RequestExit(0)
[2015.04.22-15.19.44:933][293]LogNet: World NetDriver shutdown SteamNetDriver_0 [GameNetDriver]
[2015.04.22-15.19.44:933][293]LogNet: DestroyNamedNetDriver SteamNetDriver_0 [GameNetDriver]
[2015.04.22-15.19.44:933][293]LogNet: UNetConnection::Close: Name: SteamNetConnection_0, Driver: GameNetDriver SteamNetDriver_0, PC: CustomPlayerController_C_3, Owner: CustomPlayerController_C_3, Channels: 11, RemoteAddr: 76561198068169889:7777, Time: 2015.04.22-15.19.44
[2015.04.22-15.19.44:933][293]LogNet: UChannel::Close: Sending CloseBunch. ChIndex == 0. Name: ControlChannel_0
[2015.04.22-15.19.44:934][293]LogExit: GameNetDriver SteamNetDriver_0 shut down
[2015.04.22-15.19.45:044][293]LogExit: Preparing to exit.
[2015.04.22-15.19.45:122][293]LogExit: Game engine shut down
[2015.04.22-15.19.45:124][293]LogParticles: Destroying 0 GPU particle simulations for FXSystem 0x000000A7A366FDC0
[2015.04.22-15.19.45:147][293]LogExit: Object subsystem successfully closed.
[2015.04.22-15.19.45:156][293]LogModuleManager: Shutting down and abandoning module AutomationWorker (49)
[2015.04.22-15.19.45:156][293]LogModuleManager: Shutting down and abandoning module CharacterAI (48)
[2015.04.22-15.19.45:156][293]LogModuleManager: Shutting down and abandoning module AIModule (46)
[2015.04.22-15.19.45:156][293]LogModuleManager: Shutting down and abandoning module GameLiveStreaming (45)
[2015.04.22-15.19.45:156][293]LogModuleManager: Shutting down and abandoning module StreamingPauseRendering (44)
[2015.04.22-15.19.45:156][293]LogModuleManager: Shutting down and abandoning module HTTP (43)
[2015.04.22-15.19.45:156][293]LogModuleManager: Shutting down and abandoning module AnalyticsET (42)
[2015.04.22-15.19.45:156][293]LogModuleManager: Shutting down and abandoning module Analytics (41)
[2015.04.22-15.19.45:156][293]LogModuleManager: Shutting down and abandoning module ProfilerService (40)
[2015.04.22-15.19.45:327][293]LogModuleManager: Shutting down and abandoning module TaskGraph (39)
[2015.04.22-15.19.45:327][293]LogModuleManager: Shutting down and abandoning module SlateRemote (38)
[2015.04.22-15.19.45:327][293]LogModuleManager: Shutting down and abandoning module CustomMeshComponent (37)
[2015.04.22-15.19.45:327][293]LogModuleManager: Shutting down and abandoning module CableComponent (36)
[2015.04.22-15.19.45:327][293]LogModuleManager: Shutting down and abandoning module Empty_Skies (35)
[2015.04.22-15.19.45:327][293]LogModuleManager: Shutting down and abandoning module ScriptPlugin (34)
[2015.04.22-15.19.45:327][293]LogModuleManager: Shutting down and abandoning module UdpMessaging (33)
[2015.04.22-15.19.45:327][293]LogModuleManager: Shutting down and abandoning module Paper2D (32)
[2015.04.22-15.19.45:327][293]LogModuleManager: Shutting down and abandoning module WindowsMoviePlayer (31)
[2015.04.22-15.19.45:328][293]LogModuleManager: Shutting down and abandoning module Media (30)
[2015.04.22-15.19.45:328][293]LogModuleManager: Shutting down and abandoning module WmfMedia (29)
[2015.04.22-15.19.45:328][293]LogModuleManager: Shutting down and abandoning module ImageWrapper (28)
[2015.04.22-15.19.45:328][293]LogModuleManager: Shutting down and abandoning module UMG (27)
[2015.04.22-15.19.45:328][293]LogModuleManager: Shutting down and abandoning module Slate (26)
[2015.04.22-15.19.45:328][293]LogModuleManager: Shutting down and abandoning module SessionServices (25)
[2015.04.22-15.19.45:328][293]LogModuleManager: Shutting down and abandoning module Messaging (24)
[2015.04.22-15.19.45:328][293]LogModuleManager: Shutting down and abandoning module HeadMountedDisplay (23)
[2015.04.22-15.19.45:328][293]LogModuleManager: Shutting down and abandoning module XAudio2 (22)
[2015.04.22-15.19.45:328][293]LogModuleManager: Shutting down and abandoning module Networking (21)
[2015.04.22-15.19.45:328][293]LogModuleManager: Shutting down and abandoning module Core (20)
[2015.04.22-15.19.45:328][293]LogModuleManager: Shutting down and abandoning module InputCore (19)
[2015.04.22-15.19.45:328][293]LogModuleManager: Shutting down and abandoning module OnlineSubsystem (15)
[2015.04.22-15.19.45:328][293]LogOnline:Display: STEAM: OnlineSubsystemSteam::Shutdown()
[2015.04.22-15.19.45:365][293]LogOnline:Display: Unloading online subsystem: Steam
[2015.04.22-15.19.45:365][293]LogOnline:Display: STEAM: OnlineSubsystemSteam::Shutdown()
[2015.04.22-15.19.45:365][293]LogModuleManager: Shutting down and abandoning module OculusRift (14)
[2015.04.22-15.19.45:365][293]LogModuleManager: Shutting down and abandoning module ExampleDeviceProfileSelector (13)
[2015.04.22-15.19.45:365][293]LogModuleManager: Shutting down and abandoning module ShaderCore (12)
[2015.04.22-15.19.45:365][293]LogModuleManager: Shutting down and abandoning module Landscape (11)
[2015.04.22-15.19.45:365][293]LogModuleManager: Shutting down and abandoning module SlateRHIRenderer (10)
[2015.04.22-15.19.45:366][293]LogModuleManager: Shutting down and abandoning module OpenGLDrv (9)
[2015.04.22-15.19.45:366][293]LogModuleManager: Shutting down and abandoning module D3D11RHI (8)
[2015.04.22-15.19.45:366][293]LogModuleManager: Shutting down and abandoning module Renderer (7)
[2015.04.22-15.19.45:366][293]LogModuleManager: Shutting down and abandoning module Engine (6)
[2015.04.22-15.19.45:366][293]LogModuleManager: Shutting down and abandoning module CoreUObject (5)
[2015.04.22-15.19.45:366][293]LogModuleManager: Shutting down and abandoning module NetworkFile (4)
[2015.04.22-15.19.45:366][293]LogModuleManager: Shutting down and abandoning module StreamingFile (3)
[2015.04.22-15.19.45:366][293]LogModuleManager: Shutting down and abandoning module SandboxFile (2)
[2015.04.22-15.19.45:366][293]LogModuleManager: Shutting down and abandoning module PakFile (1)
[2015.04.22-15.19.45:366][293]LogExit: Exiting.
[2015.04.22-15.19.45:367][293]Log file closed, 04/22/15 10:19:45
