Log file open, 03/31/15 11:18:35
LogInit: Version: 4.7.3-2479750+++depot+UE4-Releases+4.7
LogInit: API Version: 2455222
LogInit: Compiled (64-bit): Mar 15 2015 23:15:17
LogInit: Compiled with Visual C++: 18.00.21005.01
LogInit: Build Configuration: Development
LogInit: Branch Name: ++depot+UE4-Releases+4.7
LogInit: Command line: 
LogInit: Base directory: C:/Users/Dillon/Documents/GitHub/EmptySkies-Builds/0.4.1/WindowsNoEditor/Empty_Skies/Binaries/Win64/
LogInit: Rocket: 1
[2015.03.31-16.18.35:912][  0]LogTaskGraph: Started task graph with 3 named threads and 6 total threads.
[2015.03.31-16.18.35:956][  0]LogOnline:Display: STEAM: Loading Steam SDK 1.30
[2015.03.31-16.18.36:917][  0]LogInit: WinSock: version 1.1 (2.2), MaxSocks=32767, MaxUdp=65467
[2015.03.31-16.18.37:014][  0]LogInit: Presizing for 0 objects not considered by GC, pre-allocating 0 bytes.
[2015.03.31-16.18.37:020][  0]LogInit: Object subsystem initialized
[2015.03.31-16.18.37:022][  0]LogConsoleResponse:Warning: Skipping Unknown console variable: 'TranslucentSortAxis = (X=0.000000,Y=-1.000000,Z=0.000000)'
[2015.03.31-16.18.37:022][  0]LogConsoleResponse:Warning:   Found in ini file '../../../Empty_Skies/Saved/Config/WindowsNoEditor/Engine.ini', in section '[/Script/Engine.RendererSettings]'
[2015.03.31-16.18.37:022][  0]LogConsoleResponse:Warning: Skipping Unknown console variable: 'UIScaleRule = ShortestSide'
[2015.03.31-16.18.37:022][  0]LogConsoleResponse:Warning:   Found in ini file '../../../Empty_Skies/Saved/Config/WindowsNoEditor/Engine.ini', in section '[/Script/Engine.RendererSettings]'
[2015.03.31-16.18.37:022][  0]LogConsoleResponse:Warning: Skipping Unknown console variable: 'UIScaleCurve = (EditorCurveData=(Keys=),ExternalCurve=None)'
[2015.03.31-16.18.37:022][  0]LogConsoleResponse:Warning:   Found in ini file '../../../Empty_Skies/Saved/Config/WindowsNoEditor/Engine.ini', in section '[/Script/Engine.RendererSettings]'
[2015.03.31-16.18.37:024][  0]LogInit: Selected Device Profile: [WindowsNoEditor]
[2015.03.31-16.18.37:024][  0]LogInit: Applying CVar settings loaded from the selected device profile: [WindowsNoEditor]
[2015.03.31-16.18.37:031][  0]LogInit: Computer: DILLONLAPTOP
[2015.03.31-16.18.37:031][  0]LogInit: User: Dillon
[2015.03.31-16.18.37:031][  0]LogInit: CPU Page size=4096, Cores=4
[2015.03.31-16.18.37:031][  0]LogInit: High frequency timer resolution =2.338347 MHz
[2015.03.31-16.18.37:031][  0]LogMemory: Memory total: Physical=7.9GB (8GB approx) Virtual=131072.0GB
[2015.03.31-16.18.37:031][  0]LogMemory: Platform Memory Stats for WindowsNoEditor
[2015.03.31-16.18.37:031][  0]LogMemory: Process Physical Memory: 62.29 MB used, 68.24 MB peak
[2015.03.31-16.18.37:031][  0]LogMemory: Process Virtual Memory: 34.22 MB used, 41.95 MB peak
[2015.03.31-16.18.37:031][  0]LogMemory: Physical Memory: 4352.12 MB used, 8080.29 MB total
[2015.03.31-16.18.37:031][  0]LogMemory: Virtual Memory: 290.64 MB used, 134217728.00 MB total
[2015.03.31-16.18.37:066][  0]LogD3D11RHI: Found D3D11 adapter 0: NVIDIA GeForce GTX 770M (Feature Level 11_0)
[2015.03.31-16.18.37:066][  0]LogD3D11RHI: Adapter has 2993MB of dedicated video memory, 0MB of dedicated system memory, and 4040MB of shared system memory, 1 output[s]
[2015.03.31-16.18.37:084][  0]LogD3D11RHI: Found D3D11 adapter 1: NVIDIA GeForce GTX 770M (Feature Level 11_0)
[2015.03.31-16.18.37:084][  0]LogD3D11RHI: Adapter has 2993MB of dedicated video memory, 0MB of dedicated system memory, and 4040MB of shared system memory, 0 output[s]
[2015.03.31-16.18.37:086][  0]LogD3D11RHI: Found D3D11 adapter 2: Microsoft Basic Render Driver (Feature Level 11_0)
[2015.03.31-16.18.37:086][  0]LogD3D11RHI: Adapter has 2993MB of dedicated video memory, 0MB of dedicated system memory, and 4040MB of shared system memory, 0 output[s]
[2015.03.31-16.18.37:086][  0]LogD3D11RHI: Chosen D3D11 Adapter Id = 0
[2015.03.31-16.18.37:096][  0]LogRHI: Texture pool is 1361 MB (70% of 1945 MB)
[2015.03.31-16.18.37:111][  0]LogD3D11RHI: Async texture creation enabled
[2015.03.31-16.18.38:040][  0]LogTextLocalizationManager: The requested culture ('en_US') has no localization data; parent culture's ('en') localization data will be used.
[2015.03.31-16.18.38:068][  0]LogContentStreaming: Texture pool size is 1000.000000MB
[2015.03.31-16.18.38:574][  0]LogWindowsMoviePlayer: Unable to load movie: ../../../Empty_Skies/Content/Movies/Default_Startup.mp4
[2015.03.31-16.18.38:610][  0]LogObj: 20186 objects as part of root set at end of initial load.
[2015.03.31-16.18.38:610][  0]LogUObjectAllocator: 4159096 out of 0 bytes used by permanent object pool.
[2015.03.31-16.18.38:622][  0]LogEngine: Initializing Engine...
[2015.03.31-16.18.40:898][  0]LogInit: XAudio2 using 'Speakers (Bluetooth Audio Device)' : 2 channels at 48 kHz using 16 bits per sample (channel mask 0x3)
[2015.03.31-16.18.40:988][  0]LogInit: FAudioDevice initialized.
[2015.03.31-16.18.40:988][  0]LogInit: Texture streaming: Enabled
[2015.03.31-16.18.41:038][  0]LogNet: Browse: /Game/Levels/EmptySkies_MainMenu?Name=Player
[2015.03.31-16.18.41:038][  0]LogLoad: LoadMap: /Game/Levels/EmptySkies_MainMenu?Name=Player
[2015.03.31-16.18.41:044][  0]LogMemory: Platform Memory Stats for WindowsNoEditor
[2015.03.31-16.18.41:044][  0]LogMemory: Process Physical Memory: 133.56 MB used, 139.66 MB peak
[2015.03.31-16.18.41:044][  0]LogMemory: Process Virtual Memory: 90.78 MB used, 98.21 MB peak
[2015.03.31-16.18.41:044][  0]LogMemory: Physical Memory: 4449.48 MB used, 8080.29 MB total
[2015.03.31-16.18.41:044][  0]LogMemory: Virtual Memory: 473.07 MB used, 134217728.00 MB total
[2015.03.31-16.18.41:044][  0]LogMemory: 
[2015.03.31-16.18.41:045][  0]LogMemory: Allocator Stats for binned:
[2015.03.31-16.18.41:045][  0]LogMemory: Current Memory 33.19 MB used, plus 3.36 MB waste
[2015.03.31-16.18.41:045][  0]LogMemory: Peak Memory 43.31 MB used, plus 2.57 MB waste
[2015.03.31-16.18.41:045][  0]LogMemory: Current OS Memory 36.54 MB, peak 45.88 MB
[2015.03.31-16.18.41:045][  0]LogMemory: Current Waste 0.52 MB, peak 0.91 MB
[2015.03.31-16.18.41:045][  0]LogMemory: Current Used 33.19 MB, peak 43.31 MB
[2015.03.31-16.18.41:045][  0]LogMemory: Current Slack 2.84 MB
[2015.03.31-16.18.41:045][  0]LogMemory: Allocs       106723 Current /  793562 Total
[2015.03.31-16.18.41:045][  0]LogMemory: 
[2015.03.31-16.18.41:045][  0]LogMemory: Block Size Num Pools Max Pools Cur Allocs Total Allocs Min Req Max Req Mem Used Mem Slack Mem Waste Efficiency
[2015.03.31-16.18.41:045][  0]LogMemory: ---------- --------- --------- ---------- ------------ ------- ------- -------- --------- --------- ----------
[2015.03.31-16.18.41:045][  0]LogMemory:          8         0         0          0            0       8       0       0K        0K        0K    100.00%
[2015.03.31-16.18.41:045][  0]LogMemory:         16         5         5      19202        94271      16      16     300K       20K        0K    100.00%
[2015.03.31-16.18.41:045][  0]LogMemory:         32        12        12      22376        95573      32      32     699K       69K        0K    100.00%
[2015.03.31-16.18.41:045][  0]LogMemory:         48         7         7       9082        41497      48      48     425K       23K        0K    100.00%
[2015.03.31-16.18.41:045][  0]LogMemory:         64        13        13      12426        51497      64      64     776K       56K        0K    100.00%
[2015.03.31-16.18.41:045][  0]LogMemory:         80         4         4       2740        36660      80      80     214K       42K        0K    100.00%
[2015.03.31-16.18.41:045][  0]LogMemory:         96         4         4       2692        37925      96      96     252K        4K        0K    100.00%
[2015.03.31-16.18.41:045][  0]LogMemory:        112         3         3       1110        18423     112     112     121K       71K        0K    100.00%
[2015.03.31-16.18.41:045][  0]LogMemory:        128        30        30      15010        37324     128     128    1876K       44K        0K    100.00%
[2015.03.31-16.18.41:045][  0]LogMemory:        160         9        12       2816        63128     144     160     440K      136K       17K     97.05%
[2015.03.31-16.18.41:045][  0]LogMemory:        192        14        14       4412        91170     176     192     827K       69K       30K     96.65%
[2015.03.31-16.18.41:045][  0]LogMemory:        224         3         3        783        86760     208     224     171K       21K        7K     96.35%
[2015.03.31-16.18.41:045][  0]LogMemory:        256        18        29       4343        53564     240     256    1085K       67K       31K     97.31%
[2015.03.31-16.18.41:045][  0]LogMemory:        288         5         5       1080        25847     272     288     303K       17K        9K     97.19%
[2015.03.31-16.18.41:045][  0]LogMemory:        320         4         4        618        15474     304     320     193K       62K        5K     98.05%
[2015.03.31-16.18.41:045][  0]LogMemory:        384        10        10       1593        10708     336     384     597K       41K       55K     91.41%
[2015.03.31-16.18.41:045][  0]LogMemory:        448        11        11       1574         5101     400     448     688K       15K       43K     93.89%
[2015.03.31-16.18.41:045][  0]LogMemory:        512         9         9       1099         5194     464     512     549K       27K       28K     95.14%
[2015.03.31-16.18.41:045][  0]LogMemory:        576         3         3        240         1496     528     576     135K       56K        9K     95.31%
[2015.03.31-16.18.41:045][  0]LogMemory:        640         2         2        108          312     592     640      67K       61K        3K     97.66%
[2015.03.31-16.18.41:045][  0]LogMemory:        704         9        10        578         1299     656     704     397K      179K       11K     98.09%
[2015.03.31-16.18.41:045][  0]LogMemory:        768        11        15        752         3450     720     768     564K      138K       19K     97.30%
[2015.03.31-16.18.41:045][  0]LogMemory:        896         5         5        296          830     784     896     259K       61K       16K     95.00%
[2015.03.31-16.18.41:045][  0]LogMemory:       1024         2         3        110          466     912    1024     110K       18K        2K     98.44%
[2015.03.31-16.18.41:045][  0]LogMemory:       1168         2         3         99          450    1040    1168     112K       16K        5K     96.09%
[2015.03.31-16.18.41:045][  0]LogMemory:       1360         6         6        221         3050    1184    1360     293K       90K       19K     95.05%
[2015.03.31-16.18.41:045][  0]LogMemory:       1632         7         7        251          608    1376    1632     400K       47K       26K     94.20%
[2015.03.31-16.18.41:045][  0]LogMemory:       2048         8         8        157          791    1648    2048     314K      198K       30K     94.14%
[2015.03.31-16.18.41:045][  0]LogMemory:       2336         4         4         95         3119    2064    2336     216K       40K       23K     91.02%
[2015.03.31-16.18.41:045][  0]LogMemory:       2720         5         5         95          487    2352    2720     252K       67K       12K     96.25%
[2015.03.31-16.18.41:045][  0]LogMemory:       3264        10        10        145         2205    2736    3264     462K      176K       26K     95.94%
[2015.03.31-16.18.41:045][  0]LogMemory:       4096        11        13        138          659    3280    4096     552K      152K       50K     92.90%
[2015.03.31-16.18.41:045][  0]LogMemory:       4672         7         9         72         1376    4112    4672     328K      120K       11K     97.54%
[2015.03.31-16.18.41:045][  0]LogMemory:       5456        10        13         93          384    4688    5456     495K      145K       44K     93.13%
[2015.03.31-16.18.41:045][  0]LogMemory:       6544        12        13         96          294    5488    6544     613K      154K       51K     93.36%
[2015.03.31-16.18.41:045][  0]LogMemory:       8192         6         7         43          876    6560    8192     344K       40K       25K     93.49%
[2015.03.31-16.18.41:045][  0]LogMemory:       9360         5         5         30           98    8208    9360     274K       46K       16K     95.00%
[2015.03.31-16.18.41:045][  0]LogMemory:      10912         4         4         19          143    9408   10896     202K       54K       20K     92.19%
[2015.03.31-16.18.41:045][  0]LogMemory:      13104         3         3         12           51   10960   13056     153K       39K       10K     94.79%
[2015.03.31-16.18.41:045][  0]LogMemory:      16384         6         9         21          121   13120   16384     336K       48K       23K     94.01%
[2015.03.31-16.18.41:045][  0]LogMemory:      21840        11        11         29           99   16400   21744     618K       86K      104K     85.23%
[2015.03.31-16.18.41:045][  0]LogMemory:      32768         5         7         10           62   21904   32640     320K        0K       69K     78.44%
[2015.03.31-16.18.41:045][  0]LogMemory: 
[2015.03.31-16.18.41:045][  0]LogMemory: 20160K allocated in pools (with 2815K slack and 849K waste). Efficiency 95.79%
[2015.03.31-16.18.41:045][  0]LogMemory: Allocations 106667 Current / 792843 Total (in 315 pools)
[2015.03.31-16.18.41:045][  0]LogMemory: 
[2015.03.31-16.18.41:627][  0]LogMaterial: Can't compile M_explosion_subUV with cooked content, will use default material instead
[2015.03.31-16.18.41:627][  0]LogMaterial:Warning: Failed to compile Material /Game/Particles/Materials/M_explosion_subUV.M_explosion_subUV for platform PCD3D_SM5, Default Material will be used in game.
[2015.03.31-16.18.41:627][  0]LogMaterial: Can't compile M_Burst with cooked content, will use default material instead
[2015.03.31-16.18.41:627][  0]LogMaterial:Warning: Failed to compile Material /Game/Particles/Materials/M_Burst.M_Burst for platform PCD3D_SM5, Default Material will be used in game.
[2015.03.31-16.18.41:627][  0]LogMaterial: Can't compile M_smoke_subUV with cooked content, will use default material instead
[2015.03.31-16.18.41:627][  0]LogMaterial:Warning: Failed to compile Material /Game/Particles/Materials/M_smoke_subUV.M_smoke_subUV for platform PCD3D_SM5, Default Material will be used in game.
[2015.03.31-16.18.41:977][  0]LogWorld: Game class is 'NoplayerGameMode_C'
[2015.03.31-16.18.42:104][  0]LogModuleManager:Warning: ModuleManager: Module 'GameplayDebugger' not found - its StaticallyLinkedModuleInitializers function is null.
[2015.03.31-16.18.42:104][  0]LogAIModule: Creating AISystem for world EmptySkies_MainMenu
[2015.03.31-16.18.42:109][  0]LogWorld: Bringing World /Game/Levels/EmptySkies_MainMenu.EmptySkies_MainMenu up for play (max tick rate 0) at 2015.03.31-11.18.42
[2015.03.31-16.18.42:109][  0]LogWorld: Bringing up level for play took: 0.004948
[2015.03.31-16.18.42:333][  0]LogInit:Display: Game Engine Initialized.
[2015.03.31-16.18.42:534][  0]LogLoad: Full Startup: 8.09 seconds (BP compile: 0.00 seconds)
[2015.03.31-16.18.42:727][  2]LogRenderer:Warning: Reallocating scene render targets to support 1600x904 (Frame:2).
[2015.03.31-16.18.45:922][171]LogInit: WinSock: I am DillonLaptop (10.0.0.2:0)
[2015.03.31-16.18.45:945][171]LogBlueprintUserMessages: Session Created Successfully
[2015.03.31-16.18.45:976][171]LogPackageName: SearchForPackageOnDisk took   0.010s to resolve EmptySkies_Lobby.umap
[2015.03.31-16.18.45:993][171]LogPackageName: SearchForPackageOnDisk took   0.009s to resolve EmptySkies_Lobby.umap
[2015.03.31-16.18.45:993][171]LogNet: Browse: /Game/Levels/EmptySkies_Lobby?Name=Player?listen
[2015.03.31-16.18.45:993][171]LogLoad: LoadMap: /Game/Levels/EmptySkies_Lobby?Name=Player?listen
[2015.03.31-16.18.46:011][171]LogParticles: Destroying 0 GPU particle simulations for FXSystem 0x000000CF58EB5F00
[2015.03.31-16.18.46:082][171]LogMemory: Platform Memory Stats for WindowsNoEditor
[2015.03.31-16.18.46:082][171]LogMemory: Process Physical Memory: 174.63 MB used, 209.55 MB peak
[2015.03.31-16.18.46:082][171]LogMemory: Process Virtual Memory: 120.86 MB used, 170.00 MB peak
[2015.03.31-16.18.46:082][171]LogMemory: Physical Memory: 4516.87 MB used, 8080.29 MB total
[2015.03.31-16.18.46:082][171]LogMemory: Virtual Memory: 503.30 MB used, 134217728.00 MB total
[2015.03.31-16.18.46:082][171]LogMemory: 
[2015.03.31-16.18.46:083][171]LogMemory: Allocator Stats for binned:
[2015.03.31-16.18.46:083][171]LogMemory: Current Memory 43.72 MB used, plus 6.66 MB waste
[2015.03.31-16.18.46:083][171]LogMemory: Peak Memory 94.91 MB used, plus 4.16 MB waste
[2015.03.31-16.18.46:083][171]LogMemory: Current OS Memory 50.38 MB, peak 99.07 MB
[2015.03.31-16.18.46:083][171]LogMemory: Current Waste 0.99 MB, peak 1.36 MB
[2015.03.31-16.18.46:083][171]LogMemory: Current Used 43.72 MB, peak 94.91 MB
[2015.03.31-16.18.46:083][171]LogMemory: Current Slack 5.67 MB
[2015.03.31-16.18.46:083][171]LogMemory: Allocs       110189 Current /  1137325 Total
[2015.03.31-16.18.46:083][171]LogMemory: 
[2015.03.31-16.18.46:083][171]LogMemory: Block Size Num Pools Max Pools Cur Allocs Total Allocs Min Req Max Req Mem Used Mem Slack Mem Waste Efficiency
[2015.03.31-16.18.46:083][171]LogMemory: ---------- --------- --------- ---------- ------------ ------- ------- -------- --------- --------- ----------
[2015.03.31-16.18.46:083][171]LogMemory:          8         0         0          0            0       8       0       0K        0K        0K    100.00%
[2015.03.31-16.18.46:083][171]LogMemory:         16         7         7      19525       149308      16      16     305K      143K        0K    100.00%
[2015.03.31-16.18.46:083][171]LogMemory:         32        15        15      23521       151343      32      32     735K      225K        0K    100.00%
[2015.03.31-16.18.46:083][171]LogMemory:         48         9         9       9403        79678      48      48     440K      136K        0K    100.00%
[2015.03.31-16.18.46:083][171]LogMemory:         64        15        15      12688        89900      64      64     793K      167K        0K    100.00%
[2015.03.31-16.18.46:083][171]LogMemory:         80         5         5       2917        60693      80      80     227K       93K        0K    100.00%
[2015.03.31-16.18.46:083][171]LogMemory:         96         5         5       2759        63112      96      96     258K       62K        0K    100.00%
[2015.03.31-16.18.46:083][171]LogMemory:        112         3         3       1244        39619     112     112     136K       56K        0K    100.00%
[2015.03.31-16.18.46:083][171]LogMemory:        128        32        32      15075        46130     128     128    1884K      164K        0K    100.00%
[2015.03.31-16.18.46:083][171]LogMemory:        160        12        12       3054        78742     144     160     477K      290K       21K     97.27%
[2015.03.31-16.18.46:083][171]LogMemory:        192        15        15       4499        99763     176     192     843K      117K       31K     96.77%
[2015.03.31-16.18.46:083][171]LogMemory:        224         4         4        787        95942     208     224     172K       84K        7K     97.27%
[2015.03.31-16.18.46:083][171]LogMemory:        256        20        29       4493        57764     240     256    1123K      157K       32K     97.50%
[2015.03.31-16.18.46:083][171]LogMemory:        288         6         6       1085        32786     272     288     305K       79K        8K     97.92%
[2015.03.31-16.18.46:083][171]LogMemory:        320         4         4        622        18890     304     320     194K       61K        4K     98.44%
[2015.03.31-16.18.46:083][171]LogMemory:        384        11        12       1640        17081     336     384     615K       87K       53K     92.47%
[2015.03.31-16.18.46:083][171]LogMemory:        448        12        12       1574         7704     400     448     688K       79K       34K     95.57%
[2015.03.31-16.18.46:083][171]LogMemory:        512        10        10       1114         6333     464     512     557K       83K       26K     95.94%
[2015.03.31-16.18.46:083][171]LogMemory:        576         4         4        246         2793     528     576     138K      117K        9K     96.48%
[2015.03.31-16.18.46:083][171]LogMemory:        640         3         3        113          480     592     640      70K      122K        3K     98.44%
[2015.03.31-16.18.46:083][171]LogMemory:        704        10        11        578         1959     656     704     397K      243K       11K     98.28%
[2015.03.31-16.18.46:083][171]LogMemory:        768        14        24        778         5004     720     768     583K      310K       23K     97.43%
[2015.03.31-16.18.46:083][171]LogMemory:        896         7        10        299         2946     784     896     261K      187K       22K     95.09%
[2015.03.31-16.18.46:083][171]LogMemory:       1024         3         4        120         2616     912    1024     120K       72K        0K    100.00%
[2015.03.31-16.18.46:083][171]LogMemory:       1168         3         4        113          811    1040    1168     128K       64K        8K     95.83%
[2015.03.31-16.18.46:083][171]LogMemory:       1360         9         9        236         3862    1184    1360     313K      261K       22K     96.18%
[2015.03.31-16.18.46:083][171]LogMemory:       1632         9         9        261          802    1376    1632     415K      159K       26K     95.49%
[2015.03.31-16.18.46:083][171]LogMemory:       2048         9        10        169         1751    1648    2048     338K      238K       37K     93.58%
[2015.03.31-16.18.46:083][171]LogMemory:       2336         5         5        101         3221    2064    2336     230K       90K       24K     92.50%
[2015.03.31-16.18.46:083][171]LogMemory:       2720         7         7        119         1067    2352    2720     316K      131K       17K     96.21%
[2015.03.31-16.18.46:083][171]LogMemory:       3264        10        11        155         3580    2736    3264     494K      144K       38K     94.06%
[2015.03.31-16.18.46:083][171]LogMemory:       4096        12        13        157         1070    3280    4096     628K      140K       52K     93.23%
[2015.03.31-16.18.46:083][171]LogMemory:       4672        11        11        105         1700    4112    4672     479K      224K       20K     97.16%
[2015.03.31-16.18.46:083][171]LogMemory:       5456        12        14        119         1782    4688    5456     634K      134K       46K     94.01%
[2015.03.31-16.18.46:083][171]LogMemory:       6544        15        15        112          665    5472    6544     715K      244K       68K     92.92%
[2015.03.31-16.18.46:083][171]LogMemory:       8192         7        10         45         1117    6560    8192     360K       88K       30K     93.30%
[2015.03.31-16.18.46:083][171]LogMemory:       9360         5         5         29          281    8208    9360     265K       55K       17K     94.69%
[2015.03.31-16.18.46:083][171]LogMemory:      10912         7         8         36         1936    9408   10896     383K       65K       41K     90.85%
[2015.03.31-16.18.46:083][171]LogMemory:      13104         4         4         14           67   10960   13056     179K       77K       12K     95.31%
[2015.03.31-16.18.46:083][171]LogMemory:      16384         7        12         21          513   13120   16384     336K      112K       24K     94.64%
[2015.03.31-16.18.46:083][171]LogMemory:      21840        14        17         38          327   16400   21808     810K       86K       93K     89.62%
[2015.03.31-16.18.46:083][171]LogMemory:      32768         9        16         14           98   21904   32640     448K      128K      107K     81.42%
[2015.03.31-16.18.46:083][171]LogMemory: 
[2015.03.31-16.18.46:083][171]LogMemory: 24384K allocated in pools (with 5574K slack and 966K waste). Efficiency 96.04%
[2015.03.31-16.18.46:083][171]LogMemory: Allocations 109979 Current / 1135237 Total (in 381 pools)
[2015.03.31-16.18.46:083][171]LogMemory: 
[2015.03.31-16.18.46:166][171]LogMaterial: Can't compile M_smoke_subUV with cooked content, will use default material instead
[2015.03.31-16.18.46:166][171]LogMaterial:Warning: Failed to compile Material /Game/Particles/Materials/M_smoke_subUV.M_smoke_subUV for platform PCD3D_SM5, Default Material will be used in game.
[2015.03.31-16.18.46:167][171]LogMaterial: Can't compile M_explosion_subUV with cooked content, will use default material instead
[2015.03.31-16.18.46:167][171]LogMaterial:Warning: Failed to compile Material /Game/Particles/Materials/M_explosion_subUV.M_explosion_subUV for platform PCD3D_SM5, Default Material will be used in game.
[2015.03.31-16.18.46:167][171]LogMaterial: Can't compile M_Burst with cooked content, will use default material instead
[2015.03.31-16.18.46:167][171]LogMaterial:Warning: Failed to compile Material /Game/Particles/Materials/M_Burst.M_Burst for platform PCD3D_SM5, Default Material will be used in game.
[2015.03.31-16.18.46:174][171]LogWorld: Game class is 'NoplayerGameMode_C'
[2015.03.31-16.18.46:174][171]LogNet:Display: SteamNetDriver_0 bound to port 7777
[2015.03.31-16.18.46:174][171]LogNet: GameNetDriver SteamNetDriver_0 IpNetDriver listening on port 7777
[2015.03.31-16.18.46:195][171]LogAIModule: Creating AISystem for world EmptySkies_Lobby
[2015.03.31-16.18.46:195][171]LogWorld: Bringing World /Game/Levels/EmptySkies_Lobby.EmptySkies_Lobby up for play (max tick rate 0) at 2015.03.31-11.18.46
[2015.03.31-16.18.46:195][171]LogWorld: Bringing up level for play took: 0.000279
[2015.03.31-16.18.46:196][171]LogGameMode: Warning - PATHS NOT DEFINED or NO PLAYERSTART with positive rating
[2015.03.31-16.18.50:304][416]LogPackageName: SearchForPackageOnDisk took   0.012s to resolve EmptySkies_DeathMatch1
[2015.03.31-16.18.50:315][416]LogGameMode: ProcessServerTravel: /Game/Levels/EmptySkies_DeathMatch1
[2015.03.31-16.18.54:284][661]LogEngine: Server switch level: /Game/Levels/EmptySkies_DeathMatch1
[2015.03.31-16.18.54:284][661]LogNet: Browse: /Game/Levels/EmptySkies_DeathMatch1?Name=Player?listen
[2015.03.31-16.18.54:284][661]LogLoad: LoadMap: /Game/Levels/EmptySkies_DeathMatch1?Name=Player?listen
[2015.03.31-16.18.54:285][661]LogNet: World NetDriver shutdown SteamNetDriver_0 [GameNetDriver]
[2015.03.31-16.18.54:285][661]LogNet: DestroyNamedNetDriver SteamNetDriver_0 [GameNetDriver]
[2015.03.31-16.18.54:285][661]LogExit: GameNetDriver SteamNetDriver_0 shut down
[2015.03.31-16.18.54:290][661]LogParticles: Destroying 0 GPU particle simulations for FXSystem 0x000000CF4A2A8160
[2015.03.31-16.18.54:294][661]LogMemory: Platform Memory Stats for WindowsNoEditor
[2015.03.31-16.18.54:294][661]LogMemory: Process Physical Memory: 176.96 MB used, 209.55 MB peak
[2015.03.31-16.18.54:294][661]LogMemory: Process Virtual Memory: 122.00 MB used, 170.00 MB peak
[2015.03.31-16.18.54:294][661]LogMemory: Physical Memory: 4501.23 MB used, 8080.29 MB total
[2015.03.31-16.18.54:294][661]LogMemory: Virtual Memory: 518.83 MB used, 134217728.00 MB total
[2015.03.31-16.18.54:294][661]LogMemory: 
[2015.03.31-16.18.54:295][661]LogMemory: Allocator Stats for binned:
[2015.03.31-16.18.54:295][661]LogMemory: Current Memory 38.61 MB used, plus 8.98 MB waste
[2015.03.31-16.18.54:295][661]LogMemory: Peak Memory 94.91 MB used, plus 4.16 MB waste
[2015.03.31-16.18.54:295][661]LogMemory: Current OS Memory 47.59 MB, peak 99.07 MB
[2015.03.31-16.18.54:295][661]LogMemory: Current Waste 0.98 MB, peak 1.36 MB
[2015.03.31-16.18.54:295][661]LogMemory: Current Used 38.61 MB, peak 94.91 MB
[2015.03.31-16.18.54:295][661]LogMemory: Current Slack 8.01 MB
[2015.03.31-16.18.54:295][661]LogMemory: Allocs       110000 Current /  1509559 Total
[2015.03.31-16.18.54:295][661]LogMemory: 
[2015.03.31-16.18.54:295][661]LogMemory: Block Size Num Pools Max Pools Cur Allocs Total Allocs Min Req Max Req Mem Used Mem Slack Mem Waste Efficiency
[2015.03.31-16.18.54:295][661]LogMemory: ---------- --------- --------- ---------- ------------ ------- ------- -------- --------- --------- ----------
[2015.03.31-16.18.54:295][661]LogMemory:          8         0         0          0            0       8       0       0K        0K        0K    100.00%
[2015.03.31-16.18.54:295][661]LogMemory:         16         7         7      19506       232755      16      16     304K      144K        0K    100.00%
[2015.03.31-16.18.54:295][661]LogMemory:         32        15        15      23506       183999      32      32     734K      226K        0K    100.00%
[2015.03.31-16.18.54:295][661]LogMemory:         48         9         9       9461       127489      48      48     443K      133K        0K    100.00%
[2015.03.31-16.18.54:295][661]LogMemory:         64        15        15      12680       138597      64      64     792K      168K        0K    100.00%
[2015.03.31-16.18.54:295][661]LogMemory:         80         5         5       2930        81275      80      80     228K       92K        0K    100.00%
[2015.03.31-16.18.54:295][661]LogMemory:         96         5         5       2756        82824      96      96     258K       62K        0K    100.00%
[2015.03.31-16.18.54:295][661]LogMemory:        112         3         3       1251        71457     112     112     136K       56K        0K    100.00%
[2015.03.31-16.18.54:295][661]LogMemory:        128        32        32      15073        51021     128     128    1884K      164K        0K    100.00%
[2015.03.31-16.18.54:295][661]LogMemory:        160        10        12       2970        87914     144     160     464K      176K       20K     96.88%
[2015.03.31-16.18.54:295][661]LogMemory:        192        15        15       4499       105693     176     192     843K      117K       31K     96.77%
[2015.03.31-16.18.54:295][661]LogMemory:        224         4         4        791        99799     208     224     173K       83K        7K     97.27%
[2015.03.31-16.18.54:295][661]LogMemory:        256        20        29       4492        59553     240     256    1123K      157K       32K     97.50%
[2015.03.31-16.18.54:295][661]LogMemory:        288         6         6       1087        49266     272     288     305K       79K        5K     98.70%
[2015.03.31-16.18.54:295][661]LogMemory:        320         4         4        621        21548     304     320     194K       61K        4K     98.44%
[2015.03.31-16.18.54:295][661]LogMemory:        384        11        12       1634        23940     336     384     612K       90K       50K     92.90%
[2015.03.31-16.18.54:295][661]LogMemory:        448        12        12       1574        11812     400     448     688K       79K       23K     97.01%
[2015.03.31-16.18.54:295][661]LogMemory:        512        10        10       1114         7699     464     512     557K       83K       24K     96.25%
[2015.03.31-16.18.54:295][661]LogMemory:        576         4         4        245         3555     528     576     137K      118K       10K     96.09%
[2015.03.31-16.18.54:295][661]LogMemory:        640         2         3        106          756     592     640      66K       62K        2K     98.44%
[2015.03.31-16.18.54:295][661]LogMemory:        704        10        11        577         2859     656     704     396K      244K       10K     98.44%
[2015.03.31-16.18.54:295][661]LogMemory:        768        14        24        776         6442     720     768     582K      311K       24K     97.32%
[2015.03.31-16.18.54:295][661]LogMemory:        896         7        10        296         7185     784     896     259K      189K       22K     95.09%
[2015.03.31-16.18.54:295][661]LogMemory:       1024         3         4        119         8471     912    1024     119K       73K        0K    100.00%
[2015.03.31-16.18.54:295][661]LogMemory:       1168         3         4        113         1023    1040    1168     128K       64K        8K     95.83%
[2015.03.31-16.18.54:295][661]LogMemory:       1360         8         9        233         6533    1184    1360     309K      201K       22K     95.70%
[2015.03.31-16.18.54:295][661]LogMemory:       1632         9         9        260         1598    1376    1632     414K      160K       29K     94.97%
[2015.03.31-16.18.54:295][661]LogMemory:       2048         9        10        160         3222    1648    2048     320K      256K       32K     94.44%
[2015.03.31-16.18.54:295][661]LogMemory:       2336         5         5         96         3357    2064    2336     219K      101K       23K     92.81%
[2015.03.31-16.18.54:295][661]LogMemory:       2720         6         7        102         2322    2352    2720     270K      113K       13K     96.61%
[2015.03.31-16.18.54:295][661]LogMemory:       3264        10        11        141         4156    2736    3264     449K      189K       38K     94.06%
[2015.03.31-16.18.54:295][661]LogMemory:       4096        11        13        145         1265    3280    4096     580K      124K       44K     93.75%
[2015.03.31-16.18.54:295][661]LogMemory:       4672        11        11         88         2026    4112    4672     401K      302K       17K     97.59%
[2015.03.31-16.18.54:295][661]LogMemory:       5456        13        14        111         1848    4688    5456     591K      241K       42K     94.95%
[2015.03.31-16.18.54:295][661]LogMemory:       6544        13        15        101         1541    5472    6544     645K      186K       61K     92.67%
[2015.03.31-16.18.54:295][661]LogMemory:       8192         7        10         43         1407    6560    8192     344K      104K       33K     92.63%
[2015.03.31-16.18.54:295][661]LogMemory:       9360         5         5         29          531    8208    9360     265K       55K       22K     93.13%
[2015.03.31-16.18.54:295][661]LogMemory:      10912         7        10         36         6240    9408   10896     383K       65K       41K     90.85%
[2015.03.31-16.18.54:295][661]LogMemory:      13104         4         4         14           77   10960   13056     179K       77K       12K     95.31%
[2015.03.31-16.18.54:295][661]LogMemory:      16384         6        12         20          875   13120   16384     320K       64K       37K     90.36%
[2015.03.31-16.18.54:295][661]LogMemory:      21840        13        17         33          369   16400   21808     703K      129K       79K     90.50%
[2015.03.31-16.18.54:295][661]LogMemory:      32768         9        16         14          109   21904   32640     448K      128K      107K     81.42%
[2015.03.31-16.18.54:295][661]LogMemory: 
[2015.03.31-16.18.54:295][661]LogMemory: 23808K allocated in pools (with 5526K slack and 924K waste). Efficiency 96.12%
[2015.03.31-16.18.54:295][661]LogMemory: Allocations 109804 Current / 1504409 Total (in 372 pools)
[2015.03.31-16.18.54:295][661]LogMemory: 
[2015.03.31-16.18.54:466][661]LogMaterial: Can't compile M_smoke_subUV with cooked content, will use default material instead
[2015.03.31-16.18.54:466][661]LogMaterial:Warning: Failed to compile Material /Game/Particles/Materials/M_smoke_subUV.M_smoke_subUV for platform PCD3D_SM5, Default Material will be used in game.
[2015.03.31-16.18.54:466][661]LogMaterial: Can't compile M_explosion_subUV with cooked content, will use default material instead
[2015.03.31-16.18.54:466][661]LogMaterial:Warning: Failed to compile Material /Game/Particles/Materials/M_explosion_subUV.M_explosion_subUV for platform PCD3D_SM5, Default Material will be used in game.
[2015.03.31-16.18.54:466][661]LogMaterial: Can't compile M_Burst with cooked content, will use default material instead
[2015.03.31-16.18.54:466][661]LogMaterial:Warning: Failed to compile Material /Game/Particles/Materials/M_Burst.M_Burst for platform PCD3D_SM5, Default Material will be used in game.
[2015.03.31-16.18.54:513][661]LogWorld: Game class is 'DeathMatch_C'
[2015.03.31-16.18.54:514][661]LogNet:Display: SteamNetDriver_1 bound to port 7777
[2015.03.31-16.18.54:514][661]LogNet: GameNetDriver SteamNetDriver_1 IpNetDriver listening on port 7777
[2015.03.31-16.18.54:522][661]LogAIModule: Creating AISystem for world EmptySkies_DeathMatch1
[2015.03.31-16.18.54:649][661]LogWorld: Bringing World /Game/Levels/EmptySkies_DeathMatch1.EmptySkies_DeathMatch1 up for play (max tick rate 0) at 2015.03.31-11.18.54
[2015.03.31-16.18.54:649][661]LogWorld: Bringing up level for play took: 0.127434
[2015.03.31-16.18.55:280][695]LogBlueprintUserMessages: 9
[2015.03.31-16.18.56:280][757]LogBlueprintUserMessages: 8
[2015.03.31-16.18.57:280][819]LogBlueprintUserMessages: 7
[2015.03.31-16.18.58:280][881]LogBlueprintUserMessages: 6
[2015.03.31-16.18.59:280][943]LogBlueprintUserMessages: 5
[2015.03.31-16.19.00:280][  5]LogBlueprintUserMessages: 4
[2015.03.31-16.19.01:280][ 67]LogBlueprintUserMessages: 3
[2015.03.31-16.19.02:280][129]LogBlueprintUserMessages: 2
[2015.03.31-16.19.03:281][191]LogBlueprintUserMessages: 1
[2015.03.31-16.19.09:012][536]LogEngine: All Windows Closed
[2015.03.31-16.19.09:012][536]LogWindows: FPlatformMisc::RequestExit(0)
[2015.03.31-16.19.09:041][537]LogNet: World NetDriver shutdown SteamNetDriver_1 [GameNetDriver]
[2015.03.31-16.19.09:041][537]LogNet: DestroyNamedNetDriver SteamNetDriver_1 [GameNetDriver]
[2015.03.31-16.19.09:041][537]LogExit: GameNetDriver SteamNetDriver_1 shut down
[2015.03.31-16.19.09:147][537]LogExit: Preparing to exit.
[2015.03.31-16.19.09:223][537]LogExit: Game engine shut down
[2015.03.31-16.19.09:277][537]LogParticles: Destroying 0 GPU particle simulations for FXSystem 0x000000CF529AE100
[2015.03.31-16.19.09:277][537]LogExit: Object subsystem successfully closed.
[2015.03.31-16.19.09:391][537]LogModuleManager: Shutting down and abandoning module AutomationWorker (49)
[2015.03.31-16.19.09:392][537]LogModuleManager: Shutting down and abandoning module CharacterAI (48)
[2015.03.31-16.19.09:392][537]LogModuleManager: Shutting down and abandoning module AIModule (46)
[2015.03.31-16.19.09:392][537]LogModuleManager: Shutting down and abandoning module GameLiveStreaming (45)
[2015.03.31-16.19.09:392][537]LogModuleManager: Shutting down and abandoning module StreamingPauseRendering (44)
[2015.03.31-16.19.09:392][537]LogModuleManager: Shutting down and abandoning module HTTP (43)
[2015.03.31-16.19.09:392][537]LogModuleManager: Shutting down and abandoning module AnalyticsET (42)
[2015.03.31-16.19.09:392][537]LogModuleManager: Shutting down and abandoning module Analytics (41)
[2015.03.31-16.19.09:392][537]LogModuleManager: Shutting down and abandoning module ProfilerService (40)
[2015.03.31-16.19.09:633][537]LogModuleManager: Shutting down and abandoning module TaskGraph (39)
[2015.03.31-16.19.09:633][537]LogModuleManager: Shutting down and abandoning module SlateRemote (38)
[2015.03.31-16.19.09:633][537]LogModuleManager: Shutting down and abandoning module CustomMeshComponent (37)
[2015.03.31-16.19.09:633][537]LogModuleManager: Shutting down and abandoning module CableComponent (36)
[2015.03.31-16.19.09:633][537]LogModuleManager: Shutting down and abandoning module Empty_Skies (35)
[2015.03.31-16.19.09:633][537]LogModuleManager: Shutting down and abandoning module ScriptPlugin (34)
[2015.03.31-16.19.09:633][537]LogModuleManager: Shutting down and abandoning module UdpMessaging (33)
[2015.03.31-16.19.09:633][537]LogModuleManager: Shutting down and abandoning module Paper2D (32)
[2015.03.31-16.19.09:633][537]LogModuleManager: Shutting down and abandoning module WindowsMoviePlayer (31)
[2015.03.31-16.19.09:634][537]LogModuleManager: Shutting down and abandoning module Media (30)
[2015.03.31-16.19.09:634][537]LogModuleManager: Shutting down and abandoning module WmfMedia (29)
[2015.03.31-16.19.09:634][537]LogModuleManager: Shutting down and abandoning module ImageWrapper (28)
[2015.03.31-16.19.09:634][537]LogModuleManager: Shutting down and abandoning module UMG (27)
[2015.03.31-16.19.09:634][537]LogModuleManager: Shutting down and abandoning module Slate (26)
[2015.03.31-16.19.09:634][537]LogModuleManager: Shutting down and abandoning module SessionServices (25)
[2015.03.31-16.19.09:634][537]LogModuleManager: Shutting down and abandoning module Messaging (24)
[2015.03.31-16.19.09:634][537]LogModuleManager: Shutting down and abandoning module HeadMountedDisplay (23)
[2015.03.31-16.19.09:634][537]LogModuleManager: Shutting down and abandoning module XAudio2 (22)
[2015.03.31-16.19.09:634][537]LogModuleManager: Shutting down and abandoning module Networking (21)
[2015.03.31-16.19.09:634][537]LogModuleManager: Shutting down and abandoning module Core (20)
[2015.03.31-16.19.09:634][537]LogModuleManager: Shutting down and abandoning module InputCore (19)
[2015.03.31-16.19.09:634][537]LogModuleManager: Shutting down and abandoning module OnlineSubsystem (15)
[2015.03.31-16.19.09:634][537]LogOnline:Display: STEAM: OnlineSubsystemSteam::Shutdown()
[2015.03.31-16.19.09:896][537]LogOnline:Display: Unloading online subsystem: Steam
[2015.03.31-16.19.09:896][537]LogOnline:Display: STEAM: OnlineSubsystemSteam::Shutdown()
[2015.03.31-16.19.09:896][537]LogModuleManager: Shutting down and abandoning module OculusRift (14)
[2015.03.31-16.19.09:896][537]LogModuleManager: Shutting down and abandoning module ExampleDeviceProfileSelector (13)
[2015.03.31-16.19.09:896][537]LogModuleManager: Shutting down and abandoning module ShaderCore (12)
[2015.03.31-16.19.09:896][537]LogModuleManager: Shutting down and abandoning module Landscape (11)
[2015.03.31-16.19.09:896][537]LogModuleManager: Shutting down and abandoning module SlateRHIRenderer (10)
[2015.03.31-16.19.09:896][537]LogModuleManager: Shutting down and abandoning module OpenGLDrv (9)
[2015.03.31-16.19.09:896][537]LogModuleManager: Shutting down and abandoning module D3D11RHI (8)
[2015.03.31-16.19.09:896][537]LogModuleManager: Shutting down and abandoning module Renderer (7)
[2015.03.31-16.19.09:896][537]LogModuleManager: Shutting down and abandoning module Engine (6)
[2015.03.31-16.19.09:896][537]LogModuleManager: Shutting down and abandoning module CoreUObject (5)
[2015.03.31-16.19.09:896][537]LogModuleManager: Shutting down and abandoning module NetworkFile (4)
[2015.03.31-16.19.09:896][537]LogModuleManager: Shutting down and abandoning module StreamingFile (3)
[2015.03.31-16.19.09:896][537]LogModuleManager: Shutting down and abandoning module SandboxFile (2)
[2015.03.31-16.19.09:896][537]LogModuleManager: Shutting down and abandoning module PakFile (1)
[2015.03.31-16.19.09:898][537]LogExit: Exiting.
[2015.03.31-16.19.09:898][537]Log file closed, 03/31/15 11:19:09
