Log file open, 04/22/15 10:14:46
LogInit: Version: 4.7.5-2503383+++depot+UE4-Releases+4.7
LogInit: API Version: 2455222
LogInit: Compiled (64-bit): Apr  6 2015 23:23:39
LogInit: Compiled with Visual C++: 18.00.21005.01
LogInit: Build Configuration: DebugGame
LogInit: Branch Name: ++depot+UE4-Releases+4.7
LogInit: Command line: 
LogInit: Base directory: C:/Users/Dillon/Documents/GitHub/EmptySkies-Builds/0.4.1/WindowsNoEditor/Empty_Skies/Binaries/Win64/
LogInit: Rocket: 1
[2015.04.22-15.14.46:992][  0]LogTaskGraph: Started task graph with 3 named threads and 6 total threads.
[2015.04.22-15.14.47:036][  0]LogOnline:Display: STEAM: Loading Steam SDK 1.30
[2015.04.22-15.14.47:293][  0]LogInit: WinSock: version 1.1 (2.2), MaxSocks=32767, MaxUdp=65467
[2015.04.22-15.14.47:305][  0]LogInit: Presizing for 0 objects not considered by GC, pre-allocating 0 bytes.
[2015.04.22-15.14.47:317][  0]LogInit: Object subsystem initialized
[2015.04.22-15.14.47:319][  0]LogConsoleResponse:Warning: Skipping Unknown console variable: 'TranslucentSortAxis = (X=0.000000,Y=-1.000000,Z=0.000000)'
[2015.04.22-15.14.47:319][  0]LogConsoleResponse:Warning:   Found in ini file '../../../Empty_Skies/Saved/Config/WindowsNoEditor/Engine.ini', in section '[/Script/Engine.RendererSettings]'
[2015.04.22-15.14.47:319][  0]LogConsoleResponse:Warning: Skipping Unknown console variable: 'UIScaleRule = ShortestSide'
[2015.04.22-15.14.47:319][  0]LogConsoleResponse:Warning:   Found in ini file '../../../Empty_Skies/Saved/Config/WindowsNoEditor/Engine.ini', in section '[/Script/Engine.RendererSettings]'
[2015.04.22-15.14.47:319][  0]LogConsoleResponse:Warning: Skipping Unknown console variable: 'UIScaleCurve = (EditorCurveData=(Keys=),ExternalCurve=None)'
[2015.04.22-15.14.47:319][  0]LogConsoleResponse:Warning:   Found in ini file '../../../Empty_Skies/Saved/Config/WindowsNoEditor/Engine.ini', in section '[/Script/Engine.RendererSettings]'
[2015.04.22-15.14.47:321][  0]LogInit: Selected Device Profile: [WindowsNoEditor]
[2015.04.22-15.14.47:321][  0]LogInit: Applying CVar settings loaded from the selected device profile: [WindowsNoEditor]
[2015.04.22-15.14.47:327][  0]LogInit: Computer: DILLONLAPTOP
[2015.04.22-15.14.47:327][  0]LogInit: User: Dillon
[2015.04.22-15.14.47:327][  0]LogInit: CPU Page size=4096, Cores=4
[2015.04.22-15.14.47:327][  0]LogInit: High frequency timer resolution =2.338345 MHz
[2015.04.22-15.14.47:327][  0]LogMemory: Memory total: Physical=7.9GB (8GB approx) Virtual=131072.0GB
[2015.04.22-15.14.47:327][  0]LogMemory: Platform Memory Stats for WindowsNoEditor
[2015.04.22-15.14.47:327][  0]LogMemory: Process Physical Memory: 62.57 MB used, 67.34 MB peak
[2015.04.22-15.14.47:327][  0]LogMemory: Process Virtual Memory: 34.54 MB used, 41.65 MB peak
[2015.04.22-15.14.47:327][  0]LogMemory: Physical Memory: 4956.36 MB used, 8080.29 MB total
[2015.04.22-15.14.47:327][  0]LogMemory: Virtual Memory: 285.96 MB used, 134217728.00 MB total
[2015.04.22-15.14.47:358][  0]LogD3D11RHI: Found D3D11 adapter 0: NVIDIA GeForce GTX 770M (Feature Level 11_0)
[2015.04.22-15.14.47:358][  0]LogD3D11RHI: Adapter has 2995MB of dedicated video memory, 0MB of dedicated system memory, and 4040MB of shared system memory, 1 output[s]
[2015.04.22-15.14.47:375][  0]LogD3D11RHI: Found D3D11 adapter 1: NVIDIA GeForce GTX 770M (Feature Level 11_0)
[2015.04.22-15.14.47:375][  0]LogD3D11RHI: Adapter has 2995MB of dedicated video memory, 0MB of dedicated system memory, and 4040MB of shared system memory, 0 output[s]
[2015.04.22-15.14.47:376][  0]LogD3D11RHI: Found D3D11 adapter 2: Microsoft Basic Render Driver (Feature Level 11_0)
[2015.04.22-15.14.47:376][  0]LogD3D11RHI: Adapter has 2995MB of dedicated video memory, 0MB of dedicated system memory, and 4040MB of shared system memory, 0 output[s]
[2015.04.22-15.14.47:377][  0]LogD3D11RHI: Chosen D3D11 Adapter Id = 0
[2015.04.22-15.14.47:409][  0]LogRHI: Texture pool is 1361 MB (70% of 1945 MB)
[2015.04.22-15.14.47:423][  0]LogD3D11RHI: Async texture creation enabled
[2015.04.22-15.14.47:474][  0]LogTextLocalizationManager: The requested culture ('en_US') has no localization data; parent culture's ('en') localization data will be used.
[2015.04.22-15.14.47:502][  0]LogContentStreaming: Texture pool size is 1000.000000MB
[2015.04.22-15.14.48:015][  0]LogWindowsMoviePlayer: Unable to load movie: ../../../Empty_Skies/Content/Movies/Default_Startup.mp4
[2015.04.22-15.14.48:050][  0]LogObj: 20190 objects as part of root set at end of initial load.
[2015.04.22-15.14.48:050][  0]LogUObjectAllocator: 4160648 out of 0 bytes used by permanent object pool.
[2015.04.22-15.14.48:062][  0]LogEngine: Initializing Engine...
[2015.04.22-15.14.50:127][  0]LogInit: XAudio2 using 'Speakers (Bluetooth Audio Device)' : 2 channels at 48 kHz using 16 bits per sample (channel mask 0x3)
[2015.04.22-15.14.50:131][  0]LogInit: FAudioDevice initialized.
[2015.04.22-15.14.50:131][  0]LogInit: Texture streaming: Enabled
[2015.04.22-15.14.50:272][  0]LogMaterial: Can't compile M_explosion_subUV with cooked content, will use default material instead
[2015.04.22-15.14.50:272][  0]LogMaterial:Warning: Failed to compile Material /Game/Particles/Materials/M_explosion_subUV.M_explosion_subUV for platform PCD3D_SM5, Default Material will be used in game.
[2015.04.22-15.14.50:272][  0]LogMaterial: Can't compile M_Burst with cooked content, will use default material instead
[2015.04.22-15.14.50:272][  0]LogMaterial:Warning: Failed to compile Material /Game/Particles/Materials/M_Burst.M_Burst for platform PCD3D_SM5, Default Material will be used in game.
[2015.04.22-15.14.50:272][  0]LogMaterial: Can't compile M_smoke_subUV with cooked content, will use default material instead
[2015.04.22-15.14.50:272][  0]LogMaterial:Warning: Failed to compile Material /Game/Particles/Materials/M_smoke_subUV.M_smoke_subUV for platform PCD3D_SM5, Default Material will be used in game.
[2015.04.22-15.14.50:282][  0]LogNet: Browse: /Game/Levels/EmptySkies_MainMenu?Name=Player
[2015.04.22-15.14.50:288][  0]LogLoad: LoadMap: /Game/Levels/EmptySkies_MainMenu?Name=Player
[2015.04.22-15.14.50:296][  0]LogMemory: Platform Memory Stats for WindowsNoEditor
[2015.04.22-15.14.50:296][  0]LogMemory: Process Physical Memory: 149.95 MB used, 151.88 MB peak
[2015.04.22-15.14.50:296][  0]LogMemory: Process Virtual Memory: 106.40 MB used, 111.27 MB peak
[2015.04.22-15.14.50:296][  0]LogMemory: Physical Memory: 5055.65 MB used, 8080.29 MB total
[2015.04.22-15.14.50:296][  0]LogMemory: Virtual Memory: 491.46 MB used, 134217728.00 MB total
[2015.04.22-15.14.50:296][  0]LogMemory: 
[2015.04.22-15.14.50:297][  0]LogMemory: Allocator Stats for binned:
[2015.04.22-15.14.50:297][  0]LogMemory: Current Memory 43.91 MB used, plus 4.23 MB waste
[2015.04.22-15.14.50:297][  0]LogMemory: Peak Memory 52.55 MB used, plus 2.15 MB waste
[2015.04.22-15.14.50:297][  0]LogMemory: Current OS Memory 48.14 MB, peak 54.70 MB
[2015.04.22-15.14.50:297][  0]LogMemory: Current Waste 0.75 MB, peak 0.95 MB
[2015.04.22-15.14.50:297][  0]LogMemory: Current Used 43.91 MB, peak 52.55 MB
[2015.04.22-15.14.50:297][  0]LogMemory: Current Slack 3.48 MB
[2015.04.22-15.14.50:297][  0]LogMemory: Allocs       112894 Current /  1078317 Total
[2015.04.22-15.14.50:297][  0]LogMemory: 
[2015.04.22-15.14.50:297][  0]LogMemory: Block Size Num Pools Max Pools Cur Allocs Total Allocs Min Req Max Req Mem Used Mem Slack Mem Waste Efficiency
[2015.04.22-15.14.50:297][  0]LogMemory: ---------- --------- --------- ---------- ------------ ------- ------- -------- --------- --------- ----------
[2015.04.22-15.14.50:297][  0]LogMemory:          8         0         0          0            0       8       0       0K        0K        0K    100.00%
[2015.04.22-15.14.50:297][  0]LogMemory:         16         6         6      20471       109826      16      16     319K       65K        0K    100.00%
[2015.04.22-15.14.50:297][  0]LogMemory:         32        13        13      23625       114796      32      32     738K       94K        0K    100.00%
[2015.04.22-15.14.50:297][  0]LogMemory:         48         8         8       9434        50061      48      48     442K       70K        0K    100.00%
[2015.04.22-15.14.50:297][  0]LogMemory:         64        13        13      12904        61943      64      64     806K       26K        0K    100.00%
[2015.04.22-15.14.50:297][  0]LogMemory:         80         4         4       3002        43424      80      80     234K       22K        0K    100.00%
[2015.04.22-15.14.50:297][  0]LogMemory:         96         5         5       2832        53802      96      96     265K       55K        0K    100.00%
[2015.04.22-15.14.50:297][  0]LogMemory:        112         3         3       1160        19397     112     112     126K       66K        0K    100.00%
[2015.04.22-15.14.50:297][  0]LogMemory:        128        31        31      15580        32952     128     128    1947K       37K        0K    100.00%
[2015.04.22-15.14.50:297][  0]LogMemory:        160        10        12       3127        51835     144     160     488K      152K       20K     96.88%
[2015.04.22-15.14.50:297][  0]LogMemory:        192        14        14       4603        97183     176     192     863K       33K       28K     96.88%
[2015.04.22-15.14.50:297][  0]LogMemory:        224         4         4        859       110236     208     224     187K       69K        8K     96.88%
[2015.04.22-15.14.50:297][  0]LogMemory:        256        18        29       4505        87268     240     256    1126K       26K       34K     97.05%
[2015.04.22-15.14.50:297][  0]LogMemory:        288         6         6       1205        85177     272     288     338K       46K        8K     97.92%
[2015.04.22-15.14.50:297][  0]LogMemory:        320         4         4        706        71694     304     320     220K       35K        6K     97.66%
[2015.04.22-15.14.50:297][  0]LogMemory:        384        10        10       1678        45642     336     384     629K        9K       58K     90.94%
[2015.04.22-15.14.50:297][  0]LogMemory:        448        11        11       1534         7514     400     448     671K       32K       41K     94.18%
[2015.04.22-15.14.50:297][  0]LogMemory:        512         9         9       1098         9337     464     512     549K       27K       32K     94.44%
[2015.04.22-15.14.50:297][  0]LogMemory:        576         3         3        287         1774     528     576     161K       30K       10K     94.79%
[2015.04.22-15.14.50:297][  0]LogMemory:        640         2         2        132          388     592     640      82K       46K        4K     96.88%
[2015.04.22-15.14.50:297][  0]LogMemory:        704         9        10        681         1517     656     704     468K      108K       13K     97.74%
[2015.04.22-15.14.50:297][  0]LogMemory:        768        15        15        990         3905     720     768     742K      215K       27K     97.19%
[2015.04.22-15.14.50:297][  0]LogMemory:        896         6         6        366          940     784     896     320K       64K       20K     94.79%
[2015.04.22-15.14.50:297][  0]LogMemory:       1024         3         3        139          543     912    1024     139K       53K        3K     98.44%
[2015.04.22-15.14.50:297][  0]LogMemory:       1168         3         3        132          527    1040    1168     150K       42K        8K     95.83%
[2015.04.22-15.14.50:297][  0]LogMemory:       1360         7         7        247         3123    1184    1360     328K      119K       21K     95.31%
[2015.04.22-15.14.50:297][  0]LogMemory:       1632         8         8        268          693    1376    1632     427K       83K       29K     94.34%
[2015.04.22-15.14.50:297][  0]LogMemory:       2048        10        10        168         1202    1648    2048     336K      304K       26K     95.94%
[2015.04.22-15.14.50:297][  0]LogMemory:       2336         5         5        106         3155    2064    2336     241K       79K       26K     91.88%
[2015.04.22-15.14.50:297][  0]LogMemory:       2720         6         6        117          528    2352    2720     310K       73K       16K     95.83%
[2015.04.22-15.14.50:297][  0]LogMemory:       3264        11        11        161         2306    2736    3264     513K      189K       30K     95.74%
[2015.04.22-15.14.50:297][  0]LogMemory:       4096        14        15        158          779    3280    4096     632K      264K       56K     93.75%
[2015.04.22-15.14.50:297][  0]LogMemory:       4672        10        12         95         1469    4112    4672     433K      206K       16K     97.50%
[2015.04.22-15.14.50:297][  0]LogMemory:       5456        12        16        111          444    4688    5456     591K      177K       50K     93.49%
[2015.04.22-15.14.50:297][  0]LogMemory:       6544        14        15        109          328    5488    6544     696K      199K       59K     93.42%
[2015.04.22-15.14.50:297][  0]LogMemory:       8192         6         7         43          880    6560    8192     344K       40K       24K     93.75%
[2015.04.22-15.14.50:297][  0]LogMemory:       9360         5         5         30           92    8208    9360     274K       46K       15K     95.31%
[2015.04.22-15.14.50:297][  0]LogMemory:      10912         4         4         17          138    9408   10880     181K       75K       18K     92.97%
[2015.04.22-15.14.50:297][  0]LogMemory:      13104         4         4         15           59   10960   13056     191K       65K       13K     94.92%
[2015.04.22-15.14.50:297][  0]LogMemory:      16384         6         9         21          121   13120   16384     336K       48K       23K     94.01%
[2015.04.22-15.14.50:297][  0]LogMemory:      21840        14        15         36          164   16400   21824     767K      129K       96K     89.29%
[2015.04.22-15.14.50:297][  0]LogMemory:      32768         7         7         12          318   21856   32640     384K       64K       82K     81.70%
[2015.04.22-15.14.50:297][  0]LogMemory: 
[2015.04.22-15.14.50:297][  0]LogMemory: 22592K allocated in pools (with 3582K slack and 920K waste). Efficiency 95.93%
[2015.04.22-15.14.50:297][  0]LogMemory: Allocations 112765 Current / 1077481 Total (in 353 pools)
[2015.04.22-15.14.50:297][  0]LogMemory: 
[2015.04.22-15.14.50:519][  0]LogWorld: Game class is 'NoplayerGameMode_C'
[2015.04.22-15.14.50:523][  0]LogModuleManager:Warning: ModuleManager: Module 'GameplayDebugger' not found - its StaticallyLinkedModuleInitializers function is null.
[2015.04.22-15.14.50:523][  0]LogAIModule: Creating AISystem for world EmptySkies_MainMenu
[2015.04.22-15.14.50:531][  0]LogWorld: Bringing World /Game/Levels/EmptySkies_MainMenu.EmptySkies_MainMenu up for play (max tick rate 0) at 2015.04.22-10.14.50
[2015.04.22-15.14.50:534][  0]LogWorld: Bringing up level for play took: 0.010128
[2015.04.22-15.14.50:553][  0]LogInit:Display: Game Engine Initialized.
[2015.04.22-15.14.50:754][  0]LogLoad: Full Startup: 5.21 seconds (BP compile: 0.00 seconds)
[2015.04.22-15.14.50:851][  2]LogRenderer:Warning: Reallocating scene render targets to support 1600x904 (Frame:2).
[2015.04.22-15.14.52:553][102]LogBlueprintUserMessages: Session Created Successfully
[2015.04.22-15.14.52:598][102]LogPackageName: SearchForPackageOnDisk took   0.015s to resolve EmptySkies_Lobby.umap
[2015.04.22-15.14.52:609][102]LogPackageName: SearchForPackageOnDisk took   0.010s to resolve EmptySkies_Lobby.umap
[2015.04.22-15.14.52:609][102]LogNet: Browse: /Game/Levels/EmptySkies_Lobby?Name=Player??listen
[2015.04.22-15.14.52:609][102]LogLoad: LoadMap: /Game/Levels/EmptySkies_Lobby?Name=Player??listen
[2015.04.22-15.14.52:636][102]LogParticles: Destroying 0 GPU particle simulations for FXSystem 0x000000D999CA47E0
[2015.04.22-15.14.52:644][102]LogMemory: Platform Memory Stats for WindowsNoEditor
[2015.04.22-15.14.52:644][102]LogMemory: Process Physical Memory: 184.08 MB used, 225.82 MB peak
[2015.04.22-15.14.52:644][102]LogMemory: Process Virtual Memory: 130.90 MB used, 178.66 MB peak
[2015.04.22-15.14.52:644][102]LogMemory: Physical Memory: 5095.45 MB used, 8080.29 MB total
[2015.04.22-15.14.52:644][102]LogMemory: Virtual Memory: 533.20 MB used, 134217728.00 MB total
[2015.04.22-15.14.52:644][102]LogMemory: 
[2015.04.22-15.14.52:645][102]LogMemory: Allocator Stats for binned:
[2015.04.22-15.14.52:645][102]LogMemory: Current Memory 53.21 MB used, plus 5.84 MB waste
[2015.04.22-15.14.52:645][102]LogMemory: Peak Memory 94.50 MB used, plus 3.62 MB waste
[2015.04.22-15.14.52:645][102]LogMemory: Current OS Memory 59.05 MB, peak 98.12 MB
[2015.04.22-15.14.52:645][102]LogMemory: Current Waste 1.05 MB, peak 1.24 MB
[2015.04.22-15.14.52:645][102]LogMemory: Current Used 53.21 MB, peak 94.50 MB
[2015.04.22-15.14.52:645][102]LogMemory: Current Slack 4.79 MB
[2015.04.22-15.14.52:645][102]LogMemory: Allocs       115628 Current /  1330582 Total
[2015.04.22-15.14.52:645][102]LogMemory: 
[2015.04.22-15.14.52:645][102]LogMemory: Block Size Num Pools Max Pools Cur Allocs Total Allocs Min Req Max Req Mem Used Mem Slack Mem Waste Efficiency
[2015.04.22-15.14.52:645][102]LogMemory: ---------- --------- --------- ---------- ------------ ------- ------- -------- --------- --------- ----------
[2015.04.22-15.14.52:645][102]LogMemory:          8         0         0          0            0       8       0       0K        0K        0K    100.00%
[2015.04.22-15.14.52:645][102]LogMemory:         16         7         7      20793       146051      16      16     324K      124K        0K    100.00%
[2015.04.22-15.14.52:645][102]LogMemory:         32        14        14      24494       156253      32      32     765K      131K        0K    100.00%
[2015.04.22-15.14.52:645][102]LogMemory:         48         9         9       9630        77523      48      48     451K      125K        0K    100.00%
[2015.04.22-15.14.52:645][102]LogMemory:         64        15        15      13123        88454      64      64     820K      140K        0K    100.00%
[2015.04.22-15.14.52:645][102]LogMemory:         80         5         5       3118        62296      80      80     243K       77K        0K    100.00%
[2015.04.22-15.14.52:645][102]LogMemory:         96         5         5       2892        70164      96      96     271K       49K        0K    100.00%
[2015.04.22-15.14.52:645][102]LogMemory:        112         3         3       1298        34721     112     112     141K       51K        0K    100.00%
[2015.04.22-15.14.52:645][102]LogMemory:        128        32        32      15632        40269     128     128    1954K       94K        0K    100.00%
[2015.04.22-15.14.52:645][102]LogMemory:        160        11        12       3263        66061     144     160     509K      194K       24K     96.59%
[2015.04.22-15.14.52:645][102]LogMemory:        192        15        15       4694       105330     176     192     880K       80K       29K     96.98%
[2015.04.22-15.14.52:645][102]LogMemory:        224         4         4        862       118479     208     224     188K       68K        8K     96.88%
[2015.04.22-15.14.52:645][102]LogMemory:        256        21        29       4700        91042     240     256    1175K      169K       35K     97.40%
[2015.04.22-15.14.52:645][102]LogMemory:        288         7         7       1212        89883     272     288     340K      107K        9K     97.99%
[2015.04.22-15.14.52:645][102]LogMemory:        320         5         5        711        74523     304     320     222K       97K        6K     98.13%
[2015.04.22-15.14.52:645][102]LogMemory:        384        11        12       1706        50369     336     384     639K       63K       58K     91.76%
[2015.04.22-15.14.52:645][102]LogMemory:        448        11        12       1537         9219     400     448     672K       31K       37K     94.74%
[2015.04.22-15.14.52:645][102]LogMemory:        512        10        10       1113        10179     464     512     556K       84K       32K     95.00%
[2015.04.22-15.14.52:645][102]LogMemory:        576         4         4        295         2550     528     576     165K       90K       11K     95.70%
[2015.04.22-15.14.52:645][102]LogMemory:        640         2         3        137          499     592     640      85K       43K        3K     97.66%
[2015.04.22-15.14.52:645][102]LogMemory:        704        10        11        684         1933     656     704     470K      170K       14K     97.81%
[2015.04.22-15.14.52:645][102]LogMemory:        768        18        23       1016         5189     720     768     762K      386K       31K     97.31%
[2015.04.22-15.14.52:645][102]LogMemory:        896         8         9        370         2641     784     896     323K      188K       26K     94.92%
[2015.04.22-15.14.52:645][102]LogMemory:       1024         3         3        137         2097     912    1024     137K       55K        2K     98.96%
[2015.04.22-15.14.52:645][102]LogMemory:       1168         4         4        135          759    1040    1168     153K      103K        9K     96.48%
[2015.04.22-15.14.52:645][102]LogMemory:       1360         8         8        258         3612    1184    1360     342K      168K       24K     95.31%
[2015.04.22-15.14.52:645][102]LogMemory:       1632         8         9        268          831    1376    1632     427K       83K       27K     94.73%
[2015.04.22-15.14.52:645][102]LogMemory:       2048        10        10        178         1965    1648    2048     356K      284K       32K     95.00%
[2015.04.22-15.14.52:645][102]LogMemory:       2336         5         5        108         3237    2064    2336     246K       74K       26K     91.88%
[2015.04.22-15.14.52:645][102]LogMemory:       2720         7         7        133          878    2352    2720     353K       94K       19K     95.76%
[2015.04.22-15.14.52:645][102]LogMemory:       3264        11        11        165         3408    2736    3264     525K      177K       39K     94.46%
[2015.04.22-15.14.52:645][102]LogMemory:       4096        14        15        168         1114    3280    4096     672K      224K       56K     93.75%
[2015.04.22-15.14.52:645][102]LogMemory:       4672        10        12        111         1730    4112    4672     506K      133K       21K     96.72%
[2015.04.22-15.14.52:645][102]LogMemory:       5456        12        16        120         1620    4688    5456     639K      129K       45K     94.14%
[2015.04.22-15.14.52:645][102]LogMemory:       6544        13        15        113          597    5472    6544     722K      109K       67K     91.95%
[2015.04.22-15.14.52:645][102]LogMemory:       8192         7        10         46         1049    6560    8192     368K       80K       29K     93.53%
[2015.04.22-15.14.52:645][102]LogMemory:       9360         5         6         30          204    8208    9360     274K       46K       17K     94.69%
[2015.04.22-15.14.52:645][102]LogMemory:      10912         7         8         36         1224    9408   10880     383K       65K       40K     91.07%
[2015.04.22-15.14.52:645][102]LogMemory:      13104         4         4         16           69   10960   13056     204K       52K       14K     94.53%
[2015.04.22-15.14.52:645][102]LogMemory:      16384         6        12         22          374   13120   16384     352K       32K       24K     93.75%
[2015.04.22-15.14.52:645][102]LogMemory:      21840        15        16         41          286   16400   21824     874K       86K       97K     89.90%
[2015.04.22-15.14.52:645][102]LogMemory:      32768         8        14         14          348   21856   32640     448K       64K       98K     80.86%
[2015.04.22-15.14.52:645][102]LogMemory: 
[2015.04.22-15.14.52:645][102]LogMemory: 24576K allocated in pools (with 4619K slack and 1009K waste). Efficiency 95.89%
[2015.04.22-15.14.52:645][102]LogMemory: Allocations 115380 Current / 1329031 Total (in 384 pools)
[2015.04.22-15.14.52:645][102]LogMemory: 
[2015.04.22-15.14.52:656][102]LogWorld: Game class is 'LobbyGameMode_C'
[2015.04.22-15.14.52:656][102]LogNet:Display: SteamNetDriver_0 bound to port 7777
[2015.04.22-15.14.52:656][102]LogNet: GameNetDriver SteamNetDriver_0 IpNetDriver listening on port 7777
[2015.04.22-15.14.52:658][102]LogAIModule: Creating AISystem for world EmptySkies_Lobby
[2015.04.22-15.14.52:658][102]LogWorld: Bringing World /Game/Levels/EmptySkies_Lobby.EmptySkies_Lobby up for play (max tick rate 0) at 2015.04.22-10.14.52
[2015.04.22-15.14.52:658][102]LogWorld: Bringing up level for play took: 0.000330
[2015.04.22-15.14.52:659][102]LogGameMode: Warning - PATHS NOT DEFINED or NO PLAYERSTART with positive rating
[2015.04.22-15.14.55:136][232]LogEngine: All Windows Closed
[2015.04.22-15.14.55:136][232]LogWindows: FPlatformMisc::RequestExit(0)
[2015.04.22-15.14.55:165][233]LogNet: World NetDriver shutdown SteamNetDriver_0 [GameNetDriver]
[2015.04.22-15.14.55:165][233]LogNet: DestroyNamedNetDriver SteamNetDriver_0 [GameNetDriver]
[2015.04.22-15.14.55:165][233]LogExit: GameNetDriver SteamNetDriver_0 shut down
[2015.04.22-15.14.55:271][233]LogExit: Preparing to exit.
[2015.04.22-15.14.55:350][233]LogExit: Game engine shut down
[2015.04.22-15.14.55:381][233]LogParticles: Destroying 0 GPU particle simulations for FXSystem 0x000000D993D7F140
[2015.04.22-15.14.55:381][233]LogExit: Object subsystem successfully closed.
[2015.04.22-15.14.55:400][233]LogModuleManager: Shutting down and abandoning module AutomationWorker (49)
[2015.04.22-15.14.55:400][233]LogModuleManager: Shutting down and abandoning module CharacterAI (48)
[2015.04.22-15.14.55:400][233]LogModuleManager: Shutting down and abandoning module AIModule (46)
[2015.04.22-15.14.55:400][233]LogModuleManager: Shutting down and abandoning module GameLiveStreaming (45)
[2015.04.22-15.14.55:400][233]LogModuleManager: Shutting down and abandoning module StreamingPauseRendering (44)
[2015.04.22-15.14.55:400][233]LogModuleManager: Shutting down and abandoning module HTTP (43)
[2015.04.22-15.14.55:400][233]LogModuleManager: Shutting down and abandoning module AnalyticsET (42)
[2015.04.22-15.14.55:400][233]LogModuleManager: Shutting down and abandoning module Analytics (41)
[2015.04.22-15.14.55:400][233]LogModuleManager: Shutting down and abandoning module ProfilerService (40)
[2015.04.22-15.14.55:557][233]LogModuleManager: Shutting down and abandoning module TaskGraph (39)
[2015.04.22-15.14.55:557][233]LogModuleManager: Shutting down and abandoning module SlateRemote (38)
[2015.04.22-15.14.55:557][233]LogModuleManager: Shutting down and abandoning module CustomMeshComponent (37)
[2015.04.22-15.14.55:557][233]LogModuleManager: Shutting down and abandoning module CableComponent (36)
[2015.04.22-15.14.55:557][233]LogModuleManager: Shutting down and abandoning module Empty_Skies (35)
[2015.04.22-15.14.55:557][233]LogModuleManager: Shutting down and abandoning module ScriptPlugin (34)
[2015.04.22-15.14.55:557][233]LogModuleManager: Shutting down and abandoning module UdpMessaging (33)
[2015.04.22-15.14.55:557][233]LogModuleManager: Shutting down and abandoning module Paper2D (32)
[2015.04.22-15.14.55:557][233]LogModuleManager: Shutting down and abandoning module WindowsMoviePlayer (31)
[2015.04.22-15.14.55:558][233]LogModuleManager: Shutting down and abandoning module Media (30)
[2015.04.22-15.14.55:558][233]LogModuleManager: Shutting down and abandoning module WmfMedia (29)
[2015.04.22-15.14.55:558][233]LogModuleManager: Shutting down and abandoning module ImageWrapper (28)
[2015.04.22-15.14.55:558][233]LogModuleManager: Shutting down and abandoning module UMG (27)
[2015.04.22-15.14.55:558][233]LogModuleManager: Shutting down and abandoning module Slate (26)
[2015.04.22-15.14.55:558][233]LogModuleManager: Shutting down and abandoning module SessionServices (25)
[2015.04.22-15.14.55:558][233]LogModuleManager: Shutting down and abandoning module Messaging (24)
[2015.04.22-15.14.55:558][233]LogModuleManager: Shutting down and abandoning module HeadMountedDisplay (23)
[2015.04.22-15.14.55:558][233]LogModuleManager: Shutting down and abandoning module XAudio2 (22)
[2015.04.22-15.14.55:558][233]LogModuleManager: Shutting down and abandoning module Networking (21)
[2015.04.22-15.14.55:558][233]LogModuleManager: Shutting down and abandoning module Core (20)
[2015.04.22-15.14.55:558][233]LogModuleManager: Shutting down and abandoning module InputCore (19)
[2015.04.22-15.14.55:558][233]LogModuleManager: Shutting down and abandoning module OnlineSubsystem (15)
[2015.04.22-15.14.55:558][233]LogOnline:Display: STEAM: OnlineSubsystemSteam::Shutdown()
[2015.04.22-15.14.55:573][233]LogOnline:Display: Unloading online subsystem: Steam
[2015.04.22-15.14.55:573][233]LogOnline:Display: STEAM: OnlineSubsystemSteam::Shutdown()
[2015.04.22-15.14.55:573][233]LogModuleManager: Shutting down and abandoning module OculusRift (14)
[2015.04.22-15.14.55:573][233]LogModuleManager: Shutting down and abandoning module ExampleDeviceProfileSelector (13)
[2015.04.22-15.14.55:573][233]LogModuleManager: Shutting down and abandoning module ShaderCore (12)
[2015.04.22-15.14.55:573][233]LogModuleManager: Shutting down and abandoning module Landscape (11)
[2015.04.22-15.14.55:573][233]LogModuleManager: Shutting down and abandoning module SlateRHIRenderer (10)
[2015.04.22-15.14.55:573][233]LogModuleManager: Shutting down and abandoning module OpenGLDrv (9)
[2015.04.22-15.14.55:573][233]LogModuleManager: Shutting down and abandoning module D3D11RHI (8)
[2015.04.22-15.14.55:573][233]LogModuleManager: Shutting down and abandoning module Renderer (7)
[2015.04.22-15.14.55:573][233]LogModuleManager: Shutting down and abandoning module Engine (6)
[2015.04.22-15.14.55:573][233]LogModuleManager: Shutting down and abandoning module CoreUObject (5)
[2015.04.22-15.14.55:573][233]LogModuleManager: Shutting down and abandoning module NetworkFile (4)
[2015.04.22-15.14.55:573][233]LogModuleManager: Shutting down and abandoning module StreamingFile (3)
[2015.04.22-15.14.55:573][233]LogModuleManager: Shutting down and abandoning module SandboxFile (2)
[2015.04.22-15.14.55:573][233]LogModuleManager: Shutting down and abandoning module PakFile (1)
[2015.04.22-15.14.55:574][233]LogExit: Exiting.
[2015.04.22-15.14.55:575][233]Log file closed, 04/22/15 10:14:55
