Log file open, 04/22/15 07:32:15
LogInit: Version: 4.7.5-2503383+++depot+UE4-Releases+4.7
LogInit: API Version: 2455222
LogInit: Compiled (64-bit): Apr  6 2015 23:23:39
LogInit: Compiled with Visual C++: 18.00.21005.01
LogInit: Build Configuration: DebugGame
LogInit: Branch Name: ++depot+UE4-Releases+4.7
LogInit: Command line: 
LogInit: Base directory: C:/Users/Dillon/Documents/GitHub/EmptySkies-Builds/0.4.1/WindowsNoEditor/Empty_Skies/Binaries/Win64/
LogInit: Rocket: 1
[2015.04.22-12.32.15:940][  0]LogTaskGraph: Started task graph with 3 named threads and 6 total threads.
[2015.04.22-12.32.15:984][  0]LogOnline:Display: STEAM: Loading Steam SDK 1.30
[2015.04.22-12.32.16:132][  0]LogOnline:Warning: STEAM: Steamworks: SteamUtils() failed!
[2015.04.22-12.32.16:132][  0]LogOnline:Warning: STEAM: Steamworks: SteamUser() failed!
[2015.04.22-12.32.16:132][  0]LogOnline:Warning: STEAM: Steamworks: SteamFriends() failed!
[2015.04.22-12.32.16:132][  0]LogOnline:Warning: STEAM: Steamworks: SteamRemoteStorage() failed!
[2015.04.22-12.32.16:132][  0]LogOnline:Warning: STEAM: Steamworks: SteamUserStats() failed!
[2015.04.22-12.32.16:132][  0]LogOnline:Warning: STEAM: Steamworks: SteamMatchmakingServers() failed!
[2015.04.22-12.32.16:132][  0]LogOnline:Warning: STEAM: Steamworks: SteamApps() failed!
[2015.04.22-12.32.16:132][  0]LogOnline:Warning: STEAM: Steamworks: SteamNetworking() failed!
[2015.04.22-12.32.16:132][  0]LogOnline:Warning: STEAM: Steamworks: SteamMatchmaking() failed!
[2015.04.22-12.32.16:132][  0]LogOnline:Display: STEAM: OnlineSubsystemSteam::Shutdown()
[2015.04.22-12.32.16:132][  0]LogOnline:Warning: STEAM: Steam API failed to initialize!
[2015.04.22-12.32.16:132][  0]LogOnline:Display: STEAM: OnlineSubsystemSteam::Shutdown()
[2015.04.22-12.32.16:132][  0]LogOnline:Warning: Unable to create OnlineSubsystem module Steam
[2015.04.22-12.32.16:132][  0]LogOnline:Warning: Unable to load default OnlineSubsystem module Steam, using NULL interface
[2015.04.22-12.32.16:132][  0]LogModuleManager:Warning: ModuleManager: Module 'OnlineSubsystemNull' not found - its StaticallyLinkedModuleInitializers function is null.
[2015.04.22-12.32.16:132][  0]LogInit: Presizing for 0 objects not considered by GC, pre-allocating 0 bytes.
[2015.04.22-12.32.16:139][  0]LogInit: Object subsystem initialized
[2015.04.22-12.32.16:224][  0]LogConsoleResponse:Warning: Skipping Unknown console variable: 'TranslucentSortAxis = (X=0.000000,Y=-1.000000,Z=0.000000)'
[2015.04.22-12.32.16:224][  0]LogConsoleResponse:Warning:   Found in ini file '../../../Empty_Skies/Saved/Config/WindowsNoEditor/Engine.ini', in section '[/Script/Engine.RendererSettings]'
[2015.04.22-12.32.16:225][  0]LogConsoleResponse:Warning: Skipping Unknown console variable: 'UIScaleRule = ShortestSide'
[2015.04.22-12.32.16:225][  0]LogConsoleResponse:Warning:   Found in ini file '../../../Empty_Skies/Saved/Config/WindowsNoEditor/Engine.ini', in section '[/Script/Engine.RendererSettings]'
[2015.04.22-12.32.16:225][  0]LogConsoleResponse:Warning: Skipping Unknown console variable: 'UIScaleCurve = (EditorCurveData=(Keys=),ExternalCurve=None)'
[2015.04.22-12.32.16:225][  0]LogConsoleResponse:Warning:   Found in ini file '../../../Empty_Skies/Saved/Config/WindowsNoEditor/Engine.ini', in section '[/Script/Engine.RendererSettings]'
[2015.04.22-12.32.16:249][  0]LogInit: Selected Device Profile: [WindowsNoEditor]
[2015.04.22-12.32.16:249][  0]LogInit: Applying CVar settings loaded from the selected device profile: [WindowsNoEditor]
[2015.04.22-12.32.16:361][  0]LogInit: Computer: DILLONLAPTOP
[2015.04.22-12.32.16:361][  0]LogInit: User: Dillon
[2015.04.22-12.32.16:361][  0]LogInit: CPU Page size=4096, Cores=4
[2015.04.22-12.32.16:361][  0]LogInit: High frequency timer resolution =2.338345 MHz
[2015.04.22-12.32.16:361][  0]LogMemory: Memory total: Physical=7.9GB (8GB approx) Virtual=131072.0GB
[2015.04.22-12.32.16:362][  0]LogMemory: Platform Memory Stats for WindowsNoEditor
[2015.04.22-12.32.16:362][  0]LogMemory: Process Physical Memory: 28.89 MB used, 33.18 MB peak
[2015.04.22-12.32.16:362][  0]LogMemory: Process Virtual Memory: 18.97 MB used, 23.55 MB peak
[2015.04.22-12.32.16:362][  0]LogMemory: Physical Memory: 4474.96 MB used, 8080.29 MB total
[2015.04.22-12.32.16:362][  0]LogMemory: Virtual Memory: 194.58 MB used, 134217728.00 MB total
[2015.04.22-12.32.16:391][  0]LogD3D11RHI: Found D3D11 adapter 0: NVIDIA GeForce GTX 770M (Feature Level 11_0)
[2015.04.22-12.32.16:391][  0]LogD3D11RHI: Adapter has 2995MB of dedicated video memory, 0MB of dedicated system memory, and 4040MB of shared system memory, 1 output[s]
[2015.04.22-12.32.16:406][  0]LogD3D11RHI: Found D3D11 adapter 1: NVIDIA GeForce GTX 770M (Feature Level 11_0)
[2015.04.22-12.32.16:406][  0]LogD3D11RHI: Adapter has 2995MB of dedicated video memory, 0MB of dedicated system memory, and 4040MB of shared system memory, 0 output[s]
[2015.04.22-12.32.16:407][  0]LogD3D11RHI: Found D3D11 adapter 2: Microsoft Basic Render Driver (Feature Level 11_0)
[2015.04.22-12.32.16:407][  0]LogD3D11RHI: Adapter has 2995MB of dedicated video memory, 0MB of dedicated system memory, and 4040MB of shared system memory, 0 output[s]
[2015.04.22-12.32.16:407][  0]LogD3D11RHI: Chosen D3D11 Adapter Id = 0
[2015.04.22-12.32.16:434][  0]LogRHI: Texture pool is 1361 MB (70% of 1945 MB)
[2015.04.22-12.32.16:446][  0]LogD3D11RHI: Async texture creation enabled
[2015.04.22-12.32.18:155][  0]LogTextLocalizationManager: The requested culture ('en_US') has no localization data; parent culture's ('en') localization data will be used.
[2015.04.22-12.32.18:230][  0]LogContentStreaming: Texture pool size is 1000.000000MB
[2015.04.22-12.32.19:760][  0]LogInit: WinSock: version 1.1 (2.2), MaxSocks=32767, MaxUdp=65467
[2015.04.22-12.32.21:969][  0]LogWindowsMoviePlayer: Unable to load movie: ../../../Empty_Skies/Content/Movies/Default_Startup.mp4
[2015.04.22-12.32.22:168][  0]LogObj: 20190 objects as part of root set at end of initial load.
[2015.04.22-12.32.22:168][  0]LogUObjectAllocator: 4160648 out of 0 bytes used by permanent object pool.
[2015.04.22-12.32.22:275][  0]LogEngine: Initializing Engine...
[2015.04.22-12.32.24:595][  0]LogInit: XAudio2 using 'Speakers (Bluetooth Audio Device)' : 2 channels at 48 kHz using 16 bits per sample (channel mask 0x3)
[2015.04.22-12.32.24:753][  0]LogInit: FAudioDevice initialized.
[2015.04.22-12.32.24:753][  0]LogInit: Texture streaming: Enabled
[2015.04.22-12.32.25:299][  0]LogMaterial: Can't compile M_explosion_subUV with cooked content, will use default material instead
[2015.04.22-12.32.25:299][  0]LogMaterial:Warning: Failed to compile Material /Game/Particles/Materials/M_explosion_subUV.M_explosion_subUV for platform PCD3D_SM5, Default Material will be used in game.
[2015.04.22-12.32.25:300][  0]LogMaterial: Can't compile M_Burst with cooked content, will use default material instead
[2015.04.22-12.32.25:300][  0]LogMaterial:Warning: Failed to compile Material /Game/Particles/Materials/M_Burst.M_Burst for platform PCD3D_SM5, Default Material will be used in game.
[2015.04.22-12.32.25:300][  0]LogMaterial: Can't compile M_smoke_subUV with cooked content, will use default material instead
[2015.04.22-12.32.25:300][  0]LogMaterial:Warning: Failed to compile Material /Game/Particles/Materials/M_smoke_subUV.M_smoke_subUV for platform PCD3D_SM5, Default Material will be used in game.
[2015.04.22-12.32.25:353][  0]LogNet: Browse: /Game/Levels/EmptySkies_MainMenu?Name=Player
[2015.04.22-12.32.25:359][  0]LogLoad: LoadMap: /Game/Levels/EmptySkies_MainMenu?Name=Player
[2015.04.22-12.32.25:512][  0]LogMemory: Platform Memory Stats for WindowsNoEditor
[2015.04.22-12.32.25:512][  0]LogMemory: Process Physical Memory: 116.93 MB used, 117.61 MB peak
[2015.04.22-12.32.25:512][  0]LogMemory: Process Virtual Memory: 90.71 MB used, 94.21 MB peak
[2015.04.22-12.32.25:512][  0]LogMemory: Physical Memory: 4591.03 MB used, 8080.29 MB total
[2015.04.22-12.32.25:512][  0]LogMemory: Virtual Memory: 399.41 MB used, 134217728.00 MB total
[2015.04.22-12.32.25:512][  0]LogMemory: 
[2015.04.22-12.32.25:513][  0]LogMemory: Allocator Stats for binned:
[2015.04.22-12.32.25:513][  0]LogMemory: Current Memory 43.85 MB used, plus 4.32 MB waste
[2015.04.22-12.32.25:513][  0]LogMemory: Peak Memory 52.50 MB used, plus 2.23 MB waste
[2015.04.22-12.32.25:513][  0]LogMemory: Current OS Memory 48.16 MB, peak 54.73 MB
[2015.04.22-12.32.25:513][  0]LogMemory: Current Waste 0.75 MB, peak 0.95 MB
[2015.04.22-12.32.25:513][  0]LogMemory: Current Used 43.85 MB, peak 52.50 MB
[2015.04.22-12.32.25:513][  0]LogMemory: Current Slack 3.57 MB
[2015.04.22-12.32.25:513][  0]LogMemory: Allocs       112791 Current /  1085959 Total
[2015.04.22-12.32.25:513][  0]LogMemory: 
[2015.04.22-12.32.25:513][  0]LogMemory: Block Size Num Pools Max Pools Cur Allocs Total Allocs Min Req Max Req Mem Used Mem Slack Mem Waste Efficiency
[2015.04.22-12.32.25:513][  0]LogMemory: ---------- --------- --------- ---------- ------------ ------- ------- -------- --------- --------- ----------
[2015.04.22-12.32.25:513][  0]LogMemory:          8         0         0          0            0       8       0       0K        0K        0K    100.00%
[2015.04.22-12.32.25:513][  0]LogMemory:         16         6         6      20464       115198      16      16     319K       65K        0K    100.00%
[2015.04.22-12.32.25:513][  0]LogMemory:         32        13        13      23603       114813      32      32     737K       95K        0K    100.00%
[2015.04.22-12.32.25:513][  0]LogMemory:         48         8         8       9427        50070      48      48     441K       71K        0K    100.00%
[2015.04.22-12.32.25:513][  0]LogMemory:         64        13        13      12901        61923      64      64     806K       26K        0K    100.00%
[2015.04.22-12.32.25:513][  0]LogMemory:         80         4         4       3002        43369      80      80     234K       22K        0K    100.00%
[2015.04.22-12.32.25:513][  0]LogMemory:         96         5         5       2830        54196      96      96     265K       55K        0K    100.00%
[2015.04.22-12.32.25:513][  0]LogMemory:        112         3         3       1159        19478     112     112     126K       66K        0K    100.00%
[2015.04.22-12.32.25:513][  0]LogMemory:        128        31        31      15578        32959     128     128    1947K       37K        0K    100.00%
[2015.04.22-12.32.25:513][  0]LogMemory:        160        10        12       3127        51864     144     160     488K      152K       20K     96.88%
[2015.04.22-12.32.25:513][  0]LogMemory:        192        14        14       4599        97326     176     192     862K       34K       28K     96.88%
[2015.04.22-12.32.25:513][  0]LogMemory:        224         4         4        857       110392     208     224     187K       69K        8K     96.88%
[2015.04.22-12.32.25:513][  0]LogMemory:        256        18        29       4498        87423     240     256    1124K       28K       34K     97.05%
[2015.04.22-12.32.25:513][  0]LogMemory:        288         6         6       1206        85587     272     288     339K       45K        8K     97.92%
[2015.04.22-12.32.25:513][  0]LogMemory:        320         4         4        705        71908     304     320     220K       35K        6K     97.66%
[2015.04.22-12.32.25:513][  0]LogMemory:        384        10        10       1676        45913     336     384     628K       10K       58K     90.94%
[2015.04.22-12.32.25:513][  0]LogMemory:        448        11        11       1534         7468     400     448     671K       32K       40K     94.32%
[2015.04.22-12.32.25:513][  0]LogMemory:        512         9         9       1099         9315     464     512     549K       27K       32K     94.44%
[2015.04.22-12.32.25:513][  0]LogMemory:        576         3         3        286         2020     528     576     160K       31K       11K     94.27%
[2015.04.22-12.32.25:513][  0]LogMemory:        640         2         2        133          387     592     640      83K       45K        4K     96.88%
[2015.04.22-12.32.25:513][  0]LogMemory:        704        10        10        675         1516     656     704     464K      176K       13K     97.97%
[2015.04.22-12.32.25:513][  0]LogMemory:        768        15        15        990         3904     720     768     742K      215K       27K     97.19%
[2015.04.22-12.32.25:513][  0]LogMemory:        896         6         6        365          983     784     896     319K       65K       21K     94.53%
[2015.04.22-12.32.25:513][  0]LogMemory:       1024         3         3        139          543     912    1024     139K       53K        3K     98.44%
[2015.04.22-12.32.25:513][  0]LogMemory:       1168         3         3        133          528    1040    1168     151K       41K        8K     95.83%
[2015.04.22-12.32.25:513][  0]LogMemory:       1360         7         7        247         3170    1184    1360     328K      119K       21K     95.31%
[2015.04.22-12.32.25:513][  0]LogMemory:       1632         8         8        267          694    1376    1632     425K       85K       29K     94.34%
[2015.04.22-12.32.25:513][  0]LogMemory:       2048        10        10        167         1296    1648    2048     334K      306K       26K     95.94%
[2015.04.22-12.32.25:513][  0]LogMemory:       2336         5         5        106         3155    2064    2336     241K       79K       26K     91.88%
[2015.04.22-12.32.25:513][  0]LogMemory:       2720         6         6        117          529    2352    2720     310K       73K       16K     95.83%
[2015.04.22-12.32.25:513][  0]LogMemory:       3264        11        11        161         2354    2736    3264     513K      189K       31K     95.60%
[2015.04.22-12.32.25:513][  0]LogMemory:       4096        14        15        158          778    3280    4096     632K      264K       56K     93.75%
[2015.04.22-12.32.25:513][  0]LogMemory:       4672        10        12         95         1468    4112    4672     433K      206K       16K     97.50%
[2015.04.22-12.32.25:513][  0]LogMemory:       5456        12        16        111          444    4688    5456     591K      177K       50K     93.49%
[2015.04.22-12.32.25:513][  0]LogMemory:       6544        14        15        109          328    5488    6544     696K      199K       59K     93.42%
[2015.04.22-12.32.25:513][  0]LogMemory:       8192         6         6         41          878    6560    8192     328K       56K       23K     94.01%
[2015.04.22-12.32.25:513][  0]LogMemory:       9360         5         5         30           92    8208    9360     274K       46K       15K     95.31%
[2015.04.22-12.32.25:513][  0]LogMemory:      10912         4         4         17          184    9408   10880     181K       75K       19K     92.58%
[2015.04.22-12.32.25:513][  0]LogMemory:      13104         4         4         15           59   10960   13056     191K       65K       13K     94.92%
[2015.04.22-12.32.25:513][  0]LogMemory:      16384         6         9         21          121   13120   16384     336K       48K       23K     94.01%
[2015.04.22-12.32.25:513][  0]LogMemory:      21840        14        15         36          164   16400   21824     767K      129K       96K     89.29%
[2015.04.22-12.32.25:513][  0]LogMemory:      32768         7         7         12          318   21856   32640     384K       64K       82K     81.70%
[2015.04.22-12.32.25:513][  0]LogMemory: 
[2015.04.22-12.32.25:513][  0]LogMemory: 22656K allocated in pools (with 3675K slack and 922K waste). Efficiency 95.93%
[2015.04.22-12.32.25:513][  0]LogMemory: Allocations 112697 Current / 1085116 Total (in 354 pools)
[2015.04.22-12.32.25:513][  0]LogMemory: 
[2015.04.22-12.32.27:191][  0]LogWorld: Game class is 'NoplayerGameMode_C'
[2015.04.22-12.32.27:296][  0]LogModuleManager:Warning: ModuleManager: Module 'GameplayDebugger' not found - its StaticallyLinkedModuleInitializers function is null.
[2015.04.22-12.32.27:296][  0]LogAIModule: Creating AISystem for world EmptySkies_MainMenu
[2015.04.22-12.32.27:511][  0]LogWorld: Bringing World /Game/Levels/EmptySkies_MainMenu.EmptySkies_MainMenu up for play (max tick rate 0) at 2015.04.22-07.32.27
[2015.04.22-12.32.27:516][  0]LogWorld: Bringing up level for play took: 0.220145
[2015.04.22-12.32.27:633][  0]LogInit:Display: Game Engine Initialized.
[2015.04.22-12.32.27:834][  0]LogLoad: Full Startup: 15.06 seconds (BP compile: 0.00 seconds)
[2015.04.22-12.32.27:993][  1]LogRenderer:Warning: Reallocating scene render targets to support 1600x904 (Frame:2).
[2015.04.22-12.32.30:767][ 89]LogScript:Warning: CreateSession - Invalid or uninitialized OnlineSubsystem
[2015.04.22-12.32.30:767][ 89]LogScript:Warning: CreateSession - Cannot map local player to unique net ID
[2015.04.22-12.32.30:767][ 89]LogBlueprintUserMessages: Session failed to start
[2015.04.22-12.32.39:655][381]LogEngine: All Windows Closed
[2015.04.22-12.32.39:655][381]LogWindows: FPlatformMisc::RequestExit(0)
[2015.04.22-12.32.39:883][382]LogExit: Preparing to exit.
[2015.04.22-12.32.40:033][382]LogExit: Game engine shut down
[2015.04.22-12.32.40:039][382]LogParticles: Destroying 0 GPU particle simulations for FXSystem 0x00000074C2394740
[2015.04.22-12.32.40:099][382]LogExit: Object subsystem successfully closed.
[2015.04.22-12.32.40:214][382]LogModuleManager: Shutting down and abandoning module AutomationWorker (50)
[2015.04.22-12.32.40:214][382]LogModuleManager: Shutting down and abandoning module CharacterAI (49)
[2015.04.22-12.32.40:214][382]LogModuleManager: Shutting down and abandoning module AIModule (47)
[2015.04.22-12.32.40:214][382]LogModuleManager: Shutting down and abandoning module GameLiveStreaming (46)
[2015.04.22-12.32.40:214][382]LogModuleManager: Shutting down and abandoning module StreamingPauseRendering (45)
[2015.04.22-12.32.40:214][382]LogModuleManager: Shutting down and abandoning module HTTP (44)
[2015.04.22-12.32.40:227][382]LogModuleManager: Shutting down and abandoning module AnalyticsET (43)
[2015.04.22-12.32.40:227][382]LogModuleManager: Shutting down and abandoning module Analytics (42)
[2015.04.22-12.32.40:227][382]LogModuleManager: Shutting down and abandoning module ProfilerService (41)
[2015.04.22-12.32.40:262][382]LogModuleManager: Shutting down and abandoning module TaskGraph (40)
[2015.04.22-12.32.40:272][382]LogModuleManager: Shutting down and abandoning module SlateRemote (39)
[2015.04.22-12.32.40:272][382]LogModuleManager: Shutting down and abandoning module CustomMeshComponent (38)
[2015.04.22-12.32.40:272][382]LogModuleManager: Shutting down and abandoning module CableComponent (37)
[2015.04.22-12.32.40:272][382]LogModuleManager: Shutting down and abandoning module Empty_Skies (36)
[2015.04.22-12.32.40:272][382]LogModuleManager: Shutting down and abandoning module ScriptPlugin (35)
[2015.04.22-12.32.40:279][382]LogModuleManager: Shutting down and abandoning module UdpMessaging (34)
[2015.04.22-12.32.40:279][382]LogModuleManager: Shutting down and abandoning module Paper2D (33)
[2015.04.22-12.32.40:279][382]LogModuleManager: Shutting down and abandoning module WindowsMoviePlayer (32)
[2015.04.22-12.32.40:281][382]LogModuleManager: Shutting down and abandoning module Media (31)
[2015.04.22-12.32.40:281][382]LogModuleManager: Shutting down and abandoning module WmfMedia (30)
[2015.04.22-12.32.40:292][382]LogModuleManager: Shutting down and abandoning module ImageWrapper (29)
[2015.04.22-12.32.40:292][382]LogModuleManager: Shutting down and abandoning module UMG (28)
[2015.04.22-12.32.40:292][382]LogModuleManager: Shutting down and abandoning module Slate (27)
[2015.04.22-12.32.40:292][382]LogModuleManager: Shutting down and abandoning module SessionServices (26)
[2015.04.22-12.32.40:292][382]LogModuleManager: Shutting down and abandoning module Messaging (25)
[2015.04.22-12.32.40:292][382]LogModuleManager: Shutting down and abandoning module HeadMountedDisplay (24)
[2015.04.22-12.32.40:292][382]LogModuleManager: Shutting down and abandoning module XAudio2 (23)
[2015.04.22-12.32.40:292][382]LogModuleManager: Shutting down and abandoning module Networking (21)
[2015.04.22-12.32.40:292][382]LogModuleManager: Shutting down and abandoning module Core (20)
[2015.04.22-12.32.40:292][382]LogModuleManager: Shutting down and abandoning module InputCore (19)
[2015.04.22-12.32.40:292][382]LogModuleManager: Shutting down and abandoning module OnlineSubsystem (15)
[2015.04.22-12.32.40:292][382]LogOnline:Display: Unloading online subsystem: Steam
[2015.04.22-12.32.40:292][382]LogModuleManager: Shutting down and abandoning module OculusRift (14)
[2015.04.22-12.32.40:292][382]LogModuleManager: Shutting down and abandoning module ExampleDeviceProfileSelector (13)
[2015.04.22-12.32.40:292][382]LogModuleManager: Shutting down and abandoning module ShaderCore (12)
[2015.04.22-12.32.40:292][382]LogModuleManager: Shutting down and abandoning module Landscape (11)
[2015.04.22-12.32.40:292][382]LogModuleManager: Shutting down and abandoning module SlateRHIRenderer (10)
[2015.04.22-12.32.40:309][382]LogModuleManager: Shutting down and abandoning module OpenGLDrv (9)
[2015.04.22-12.32.40:309][382]LogModuleManager: Shutting down and abandoning module D3D11RHI (8)
[2015.04.22-12.32.40:309][382]LogModuleManager: Shutting down and abandoning module Renderer (7)
[2015.04.22-12.32.40:309][382]LogModuleManager: Shutting down and abandoning module Engine (6)
[2015.04.22-12.32.40:309][382]LogModuleManager: Shutting down and abandoning module CoreUObject (5)
[2015.04.22-12.32.40:309][382]LogModuleManager: Shutting down and abandoning module NetworkFile (4)
[2015.04.22-12.32.40:309][382]LogModuleManager: Shutting down and abandoning module StreamingFile (3)
[2015.04.22-12.32.40:309][382]LogModuleManager: Shutting down and abandoning module SandboxFile (2)
[2015.04.22-12.32.40:309][382]LogModuleManager: Shutting down and abandoning module PakFile (1)
[2015.04.22-12.32.40:309][382]LogExit: Exiting.
[2015.04.22-12.32.40:310][382]Log file closed, 04/22/15 07:32:40
