Log file open, 01/30/15 09:23:49
LogInit:Display: Running engine for game: EmptySkies
LogInit: Version: 4.6.1-2386410+++depot+UE4-Releases+4.6
LogInit: API Version: 2369412
LogInit: Compiled (64-bit): Dec 11 2014 21:33:04
LogInit: Compiled with Visual C++: 18.00.21005.01
LogInit: Build Configuration: Development
LogInit: Branch Name: ++depot+UE4-Releases+4.6
LogInit: Command line:  
LogInit: Base directory: C:/Users/Dillon/Documents/GitHub/EmptySkies-Builds/WindowsNoEditor/Engine/Binaries/Win64/
LogInit: Rocket: 1
[2015.01.30-15.23.49:198][  0]LogTaskGraph: Started task graph with 3 named threads and 6 total threads.
[2015.01.30-15.23.49:242][  0]LogOnline:Warning: No default platform service specified for OnlineSubsystem
[2015.01.30-15.23.49:242][  0]LogInit: Presizing for 0 objects not considered by GC, pre-allocating 0 bytes.
[2015.01.30-15.23.49:248][  0]LogInit: Object subsystem initialized
[2015.01.30-15.23.49:249][  0]LogConsoleResponse:Warning: Skipping Unknown console variable: 'UIScaleRule = ShortestSide'
[2015.01.30-15.23.49:249][  0]LogConsoleResponse:Warning:   Found in ini file '../../../EmptySkies/Saved/Config/WindowsNoEditor/Engine.ini', in section '[/Script/Engine.RendererSettings]'
[2015.01.30-15.23.49:249][  0]LogConsoleResponse:Warning: Skipping Unknown console variable: 'UIScaleCurve = (EditorCurveData=(Keys=),ExternalCurve=None)'
[2015.01.30-15.23.49:249][  0]LogConsoleResponse:Warning:   Found in ini file '../../../EmptySkies/Saved/Config/WindowsNoEditor/Engine.ini', in section '[/Script/Engine.RendererSettings]'
[2015.01.30-15.23.49:251][  0]LogConsoleManager:Warning: Console variable 'r.MSAA.CompositingSampleCount' wasn't set (Priority ProjectSetting < Scalability)
[2015.01.30-15.23.49:251][  0]LogInit: Selected Device Profile: [WindowsNoEditor]
[2015.01.30-15.23.49:251][  0]LogInit: Applying CVar settings loaded from the selected device profile: [WindowsNoEditor]
[2015.01.30-15.23.49:256][  0]LogInit: Computer: DILLONLAPTOP
[2015.01.30-15.23.49:256][  0]LogInit: User: Dillon
[2015.01.30-15.23.49:256][  0]LogInit: CPU Page size=4096, Cores=4
[2015.01.30-15.23.49:256][  0]LogInit: High frequency timer resolution =2.338344 MHz
[2015.01.30-15.23.49:256][  0]LogMemory: Memory total: Physical=7.9GB (8GB approx) Virtual=131072.0GB
[2015.01.30-15.23.49:256][  0]LogMemory: Platform Memory Stats for WindowsNoEditor
[2015.01.30-15.23.49:256][  0]LogMemory: Process Physical Memory: 28.16 MB used, 28.16 MB peak
[2015.01.30-15.23.49:256][  0]LogMemory: Process Virtual Memory: 18.86 MB used, 18.87 MB peak
[2015.01.30-15.23.49:256][  0]LogMemory: Physical Memory: 3823.36 MB used, 8080.29 MB total
[2015.01.30-15.23.49:256][  0]LogMemory: Virtual Memory: 190.42 MB used, 134217728.00 MB total
[2015.01.30-15.23.49:282][  0]LogD3D11RHI: Found D3D11 adapter 0: NVIDIA GeForce GTX 770M (Feature Level 11_0)
[2015.01.30-15.23.49:282][  0]LogD3D11RHI: Adapter has 2993MB of dedicated video memory, 0MB of dedicated system memory, and 4040MB of shared system memory, 1 output[s]
[2015.01.30-15.23.49:295][  0]LogD3D11RHI: Found D3D11 adapter 1: NVIDIA GeForce GTX 770M (Feature Level 11_0)
[2015.01.30-15.23.49:295][  0]LogD3D11RHI: Adapter has 2993MB of dedicated video memory, 0MB of dedicated system memory, and 4040MB of shared system memory, 0 output[s]
[2015.01.30-15.23.49:296][  0]LogD3D11RHI: Found D3D11 adapter 2: Microsoft Basic Render Driver (Feature Level 11_0)
[2015.01.30-15.23.49:296][  0]LogD3D11RHI: Adapter has 2993MB of dedicated video memory, 0MB of dedicated system memory, and 4040MB of shared system memory, 0 output[s]
[2015.01.30-15.23.49:296][  0]LogD3D11RHI: Chosen D3D11 Adapter Id = 0
[2015.01.30-15.23.49:305][  0]LogRHI: Texture pool is 1361 MB (70% of 1945 MB)
[2015.01.30-15.23.49:317][  0]LogD3D11RHI: Async texture creation enabled
[2015.01.30-15.23.49:379][  0]LogTextLocalizationManager: The requested culture ('en_US') has no localization data; parent culture's ('en') localization data will be used.
[2015.01.30-15.23.49:405][  0]LogContentStreaming: Texture pool size is 1000.000000MB
[2015.01.30-15.23.49:748][  0]LogCollisionProfile:Warning: Profile (UI) - Custom Channel Name = 'Weapon' hasn't been found
[2015.01.30-15.23.49:905][  0]LogInit: WinSock: version 1.1 (2.2), MaxSocks=32767, MaxUdp=65467
[2015.01.30-15.23.50:098][  0]LogWindowsMoviePlayer: Unable to load movie: ../../../EmptySkies/Content/Movies/Default_Startup.mp4
[2015.01.30-15.23.50:134][  0]LogObj: 19716 objects as part of root set at end of initial load.
[2015.01.30-15.23.50:134][  0]LogUObjectAllocator: 4110344 out of 0 bytes used by permanent object pool.
[2015.01.30-15.23.50:145][  0]LogEngine: Initializing Engine...
[2015.01.30-15.23.52:150][  0]LogHMD:Warning: No Oculus HMD detected! Is Oculus Run-Time installed and service is running?
[2015.01.30-15.23.52:161][  0]LogHMD: Oculus shutdown.
[2015.01.30-15.23.52:203][  0]LogInit: XAudio2 using 'Headphones (R+ Stereo)' : 2 channels at 44.1 kHz using 16 bits per sample (channel mask 0x3)
[2015.01.30-15.23.52:209][  0]LogInit: FAudioDevice initialized.
[2015.01.30-15.23.52:209][  0]LogInit: Texture streaming: Enabled
[2015.01.30-15.23.52:214][  0]LogConsoleManager:Warning: Console variable 'r.VSync' wasn't set (Priority Code < GameSetting)
[2015.01.30-15.23.52:214][  0]LogNet: Browse: /Game/Levels/EmptySkies_MainMenu?Name=Player
[2015.01.30-15.23.52:215][  0]LogLoad: LoadMap: /Game/Levels/EmptySkies_MainMenu?Name=Player
[2015.01.30-15.23.52:238][  0]LogMemory: Platform Memory Stats for WindowsNoEditor
[2015.01.30-15.23.52:238][  0]LogMemory: Process Physical Memory: 99.87 MB used, 103.95 MB peak
[2015.01.30-15.23.52:238][  0]LogMemory: Process Virtual Memory: 75.30 MB used, 82.97 MB peak
[2015.01.30-15.23.52:238][  0]LogMemory: Physical Memory: 3918.62 MB used, 8080.29 MB total
[2015.01.30-15.23.52:238][  0]LogMemory: Virtual Memory: 385.35 MB used, 134217728.00 MB total
[2015.01.30-15.23.52:238][  0]LogMemory: 
[2015.01.30-15.23.52:238][  0]LogMemory: Allocator Stats for binned:
[2015.01.30-15.23.52:238][  0]LogMemory: Current Memory 33.63 MB used, plus 2.99 MB waste
[2015.01.30-15.23.52:238][  0]LogMemory: Peak Memory 43.97 MB used, plus 2.68 MB waste
[2015.01.30-15.23.52:238][  0]LogMemory: Current OS Memory 36.61 MB, peak 46.65 MB
[2015.01.30-15.23.52:238][  0]LogMemory: Current Waste 0.52 MB, peak 0.92 MB
[2015.01.30-15.23.52:238][  0]LogMemory: Current Used 33.63 MB, peak 43.97 MB
[2015.01.30-15.23.52:238][  0]LogMemory: Current Slack 2.46 MB
[2015.01.30-15.23.52:238][  0]LogMemory: Allocs       106858 Current /  1952946 Total
[2015.01.30-15.23.52:238][  0]LogMemory: 
[2015.01.30-15.23.52:238][  0]LogMemory: Block Size Num Pools Max Pools Cur Allocs Total Allocs Min Req Max Req Mem Used Mem Slack Mem Waste Efficiency
[2015.01.30-15.23.52:238][  0]LogMemory: ---------- --------- --------- ---------- ------------ ------- ------- -------- --------- --------- ----------
[2015.01.30-15.23.52:238][  0]LogMemory:          8         0         0          0            0       8       0       0K        0K        0K    100.00%
[2015.01.30-15.23.52:238][  0]LogMemory:         16         5         5      18424        96198      16      16     287K       33K        0K    100.00%
[2015.01.30-15.23.52:238][  0]LogMemory:         32        12        12      21908        81698      32      32     684K       84K        0K    100.00%
[2015.01.30-15.23.52:238][  0]LogMemory:         48         7         7       9183        46653      48      48     430K       18K        0K    100.00%
[2015.01.30-15.23.52:238][  0]LogMemory:         64        13        13      12501        52431      64      64     781K       51K        0K    100.00%
[2015.01.30-15.23.52:238][  0]LogMemory:         80         4         4       3148        36898      80      80     245K       11K        0K    100.00%
[2015.01.30-15.23.52:238][  0]LogMemory:         96         5         5       2986        38378      96      96     279K       41K        0K    100.00%
[2015.01.30-15.23.52:238][  0]LogMemory:        112         3         3       1175        25657     112     112     128K       64K        0K    100.00%
[2015.01.30-15.23.52:238][  0]LogMemory:        128        29        29      14676        62968     128     128    1834K       22K        0K    100.00%
[2015.01.30-15.23.52:238][  0]LogMemory:        160         8        11       2654       157961     144     160     414K       98K       17K     96.68%
[2015.01.30-15.23.52:238][  0]LogMemory:        192        13        13       4344       273435     176     192     814K       18K       29K     96.51%
[2015.01.30-15.23.52:238][  0]LogMemory:        224         4         4        873       248853     208     224     190K       66K        7K     97.27%
[2015.01.30-15.23.52:238][  0]LogMemory:        256        18        28       4330       181590     240     256    1082K       70K       35K     96.96%
[2015.01.30-15.23.52:238][  0]LogMemory:        288         6         6       1259       188024     272     288     354K       30K        8K     97.92%
[2015.01.30-15.23.52:238][  0]LogMemory:        320         4         5        813       232605     304     320     254K        1K        7K     97.27%
[2015.01.30-15.23.52:238][  0]LogMemory:        384        11        11       1834       178896     336     384     687K       15K       67K     90.48%
[2015.01.30-15.23.52:238][  0]LogMemory:        448        12        12       1738         9722     400     448     760K        7K       57K     92.58%
[2015.01.30-15.23.52:238][  0]LogMemory:        512        10        10       1224         6939     464     512     612K       28K       35K     94.53%
[2015.01.30-15.23.52:238][  0]LogMemory:        576         3         3        277         1411     528     576     155K       36K        9K     95.31%
[2015.01.30-15.23.52:238][  0]LogMemory:        640         7         8        490          942     592     640     306K      141K        7K     98.44%
[2015.01.30-15.23.52:238][  0]LogMemory:        704        10        13        730         1622     656     704     501K      139K       13K     97.97%
[2015.01.30-15.23.52:238][  0]LogMemory:        768         6         6        327         3876     720     768     245K      138K        6K     98.44%
[2015.01.30-15.23.52:238][  0]LogMemory:        896         3         3        185          577     784     896     161K       31K        8K     95.83%
[2015.01.30-15.23.52:238][  0]LogMemory:       1024         2         3        102          447     912    1024     102K       26K        2K     98.44%
[2015.01.30-15.23.52:238][  0]LogMemory:       1168         2         2         96          399    1040    1168     109K       19K        6K     95.31%
[2015.01.30-15.23.52:238][  0]LogMemory:       1360         6         6        230         4339    1184    1360     305K       78K       17K     95.57%
[2015.01.30-15.23.52:238][  0]LogMemory:       1632         7         7        242          594    1376    1632     385K       62K       25K     94.42%
[2015.01.30-15.23.52:238][  0]LogMemory:       2048         8         8        144          764    1648    2048     288K      224K       30K     94.14%
[2015.01.30-15.23.52:238][  0]LogMemory:       2336         4         4         98         4327    2064    2336     223K       33K       24K     90.63%
[2015.01.30-15.23.52:238][  0]LogMemory:       2720         5         5         91          491    2352    2720     241K       78K       11K     96.56%
[2015.01.30-15.23.52:238][  0]LogMemory:       3264        10        10        143         3696    2736    3264     455K      183K       23K     96.41%
[2015.01.30-15.23.52:238][  0]LogMemory:       4096        11        12        136          611    3280    4096     544K      160K       42K     94.03%
[2015.01.30-15.23.52:238][  0]LogMemory:       4672         7         8         65         2492    4112    4672     296K      152K        7K     98.44%
[2015.01.30-15.23.52:238][  0]LogMemory:       5456         9        13         91          370    4688    5456     484K       92K       42K     92.71%
[2015.01.30-15.23.52:238][  0]LogMemory:       6544        12        14        101          313    5472    6544     645K      122K       57K     92.58%
[2015.01.30-15.23.52:238][  0]LogMemory:       8192         6         7         42         2391    6560    8192     336K       48K       51K     86.72%
[2015.01.30-15.23.52:238][  0]LogMemory:       9360         5         5         30         1631    8208    9360     274K       46K        2K     99.38%
[2015.01.30-15.23.52:238][  0]LogMemory:      10912         4         4         20          119    9376   10864     213K       43K       21K     91.80%
[2015.01.30-15.23.52:238][  0]LogMemory:      13104         3         3         13         1596   10976   13056     166K       26K        0K    100.00%
[2015.01.30-15.23.52:238][  0]LogMemory:      16384         5         8         20          101   13120   16384     320K        0K       22K     93.13%
[2015.01.30-15.23.52:238][  0]LogMemory:      21840        10        11         28           87   16400   21600     597K       43K      108K     83.13%
[2015.01.30-15.23.52:238][  0]LogMemory:      32768         4         6          7           63   21904   32640     224K       32K       48K     81.25%
[2015.01.30-15.23.52:238][  0]LogMemory: 
[2015.01.30-15.23.52:238][  0]LogMemory: 20032K allocated in pools (with 2609K slack and 843K waste). Efficiency 95.79%
[2015.01.30-15.23.52:238][  0]LogMemory: Allocations 106779 Current / 1952166 Total (in 313 pools)
[2015.01.30-15.23.52:238][  0]LogMemory: 
[2015.01.30-15.23.52:369][  0]LogWorld: Game class is 'NoplayerGameMode_C'
[2015.01.30-15.23.52:376][  0]LogAIModule: Creating AISystem for world EmptySkies_MainMenu
[2015.01.30-15.23.52:383][  0]LogWorld: Bringing World /Game/Levels/EmptySkies_MainMenu.EmptySkies_MainMenu up for play (max tick rate 0) at 2015.01.30-09.23.52
[2015.01.30-15.23.52:383][  0]LogWorld: Bringing up level for play took: 0.007061
[2015.01.30-15.23.52:405][  0]LogInit:Display: Game Engine Initialized.
[2015.01.30-15.23.52:606][  0]LogLoad: Full Startup: 5.44 seconds (BP compile: 0.00 seconds)
[2015.01.30-15.23.52:687][  2]LogRenderer:Warning: Reallocating scene render targets to support 1600x904.
[2015.01.30-15.23.57:450][312]LogEngine: All Windows Closed
[2015.01.30-15.23.57:450][312]LogWindows: FPlatformMisc::RequestExit(0)
[2015.01.30-15.23.57:756][313]LogExit: Preparing to exit.
[2015.01.30-15.23.57:868][313]LogExit: Game engine shut down
[2015.01.30-15.23.57:868][313]LogParticles: Destroying 0 GPU particle simulations for FXSystem 0x0000006A9B40F280
[2015.01.30-15.23.57:873][313]LogExit: Object subsystem successfully closed.
[2015.01.30-15.23.57:881][313]LogModuleManager: Shutting down and abandoning module AutomationWorker (47)
[2015.01.30-15.23.57:881][313]LogModuleManager: Shutting down and abandoning module CharacterAI (46)
[2015.01.30-15.23.57:881][313]LogModuleManager: Shutting down and abandoning module AIModule (45)
[2015.01.30-15.23.57:881][313]LogModuleManager: Shutting down and abandoning module GameLiveStreaming (44)
[2015.01.30-15.23.57:881][313]LogModuleManager: Shutting down and abandoning module StreamingPauseRendering (43)
[2015.01.30-15.23.57:881][313]LogModuleManager: Shutting down and abandoning module HTTP (42)
[2015.01.30-15.23.57:881][313]LogModuleManager: Shutting down and abandoning module AnalyticsET (41)
[2015.01.30-15.23.57:881][313]LogModuleManager: Shutting down and abandoning module Analytics (40)
[2015.01.30-15.23.57:881][313]LogModuleManager: Shutting down and abandoning module ProfilerService (39)
[2015.01.30-15.23.57:890][313]LogModuleManager: Shutting down and abandoning module TaskGraph (38)
[2015.01.30-15.23.57:890][313]LogModuleManager: Shutting down and abandoning module SlateRemote (37)
[2015.01.30-15.23.57:890][313]LogModuleManager: Shutting down and abandoning module CustomMeshComponent (36)
[2015.01.30-15.23.57:890][313]LogModuleManager: Shutting down and abandoning module CableComponent (35)
[2015.01.30-15.23.57:890][313]LogModuleManager: Shutting down and abandoning module ScriptPlugin (34)
[2015.01.30-15.23.57:890][313]LogModuleManager: Shutting down and abandoning module UdpMessaging (33)
[2015.01.30-15.23.57:890][313]LogModuleManager: Shutting down and abandoning module Paper2D (32)
[2015.01.30-15.23.57:890][313]LogModuleManager: Shutting down and abandoning module UE4Game (31)
[2015.01.30-15.23.57:890][313]LogModuleManager: Shutting down and abandoning module WindowsMoviePlayer (30)
[2015.01.30-15.23.57:891][313]LogModuleManager: Shutting down and abandoning module Media (29)
[2015.01.30-15.23.57:891][313]LogModuleManager: Shutting down and abandoning module WmfMedia (28)
[2015.01.30-15.23.57:891][313]LogModuleManager: Shutting down and abandoning module UMG (27)
[2015.01.30-15.23.57:891][313]LogModuleManager: Shutting down and abandoning module Slate (26)
[2015.01.30-15.23.57:891][313]LogModuleManager: Shutting down and abandoning module SessionServices (25)
[2015.01.30-15.23.57:891][313]LogModuleManager: Shutting down and abandoning module Messaging (24)
[2015.01.30-15.23.57:891][313]LogModuleManager: Shutting down and abandoning module HeadMountedDisplay (23)
[2015.01.30-15.23.57:891][313]LogModuleManager: Shutting down and abandoning module XAudio2 (22)
[2015.01.30-15.23.57:891][313]LogModuleManager: Shutting down and abandoning module Networking (20)
[2015.01.30-15.23.57:891][313]LogModuleManager: Shutting down and abandoning module Core (19)
[2015.01.30-15.23.57:891][313]LogModuleManager: Shutting down and abandoning module InputCore (18)
[2015.01.30-15.23.57:891][313]LogModuleManager: Shutting down and abandoning module ImageWrapper (17)
[2015.01.30-15.23.57:891][313]LogModuleManager: Shutting down and abandoning module OculusRift (14)
[2015.01.30-15.23.57:891][313]LogModuleManager: Shutting down and abandoning module ExampleDeviceProfileSelector (13)
[2015.01.30-15.23.57:891][313]LogModuleManager: Shutting down and abandoning module ShaderCore (12)
[2015.01.30-15.23.57:891][313]LogModuleManager: Shutting down and abandoning module Landscape (11)
[2015.01.30-15.23.57:891][313]LogModuleManager: Shutting down and abandoning module SlateRHIRenderer (10)
[2015.01.30-15.23.57:891][313]LogModuleManager: Shutting down and abandoning module OpenGLDrv (9)
[2015.01.30-15.23.57:891][313]LogModuleManager: Shutting down and abandoning module D3D11RHI (8)
[2015.01.30-15.23.57:891][313]LogModuleManager: Shutting down and abandoning module Renderer (7)
[2015.01.30-15.23.57:891][313]LogModuleManager: Shutting down and abandoning module Engine (6)
[2015.01.30-15.23.57:891][313]LogModuleManager: Shutting down and abandoning module CoreUObject (5)
[2015.01.30-15.23.57:891][313]LogModuleManager: Shutting down and abandoning module NetworkFile (4)
[2015.01.30-15.23.57:891][313]LogModuleManager: Shutting down and abandoning module StreamingFile (3)
[2015.01.30-15.23.57:891][313]LogModuleManager: Shutting down and abandoning module SandboxFile (2)
[2015.01.30-15.23.57:891][313]LogModuleManager: Shutting down and abandoning module PakFile (1)
[2015.01.30-15.23.57:892][313]LogExit: Exiting.
[2015.01.30-15.23.57:893][313]Log file closed, 01/30/15 09:23:57
