Log file open, 03/24/15 09:21:57
LogInit: Version: 4.6.1-2386410+++depot+UE4-Releases+4.6
LogInit: API Version: 2369412
LogInit: Compiled (64-bit): Dec 11 2014 21:33:04
LogInit: Compiled with Visual C++: 18.00.21005.01
LogInit: Build Configuration: Development
LogInit: Branch Name: ++depot+UE4-Releases+4.6
LogInit: Command line: 
LogInit: Base directory: C:/Users/luke/Documents/GitHub/EmptySkies-Builds/0.4/WindowsNoEditor/EmptySkies/Binaries/Win64/
LogInit: Rocket: 1
[2015.03.24-14.21.57:996][  0]LogTaskGraph: Started task graph with 3 named threads and 6 total threads.
[2015.03.24-14.21.58:040][  0]LogOnline:Display: STEAM: Loading Steam SDK 1.30
[2015.03.24-14.21.58:041][  0]LogOnline:Warning: STEAM: Steamworks: SteamUtils() failed!
[2015.03.24-14.21.58:041][  0]LogOnline:Warning: STEAM: Steamworks: SteamUser() failed!
[2015.03.24-14.21.58:041][  0]LogOnline:Warning: STEAM: Steamworks: SteamFriends() failed!
[2015.03.24-14.21.58:041][  0]LogOnline:Warning: STEAM: Steamworks: SteamRemoteStorage() failed!
[2015.03.24-14.21.58:041][  0]LogOnline:Warning: STEAM: Steamworks: SteamUserStats() failed!
[2015.03.24-14.21.58:041][  0]LogOnline:Warning: STEAM: Steamworks: SteamMatchmakingServers() failed!
[2015.03.24-14.21.58:041][  0]LogOnline:Warning: STEAM: Steamworks: SteamApps() failed!
[2015.03.24-14.21.58:041][  0]LogOnline:Warning: STEAM: Steamworks: SteamNetworking() failed!
[2015.03.24-14.21.58:041][  0]LogOnline:Warning: STEAM: Steamworks: SteamMatchmaking() failed!
[2015.03.24-14.21.58:041][  0]LogOnline:Display: STEAM: OnlineSubsystemSteam::Shutdown()
[2015.03.24-14.21.58:041][  0]LogOnline:Warning: STEAM: Steam API failed to initialize!
[2015.03.24-14.21.58:042][  0]LogOnline:Display: STEAM: OnlineSubsystemSteam::Shutdown()
[2015.03.24-14.21.58:042][  0]LogOnline:Warning: Unable to create OnlineSubsystem module Steam
[2015.03.24-14.21.58:042][  0]LogOnline:Warning: Unable to load default OnlineSubsystem module Steam, using NULL interface
[2015.03.24-14.21.58:042][  0]LogModuleManager:Warning: ModuleManager: Module 'OnlineSubsystemNull' not found - its StaticallyLinkedModuleInitializers function is null.
[2015.03.24-14.21.58:042][  0]LogInit: Presizing for 0 objects not considered by GC, pre-allocating 0 bytes.
[2015.03.24-14.21.58:047][  0]LogInit: Object subsystem initialized
[2015.03.24-14.21.58:049][  0]LogConsoleResponse:Warning: Skipping Unknown console variable: 'UIScaleRule = ShortestSide'
[2015.03.24-14.21.58:049][  0]LogConsoleResponse:Warning:   Found in ini file '../../../EmptySkies/Saved/Config/WindowsNoEditor/Engine.ini', in section '[/Script/Engine.RendererSettings]'
[2015.03.24-14.21.58:049][  0]LogConsoleResponse:Warning: Skipping Unknown console variable: 'UIScaleCurve = (EditorCurveData=(Keys=),ExternalCurve=None)'
[2015.03.24-14.21.58:049][  0]LogConsoleResponse:Warning:   Found in ini file '../../../EmptySkies/Saved/Config/WindowsNoEditor/Engine.ini', in section '[/Script/Engine.RendererSettings]'
[2015.03.24-14.21.58:050][  0]LogConsoleManager:Warning: Console variable 'r.MSAA.CompositingSampleCount' wasn't set (Priority ProjectSetting < Scalability)
[2015.03.24-14.21.58:050][  0]LogInit: Selected Device Profile: [WindowsNoEditor]
[2015.03.24-14.21.58:050][  0]LogInit: Applying CVar settings loaded from the selected device profile: [WindowsNoEditor]
[2015.03.24-14.21.58:058][  0]LogInit: Computer: NORMANDY
[2015.03.24-14.21.58:058][  0]LogInit: User: luke
[2015.03.24-14.21.58:058][  0]LogInit: CPU Page size=4096, Cores=4
[2015.03.24-14.21.58:058][  0]LogInit: High frequency timer resolution =2.338346 MHz
[2015.03.24-14.21.58:058][  0]LogMemory: Memory total: Physical=7.9GB (8GB approx) Virtual=131072.0GB
[2015.03.24-14.21.58:058][  0]LogMemory: Platform Memory Stats for WindowsNoEditor
[2015.03.24-14.21.58:058][  0]LogMemory: Process Physical Memory: 28.77 MB used, 28.77 MB peak
[2015.03.24-14.21.58:058][  0]LogMemory: Process Virtual Memory: 19.57 MB used, 19.57 MB peak
[2015.03.24-14.21.58:058][  0]LogMemory: Physical Memory: 3695.17 MB used, 8109.49 MB total
[2015.03.24-14.21.58:058][  0]LogMemory: Virtual Memory: 202.88 MB used, 134217728.00 MB total
[2015.03.24-14.21.58:081][  0]LogD3D11RHI: Found D3D11 adapter 0: NVIDIA GeForce GTX 765M (Feature Level 11_0)
[2015.03.24-14.21.58:081][  0]LogD3D11RHI: Adapter has 1985MB of dedicated video memory, 0MB of dedicated system memory, and 2048MB of shared system memory, 1 output[s]
[2015.03.24-14.21.58:082][  0]LogD3D11RHI: Found D3D11 adapter 1: Microsoft Basic Render Driver (Feature Level 11_0)
[2015.03.24-14.21.58:082][  0]LogD3D11RHI: Adapter has 0MB of dedicated video memory, 0MB of dedicated system memory, and 256MB of shared system memory, 0 output[s]
[2015.03.24-14.21.58:082][  0]LogD3D11RHI: Chosen D3D11 Adapter Id = 0
[2015.03.24-14.21.58:087][  0]LogRHI: Texture pool is 1361 MB (70% of 1945 MB)
[2015.03.24-14.21.58:097][  0]LogD3D11RHI: Async texture creation enabled
[2015.03.24-14.21.58:137][  0]LogTextLocalizationManager: The requested culture ('en_US') has no localization data; parent culture's ('en') localization data will be used.
[2015.03.24-14.21.58:160][  0]LogContentStreaming: Texture pool size is 1000.000000MB
[2015.03.24-14.21.58:511][  0]LogCollisionProfile:Warning: Profile (UI) - Custom Channel Name = 'Weapon' hasn't been found
[2015.03.24-14.21.58:609][  0]LogInit: WinSock: version 1.1 (2.2), MaxSocks=32767, MaxUdp=65467
[2015.03.24-14.21.58:723][  0]LogWindowsMoviePlayer: Unable to load movie: ../../../EmptySkies/Content/Movies/Default_Startup.mp4
[2015.03.24-14.21.58:760][  0]LogObj: 20279 objects as part of root set at end of initial load.
[2015.03.24-14.21.58:760][  0]LogUObjectAllocator: 4194488 out of 0 bytes used by permanent object pool.
[2015.03.24-14.21.58:771][  0]LogEngine: Initializing Engine...
[2015.03.24-14.22.00:775][  0]LogHMD:Warning: No Oculus HMD detected! Is Oculus Run-Time installed and service is running?
[2015.03.24-14.22.00:786][  0]LogHMD: Oculus shutdown.
[2015.03.24-14.22.00:812][  0]LogInit: XAudio2 using 'Speakers (Realtek High Definition Audio)' : 2 channels at 48 kHz using 32 bits per sample (channel mask 0x3)
[2015.03.24-14.22.00:831][  0]LogInit: FAudioDevice initialized.
[2015.03.24-14.22.00:831][  0]LogInit: Texture streaming: Enabled
[2015.03.24-14.22.00:836][  0]LogConsoleManager:Warning: Console variable 'r.VSync' wasn't set (Priority Code < GameSetting)
[2015.03.24-14.22.00:838][  0]LogNet: Browse: /Game/Levels/EmptySkies_MainMenu?Name=Player
[2015.03.24-14.22.00:838][  0]LogLoad: LoadMap: /Game/Levels/EmptySkies_MainMenu?Name=Player
[2015.03.24-14.22.00:844][  0]LogMemory: Platform Memory Stats for WindowsNoEditor
[2015.03.24-14.22.00:844][  0]LogMemory: Process Physical Memory: 91.51 MB used, 98.79 MB peak
[2015.03.24-14.22.00:844][  0]LogMemory: Process Virtual Memory: 66.28 MB used, 78.00 MB peak
[2015.03.24-14.22.00:844][  0]LogMemory: Physical Memory: 3758.37 MB used, 8109.49 MB total
[2015.03.24-14.22.00:844][  0]LogMemory: Virtual Memory: 369.46 MB used, 134217728.00 MB total
[2015.03.24-14.22.00:844][  0]LogMemory: 
[2015.03.24-14.22.00:844][  0]LogMemory: Allocator Stats for binned:
[2015.03.24-14.22.00:844][  0]LogMemory: Current Memory 33.70 MB used, plus 3.11 MB waste
[2015.03.24-14.22.00:844][  0]LogMemory: Peak Memory 44.09 MB used, plus 2.70 MB waste
[2015.03.24-14.22.00:844][  0]LogMemory: Current OS Memory 36.81 MB, peak 46.79 MB
[2015.03.24-14.22.00:844][  0]LogMemory: Current Waste 0.52 MB, peak 0.93 MB
[2015.03.24-14.22.00:844][  0]LogMemory: Current Used 33.70 MB, peak 44.09 MB
[2015.03.24-14.22.00:844][  0]LogMemory: Current Slack 2.59 MB
[2015.03.24-14.22.00:844][  0]LogMemory: Allocs       107718 Current /  1983350 Total
[2015.03.24-14.22.00:844][  0]LogMemory: 
[2015.03.24-14.22.00:844][  0]LogMemory: Block Size Num Pools Max Pools Cur Allocs Total Allocs Min Req Max Req Mem Used Mem Slack Mem Waste Efficiency
[2015.03.24-14.22.00:844][  0]LogMemory: ---------- --------- --------- ---------- ------------ ------- ------- -------- --------- --------- ----------
[2015.03.24-14.22.00:844][  0]LogMemory:          8         0         0          0            0       8       0       0K        0K        0K    100.00%
[2015.03.24-14.22.00:844][  0]LogMemory:         16         5         5      18433       103655      16      16     288K       32K        0K    100.00%
[2015.03.24-14.22.00:844][  0]LogMemory:         32        12        12      21920        83080      32      32     685K       83K        0K    100.00%
[2015.03.24-14.22.00:844][  0]LogMemory:         48         7         7       9189        51829      48      48     430K       18K        0K    100.00%
[2015.03.24-14.22.00:844][  0]LogMemory:         64        13        13      12675        53398      64      64     792K       40K        0K    100.00%
[2015.03.24-14.22.00:844][  0]LogMemory:         80         4         4       3159        37448      80      80     246K       10K        0K    100.00%
[2015.03.24-14.22.00:844][  0]LogMemory:         96         5         5       2988        43013      96      96     280K       40K        0K    100.00%
[2015.03.24-14.22.00:844][  0]LogMemory:        112         3         3       1177        26094     112     112     128K       64K        0K    100.00%
[2015.03.24-14.22.00:844][  0]LogMemory:        128        30        30      15111        63980     128     128    1888K       32K        0K    100.00%
[2015.03.24-14.22.00:844][  0]LogMemory:        160         8        11       2678       158384     144     160     418K       94K       17K     96.68%
[2015.03.24-14.22.00:844][  0]LogMemory:        192        14        14       4487       276128     176     192     841K       55K       30K     96.65%
[2015.03.24-14.22.00:844][  0]LogMemory:        224         4         4        879       249037     208     224     192K       64K        7K     97.27%
[2015.03.24-14.22.00:844][  0]LogMemory:        256        17        28       4309       181907     240     256    1077K       11K       30K     97.24%
[2015.03.24-14.22.00:844][  0]LogMemory:        288         6         6       1262       188421     272     288     354K       30K        8K     97.92%
[2015.03.24-14.22.00:844][  0]LogMemory:        320         5         5        815       234795     304     320     254K       65K        7K     97.81%
[2015.03.24-14.22.00:844][  0]LogMemory:        384        11        11       1868       179336     336     384     700K        2K       68K     90.34%
[2015.03.24-14.22.00:844][  0]LogMemory:        448        13        13       1744        10712     400     448     763K       68K       58K     93.03%
[2015.03.24-14.22.00:844][  0]LogMemory:        512        10        10       1228         7412     464     512     614K       26K       34K     94.69%
[2015.03.24-14.22.00:844][  0]LogMemory:        576         3         3        280         1614     528     576     157K       34K        8K     95.83%
[2015.03.24-14.22.00:844][  0]LogMemory:        640         7         8        490          971     592     640     306K      141K        7K     98.44%
[2015.03.24-14.22.00:844][  0]LogMemory:        704        10        13        732         1758     656     704     503K      137K       12K     98.13%
[2015.03.24-14.22.00:844][  0]LogMemory:        768         6         6        328         3881     720     768     246K      137K        6K     98.44%
[2015.03.24-14.22.00:844][  0]LogMemory:        896         3         3        185          619     784     896     161K       31K        9K     95.31%
[2015.03.24-14.22.00:844][  0]LogMemory:       1024         2         3        103          456     912    1024     103K       25K        2K     98.44%
[2015.03.24-14.22.00:844][  0]LogMemory:       1168         2         2         96          408    1040    1168     109K       19K        6K     95.31%
[2015.03.24-14.22.00:844][  0]LogMemory:       1360         6         6        232         4379    1184    1360     308K       75K       18K     95.31%
[2015.03.24-14.22.00:844][  0]LogMemory:       1632         7         7        243          626    1376    1632     387K       60K       25K     94.42%
[2015.03.24-14.22.00:844][  0]LogMemory:       2048         8         9        147          794    1648    2048     294K      218K       30K     94.14%
[2015.03.24-14.22.00:844][  0]LogMemory:       2336         4         4        101         4349    2064    2336     230K       26K       25K     90.23%
[2015.03.24-14.22.00:844][  0]LogMemory:       2720         5         5         91          507    2352    2720     241K       78K       11K     96.56%
[2015.03.24-14.22.00:844][  0]LogMemory:       3264        10        10        142         3709    2736    3264     452K      186K       23K     96.41%
[2015.03.24-14.22.00:844][  0]LogMemory:       4096        11        12        136          611    3280    4096     544K      160K       42K     94.03%
[2015.03.24-14.22.00:844][  0]LogMemory:       4672         7         8         66         2507    4112    4672     301K      147K        7K     98.44%
[2015.03.24-14.22.00:844][  0]LogMemory:       5456         9        13         91          363    4688    5456     484K       92K       42K     92.71%
[2015.03.24-14.22.00:844][  0]LogMemory:       6544        12        14        101          324    5472    6544     645K      122K       58K     92.45%
[2015.03.24-14.22.00:844][  0]LogMemory:       8192         6         7         42         2391    6560    8192     336K       48K       51K     86.72%
[2015.03.24-14.22.00:844][  0]LogMemory:       9360         5         5         30         1634    8208    9360     274K       46K        2K     99.38%
[2015.03.24-14.22.00:844][  0]LogMemory:      10912         4         4         20          126    9392   10864     213K       43K       22K     91.41%
[2015.03.24-14.22.00:844][  0]LogMemory:      13104         3         4         14         1603   10976   13056     179K       13K        1K     99.48%
[2015.03.24-14.22.00:844][  0]LogMemory:      16384         5         7         19          108   13120   16384     304K       16K       22K     93.13%
[2015.03.24-14.22.00:844][  0]LogMemory:      21840        10        11         28           95   16400   21456     597K       43K      107K     83.28%
[2015.03.24-14.22.00:844][  0]LogMemory:      32768         4         6          7           65   21904   32640     224K       32K       48K     81.25%
[2015.03.24-14.22.00:844][  0]LogMemory: 
[2015.03.24-14.22.00:844][  0]LogMemory: 20224K allocated in pools (with 2663K slack and 843K waste). Efficiency 95.83%
[2015.03.24-14.22.00:844][  0]LogMemory: Allocations 107647 Current / 1982528 Total (in 316 pools)
[2015.03.24-14.22.00:844][  0]LogMemory: 
[2015.03.24-14.22.00:957][  0]LogWorld: Game class is 'NoplayerGameMode_C'
[2015.03.24-14.22.00:967][  0]LogAIModule: Creating AISystem for world EmptySkies_MainMenu
[2015.03.24-14.22.00:971][  0]LogWorld: Bringing World /Game/Levels/EmptySkies_MainMenu.EmptySkies_MainMenu up for play (max tick rate 0) at 2015.03.24-09.22.00
[2015.03.24-14.22.00:972][  0]LogWorld: Bringing up level for play took: 0.004264
[2015.03.24-14.22.00:978][  0]LogInit:Display: Game Engine Initialized.
[2015.03.24-14.22.01:180][  0]LogLoad: Full Startup: 5.24 seconds (BP compile: 0.00 seconds)
[2015.03.24-14.22.01:259][  2]LogRenderer:Warning: Reallocating scene render targets to support 1600x904.
[2015.03.24-14.22.04:575][221]LogScript:Warning: FindSessions - Invalid or uninitialized OnlineSubsystem
[2015.03.24-14.22.04:575][221]LogScript:Warning: FindSessions - Cannot map local player to unique net ID
[2015.03.24-14.22.04:575][221]LogBlueprintUserMessages: Error occured in 'Find Sessions' 
[2015.03.24-14.22.18:265][139]Closing by request
[2015.03.24-14.22.18:265][139]LogWindows: FPlatformMisc::RequestExit(0)
[2015.03.24-14.22.18:650][140]LogExit: Preparing to exit.
[2015.03.24-14.22.18:715][140]LogExit: Game engine shut down
[2015.03.24-14.22.18:715][140]LogParticles: Destroying 0 GPU particle simulations for FXSystem 0x000000DB801B1400
[2015.03.24-14.22.18:721][140]LogExit: Object subsystem successfully closed.
[2015.03.24-14.22.18:721][140]LogOnline:Display: Unloading online subsystem: Steam
[2015.03.24-14.22.18:726][140]LogModuleManager: Shutting down and abandoning module AutomationWorker (50)
[2015.03.24-14.22.18:726][140]LogModuleManager: Shutting down and abandoning module CharacterAI (49)
[2015.03.24-14.22.18:726][140]LogModuleManager: Shutting down and abandoning module AIModule (48)
[2015.03.24-14.22.18:726][140]LogModuleManager: Shutting down and abandoning module GameLiveStreaming (47)
[2015.03.24-14.22.18:726][140]LogModuleManager: Shutting down and abandoning module StreamingPauseRendering (46)
[2015.03.24-14.22.18:726][140]LogModuleManager: Shutting down and abandoning module HTTP (45)
[2015.03.24-14.22.18:726][140]LogModuleManager: Shutting down and abandoning module AnalyticsET (44)
[2015.03.24-14.22.18:726][140]LogModuleManager: Shutting down and abandoning module Analytics (43)
[2015.03.24-14.22.18:726][140]LogModuleManager: Shutting down and abandoning module ProfilerService (42)
[2015.03.24-14.22.18:798][140]LogModuleManager: Shutting down and abandoning module TaskGraph (41)
[2015.03.24-14.22.18:798][140]LogModuleManager: Shutting down and abandoning module SlateRemote (40)
[2015.03.24-14.22.18:798][140]LogModuleManager: Shutting down and abandoning module CustomMeshComponent (39)
[2015.03.24-14.22.18:798][140]LogModuleManager: Shutting down and abandoning module CableComponent (38)
[2015.03.24-14.22.18:798][140]LogModuleManager: Shutting down and abandoning module EmptySkies (37)
[2015.03.24-14.22.18:798][140]LogModuleManager: Shutting down and abandoning module VictoryBPLibrary (36)
[2015.03.24-14.22.18:798][140]LogModuleManager: Shutting down and abandoning module ScriptPlugin (35)
[2015.03.24-14.22.18:798][140]LogModuleManager: Shutting down and abandoning module UdpMessaging (34)
[2015.03.24-14.22.18:798][140]LogModuleManager: Shutting down and abandoning module Paper2D (33)
[2015.03.24-14.22.18:798][140]LogModuleManager: Shutting down and abandoning module WindowsMoviePlayer (32)
[2015.03.24-14.22.18:799][140]LogModuleManager: Shutting down and abandoning module Media (31)
[2015.03.24-14.22.18:799][140]LogModuleManager: Shutting down and abandoning module WmfMedia (30)
[2015.03.24-14.22.18:799][140]LogModuleManager: Shutting down and abandoning module UMG (29)
[2015.03.24-14.22.18:799][140]LogModuleManager: Shutting down and abandoning module Slate (28)
[2015.03.24-14.22.18:799][140]LogModuleManager: Shutting down and abandoning module SessionServices (27)
[2015.03.24-14.22.18:799][140]LogModuleManager: Shutting down and abandoning module Messaging (26)
[2015.03.24-14.22.18:799][140]LogModuleManager: Shutting down and abandoning module HeadMountedDisplay (25)
[2015.03.24-14.22.18:799][140]LogModuleManager: Shutting down and abandoning module XAudio2 (24)
[2015.03.24-14.22.18:799][140]LogModuleManager: Shutting down and abandoning module Networking (22)
[2015.03.24-14.22.18:799][140]LogModuleManager: Shutting down and abandoning module Core (21)
[2015.03.24-14.22.18:799][140]LogModuleManager: Shutting down and abandoning module InputCore (20)
[2015.03.24-14.22.18:799][140]LogModuleManager: Shutting down and abandoning module ImageWrapper (19)
[2015.03.24-14.22.18:799][140]LogModuleManager: Shutting down and abandoning module OculusRift (14)
[2015.03.24-14.22.18:799][140]LogModuleManager: Shutting down and abandoning module ExampleDeviceProfileSelector (13)
[2015.03.24-14.22.18:799][140]LogModuleManager: Shutting down and abandoning module ShaderCore (12)
[2015.03.24-14.22.18:799][140]LogModuleManager: Shutting down and abandoning module Landscape (11)
[2015.03.24-14.22.18:799][140]LogModuleManager: Shutting down and abandoning module SlateRHIRenderer (10)
[2015.03.24-14.22.18:800][140]LogModuleManager: Shutting down and abandoning module OpenGLDrv (9)
[2015.03.24-14.22.18:800][140]LogModuleManager: Shutting down and abandoning module D3D11RHI (8)
[2015.03.24-14.22.18:800][140]LogModuleManager: Shutting down and abandoning module Renderer (7)
[2015.03.24-14.22.18:800][140]LogModuleManager: Shutting down and abandoning module Engine (6)
[2015.03.24-14.22.18:800][140]LogModuleManager: Shutting down and abandoning module CoreUObject (5)
[2015.03.24-14.22.18:800][140]LogModuleManager: Shutting down and abandoning module NetworkFile (4)
[2015.03.24-14.22.18:800][140]LogModuleManager: Shutting down and abandoning module StreamingFile (3)
[2015.03.24-14.22.18:800][140]LogModuleManager: Shutting down and abandoning module SandboxFile (2)
[2015.03.24-14.22.18:800][140]LogModuleManager: Shutting down and abandoning module PakFile (1)
[2015.03.24-14.22.18:800][140]LogExit: Exiting.
[2015.03.24-14.22.18:801][140]Log file closed, 03/24/15 09:22:18
