Log file open, 03/24/15 09:20:02
LogInit: Version: 4.6.1-2386410+++depot+UE4-Releases+4.6
LogInit: API Version: 2369412
LogInit: Compiled (64-bit): Dec 11 2014 21:33:04
LogInit: Compiled with Visual C++: 18.00.21005.01
LogInit: Build Configuration: Development
LogInit: Branch Name: ++depot+UE4-Releases+4.6
LogInit: Command line: 
LogInit: Base directory: C:/Users/luke/Documents/GitHub/EmptySkies-Builds/0.4/WindowsNoEditor/EmptySkies/Binaries/Win64/
LogInit: Rocket: 1
[2015.03.24-14.20.02:599][  0]LogTaskGraph: Started task graph with 3 named threads and 6 total threads.
[2015.03.24-14.20.02:643][  0]LogOnline:Display: STEAM: Loading Steam SDK 1.30
[2015.03.24-14.20.05:273][  0]LogInit: WinSock: version 1.1 (2.2), MaxSocks=32767, MaxUdp=65467
[2015.03.24-14.20.05:463][  0]LogInit: Presizing for 0 objects not considered by GC, pre-allocating 0 bytes.
[2015.03.24-14.20.05:468][  0]LogInit: Object subsystem initialized
[2015.03.24-14.20.05:470][  0]LogConsoleResponse:Warning: Skipping Unknown console variable: 'UIScaleRule = ShortestSide'
[2015.03.24-14.20.05:470][  0]LogConsoleResponse:Warning:   Found in ini file '../../../EmptySkies/Saved/Config/WindowsNoEditor/Engine.ini', in section '[/Script/Engine.RendererSettings]'
[2015.03.24-14.20.05:470][  0]LogConsoleResponse:Warning: Skipping Unknown console variable: 'UIScaleCurve = (EditorCurveData=(Keys=),ExternalCurve=None)'
[2015.03.24-14.20.05:470][  0]LogConsoleResponse:Warning:   Found in ini file '../../../EmptySkies/Saved/Config/WindowsNoEditor/Engine.ini', in section '[/Script/Engine.RendererSettings]'
[2015.03.24-14.20.05:471][  0]LogConsoleManager:Warning: Console variable 'r.MSAA.CompositingSampleCount' wasn't set (Priority ProjectSetting < Scalability)
[2015.03.24-14.20.05:472][  0]LogInit: Selected Device Profile: [WindowsNoEditor]
[2015.03.24-14.20.05:472][  0]LogInit: Applying CVar settings loaded from the selected device profile: [WindowsNoEditor]
[2015.03.24-14.20.05:478][  0]LogInit: Computer: NORMANDY
[2015.03.24-14.20.05:478][  0]LogInit: User: luke
[2015.03.24-14.20.05:478][  0]LogInit: CPU Page size=4096, Cores=4
[2015.03.24-14.20.05:478][  0]LogInit: High frequency timer resolution =2.338346 MHz
[2015.03.24-14.20.05:478][  0]LogMemory: Memory total: Physical=7.9GB (8GB approx) Virtual=131072.0GB
[2015.03.24-14.20.05:479][  0]LogMemory: Platform Memory Stats for WindowsNoEditor
[2015.03.24-14.20.05:479][  0]LogMemory: Process Physical Memory: 63.00 MB used, 63.41 MB peak
[2015.03.24-14.20.05:479][  0]LogMemory: Process Virtual Memory: 35.08 MB used, 37.80 MB peak
[2015.03.24-14.20.05:479][  0]LogMemory: Physical Memory: 4109.81 MB used, 8109.49 MB total
[2015.03.24-14.20.05:479][  0]LogMemory: Virtual Memory: 295.66 MB used, 134217728.00 MB total
[2015.03.24-14.20.06:696][  0]LogD3D11RHI: Found D3D11 adapter 0: NVIDIA GeForce GTX 765M (Feature Level 11_0)
[2015.03.24-14.20.06:696][  0]LogD3D11RHI: Adapter has 1985MB of dedicated video memory, 0MB of dedicated system memory, and 2048MB of shared system memory, 1 output[s]
[2015.03.24-14.20.06:698][  0]LogD3D11RHI: Found D3D11 adapter 1: Microsoft Basic Render Driver (Feature Level 11_0)
[2015.03.24-14.20.06:698][  0]LogD3D11RHI: Adapter has 0MB of dedicated video memory, 0MB of dedicated system memory, and 256MB of shared system memory, 0 output[s]
[2015.03.24-14.20.06:698][  0]LogD3D11RHI: Chosen D3D11 Adapter Id = 0
[2015.03.24-14.20.06:705][  0]LogRHI: Texture pool is 1361 MB (70% of 1945 MB)
[2015.03.24-14.20.06:723][  0]LogD3D11RHI: Async texture creation enabled
[2015.03.24-14.20.07:058][  0]LogTextLocalizationManager: The requested culture ('en_US') has no localization data; parent culture's ('en') localization data will be used.
[2015.03.24-14.20.07:089][  0]LogContentStreaming: Texture pool size is 1000.000000MB
[2015.03.24-14.20.07:592][  0]LogCollisionProfile:Warning: Profile (UI) - Custom Channel Name = 'Weapon' hasn't been found
[2015.03.24-14.20.09:114][  0]LogWindowsMoviePlayer: Unable to load movie: ../../../EmptySkies/Content/Movies/Default_Startup.mp4
[2015.03.24-14.20.09:150][  0]LogObj: 20279 objects as part of root set at end of initial load.
[2015.03.24-14.20.09:150][  0]LogUObjectAllocator: 4194488 out of 0 bytes used by permanent object pool.
[2015.03.24-14.20.09:161][  0]LogEngine: Initializing Engine...
[2015.03.24-14.20.11:163][  0]LogHMD:Warning: No Oculus HMD detected! Is Oculus Run-Time installed and service is running?
[2015.03.24-14.20.11:174][  0]LogHMD: Oculus shutdown.
[2015.03.24-14.20.11:203][  0]LogInit: XAudio2 using 'Speakers (Realtek High Definition Audio)' : 2 channels at 48 kHz using 32 bits per sample (channel mask 0x3)
[2015.03.24-14.20.11:320][  0]LogInit: FAudioDevice initialized.
[2015.03.24-14.20.11:320][  0]LogInit: Texture streaming: Enabled
[2015.03.24-14.20.11:324][  0]LogConsoleManager:Warning: Console variable 'r.VSync' wasn't set (Priority Code < GameSetting)
[2015.03.24-14.20.11:327][  0]LogNet: Browse: /Game/Levels/EmptySkies_MainMenu?Name=Player
[2015.03.24-14.20.11:327][  0]LogLoad: LoadMap: /Game/Levels/EmptySkies_MainMenu?Name=Player
[2015.03.24-14.20.11:333][  0]LogMemory: Platform Memory Stats for WindowsNoEditor
[2015.03.24-14.20.11:333][  0]LogMemory: Process Physical Memory: 130.77 MB used, 133.88 MB peak
[2015.03.24-14.20.11:333][  0]LogMemory: Process Virtual Memory: 83.59 MB used, 93.88 MB peak
[2015.03.24-14.20.11:333][  0]LogMemory: Physical Memory: 4213.74 MB used, 8109.49 MB total
[2015.03.24-14.20.11:333][  0]LogMemory: Virtual Memory: 471.71 MB used, 134217728.00 MB total
[2015.03.24-14.20.11:333][  0]LogMemory: 
[2015.03.24-14.20.11:333][  0]LogMemory: Allocator Stats for binned:
[2015.03.24-14.20.11:333][  0]LogMemory: Current Memory 33.83 MB used, plus 3.18 MB waste
[2015.03.24-14.20.11:333][  0]LogMemory: Peak Memory 44.21 MB used, plus 2.65 MB waste
[2015.03.24-14.20.11:333][  0]LogMemory: Current OS Memory 37.01 MB, peak 46.86 MB
[2015.03.24-14.20.11:333][  0]LogMemory: Current Waste 0.53 MB, peak 0.93 MB
[2015.03.24-14.20.11:333][  0]LogMemory: Current Used 33.83 MB, peak 44.21 MB
[2015.03.24-14.20.11:333][  0]LogMemory: Current Slack 2.65 MB
[2015.03.24-14.20.11:333][  0]LogMemory: Allocs       107790 Current /  1982240 Total
[2015.03.24-14.20.11:333][  0]LogMemory: 
[2015.03.24-14.20.11:333][  0]LogMemory: Block Size Num Pools Max Pools Cur Allocs Total Allocs Min Req Max Req Mem Used Mem Slack Mem Waste Efficiency
[2015.03.24-14.20.11:333][  0]LogMemory: ---------- --------- --------- ---------- ------------ ------- ------- -------- --------- --------- ----------
[2015.03.24-14.20.11:333][  0]LogMemory:          8         0         0          0            0       8       0       0K        0K        0K    100.00%
[2015.03.24-14.20.11:333][  0]LogMemory:         16         5         5      18437       102850      16      16     288K       32K        0K    100.00%
[2015.03.24-14.20.11:333][  0]LogMemory:         32        12        12      21948        83082      32      32     685K       83K        0K    100.00%
[2015.03.24-14.20.11:333][  0]LogMemory:         48         7         7       9192        51752      48      48     430K       18K        0K    100.00%
[2015.03.24-14.20.11:333][  0]LogMemory:         64        13        13      12680        53387      64      64     792K       40K        0K    100.00%
[2015.03.24-14.20.11:333][  0]LogMemory:         80         4         4       3160        37474      80      80     246K       10K        0K    100.00%
[2015.03.24-14.20.11:333][  0]LogMemory:         96         5         5       2989        42955      96      96     280K       40K        0K    100.00%
[2015.03.24-14.20.11:333][  0]LogMemory:        112         3         3       1178        26078     112     112     128K       64K        0K    100.00%
[2015.03.24-14.20.11:333][  0]LogMemory:        128        30        30      15112        63961     128     128    1889K       31K        0K    100.00%
[2015.03.24-14.20.11:333][  0]LogMemory:        160         8        11       2679       158375     144     160     418K       94K       17K     96.68%
[2015.03.24-14.20.11:333][  0]LogMemory:        192        14        14       4489       276131     176     192     841K       55K       30K     96.65%
[2015.03.24-14.20.11:333][  0]LogMemory:        224         4         4        881       249056     208     224     192K       64K        7K     97.27%
[2015.03.24-14.20.11:333][  0]LogMemory:        256        18        28       4329       181934     240     256    1082K       70K       30K     97.40%
[2015.03.24-14.20.11:333][  0]LogMemory:        288         6         6       1262       188347     272     288     354K       30K        8K     97.92%
[2015.03.24-14.20.11:333][  0]LogMemory:        320         5         5        816       234781     304     320     255K       64K        7K     97.81%
[2015.03.24-14.20.11:333][  0]LogMemory:        384        12        12       1871       179297     336     384     701K       64K       69K     91.02%
[2015.03.24-14.20.11:333][  0]LogMemory:        448        13        13       1744        10676     400     448     763K       68K       58K     93.03%
[2015.03.24-14.20.11:333][  0]LogMemory:        512        10        10       1228         7403     464     512     614K       26K       34K     94.69%
[2015.03.24-14.20.11:333][  0]LogMemory:        576         3         3        281         1603     528     576     158K       33K        8K     95.83%
[2015.03.24-14.20.11:333][  0]LogMemory:        640         7         8        490          971     592     640     306K      141K        7K     98.44%
[2015.03.24-14.20.11:333][  0]LogMemory:        704        10        13        731         1758     656     704     502K      138K       12K     98.13%
[2015.03.24-14.20.11:333][  0]LogMemory:        768         6         6        329         3882     720     768     246K      137K        6K     98.44%
[2015.03.24-14.20.11:333][  0]LogMemory:        896         3         3        185          613     784     896     161K       31K        9K     95.31%
[2015.03.24-14.20.11:333][  0]LogMemory:       1024         2         3        104          457     912    1024     104K       24K        2K     98.44%
[2015.03.24-14.20.11:333][  0]LogMemory:       1168         2         2         96          408    1040    1168     109K       19K        6K     95.31%
[2015.03.24-14.20.11:333][  0]LogMemory:       1360         6         6        232         4373    1184    1360     308K       75K       18K     95.31%
[2015.03.24-14.20.11:333][  0]LogMemory:       1632         7         7        243          626    1376    1632     387K       60K       25K     94.42%
[2015.03.24-14.20.11:333][  0]LogMemory:       2048         8         9        147          782    1648    2048     294K      218K       30K     94.14%
[2015.03.24-14.20.11:333][  0]LogMemory:       2336         4         4        101         4349    2064    2336     230K       26K       25K     90.23%
[2015.03.24-14.20.11:333][  0]LogMemory:       2720         5         5         90          506    2352    2720     239K       80K       11K     96.56%
[2015.03.24-14.20.11:333][  0]LogMemory:       3264        10        10        142         3703    2736    3264     452K      186K       23K     96.41%
[2015.03.24-14.20.11:333][  0]LogMemory:       4096        11        12        136          611    3280    4096     544K      160K       42K     94.03%
[2015.03.24-14.20.11:333][  0]LogMemory:       4672         7         8         67         2508    4112    4672     305K      143K        8K     98.21%
[2015.03.24-14.20.11:333][  0]LogMemory:       5456         9        13         91          363    4688    5456     484K       92K       42K     92.71%
[2015.03.24-14.20.11:333][  0]LogMemory:       6544        12        14        101          324    5472    6544     645K      122K       58K     92.45%
[2015.03.24-14.20.11:333][  0]LogMemory:       8192         6         7         44         2393    6560    8192     352K       32K       54K     85.94%
[2015.03.24-14.20.11:333][  0]LogMemory:       9360         5         5         30         1634    8208    9360     274K       46K        2K     99.38%
[2015.03.24-14.20.11:333][  0]LogMemory:      10912         4         4         20          120    9392   10864     213K       43K       21K     91.80%
[2015.03.24-14.20.11:333][  0]LogMemory:      13104         3         4         14         1603   10976   13056     179K       13K        1K     99.48%
[2015.03.24-14.20.11:333][  0]LogMemory:      16384         5         7         19          108   13120   16384     304K       16K       22K     93.13%
[2015.03.24-14.20.11:333][  0]LogMemory:      21840        10        11         28           95   16400   21456     597K       43K      107K     83.28%
[2015.03.24-14.20.11:333][  0]LogMemory:      32768         4         7          8           66   21904   32640     256K        0K       55K     78.52%
[2015.03.24-14.20.11:333][  0]LogMemory: 
[2015.03.24-14.20.11:333][  0]LogMemory: 20352K allocated in pools (with 2731K slack and 854K waste). Efficiency 95.80%
[2015.03.24-14.20.11:333][  0]LogMemory: Allocations 107725 Current / 1981396 Total (in 318 pools)
[2015.03.24-14.20.11:333][  0]LogMemory: 
[2015.03.24-14.20.11:451][  0]LogWorld: Game class is 'NoplayerGameMode_C'
[2015.03.24-14.20.11:490][  0]LogAIModule: Creating AISystem for world EmptySkies_MainMenu
[2015.03.24-14.20.11:493][  0]LogWorld: Bringing World /Game/Levels/EmptySkies_MainMenu.EmptySkies_MainMenu up for play (max tick rate 0) at 2015.03.24-09.20.11
[2015.03.24-14.20.11:494][  0]LogWorld: Bringing up level for play took: 0.003953
[2015.03.24-14.20.11:497][  0]LogInit:Display: Game Engine Initialized.
[2015.03.24-14.20.11:698][  0]LogLoad: Full Startup: 11.22 seconds (BP compile: 0.00 seconds)
[2015.03.24-14.20.11:781][  2]LogRenderer:Warning: Reallocating scene render targets to support 1600x904.
[2015.03.24-14.20.53:332][771]LogOnline:Warning: Unknown or unsupported data type from Steam key data name NOKEDLIszagato (daynam03562)
[2015.03.24-14.20.53:332][771]LogOnline:Warning: STEAM: Failed to parse setting from key name value NOKEDLIszagato (daynam03562)
[2015.03.24-14.20.53:332][771]LogOnline:Warning: STEAM: Unable to parse search result for lobby 'Lobby [0x18600003CCD7A7E]'
[2015.03.24-14.20.53:332][771]LogOnline:Warning: Unknown or unsupported data type from Steam key data 10000012 10500
[2015.03.24-14.20.53:332][771]LogOnline:Warning: STEAM: Failed to parse setting from key 10000012 value 10500
[2015.03.24-14.20.53:332][771]LogOnline:Warning: Unknown or unsupported data type from Steam key data 10000015 259
[2015.03.24-14.20.53:332][771]LogOnline:Warning: STEAM: Failed to parse setting from key 10000015 value 259
[2015.03.24-14.20.53:332][771]LogOnline:Warning: Unknown or unsupported data type from Steam key data 10000017 0
[2015.03.24-14.20.53:332][771]LogOnline:Warning: STEAM: Failed to parse setting from key 10000017 value 0
[2015.03.24-14.20.53:332][771]LogOnline:Warning: Unknown or unsupported data type from Steam key data 10000018 838793826
[2015.03.24-14.20.53:332][771]LogOnline:Warning: STEAM: Failed to parse setting from key 10000018 value 838793826
[2015.03.24-14.20.53:332][771]LogOnline:Warning: Unknown or unsupported data type from Steam key data 1000003c 14
[2015.03.24-14.20.53:332][771]LogOnline:Warning: STEAM: Failed to parse setting from key 1000003c value 14
[2015.03.24-14.20.53:332][771]LogOnline:Warning: Unknown or unsupported data type from Steam key data 1000003d 0
[2015.03.24-14.20.53:332][771]LogOnline:Warning: STEAM: Failed to parse setting from key 1000003d value 0
[2015.03.24-14.20.53:332][771]LogOnline:Warning: Unknown or unsupported data type from Steam key data 10000050 0
[2015.03.24-14.20.53:332][771]LogOnline:Warning: STEAM: Failed to parse setting from key 10000050 value 0
[2015.03.24-14.20.53:332][771]LogOnline:Warning: Unknown or unsupported data type from Steam key data 10000051 0
[2015.03.24-14.20.53:332][771]LogOnline:Warning: STEAM: Failed to parse setting from key 10000051 value 0
[2015.03.24-14.20.53:332][771]LogOnline:Warning: Unknown or unsupported data type from Steam key data 10000052 1000
[2015.03.24-14.20.53:333][771]LogOnline:Warning: STEAM: Failed to parse setting from key 10000052 value 1000
[2015.03.24-14.20.53:333][771]LogOnline:Warning: Unknown or unsupported data type from Steam key data 10000088 110
[2015.03.24-14.20.53:333][771]LogOnline:Warning: STEAM: Failed to parse setting from key 10000088 value 110
[2015.03.24-14.20.53:333][771]LogOnline:Warning: Unknown or unsupported data type from Steam key data 10000089 3
[2015.03.24-14.20.53:333][771]LogOnline:Warning: STEAM: Failed to parse setting from key 10000089 value 3
[2015.03.24-14.20.53:333][771]LogOnline:Warning: Unknown or unsupported data type from Steam key data 1000008a 0
[2015.03.24-14.20.53:333][771]LogOnline:Warning: STEAM: Failed to parse setting from key 1000008a value 0
[2015.03.24-14.20.53:333][771]LogOnline:Warning: Unknown or unsupported data type from Steam key data 1000008b -2044041297
[2015.03.24-14.20.53:333][771]LogOnline:Warning: STEAM: Failed to parse setting from key 1000008b value -2044041297
[2015.03.24-14.20.53:333][771]LogOnline:Warning: Unknown or unsupported data type from Steam key data 1000008c 0
[2015.03.24-14.20.53:333][771]LogOnline:Warning: STEAM: Failed to parse setting from key 1000008c value 0
[2015.03.24-14.20.53:333][771]LogOnline:Warning: Unknown or unsupported data type from Steam key data 2000001d 0
[2015.03.24-14.20.53:333][771]LogOnline:Warning: STEAM: Failed to parse setting from key 2000001d value 0
[2015.03.24-14.20.53:333][771]LogOnline:Warning: Unknown or unsupported data type from Steam key data 2000001e 0
[2015.03.24-14.20.53:333][771]LogOnline:Warning: STEAM: Failed to parse setting from key 2000001e value 0
[2015.03.24-14.20.53:333][771]LogOnline:Warning: Unknown or unsupported data type from Steam key data 20000021 0
[2015.03.24-14.20.53:333][771]LogOnline:Warning: STEAM: Failed to parse setting from key 20000021 value 0
[2015.03.24-14.20.53:333][771]LogOnline:Warning: Unknown or unsupported data type from Steam key data 2000003b 0
[2015.03.24-14.20.53:333][771]LogOnline:Warning: STEAM: Failed to parse setting from key 2000003b value 0
[2015.03.24-14.20.53:333][771]LogOnline:Warning: Unknown or unsupported data type from Steam key data 2000004d 16777216
[2015.03.24-14.20.53:333][771]LogOnline:Warning: STEAM: Failed to parse setting from key 2000004d value 16777216
[2015.03.24-14.20.53:333][771]LogOnline:Warning: Unknown or unsupported data type from Steam key data 2000004e 0
[2015.03.24-14.20.53:333][771]LogOnline:Warning: STEAM: Failed to parse setting from key 2000004e value 0
[2015.03.24-14.20.53:333][771]LogOnline:Warning: Unknown or unsupported data type from Steam key data 20000083 0
[2015.03.24-14.20.53:333][771]LogOnline:Warning: STEAM: Failed to parse setting from key 20000083 value 0
[2015.03.24-14.20.53:333][771]LogOnline:Warning: Unknown or unsupported data type from Steam key data 20000084 0
[2015.03.24-14.20.53:333][771]LogOnline:Warning: STEAM: Failed to parse setting from key 20000084 value 0
[2015.03.24-14.20.53:333][771]LogOnline:Warning: Unknown or unsupported data type from Steam key data 20000085 0
[2015.03.24-14.20.53:333][771]LogOnline:Warning: STEAM: Failed to parse setting from key 20000085 value 0
[2015.03.24-14.20.53:334][771]LogOnline:Warning: Unknown or unsupported data type from Steam key data 20000086 0
[2015.03.24-14.20.53:334][771]LogOnline:Warning: STEAM: Failed to parse setting from key 20000086 value 0
[2015.03.24-14.20.53:334][771]LogOnline:Warning: Unknown or unsupported data type from Steam key data 20000087 0
[2015.03.24-14.20.53:334][771]LogOnline:Warning: STEAM: Failed to parse setting from key 20000087 value 0
[2015.03.24-14.20.53:334][771]LogOnline:Warning: Unknown or unsupported data type from Steam key data 800a 0
[2015.03.24-14.20.53:334][771]LogOnline:Warning: STEAM: Failed to parse setting from key 800a value 0
[2015.03.24-14.20.53:334][771]LogOnline:Warning: Unknown or unsupported data type from Steam key data 800b 0
[2015.03.24-14.20.53:334][771]LogOnline:Warning: STEAM: Failed to parse setting from key 800b value 0
[2015.03.24-14.20.53:334][771]LogOnline:Warning: Unknown or unsupported data type from Steam key data 9 0
[2015.03.24-14.20.53:334][771]LogOnline:Warning: STEAM: Failed to parse setting from key 9 value 0
[2015.03.24-14.20.53:334][771]LogOnline:Warning: Unknown or unsupported data type from Steam key data name bochurin.sergey
[2015.03.24-14.20.53:334][771]LogOnline:Warning: STEAM: Failed to parse setting from key name value bochurin.sergey
[2015.03.24-14.20.53:334][771]LogOnline:Warning: Unknown or unsupported data type from Steam key data owner 76561198140985648
[2015.03.24-14.20.53:334][771]LogOnline:Warning: STEAM: Failed to parse setting from key owner value 76561198140985648
[2015.03.24-14.20.53:334][771]LogOnline:Warning: Unknown or unsupported data type from Steam key data players_cnt 1
[2015.03.24-14.20.53:334][771]LogOnline:Warning: STEAM: Failed to parse setting from key players_cnt value 1
[2015.03.24-14.20.53:334][771]LogOnline:Warning: STEAM: Unable to parse search result for lobby 'Lobby [0x18600003CCBE31C]'
[2015.03.24-14.20.53:334][771]LogOnline:Warning: Unknown or unsupported data type from Steam key data BinaryData CgAAAAAAAABnAFoAAQAACQAvAAA=
[2015.03.24-14.20.53:334][771]LogOnline:Warning: STEAM: Failed to parse setting from key BinaryData value CgAAAAAAAABnAFoAAQAACQAvAAA=
[2015.03.24-14.20.53:334][771]LogOnline:Warning: Unknown or unsupported data type from Steam key data BinarySize 20
[2015.03.24-14.20.53:334][771]LogOnline:Warning: STEAM: Failed to parse setting from key BinarySize value 20
[2015.03.24-14.20.53:334][771]LogOnline:Warning: Unknown or unsupported data type from Steam key data name king-__-07
[2015.03.24-14.20.53:334][771]LogOnline:Warning: STEAM: Failed to parse setting from key name value king-__-07
[2015.03.24-14.20.53:334][771]LogOnline:Warning: Unknown or unsupported data type from Steam key data OwnerID 011000010D83389F
[2015.03.24-14.20.53:334][771]LogOnline:Warning: STEAM: Failed to parse setting from key OwnerID value 011000010D83389F
[2015.03.24-14.20.53:334][771]LogOnline:Warning: Unknown or unsupported data type from Steam key data SearchKey0 0
[2015.03.24-14.20.53:334][771]LogOnline:Warning: STEAM: Failed to parse setting from key SearchKey0 value 0
[2015.03.24-14.20.53:334][771]LogOnline:Warning: Unknown or unsupported data type from Steam key data SearchKey1 0
[2015.03.24-14.20.53:334][771]LogOnline:Warning: STEAM: Failed to parse setting from key SearchKey1 value 0
[2015.03.24-14.20.53:334][771]LogOnline:Warning: Unknown or unsupported data type from Steam key data SearchKey2 47
[2015.03.24-14.20.53:334][771]LogOnline:Warning: STEAM: Failed to parse setting from key SearchKey2 value 47
[2015.03.24-14.20.53:334][771]LogOnline:Warning: Unknown or unsupported data type from Steam key data SearchKey3 0
[2015.03.24-14.20.53:334][771]LogOnline:Warning: STEAM: Failed to parse setting from key SearchKey3 value 0
[2015.03.24-14.20.53:335][771]LogOnline:Warning: Unknown or unsupported data type from Steam key data SearchKey4 1
[2015.03.24-14.20.53:335][771]LogOnline:Warning: STEAM: Failed to parse setting from key SearchKey4 value 1
[2015.03.24-14.20.53:335][771]LogOnline:Warning: Unknown or unsupported data type from Steam key data SearchKey5 1
[2015.03.24-14.20.53:335][771]LogOnline:Warning: STEAM: Failed to parse setting from key SearchKey5 value 1
[2015.03.24-14.20.53:335][771]LogOnline:Warning: Unknown or unsupported data type from Steam key data SearchKey6 0
[2015.03.24-14.20.53:335][771]LogOnline:Warning: STEAM: Failed to parse setting from key SearchKey6 value 0
[2015.03.24-14.20.53:335][771]LogOnline:Warning: Unknown or unsupported data type from Steam key data SearchKey7 0
[2015.03.24-14.20.53:335][771]LogOnline:Warning: STEAM: Failed to parse setting from key SearchKey7 value 0
[2015.03.24-14.20.53:335][771]LogOnline:Warning: Unknown or unsupported data type from Steam key data SearchKey8 10
[2015.03.24-14.20.53:335][771]LogOnline:Warning: STEAM: Failed to parse setting from key SearchKey8 value 10
[2015.03.24-14.20.53:335][771]LogOnline:Warning: Unknown or unsupported data type from Steam key data SearchKeyNum 9
[2015.03.24-14.20.53:335][771]LogOnline:Warning: STEAM: Failed to parse setting from key SearchKeyNum value 9
[2015.03.24-14.20.53:335][771]LogOnline:Warning: Unknown or unsupported data type from Steam key data SlotPrivateMax 0
[2015.03.24-14.20.53:335][771]LogOnline:Warning: STEAM: Failed to parse setting from key SlotPrivateMax value 0
[2015.03.24-14.20.53:335][771]LogOnline:Warning: Unknown or unsupported data type from Steam key data SlotPrivateOpen 0
[2015.03.24-14.20.53:335][771]LogOnline:Warning: STEAM: Failed to parse setting from key SlotPrivateOpen value 0
[2015.03.24-14.20.53:335][771]LogOnline:Warning: Unknown or unsupported data type from Steam key data SlotPublicMax 4
[2015.03.24-14.20.53:335][771]LogOnline:Warning: STEAM: Failed to parse setting from key SlotPublicMax value 4
[2015.03.24-14.20.53:335][771]LogOnline:Warning: Unknown or unsupported data type from Steam key data SlotPublicOpen 3
[2015.03.24-14.20.53:335][771]LogOnline:Warning: STEAM: Failed to parse setting from key SlotPublicOpen value 3
[2015.03.24-14.20.53:335][771]LogOnline:Warning: STEAM: Unable to parse search result for lobby 'Lobby [0x18600003CCD4A9A]'
[2015.03.24-14.20.53:335][771]LogOnline:Warning: STEAM: Unable to parse search result for lobby 'Lobby [0x18600003CC78067]'
[2015.03.24-14.20.53:335][771]LogOnline:Warning: Unknown or unsupported data type from Steam key data name #DerpyHooves$$$'s lobby
[2015.03.24-14.20.53:335][771]LogOnline:Warning: STEAM: Failed to parse setting from key name value #DerpyHooves$$$'s lobby
[2015.03.24-14.20.53:335][771]LogOnline:Warning: STEAM: Unable to parse search result for lobby 'Lobby [0x18600003CC6655B]'
[2015.03.24-14.20.53:335][771]LogOnline:Warning: Unknown or unsupported data type from Steam key data BinaryData CQEAAAAAAACzBAAABgUAAAAAAAA=
[2015.03.24-14.20.53:335][771]LogOnline:Warning: STEAM: Failed to parse setting from key BinaryData value CQEAAAAAAACzBAAABgUAAAAAAAA=
[2015.03.24-14.20.53:335][771]LogOnline:Warning: Unknown or unsupported data type from Steam key data BinarySize 20
[2015.03.24-14.20.53:335][771]LogOnline:Warning: STEAM: Failed to parse setting from key BinarySize value 20
[2015.03.24-14.20.53:335][771]LogOnline:Warning: Unknown or unsupported data type from Steam key data name ??????China ?????????
[2015.03.24-14.20.53:335][771]LogOnline:Warning: STEAM: Failed to parse setting from key name value ??????China ?????????
[2015.03.24-14.20.53:335][771]LogOnline:Warning: Unknown or unsupported data type from Steam key data OwnerID 01100001078B3B07
[2015.03.24-14.20.53:335][771]LogOnline:Warning: STEAM: Failed to parse setting from key OwnerID value 01100001078B3B07
[2015.03.24-14.20.53:335][771]LogOnline:Warning: Unknown or unsupported data type from Steam key data SearchKey0 50
[2015.03.24-14.20.53:335][771]LogOnline:Warning: STEAM: Failed to parse setting from key SearchKey0 value 50
[2015.03.24-14.20.53:335][771]LogOnline:Warning: Unknown or unsupported data type from Steam key data SearchKey1 2
[2015.03.24-14.20.53:335][771]LogOnline:Warning: STEAM: Failed to parse setting from key SearchKey1 value 2
[2015.03.24-14.20.53:335][771]LogOnline:Warning: Unknown or unsupported data type from Steam key data SearchKey2 48
[2015.03.24-14.20.53:335][771]LogOnline:Warning: STEAM: Failed to parse setting from key SearchKey2 value 48
[2015.03.24-14.20.53:336][771]LogOnline:Warning: Unknown or unsupported data type from Steam key data SearchKey3 1
[2015.03.24-14.20.53:336][771]LogOnline:Warning: STEAM: Failed to parse setting from key SearchKey3 value 1
[2015.03.24-14.20.53:336][771]LogOnline:Warning: Unknown or unsupported data type from Steam key data SearchKey4 5
[2015.03.24-14.20.53:336][771]LogOnline:Warning: STEAM: Failed to parse setting from key SearchKey4 value 5
[2015.03.24-14.20.53:336][771]LogOnline:Warning: Unknown or unsupported data type from Steam key data SearchKey5 6
[2015.03.24-14.20.53:336][771]LogOnline:Warning: STEAM: Failed to parse setting from key SearchKey5 value 6
[2015.03.24-14.20.53:336][771]LogOnline:Warning: Unknown or unsupported data type from Steam key data SearchKey6 1
[2015.03.24-14.20.53:336][771]LogOnline:Warning: STEAM: Failed to parse setting from key SearchKey6 value 1
[2015.03.24-14.20.53:336][771]LogOnline:Warning: Unknown or unsupported data type from Steam key data SearchKey7 0
[2015.03.24-14.20.53:336][771]LogOnline:Warning: STEAM: Failed to parse setting from key SearchKey7 value 0
[2015.03.24-14.20.53:336][771]LogOnline:Warning: Unknown or unsupported data type from Steam key data SearchKey8 9
[2015.03.24-14.20.53:336][771]LogOnline:Warning: STEAM: Failed to parse setting from key SearchKey8 value 9
[2015.03.24-14.20.53:336][771]LogOnline:Warning: Unknown or unsupported data type from Steam key data SearchKeyNum 9
[2015.03.24-14.20.53:336][771]LogOnline:Warning: STEAM: Failed to parse setting from key SearchKeyNum value 9
[2015.03.24-14.20.53:336][771]LogOnline:Warning: Unknown or unsupported data type from Steam key data SlotPrivateMax 0
[2015.03.24-14.20.53:336][771]LogOnline:Warning: STEAM: Failed to parse setting from key SlotPrivateMax value 0
[2015.03.24-14.20.53:336][771]LogOnline:Warning: Unknown or unsupported data type from Steam key data SlotPrivateOpen 0
[2015.03.24-14.20.53:336][771]LogOnline:Warning: STEAM: Failed to parse setting from key SlotPrivateOpen value 0
[2015.03.24-14.20.53:336][771]LogOnline:Warning: Unknown or unsupported data type from Steam key data SlotPublicMax 6
[2015.03.24-14.20.53:336][771]LogOnline:Warning: STEAM: Failed to parse setting from key SlotPublicMax value 6
[2015.03.24-14.20.53:336][771]LogOnline:Warning: Unknown or unsupported data type from Steam key data SlotPublicOpen 1
[2015.03.24-14.20.53:336][771]LogOnline:Warning: STEAM: Failed to parse setting from key SlotPublicOpen value 1
[2015.03.24-14.20.53:336][771]LogOnline:Warning: STEAM: Unable to parse search result for lobby 'Lobby [0x18600003CCC6D62]'
[2015.03.24-14.20.53:336][771]LogScript:Warning: Found a session. Ping is -1
[2015.03.24-14.20.53:336][771]LogBlueprintUserMessages: Based Dexbox
[2015.03.24-14.21.01:546][319]LogNet: Browse: steam.76561198031576007//Game/Levels/EmptySkies_MainMenu
[2015.03.24-14.21.01:546][319]LogNet:Display: SteamNetDriver_0 bound to port 7777
[2015.03.24-14.21.01:546][319]LogNet: Game client on port 7777, rate 10000
[2015.03.24-14.21.04:253][501]LogVoiceEncode:Warning: Dropping voice data due to network layer not processing fast enough
[2015.03.24-14.21.05:538][587]LogNet: Welcomed by server (Level: /Game/Levels/EmptySkies_Lobby, Game: /Game/Blueprints/LevelBlueprints/NoplayerGameMode.NoplayerGameMode_C)
[2015.03.24-14.21.05:553][587]LogLoad: LoadMap: steam.76561198031576007//Game/Levels/EmptySkies_Lobby?game=/Game/Blueprints/LevelBlueprints/NoplayerGameMode.NoplayerGameMode_C
[2015.03.24-14.21.05:559][587]LogParticles: Destroying 0 GPU particle simulations for FXSystem 0x00000003E4131360
[2015.03.24-14.21.05:565][587]LogMemory: Platform Memory Stats for WindowsNoEditor
[2015.03.24-14.21.05:565][587]LogMemory: Process Physical Memory: 187.36 MB used, 216.70 MB peak
[2015.03.24-14.21.05:565][587]LogMemory: Process Virtual Memory: 128.73 MB used, 165.78 MB peak
[2015.03.24-14.21.05:565][587]LogMemory: Physical Memory: 3878.52 MB used, 8109.49 MB total
[2015.03.24-14.21.05:565][587]LogMemory: Virtual Memory: 512.42 MB used, 134217728.00 MB total
[2015.03.24-14.21.05:565][587]LogMemory: 
[2015.03.24-14.21.05:566][587]LogMemory: Allocator Stats for binned:
[2015.03.24-14.21.05:566][587]LogMemory: Current Memory 37.89 MB used, plus 9.50 MB waste
[2015.03.24-14.21.05:566][587]LogMemory: Peak Memory 77.89 MB used, plus 2.37 MB waste
[2015.03.24-14.21.05:566][587]LogMemory: Current OS Memory 47.39 MB, peak 80.26 MB
[2015.03.24-14.21.05:566][587]LogMemory: Current Waste 0.91 MB, peak 1.09 MB
[2015.03.24-14.21.05:566][587]LogMemory: Current Used 37.89 MB, peak 77.89 MB
[2015.03.24-14.21.05:566][587]LogMemory: Current Slack 8.60 MB
[2015.03.24-14.21.05:566][587]LogMemory: Allocs       111895 Current /  4757078 Total
[2015.03.24-14.21.05:566][587]LogMemory: 
[2015.03.24-14.21.05:566][587]LogMemory: Block Size Num Pools Max Pools Cur Allocs Total Allocs Min Req Max Req Mem Used Mem Slack Mem Waste Efficiency
[2015.03.24-14.21.05:566][587]LogMemory: ---------- --------- --------- ---------- ------------ ------- ------- -------- --------- --------- ----------
[2015.03.24-14.21.05:566][587]LogMemory:          8         0         0          0            0       8       0       0K        0K        0K    100.00%
[2015.03.24-14.21.05:566][587]LogMemory:         16         6         6      18767       725879      16      16     293K       91K        0K    100.00%
[2015.03.24-14.21.05:566][587]LogMemory:         32        13        13      22627       457055      32      32     707K      125K        0K    100.00%
[2015.03.24-14.21.05:566][587]LogMemory:         48         9         9       9776       293728      48      48     458K      118K        0K    100.00%
[2015.03.24-14.21.05:566][587]LogMemory:         64        15        15      12889       376408      64      64     805K      155K        0K    100.00%
[2015.03.24-14.21.05:566][587]LogMemory:         80         5         5       3298       157847      80      80     257K       63K        0K    100.00%
[2015.03.24-14.21.05:566][587]LogMemory:         96         6         6       3039       145365      96      96     284K      100K        0K    100.00%
[2015.03.24-14.21.05:566][587]LogMemory:        112         3         3       1326       318133     112     112     145K       47K        0K    100.00%
[2015.03.24-14.21.05:566][587]LogMemory:        128        31        31      15175        82265     128     128    1896K       88K        0K    100.00%
[2015.03.24-14.21.05:566][587]LogMemory:        160        10        11       2818       191351     144     160     440K      200K       18K     97.19%
[2015.03.24-14.21.05:566][587]LogMemory:        192        15        15       4588       315148     176     192     860K      100K       34K     96.46%
[2015.03.24-14.21.05:566][587]LogMemory:        224         4         4        891       257187     208     224     194K       62K        7K     97.27%
[2015.03.24-14.21.05:566][587]LogMemory:        256        20        28       4495       187736     240     256    1123K      157K       31K     97.58%
[2015.03.24-14.21.05:566][587]LogMemory:        288         7         7       1271       340556     272     288     357K       90K        5K     98.88%
[2015.03.24-14.21.05:566][587]LogMemory:        320         5         5        823       251412     304     320     257K       62K        7K     97.81%
[2015.03.24-14.21.05:566][587]LogMemory:        384        13        13       1919       208416     336     384     719K      110K       67K     91.95%
[2015.03.24-14.21.05:566][587]LogMemory:        448        13        13       1747        51455     400     448     764K       67K       13K     98.44%
[2015.03.24-14.21.05:566][587]LogMemory:        512        11        11       1242        15505     464     512     621K       83K       22K     96.88%
[2015.03.24-14.21.05:566][587]LogMemory:        576         4         4        287        10663     528     576     161K       94K       10K     96.09%
[2015.03.24-14.21.05:566][587]LogMemory:        640         8         8        495         2962     592     640     309K      201K       10K     98.05%
[2015.03.24-14.21.05:566][587]LogMemory:        704        11        17        729         5918     656     704     501K      203K       15K     97.87%
[2015.03.24-14.21.05:566][587]LogMemory:        768         8         8        354        16454     720     768     265K      245K       12K     97.66%
[2015.03.24-14.21.05:566][587]LogMemory:        896         5         6        195        44869     784     896     170K      150K       16K     95.00%
[2015.03.24-14.21.05:566][587]LogMemory:       1024         3         3        102        40845     912    1024     102K       90K        0K    100.00%
[2015.03.24-14.21.05:566][587]LogMemory:       1168         3         3         98         4567    1040    1168     111K       81K        7K     96.35%
[2015.03.24-14.21.05:566][587]LogMemory:       1360         8         9        243        45138    1184    1360     322K      188K       36K     92.97%
[2015.03.24-14.21.05:566][587]LogMemory:       1632         8         9        245         5635    1376    1632     390K      120K       26K     94.92%
[2015.03.24-14.21.05:566][587]LogMemory:       2048         8         9        156        10843    1648    2048     312K      200K       34K     93.36%
[2015.03.24-14.21.05:566][587]LogMemory:       2336         5         5        106         7445    2064    2336     241K       79K       19K     94.06%
[2015.03.24-14.21.05:566][587]LogMemory:       2720         6         6        102        12244    2352    2720     270K      113K       19K     95.05%
[2015.03.24-14.21.05:566][587]LogMemory:       3264        10        10        149        28141    2736    3264     474K      164K       53K     91.72%
[2015.03.24-14.21.05:566][587]LogMemory:       4096        11        12        145         1699    3280    4096     580K      124K       44K     93.75%
[2015.03.24-14.21.05:566][587]LogMemory:       4672         7         8         73         3844    4112    4672     333K      115K       12K     97.32%
[2015.03.24-14.21.05:566][587]LogMemory:       5456        11        13        109        19580    4688    5456     580K      124K       37K     94.74%
[2015.03.24-14.21.05:566][587]LogMemory:       6544        13        14        112         8131    5472    6544     715K      116K       93K     88.82%
[2015.03.24-14.21.05:566][587]LogMemory:       8192         7        10         47         6920    6560    8192     376K       72K       52K     88.39%
[2015.03.24-14.21.05:566][587]LogMemory:       9360         5         6         30         4305    8208    9360     274K       46K       13K     95.94%
[2015.03.24-14.21.05:566][587]LogMemory:      10912         6        10         31        43940    9392   10864     330K       54K       36K     90.63%
[2015.03.24-14.21.05:566][587]LogMemory:      13104         4         4         15         2151   10976   13056     191K       65K        3K     98.83%
[2015.03.24-14.21.05:566][587]LogMemory:      16384         5        11         18         3479   13120   16384     288K       32K       38K     88.13%
[2015.03.24-14.21.05:566][587]LogMemory:      21840        13        14         33         3426   16400   21600     703K      129K       51K     93.87%
[2015.03.24-14.21.05:566][587]LogMemory:      32768         5        13         10          660   21904   32640     320K        0K       29K     90.94%
[2015.03.24-14.21.05:566][587]LogMemory: 
[2015.03.24-14.21.05:566][587]LogMemory: 23040K allocated in pools (with 4523K slack and 869K waste). Efficiency 96.23%
[2015.03.24-14.21.05:566][587]LogMemory: Allocations 110576 Current / 4709306 Total (in 360 pools)
[2015.03.24-14.21.05:566][587]LogMemory: 
[2015.03.24-14.21.05:573][587]LogWorld: Bringing World /Game/Levels/EmptySkies_Lobby.EmptySkies_Lobby up for play (max tick rate 0) at 2015.03.24-09.21.05
[2015.03.24-14.21.05:573][587]LogWorld: Bringing up level for play took: 0.000239
[2015.03.24-14.21.05:574][587]LogNet:Warning: Dropped 1 packets due to congestion in the voicechannel
[2015.03.24-14.21.05:633][684]LogNet:Warning: Dropped 1 packets due to congestion in the voicechannel
[2015.03.24-14.21.05:731][908]LogNet:Warning: Dropped 1 packets due to congestion in the voicechannel
[2015.03.24-14.21.21:641][983]LogNet: Browse: steam.76561198031576007//Game/Levels/EmptySkies_DeathMatch1?game=/Game/Blueprints/LevelBlueprints/NoplayerGameMode.NoplayerGameMode_C
[2015.03.24-14.21.21:641][983]LogNet: World NetDriver shutdown SteamNetDriver_0 [GameNetDriver]
[2015.03.24-14.21.21:641][983]LogNet: DestroyNamedNetDriver SteamNetDriver_0 [GameNetDriver]
[2015.03.24-14.21.21:641][983]LogNet: UNetConnection::Close: Name: SteamNetConnection_0, Driver: GameNetDriver SteamNetDriver_0, PC: CustomPlayerController_C_1, Owner: CustomPlayerController_C_1, Channels: 10, RemoteAddr: 76561198031576007:7777, Time: 2015.03.24-14.21.21
[2015.03.24-14.21.21:641][983]LogNet: UChannel::Close: Sending CloseBunch. ChIndex == 0. Name: ControlChannel_0
[2015.03.24-14.21.21:641][983]LogExit: GameNetDriver SteamNetDriver_0 shut down
[2015.03.24-14.21.21:642][983]LogNet:Display: SteamNetDriver_1 bound to port 7777
[2015.03.24-14.21.21:642][983]LogNet: Game client on port 7777, rate 10000
[2015.03.24-14.21.46:590][525]LogNet: Welcomed by server (Level: /Game/Levels/EmptySkies_DeathMatch1, Game: /Game/Blueprints/LevelBlueprints/DeathMatch.DeathMatch_C)
[2015.03.24-14.21.46:590][525]LogNet: UChannel::ReceivedSequencedBunch: Bunch.bClose == true. ChIndex == 0. Calling ConditionalCleanUp.
[2015.03.24-14.21.46:590][525]LogNet: UChannel::CleanUp: [PendingNetDriver] [NoPC] [No Owner]. ChIndex == 0. Closing connection.
[2015.03.24-14.21.46:590][525]LogNet: UNetConnection::Close: Name: SteamNetConnection_1, Driver: PendingNetDriver SteamNetDriver_1, PC: NULL, Owner: NULL, Channels: 2, RemoteAddr: 76561198031576007:7777, Time: 2015.03.24-14.21.46
[2015.03.24-14.21.46:590][525]LogNet: UChannel::Close: Sending CloseBunch. ChIndex == 0. Name: ControlChannel_1
[2015.03.24-14.21.46:597][525]LogLoad: LoadMap: steam.76561198031576007//Game/Levels/EmptySkies_DeathMatch1?game=/Game/Blueprints/LevelBlueprints/DeathMatch.DeathMatch_C
[2015.03.24-14.21.46:601][525]LogParticles: Destroying 0 GPU particle simulations for FXSystem 0x00000003DE1EC9E0
[2015.03.24-14.21.46:604][525]LogMemory: Platform Memory Stats for WindowsNoEditor
[2015.03.24-14.21.46:604][525]LogMemory: Process Physical Memory: 189.55 MB used, 216.70 MB peak
[2015.03.24-14.21.46:604][525]LogMemory: Process Virtual Memory: 128.48 MB used, 165.78 MB peak
[2015.03.24-14.21.46:604][525]LogMemory: Physical Memory: 3863.08 MB used, 8109.49 MB total
[2015.03.24-14.21.46:604][525]LogMemory: Virtual Memory: 508.48 MB used, 134217728.00 MB total
[2015.03.24-14.21.46:604][525]LogMemory: 
[2015.03.24-14.21.46:605][525]LogMemory: Allocator Stats for binned:
[2015.03.24-14.21.46:605][525]LogMemory: Current Memory 9.42 MB used, plus 32.85 MB waste
[2015.03.24-14.21.46:605][525]LogMemory: Peak Memory 77.89 MB used, plus 2.37 MB waste
[2015.03.24-14.21.46:605][525]LogMemory: Current OS Memory 42.27 MB, peak 80.26 MB
[2015.03.24-14.21.46:605][525]LogMemory: Current Waste 0.90 MB, peak 1.09 MB
[2015.03.24-14.21.46:605][525]LogMemory: Current Used 9.42 MB, peak 77.89 MB
[2015.03.24-14.21.46:605][525]LogMemory: Current Slack 31.95 MB
[2015.03.24-14.21.46:605][525]LogMemory: Allocs       113846 Current /  8657178 Total
[2015.03.24-14.21.46:605][525]LogMemory: 
[2015.03.24-14.21.46:605][525]LogMemory: Block Size Num Pools Max Pools Cur Allocs Total Allocs Min Req Max Req Mem Used Mem Slack Mem Waste Efficiency
[2015.03.24-14.21.46:605][525]LogMemory: ---------- --------- --------- ---------- ------------ ------- ------- -------- --------- --------- ----------
[2015.03.24-14.21.46:605][525]LogMemory:          8         0         0          0            0       8       0       0K        0K        0K    100.00%
[2015.03.24-14.21.46:605][525]LogMemory:         16         6         6      18797      1649545      16      16     293K       91K        0K    100.00%
[2015.03.24-14.21.46:605][525]LogMemory:         32        13        13      22733       926362      32      32     710K      122K        0K    100.00%
[2015.03.24-14.21.46:605][525]LogMemory:         48         9         9       9831       548074      48      48     460K      116K        0K    100.00%
[2015.03.24-14.21.46:605][525]LogMemory:         64        15        15      12936       874275      64      64     808K      152K        0K    100.00%
[2015.03.24-14.21.46:605][525]LogMemory:         80         5         5       3323       318400      80      80     259K       61K        0K    100.00%
[2015.03.24-14.21.46:605][525]LogMemory:         96         6         6       3061       280339      96      96     286K       98K        0K    100.00%
[2015.03.24-14.21.46:605][525]LogMemory:        112         3         3       1330       638994     112     112     145K       47K        0K    100.00%
[2015.03.24-14.21.46:605][525]LogMemory:        128        31        31      15225        99901     128     128    1903K       81K        0K    100.00%
[2015.03.24-14.21.46:605][525]LogMemory:        160        10        11       2741       265363     144     160     428K      212K       16K     97.50%
[2015.03.24-14.21.46:605][525]LogMemory:        192        15        15       4597       360155     176     192     861K       99K       36K     96.25%
[2015.03.24-14.21.46:605][525]LogMemory:        224         4         4        897       267768     208     224     196K       60K        7K     97.27%
[2015.03.24-14.21.46:605][525]LogMemory:        256        20        28       4492       189229     240     256    1123K      157K       31K     97.58%
[2015.03.24-14.21.46:605][525]LogMemory:        288         7         7       1276       743013     272     288     358K       89K        3K     99.33%
[2015.03.24-14.21.46:605][525]LogMemory:        320         5         5        827       274949     304     320     258K       61K        6K     98.13%
[2015.03.24-14.21.46:605][525]LogMemory:        384        13        13       1924       302865     336     384     721K      108K       62K     92.55%
[2015.03.24-14.21.46:605][525]LogMemory:        448        13        13       1751        95314     400     448     766K       65K        8K     99.04%
[2015.03.24-14.21.46:605][525]LogMemory:        512        11        11       1248        29524     464     512     624K       80K       17K     97.59%
[2015.03.24-14.21.46:605][525]LogMemory:        576         4         4        311        22638     528     576     174K       81K       11K     95.70%
[2015.03.24-14.21.46:605][525]LogMemory:        640         7         8        494         8866     592     640     308K      139K       11K     97.54%
[2015.03.24-14.21.46:605][525]LogMemory:        704        11        17        738        14937     656     704     507K      197K       15K     97.87%
[2015.03.24-14.21.46:605][525]LogMemory:        768         8         8        356        53396     720     768     267K      243K       13K     97.46%
[2015.03.24-14.21.46:605][525]LogMemory:        896         5         6        199        95533     784     896     174K      146K       15K     95.31%
[2015.03.24-14.21.46:605][525]LogMemory:       1024         3         3        103       105292     912    1024     103K       89K        0K    100.00%
[2015.03.24-14.21.46:605][525]LogMemory:       1168         3         3         99         5904    1040    1168     112K       80K        6K     96.88%
[2015.03.24-14.21.46:605][525]LogMemory:       1360         8         9        238        63248    1184    1360     316K      194K       32K     93.75%
[2015.03.24-14.21.46:605][525]LogMemory:       1632         8         9        249        14589    1376    1632     396K      114K       28K     94.53%
[2015.03.24-14.21.46:605][525]LogMemory:       2048         8         9        156        45717    1648    2048     312K      200K       28K     94.53%
[2015.03.24-14.21.46:605][525]LogMemory:       2336         5         5         99         7479    2064    2336     225K       95K       17K     94.69%
[2015.03.24-14.21.46:605][525]LogMemory:       2720         5         6         93        32660    2352    2720     247K       72K       18K     94.38%
[2015.03.24-14.21.46:605][525]LogMemory:       3264        10        10        135        34087    2736    3264     430K      208K       51K     92.03%
[2015.03.24-14.21.46:605][525]LogMemory:       4096        11        12        136        11986    3280    4096     544K      160K       81K     88.49%
[2015.03.24-14.21.46:605][525]LogMemory:       4672         7         8         63         3867    4112    4672     287K      161K       11K     97.54%
[2015.03.24-14.21.46:605][525]LogMemory:       5456         9        13         91        19583    4688    5456     484K       92K       31K     94.62%
[2015.03.24-14.21.46:605][525]LogMemory:       6544        13        14        106        22973    5472    6544     677K      154K       80K     90.38%
[2015.03.24-14.21.46:605][525]LogMemory:       8192         8        10         46        17154    6560    8192     368K      144K       44K     91.41%
[2015.03.24-14.21.46:605][525]LogMemory:       9360         5         6         29         4309    8208    9360     265K       55K       12K     96.25%
[2015.03.24-14.21.46:605][525]LogMemory:      10912         6        10         31        90728    9392   10864     330K       54K       35K     90.89%
[2015.03.24-14.21.46:605][525]LogMemory:      13104         4         4         15         2155   10976   13056     191K       65K        3K     98.83%
[2015.03.24-14.21.46:605][525]LogMemory:      16384         5        11         18         3523   13120   16384     288K       32K       38K     88.13%
[2015.03.24-14.21.46:605][525]LogMemory:      21840        11        14         31         3430   16400   21600     661K       43K       48K     93.18%
[2015.03.24-14.21.46:605][525]LogMemory:      32768         5        13         10          666   21904   32640     320K        0K       29K     90.94%
[2015.03.24-14.21.46:605][525]LogMemory: 
[2015.03.24-14.21.46:605][525]LogMemory: 22720K allocated in pools (with 4517K slack and 843K waste). Efficiency 96.29%
[2015.03.24-14.21.46:605][525]LogMemory: Allocations 110836 Current / 8548791 Total (in 355 pools)
[2015.03.24-14.21.46:605][525]LogMemory: 
[2015.03.24-14.21.46:717][525]LogMaterial: Can't compile M_smoke_subUV with cooked content, will use default material instead
[2015.03.24-14.21.46:717][525]LogMaterial:Warning: Failed to compile Material /Game/Particles/Materials/M_smoke_subUV.M_smoke_subUV for platform PCD3D_SM5, Default Material will be used in game.
[2015.03.24-14.21.46:719][525]LogMaterial: Can't compile M_explosion_subUV with cooked content, will use default material instead
[2015.03.24-14.21.46:719][525]LogMaterial:Warning: Failed to compile Material /Game/Particles/Materials/M_explosion_subUV.M_explosion_subUV for platform PCD3D_SM5, Default Material will be used in game.
[2015.03.24-14.21.46:719][525]LogMaterial: Can't compile M_Burst with cooked content, will use default material instead
[2015.03.24-14.21.46:719][525]LogMaterial:Warning: Failed to compile Material /Game/Particles/Materials/M_Burst.M_Burst for platform PCD3D_SM5, Default Material will be used in game.
[2015.03.24-14.21.46:742][525]LogWorld: Bringing World /Game/Levels/EmptySkies_DeathMatch1.EmptySkies_Deathmatch1 up for play (max tick rate 0) at 2015.03.24-09.21.46
[2015.03.24-14.21.46:742][525]LogWorld: Bringing up level for play took: 0.006760
[2015.03.24-14.21.46:743][525]LogNet:Warning: Network Failure: GameNetDriver[ConnectionLost]: Your connection to the host has been lost.
[2015.03.24-14.21.46:743][525]LogNet: NetworkFailure: ConnectionLost, Error: 'Your connection to the host has been lost.'
[2015.03.24-14.21.46:744][525]LogNet: DestroyNamedNetDriver SteamNetDriver_1 [GameNetDriver]
[2015.03.24-14.21.46:744][525]LogExit: GameNetDriver SteamNetDriver_1 shut down
[2015.03.24-14.21.46:750][526]LogNet: Browse: /Game/Levels/EmptySkies_MainMenu?closed
[2015.03.24-14.21.46:750][526]LogNet: Failed; returning to Entry
[2015.03.24-14.21.46:782][526]LogLoad: LoadMap: /Game/Levels/EmptySkies_MainMenu?closed
[2015.03.24-14.21.46:782][526]LogNet: World NetDriver shutdown SteamNetDriver_1 [GameNetDriver]
[2015.03.24-14.21.46:789][526]LogParticles: Destroying 0 GPU particle simulations for FXSystem 0x00000003DEB9C260
[2015.03.24-14.21.46:794][526]LogMemory: Platform Memory Stats for WindowsNoEditor
[2015.03.24-14.21.46:794][526]LogMemory: Process Physical Memory: 208.93 MB used, 235.05 MB peak
[2015.03.24-14.21.46:794][526]LogMemory: Process Virtual Memory: 146.68 MB used, 177.57 MB peak
[2015.03.24-14.21.46:794][526]LogMemory: Physical Memory: 3888.73 MB used, 8109.49 MB total
[2015.03.24-14.21.46:794][526]LogMemory: Virtual Memory: 525.64 MB used, 134217728.00 MB total
[2015.03.24-14.21.46:794][526]LogMemory: 
[2015.03.24-14.21.46:795][526]LogMemory: Allocator Stats for binned:
[2015.03.24-14.21.46:795][526]LogMemory: Current Memory 12.86 MB used, plus 32.53 MB waste
[2015.03.24-14.21.46:795][526]LogMemory: Peak Memory 77.89 MB used, plus 10.86 MB waste
[2015.03.24-14.21.46:795][526]LogMemory: Current OS Memory 45.39 MB, peak 88.75 MB
[2015.03.24-14.21.46:795][526]LogMemory: Current Waste 1.02 MB, peak 1.37 MB
[2015.03.24-14.21.46:795][526]LogMemory: Current Used 12.86 MB, peak 77.89 MB
[2015.03.24-14.21.46:795][526]LogMemory: Current Slack 31.51 MB
[2015.03.24-14.21.46:795][526]LogMemory: Allocs       117392 Current /  8758888 Total
[2015.03.24-14.21.46:795][526]LogMemory: 
[2015.03.24-14.21.46:795][526]LogMemory: Block Size Num Pools Max Pools Cur Allocs Total Allocs Min Req Max Req Mem Used Mem Slack Mem Waste Efficiency
[2015.03.24-14.21.46:795][526]LogMemory: ---------- --------- --------- ---------- ------------ ------- ------- -------- --------- --------- ----------
[2015.03.24-14.21.46:795][526]LogMemory:          8         0         0          0            0       8       0       0K        0K        0K    100.00%
[2015.03.24-14.21.46:795][526]LogMemory:         16         6         6      19676      1660123      16      16     307K       77K        0K    100.00%
[2015.03.24-14.21.46:795][526]LogMemory:         32        13        13      23560       953665      32      32     736K       96K        0K    100.00%
[2015.03.24-14.21.46:795][526]LogMemory:         48         9         9      10255       558473      48      48     480K       96K        0K    100.00%
[2015.03.24-14.21.46:795][526]LogMemory:         64        15        15      13105       885729      64      64     819K      141K        0K    100.00%
[2015.03.24-14.21.46:795][526]LogMemory:         80         5         5       3386       327967      80      80     264K       56K        0K    100.00%
[2015.03.24-14.21.46:795][526]LogMemory:         96         6         6       3104       294186      96      96     291K       93K        0K    100.00%
[2015.03.24-14.21.46:795][526]LogMemory:        112         3         3       1350       641696     112     112     147K       45K        0K    100.00%
[2015.03.24-14.21.46:795][526]LogMemory:        128        32        32      15237       102092     128     128    1904K      144K        0K    100.00%
[2015.03.24-14.21.46:795][526]LogMemory:        160        11        11       3040       268796     144     160     475K      228K       19K     97.30%
[2015.03.24-14.21.46:795][526]LogMemory:        192        15        15       4615       362523     176     192     865K       95K       36K     96.25%
[2015.03.24-14.21.46:795][526]LogMemory:        224         4         4        902       268378     208     224     197K       59K        7K     97.27%
[2015.03.24-14.21.46:795][526]LogMemory:        256        20        28       4496       190455     240     256    1124K      156K       31K     97.58%
[2015.03.24-14.21.46:795][526]LogMemory:        288         7         7       1282       743852     272     288     360K       87K        3K     99.33%
[2015.03.24-14.21.46:795][526]LogMemory:        320         5         5        835       275583     304     320     260K       59K        6K     98.13%
[2015.03.24-14.21.46:795][526]LogMemory:        384        13        13       1936       303498     336     384     726K      103K       62K     92.55%
[2015.03.24-14.21.46:795][526]LogMemory:        448        13        13       1756        95539     400     448     768K       63K        8K     99.04%
[2015.03.24-14.21.46:795][526]LogMemory:        512        11        11       1259        29931     464     512     629K       75K       17K     97.59%
[2015.03.24-14.21.46:795][526]LogMemory:        576         5         5        355        22984     528     576     199K      119K       14K     95.63%
[2015.03.24-14.21.46:795][526]LogMemory:        640         8         8        580         9147     592     640     362K      148K       14K     97.27%
[2015.03.24-14.21.46:795][526]LogMemory:        704        14        17        948        15497     656     704     651K      245K       19K     97.88%
[2015.03.24-14.21.46:795][526]LogMemory:        768         8         8        397        53519     720     768     297K      213K       15K     97.07%
[2015.03.24-14.21.46:795][526]LogMemory:        896         5         6        203        95724     784     896     177K      143K       15K     95.31%
[2015.03.24-14.21.46:795][526]LogMemory:       1024         3         3        128       105393     912    1024     128K       64K        0K    100.00%
[2015.03.24-14.21.46:795][526]LogMemory:       1168         3         3        126         6015    1040    1168     143K       49K        8K     95.83%
[2015.03.24-14.21.46:795][526]LogMemory:       1360         9         9        265        63469    1184    1360     351K      223K       35K     93.92%
[2015.03.24-14.21.46:795][526]LogMemory:       1632         8         9        261        14734    1376    1632     415K       95K       29K     94.34%
[2015.03.24-14.21.46:795][526]LogMemory:       2048         9         9        173        45959    1648    2048     346K      230K       31K     94.62%
[2015.03.24-14.21.46:795][526]LogMemory:       2336         5         5        113         7562    2064    2336     257K       63K       20K     93.75%
[2015.03.24-14.21.46:795][526]LogMemory:       2720         7         7        121        32727    2352    2720     321K      126K       23K     94.87%
[2015.03.24-14.21.46:795][526]LogMemory:       3264        10        10        151        34205    2736    3264     481K      157K       56K     91.25%
[2015.03.24-14.21.46:795][526]LogMemory:       4096        11        12        153        12082    3280    4096     612K       92K       91K     87.07%
[2015.03.24-14.21.46:795][526]LogMemory:       4672         7         8         92         3944    4112    4672     419K       29K       16K     96.43%
[2015.03.24-14.21.46:795][526]LogMemory:       5456        12        13        139        19679    4688    5456     740K       28K       48K     93.75%
[2015.03.24-14.21.46:795][526]LogMemory:       6544        15        15        137        23043    5472    6544     875K       84K      103K     89.27%
[2015.03.24-14.21.46:795][526]LogMemory:       8192         8        10         48        17190    6560    8192     384K      128K       46K     91.02%
[2015.03.24-14.21.46:795][526]LogMemory:       9360         5         6         30         4319    8208    9360     274K       46K       13K     95.94%
[2015.03.24-14.21.46:795][526]LogMemory:      10912         6        10         32        90740    9392   10864     341K       43K       36K     90.63%
[2015.03.24-14.21.46:795][526]LogMemory:      13104         4         5         15         2165   10976   13056     191K       65K        3K     98.83%
[2015.03.24-14.21.46:795][526]LogMemory:      16384         5        11         19         3546   13120   16384     304K       16K       40K     87.50%
[2015.03.24-14.21.46:795][526]LogMemory:      21840        15        17         44         3479   16400   21600     938K       22K       69K     92.81%
[2015.03.24-14.21.46:795][526]LogMemory:      32768         6        13         11          674   21904   32640     352K       32K       33K     91.41%
[2015.03.24-14.21.46:795][526]LogMemory: 
[2015.03.24-14.21.46:795][526]LogMemory: 24064K allocated in pools (with 4133K slack and 966K waste). Efficiency 95.99%
[2015.03.24-14.21.46:795][526]LogMemory: Allocations 114336 Current / 8650283 Total (in 376 pools)
[2015.03.24-14.21.46:795][526]LogMemory: 
[2015.03.24-14.21.46:887][526]LogWorld: Game class is 'NoplayerGameMode_C'
[2015.03.24-14.21.46:890][526]LogAIModule: Creating AISystem for world EmptySkies_MainMenu
[2015.03.24-14.21.46:897][526]LogWorld: Bringing World /Game/Levels/EmptySkies_MainMenu.EmptySkies_MainMenu up for play (max tick rate 0) at 2015.03.24-09.21.46
[2015.03.24-14.21.46:897][526]LogWorld: Bringing up level for play took: 0.007728
[2015.03.24-14.21.53:292][957]Closing by request
[2015.03.24-14.21.53:292][957]LogWindows: FPlatformMisc::RequestExit(0)
[2015.03.24-14.21.53:732][958]LogExit: Preparing to exit.
[2015.03.24-14.21.53:841][958]LogExit: Game engine shut down
[2015.03.24-14.21.53:847][958]LogParticles: Destroying 0 GPU particle simulations for FXSystem 0x00000003DEB95140
[2015.03.24-14.21.53:847][958]LogExit: Object subsystem successfully closed.
[2015.03.24-14.21.53:848][958]LogOnline:Display: STEAM: OnlineSubsystemSteam::Shutdown()
[2015.03.24-14.21.53:863][958]LogOnline:Display: Unloading online subsystem: Steam
[2015.03.24-14.21.53:863][958]LogOnline:Display: STEAM: OnlineSubsystemSteam::Shutdown()
[2015.03.24-14.21.53:868][958]LogModuleManager: Shutting down and abandoning module AutomationWorker (49)
[2015.03.24-14.21.53:868][958]LogModuleManager: Shutting down and abandoning module CharacterAI (48)
[2015.03.24-14.21.53:868][958]LogModuleManager: Shutting down and abandoning module AIModule (47)
[2015.03.24-14.21.53:868][958]LogModuleManager: Shutting down and abandoning module GameLiveStreaming (46)
[2015.03.24-14.21.53:868][958]LogModuleManager: Shutting down and abandoning module StreamingPauseRendering (45)
[2015.03.24-14.21.53:868][958]LogModuleManager: Shutting down and abandoning module HTTP (44)
[2015.03.24-14.21.53:868][958]LogModuleManager: Shutting down and abandoning module AnalyticsET (43)
[2015.03.24-14.21.53:868][958]LogModuleManager: Shutting down and abandoning module Analytics (42)
[2015.03.24-14.21.53:868][958]LogModuleManager: Shutting down and abandoning module ProfilerService (41)
[2015.03.24-14.21.54:023][958]LogModuleManager: Shutting down and abandoning module TaskGraph (40)
[2015.03.24-14.21.54:023][958]LogModuleManager: Shutting down and abandoning module SlateRemote (39)
[2015.03.24-14.21.54:023][958]LogModuleManager: Shutting down and abandoning module CustomMeshComponent (38)
[2015.03.24-14.21.54:023][958]LogModuleManager: Shutting down and abandoning module CableComponent (37)
[2015.03.24-14.21.54:023][958]LogModuleManager: Shutting down and abandoning module EmptySkies (36)
[2015.03.24-14.21.54:023][958]LogModuleManager: Shutting down and abandoning module VictoryBPLibrary (35)
[2015.03.24-14.21.54:023][958]LogModuleManager: Shutting down and abandoning module ScriptPlugin (34)
[2015.03.24-14.21.54:023][958]LogModuleManager: Shutting down and abandoning module UdpMessaging (33)
[2015.03.24-14.21.54:023][958]LogModuleManager: Shutting down and abandoning module Paper2D (32)
[2015.03.24-14.21.54:023][958]LogModuleManager: Shutting down and abandoning module WindowsMoviePlayer (31)
[2015.03.24-14.21.54:024][958]LogModuleManager: Shutting down and abandoning module Media (30)
[2015.03.24-14.21.54:024][958]LogModuleManager: Shutting down and abandoning module WmfMedia (29)
[2015.03.24-14.21.54:034][958]LogModuleManager: Shutting down and abandoning module UMG (28)
[2015.03.24-14.21.54:034][958]LogModuleManager: Shutting down and abandoning module Slate (27)
[2015.03.24-14.21.54:034][958]LogModuleManager: Shutting down and abandoning module SessionServices (26)
[2015.03.24-14.21.54:034][958]LogModuleManager: Shutting down and abandoning module Messaging (25)
[2015.03.24-14.21.54:034][958]LogModuleManager: Shutting down and abandoning module HeadMountedDisplay (24)
[2015.03.24-14.21.54:034][958]LogModuleManager: Shutting down and abandoning module XAudio2 (23)
[2015.03.24-14.21.54:034][958]LogModuleManager: Shutting down and abandoning module Networking (22)
[2015.03.24-14.21.54:034][958]LogModuleManager: Shutting down and abandoning module Core (21)
[2015.03.24-14.21.54:034][958]LogModuleManager: Shutting down and abandoning module InputCore (20)
[2015.03.24-14.21.54:034][958]LogModuleManager: Shutting down and abandoning module ImageWrapper (19)
[2015.03.24-14.21.54:034][958]LogModuleManager: Shutting down and abandoning module OculusRift (14)
[2015.03.24-14.21.54:034][958]LogModuleManager: Shutting down and abandoning module ExampleDeviceProfileSelector (13)
[2015.03.24-14.21.54:034][958]LogModuleManager: Shutting down and abandoning module ShaderCore (12)
[2015.03.24-14.21.54:034][958]LogModuleManager: Shutting down and abandoning module Landscape (11)
[2015.03.24-14.21.54:034][958]LogModuleManager: Shutting down and abandoning module SlateRHIRenderer (10)
[2015.03.24-14.21.54:035][958]LogModuleManager: Shutting down and abandoning module OpenGLDrv (9)
[2015.03.24-14.21.54:035][958]LogModuleManager: Shutting down and abandoning module D3D11RHI (8)
[2015.03.24-14.21.54:035][958]LogModuleManager: Shutting down and abandoning module Renderer (7)
[2015.03.24-14.21.54:035][958]LogModuleManager: Shutting down and abandoning module Engine (6)
[2015.03.24-14.21.54:035][958]LogModuleManager: Shutting down and abandoning module CoreUObject (5)
[2015.03.24-14.21.54:035][958]LogModuleManager: Shutting down and abandoning module NetworkFile (4)
[2015.03.24-14.21.54:035][958]LogModuleManager: Shutting down and abandoning module StreamingFile (3)
[2015.03.24-14.21.54:035][958]LogModuleManager: Shutting down and abandoning module SandboxFile (2)
[2015.03.24-14.21.54:035][958]LogModuleManager: Shutting down and abandoning module PakFile (1)
[2015.03.24-14.21.54:035][958]LogExit: Exiting.
[2015.03.24-14.21.54:037][958]Log file closed, 03/24/15 09:21:54
