Log file open, 03/24/15 07:32:54
LogInit: Version: 4.6.1-2386410+++depot+UE4-Releases+4.6
LogInit: API Version: 2369412
LogInit: Compiled (64-bit): Dec 11 2014 21:33:04
LogInit: Compiled with Visual C++: 18.00.21005.01
LogInit: Build Configuration: Development
LogInit: Branch Name: ++depot+UE4-Releases+4.6
LogInit: Command line: 
LogInit: Base directory: C:/Users/Dillon/Documents/GitHub/EmptySkies-Builds/0.4/WindowsNoEditor/EmptySkies/Binaries/Win64/
LogInit: Rocket: 1
[2015.03.24-12.32.54:028][  0]LogTaskGraph: Started task graph with 3 named threads and 6 total threads.
[2015.03.24-12.32.54:072][  0]LogOnline:Display: STEAM: Loading Steam SDK 1.30
[2015.03.24-12.32.54:253][  0]LogOnline:Warning: STEAM: Failed to initialize Steam, this could be due to a Steam server and client running on the same machine. Try running with -NOSTEAM on the cmdline to disable.
[2015.03.24-12.32.54:253][  0]LogOnline:Display: STEAM: OnlineSubsystemSteam::Shutdown()
[2015.03.24-12.32.54:302][  0]LogOnline:Warning: STEAM: Steam API failed to initialize!
[2015.03.24-12.32.54:302][  0]LogOnline:Display: STEAM: OnlineSubsystemSteam::Shutdown()
[2015.03.24-12.32.54:319][  0]LogOnline:Warning: Unable to create OnlineSubsystem module Steam
[2015.03.24-12.32.54:319][  0]LogOnline:Warning: Unable to load default OnlineSubsystem module Steam, using NULL interface
[2015.03.24-12.32.54:319][  0]LogModuleManager:Warning: ModuleManager: Module 'OnlineSubsystemNull' not found - its StaticallyLinkedModuleInitializers function is null.
[2015.03.24-12.32.54:319][  0]LogInit: Presizing for 0 objects not considered by GC, pre-allocating 0 bytes.
[2015.03.24-12.32.54:327][  0]LogInit: Object subsystem initialized
[2015.03.24-12.32.54:329][  0]LogConsoleResponse:Warning: Skipping Unknown console variable: 'UIScaleRule = ShortestSide'
[2015.03.24-12.32.54:329][  0]LogConsoleResponse:Warning:   Found in ini file '../../../EmptySkies/Saved/Config/WindowsNoEditor/Engine.ini', in section '[/Script/Engine.RendererSettings]'
[2015.03.24-12.32.54:329][  0]LogConsoleResponse:Warning: Skipping Unknown console variable: 'UIScaleCurve = (EditorCurveData=(Keys=),ExternalCurve=None)'
[2015.03.24-12.32.54:329][  0]LogConsoleResponse:Warning:   Found in ini file '../../../EmptySkies/Saved/Config/WindowsNoEditor/Engine.ini', in section '[/Script/Engine.RendererSettings]'
[2015.03.24-12.32.54:331][  0]LogConsoleManager:Warning: Console variable 'r.MSAA.CompositingSampleCount' wasn't set (Priority ProjectSetting < Scalability)
[2015.03.24-12.32.54:331][  0]LogInit: Selected Device Profile: [WindowsNoEditor]
[2015.03.24-12.32.54:331][  0]LogInit: Applying CVar settings loaded from the selected device profile: [WindowsNoEditor]
[2015.03.24-12.32.54:336][  0]LogInit: Computer: DILLONLAPTOP
[2015.03.24-12.32.54:336][  0]LogInit: User: Dillon
[2015.03.24-12.32.54:336][  0]LogInit: CPU Page size=4096, Cores=4
[2015.03.24-12.32.54:336][  0]LogInit: High frequency timer resolution =2.338345 MHz
[2015.03.24-12.32.54:336][  0]LogMemory: Memory total: Physical=7.9GB (8GB approx) Virtual=131072.0GB
[2015.03.24-12.32.54:336][  0]LogMemory: Platform Memory Stats for WindowsNoEditor
[2015.03.24-12.32.54:336][  0]LogMemory: Process Physical Memory: 62.89 MB used, 68.11 MB peak
[2015.03.24-12.32.54:336][  0]LogMemory: Process Virtual Memory: 34.85 MB used, 42.07 MB peak
[2015.03.24-12.32.54:336][  0]LogMemory: Physical Memory: 3822.53 MB used, 8080.29 MB total
[2015.03.24-12.32.54:336][  0]LogMemory: Virtual Memory: 273.77 MB used, 134217728.00 MB total
[2015.03.24-12.32.54:387][  0]LogD3D11RHI: Found D3D11 adapter 0: NVIDIA GeForce GTX 770M (Feature Level 11_0)
[2015.03.24-12.32.54:387][  0]LogD3D11RHI: Adapter has 2993MB of dedicated video memory, 0MB of dedicated system memory, and 4040MB of shared system memory, 1 output[s]
[2015.03.24-12.32.54:409][  0]LogD3D11RHI: Found D3D11 adapter 1: NVIDIA GeForce GTX 770M (Feature Level 11_0)
[2015.03.24-12.32.54:409][  0]LogD3D11RHI: Adapter has 2993MB of dedicated video memory, 0MB of dedicated system memory, and 4040MB of shared system memory, 0 output[s]
[2015.03.24-12.32.54:411][  0]LogD3D11RHI: Found D3D11 adapter 2: Microsoft Basic Render Driver (Feature Level 11_0)
[2015.03.24-12.32.54:411][  0]LogD3D11RHI: Adapter has 2993MB of dedicated video memory, 0MB of dedicated system memory, and 4040MB of shared system memory, 0 output[s]
[2015.03.24-12.32.54:411][  0]LogD3D11RHI: Chosen D3D11 Adapter Id = 0
[2015.03.24-12.32.54:416][  0]LogRHI: Texture pool is 1361 MB (70% of 1945 MB)
[2015.03.24-12.32.54:433][  0]LogD3D11RHI: Async texture creation enabled
[2015.03.24-12.32.54:486][  0]LogTextLocalizationManager: The requested culture ('en_US') has no localization data; parent culture's ('en') localization data will be used.
[2015.03.24-12.32.54:513][  0]LogContentStreaming: Texture pool size is 1000.000000MB
[2015.03.24-12.32.54:589][  0]LogCollisionProfile:Warning: Profile (UI) - Custom Channel Name = 'Weapon' hasn't been found
[2015.03.24-12.32.54:708][  0]LogInit: WinSock: version 1.1 (2.2), MaxSocks=32767, MaxUdp=65467
[2015.03.24-12.32.54:874][  0]LogWindowsMoviePlayer: Unable to load movie: ../../../EmptySkies/Content/Movies/Default_Startup.mp4
[2015.03.24-12.32.54:910][  0]LogObj: 20279 objects as part of root set at end of initial load.
[2015.03.24-12.32.54:910][  0]LogUObjectAllocator: 4194488 out of 0 bytes used by permanent object pool.
[2015.03.24-12.32.54:922][  0]LogEngine: Initializing Engine...
[2015.03.24-12.32.56:923][  0]LogHMD:Warning: No Oculus HMD detected! Is Oculus Run-Time installed and service is running?
[2015.03.24-12.32.56:934][  0]LogHMD: Oculus shutdown.
[2015.03.24-12.32.56:968][  0]LogInit: XAudio2 using 'Speakers (Bluetooth Audio Device)' : 2 channels at 48 kHz using 16 bits per sample (channel mask 0x3)
[2015.03.24-12.32.56:973][  0]LogInit: FAudioDevice initialized.
[2015.03.24-12.32.56:973][  0]LogInit: Texture streaming: Enabled
[2015.03.24-12.32.56:979][  0]LogConsoleManager:Warning: Console variable 'r.VSync' wasn't set (Priority Code < GameSetting)
[2015.03.24-12.32.56:985][  0]LogNet: Browse: /Game/Levels/EmptySkies_MainMenu?Name=Player
[2015.03.24-12.32.56:989][  0]LogLoad: LoadMap: /Game/Levels/EmptySkies_MainMenu?Name=Player
[2015.03.24-12.32.56:995][  0]LogMemory: Platform Memory Stats for WindowsNoEditor
[2015.03.24-12.32.56:995][  0]LogMemory: Process Physical Memory: 135.94 MB used, 140.12 MB peak
[2015.03.24-12.32.56:995][  0]LogMemory: Process Virtual Memory: 92.16 MB used, 100.26 MB peak
[2015.03.24-12.32.56:995][  0]LogMemory: Physical Memory: 3900.00 MB used, 8080.29 MB total
[2015.03.24-12.32.56:995][  0]LogMemory: Virtual Memory: 473.22 MB used, 134217728.00 MB total
[2015.03.24-12.32.56:995][  0]LogMemory: 
[2015.03.24-12.32.56:996][  0]LogMemory: Allocator Stats for binned:
[2015.03.24-12.32.56:996][  0]LogMemory: Current Memory 33.64 MB used, plus 3.18 MB waste
[2015.03.24-12.32.56:996][  0]LogMemory: Peak Memory 44.09 MB used, plus 2.71 MB waste
[2015.03.24-12.32.56:996][  0]LogMemory: Current OS Memory 36.82 MB, peak 46.80 MB
[2015.03.24-12.32.56:996][  0]LogMemory: Current Waste 0.53 MB, peak 0.94 MB
[2015.03.24-12.32.56:996][  0]LogMemory: Current Used 33.64 MB, peak 44.09 MB
[2015.03.24-12.32.56:996][  0]LogMemory: Current Slack 2.65 MB
[2015.03.24-12.32.56:996][  0]LogMemory: Allocs       107672 Current /  1247164 Total
[2015.03.24-12.32.56:996][  0]LogMemory: 
[2015.03.24-12.32.56:996][  0]LogMemory: Block Size Num Pools Max Pools Cur Allocs Total Allocs Min Req Max Req Mem Used Mem Slack Mem Waste Efficiency
[2015.03.24-12.32.56:996][  0]LogMemory: ---------- --------- --------- ---------- ------------ ------- ------- -------- --------- --------- ----------
[2015.03.24-12.32.56:996][  0]LogMemory:          8         0         0          0            0       8       0       0K        0K        0K    100.00%
[2015.03.24-12.32.56:996][  0]LogMemory:         16         5         5      18433       102821      16      16     288K       32K        0K    100.00%
[2015.03.24-12.32.56:996][  0]LogMemory:         32        12        12      21916        82612      32      32     684K       84K        0K    100.00%
[2015.03.24-12.32.56:996][  0]LogMemory:         48         7         7       9185        50754      48      48     430K       18K        0K    100.00%
[2015.03.24-12.32.56:996][  0]LogMemory:         64        13        13      12676        48357      64      64     792K       40K        0K    100.00%
[2015.03.24-12.32.56:996][  0]LogMemory:         80         4         4       3159        33559      80      80     246K       10K        0K    100.00%
[2015.03.24-12.32.56:996][  0]LogMemory:         96         5         5       2987        39173      96      96     280K       40K        0K    100.00%
[2015.03.24-12.32.56:996][  0]LogMemory:        112         3         3       1177        19441     112     112     128K       64K        0K    100.00%
[2015.03.24-12.32.56:996][  0]LogMemory:        128        30        30      15112        45374     128     128    1889K       31K        0K    100.00%
[2015.03.24-12.32.56:996][  0]LogMemory:        160         8        11       2677        88395     144     160     418K       94K       16K     96.88%
[2015.03.24-12.32.56:996][  0]LogMemory:        192        14        14       4487       148676     176     192     841K       55K       32K     96.43%
[2015.03.24-12.32.56:996][  0]LogMemory:        224         4         4        880       131755     208     224     192K       64K        7K     97.27%
[2015.03.24-12.32.56:996][  0]LogMemory:        256        17        28       4301       101175     240     256    1075K       13K       29K     97.33%
[2015.03.24-12.32.56:996][  0]LogMemory:        288         6         6       1262       100429     272     288     354K       30K        8K     97.92%
[2015.03.24-12.32.56:996][  0]LogMemory:        320         5         5        814       120857     304     320     254K       65K        7K     97.81%
[2015.03.24-12.32.56:996][  0]LogMemory:        384        11        11       1868        93159     336     384     700K        2K       67K     90.48%
[2015.03.24-12.32.56:996][  0]LogMemory:        448        13        13       1744         9326     400     448     763K       68K       59K     92.91%
[2015.03.24-12.32.56:996][  0]LogMemory:        512        10        10       1228         5620     464     512     614K       26K       31K     95.16%
[2015.03.24-12.32.56:996][  0]LogMemory:        576         3         3        280         1640     528     576     157K       34K        8K     95.83%
[2015.03.24-12.32.56:996][  0]LogMemory:        640         7         8        490          951     592     640     306K      141K        7K     98.44%
[2015.03.24-12.32.56:996][  0]LogMemory:        704        10        13        731         1739     656     704     502K      138K       12K     98.13%
[2015.03.24-12.32.56:996][  0]LogMemory:        768         6         6        328         2325     720     768     246K      137K        6K     98.44%
[2015.03.24-12.32.56:996][  0]LogMemory:        896         3         3        185          617     784     896     161K       31K        9K     95.31%
[2015.03.24-12.32.56:996][  0]LogMemory:       1024         2         3        103          454     912    1024     103K       25K        2K     98.44%
[2015.03.24-12.32.56:996][  0]LogMemory:       1168         2         2         96          378    1040    1168     109K       19K        5K     96.09%
[2015.03.24-12.32.56:996][  0]LogMemory:       1360         6         6        232         2861    1184    1360     308K       75K       21K     94.53%
[2015.03.24-12.32.56:996][  0]LogMemory:       1632         7         7        243          624    1376    1632     387K       60K       25K     94.42%
[2015.03.24-12.32.56:996][  0]LogMemory:       2048         8         9        147          790    1648    2048     294K      218K       30K     94.14%
[2015.03.24-12.32.56:996][  0]LogMemory:       2336         4         4        101         2959    2064    2336     230K       26K       24K     90.63%
[2015.03.24-12.32.56:996][  0]LogMemory:       2720         5         5         91          504    2352    2720     241K       78K       11K     96.56%
[2015.03.24-12.32.56:996][  0]LogMemory:       3264        10        10        142         2502    2736    3264     452K      186K       25K     96.09%
[2015.03.24-12.32.56:996][  0]LogMemory:       4096        11        12        136          615    3280    4096     544K      160K       42K     94.03%
[2015.03.24-12.32.56:996][  0]LogMemory:       4672         7         8         66         1453    4112    4672     301K      147K        9K     97.99%
[2015.03.24-12.32.56:996][  0]LogMemory:       5456         9        13         91          367    4688    5456     484K       92K       42K     92.71%
[2015.03.24-12.32.56:996][  0]LogMemory:       6544        12        14        101          329    5472    6544     645K      122K       58K     92.45%
[2015.03.24-12.32.56:996][  0]LogMemory:       8192         6         7         42         1625    6560    8192     336K       48K       44K     88.54%
[2015.03.24-12.32.56:996][  0]LogMemory:       9360         5         5         30          868    8208    9360     274K       46K        3K     99.06%
[2015.03.24-12.32.56:996][  0]LogMemory:      10912         4         4         20          129    9408   10880     213K       43K       21K     91.80%
[2015.03.24-12.32.56:996][  0]LogMemory:      13104         3         4         14          836   10976   13056     179K       13K        1K     99.48%
[2015.03.24-12.32.56:996][  0]LogMemory:      16384         5         7         19          108   13120   16384     304K       16K       22K     93.13%
[2015.03.24-12.32.56:996][  0]LogMemory:      21840        10        11         28           95   16400   21456     597K       43K      107K     83.28%
[2015.03.24-12.32.56:996][  0]LogMemory:      32768         4         6          7           65   21904   32640     224K       32K       48K     81.25%
[2015.03.24-12.32.56:996][  0]LogMemory: 
[2015.03.24-12.32.56:996][  0]LogMemory: 20224K allocated in pools (with 2666K slack and 838K waste). Efficiency 95.86%
[2015.03.24-12.32.56:996][  0]LogMemory: Allocations 107630 Current / 1246318 Total (in 316 pools)
[2015.03.24-12.32.56:996][  0]LogMemory: 
[2015.03.24-12.32.57:136][  0]LogWorld: Game class is 'NoplayerGameMode_C'
[2015.03.24-12.32.57:142][  0]LogAIModule: Creating AISystem for world EmptySkies_MainMenu
[2015.03.24-12.32.57:146][  0]LogWorld: Bringing World /Game/Levels/EmptySkies_MainMenu.EmptySkies_MainMenu up for play (max tick rate 0) at 2015.03.24-07.32.57
[2015.03.24-12.32.57:150][  0]LogWorld: Bringing up level for play took: 0.007658
[2015.03.24-12.32.57:161][  0]LogInit:Display: Game Engine Initialized.
[2015.03.24-12.32.57:362][  0]LogLoad: Full Startup: 5.42 seconds (BP compile: 0.00 seconds)
[2015.03.24-12.32.57:452][  2]LogRenderer:Warning: Reallocating scene render targets to support 1600x904.
[2015.03.24-12.33.04:059][141]LogNet: Browse: 127.0.0.1//Game/Levels/EmptySkies_MainMenu
[2015.03.24-12.33.04:116][141]LogOnline:Warning: STEAM: Failed to initialize Steam, this could be due to a Steam server and client running on the same machine. Try running with -NOSTEAM on the cmdline to disable.
[2015.03.24-12.33.04:116][141]LogOnline:Display: STEAM: OnlineSubsystemSteam::Shutdown()
[2015.03.24-12.33.04:119][141]LogOnline:Warning: STEAM: Steam API failed to initialize!
[2015.03.24-12.33.04:119][141]LogOnline:Display: STEAM: OnlineSubsystemSteam::Shutdown()
[2015.03.24-12.33.04:119][141]LogOnline:Warning: Unable to create OnlineSubsystem module Steam
[2015.03.24-12.33.04:135][141]LogInit: WinSock: Socket queue 32768 / 32768
[2015.03.24-12.33.04:162][141]LogInit: WinSock: I am DillonLaptop (192.168.19.5:0)
[2015.03.24-12.33.04:163][141]LogNet: Game client on port 7777, rate 10000
[2015.03.24-12.33.10:737][284]LogEngine: All Windows Closed
[2015.03.24-12.33.10:754][284]LogWindows: FPlatformMisc::RequestExit(0)
[2015.03.24-12.33.10:902][285]LogNet: UNetConnection::Close: Name: IpConnection_0, Driver: PendingNetDriver IpNetDriver_0, PC: NULL, Owner: NULL, Channels: 2, RemoteAddr: 127.0.0.1:7777, Time: 2015.03.24-12.33.10
[2015.03.24-12.33.10:902][285]LogNet: UChannel::Close: Sending CloseBunch. ChIndex == 0. Name: ControlChannel_0
[2015.03.24-12.33.10:932][285]LogNet: DestroyNamedNetDriver IpNetDriver_0 [PendingNetDriver]
[2015.03.24-12.33.10:932][285]LogExit: PendingNetDriver IpNetDriver_0 shut down
[2015.03.24-12.33.11:316][285]LogExit: Preparing to exit.
[2015.03.24-12.33.11:498][285]LogExit: Game engine shut down
[2015.03.24-12.33.11:498][285]LogParticles: Destroying 0 GPU particle simulations for FXSystem 0x00000089341A14A0
[2015.03.24-12.33.11:532][285]LogExit: Object subsystem successfully closed.
[2015.03.24-12.33.11:539][285]LogOnline:Display: Unloading online subsystem: Steam
[2015.03.24-12.33.11:557][285]LogModuleManager: Shutting down and abandoning module AutomationWorker (50)
[2015.03.24-12.33.11:557][285]LogModuleManager: Shutting down and abandoning module CharacterAI (49)
[2015.03.24-12.33.11:557][285]LogModuleManager: Shutting down and abandoning module AIModule (48)
[2015.03.24-12.33.11:557][285]LogModuleManager: Shutting down and abandoning module GameLiveStreaming (47)
[2015.03.24-12.33.11:557][285]LogModuleManager: Shutting down and abandoning module StreamingPauseRendering (46)
[2015.03.24-12.33.11:557][285]LogModuleManager: Shutting down and abandoning module HTTP (45)
[2015.03.24-12.33.11:568][285]LogModuleManager: Shutting down and abandoning module AnalyticsET (44)
[2015.03.24-12.33.11:568][285]LogModuleManager: Shutting down and abandoning module Analytics (43)
[2015.03.24-12.33.11:568][285]LogModuleManager: Shutting down and abandoning module ProfilerService (42)
[2015.03.24-12.33.11:673][285]LogModuleManager: Shutting down and abandoning module TaskGraph (41)
[2015.03.24-12.33.11:680][285]LogModuleManager: Shutting down and abandoning module SlateRemote (40)
[2015.03.24-12.33.11:680][285]LogModuleManager: Shutting down and abandoning module CustomMeshComponent (39)
[2015.03.24-12.33.11:680][285]LogModuleManager: Shutting down and abandoning module CableComponent (38)
[2015.03.24-12.33.11:680][285]LogModuleManager: Shutting down and abandoning module EmptySkies (37)
[2015.03.24-12.33.11:680][285]LogModuleManager: Shutting down and abandoning module VictoryBPLibrary (36)
[2015.03.24-12.33.11:680][285]LogModuleManager: Shutting down and abandoning module ScriptPlugin (35)
[2015.03.24-12.33.11:683][285]LogModuleManager: Shutting down and abandoning module UdpMessaging (34)
[2015.03.24-12.33.11:683][285]LogModuleManager: Shutting down and abandoning module Paper2D (33)
[2015.03.24-12.33.11:683][285]LogModuleManager: Shutting down and abandoning module WindowsMoviePlayer (32)
[2015.03.24-12.33.11:684][285]LogModuleManager: Shutting down and abandoning module Media (31)
[2015.03.24-12.33.11:684][285]LogModuleManager: Shutting down and abandoning module WmfMedia (30)
[2015.03.24-12.33.11:685][285]LogModuleManager: Shutting down and abandoning module UMG (29)
[2015.03.24-12.33.11:685][285]LogModuleManager: Shutting down and abandoning module Slate (28)
[2015.03.24-12.33.11:685][285]LogModuleManager: Shutting down and abandoning module SessionServices (27)
[2015.03.24-12.33.11:685][285]LogModuleManager: Shutting down and abandoning module Messaging (26)
[2015.03.24-12.33.11:685][285]LogModuleManager: Shutting down and abandoning module HeadMountedDisplay (25)
[2015.03.24-12.33.11:685][285]LogModuleManager: Shutting down and abandoning module XAudio2 (24)
[2015.03.24-12.33.11:685][285]LogModuleManager: Shutting down and abandoning module Networking (22)
[2015.03.24-12.33.11:685][285]LogModuleManager: Shutting down and abandoning module Core (21)
[2015.03.24-12.33.11:685][285]LogModuleManager: Shutting down and abandoning module InputCore (20)
[2015.03.24-12.33.11:685][285]LogModuleManager: Shutting down and abandoning module ImageWrapper (19)
[2015.03.24-12.33.11:685][285]LogModuleManager: Shutting down and abandoning module OculusRift (14)
[2015.03.24-12.33.11:685][285]LogModuleManager: Shutting down and abandoning module ExampleDeviceProfileSelector (13)
[2015.03.24-12.33.11:685][285]LogModuleManager: Shutting down and abandoning module ShaderCore (12)
[2015.03.24-12.33.11:685][285]LogModuleManager: Shutting down and abandoning module Landscape (11)
[2015.03.24-12.33.11:685][285]LogModuleManager: Shutting down and abandoning module SlateRHIRenderer (10)
[2015.03.24-12.33.11:685][285]LogModuleManager: Shutting down and abandoning module OpenGLDrv (9)
[2015.03.24-12.33.11:685][285]LogModuleManager: Shutting down and abandoning module D3D11RHI (8)
[2015.03.24-12.33.11:685][285]LogModuleManager: Shutting down and abandoning module Renderer (7)
[2015.03.24-12.33.11:685][285]LogModuleManager: Shutting down and abandoning module Engine (6)
[2015.03.24-12.33.11:685][285]LogModuleManager: Shutting down and abandoning module CoreUObject (5)
[2015.03.24-12.33.11:685][285]LogModuleManager: Shutting down and abandoning module NetworkFile (4)
[2015.03.24-12.33.11:685][285]LogModuleManager: Shutting down and abandoning module StreamingFile (3)
[2015.03.24-12.33.11:685][285]LogModuleManager: Shutting down and abandoning module SandboxFile (2)
[2015.03.24-12.33.11:685][285]LogModuleManager: Shutting down and abandoning module PakFile (1)
[2015.03.24-12.33.11:686][285]LogExit: Exiting.
[2015.03.24-12.33.11:686][285]Log file closed, 03/24/15 07:33:11
